BLOCK00/SES002/SA002S12	SES002	0.412856	-8.93859	-9.35145
BLOCK00/SES002/SA002S13	SES002	1.0468	-9.34708	-10.3939
BLOCK00/SES002/SA002S23	SES002	0.553382	-8.94568	-9.49906
BLOCK00/SES002/SA002S26	SES002	0.272721	-10.7439	-11.0166
BLOCK00/SES002/SA002S28	SES002	0.230186	-9.33977	-9.56996
BLOCK00/SES007/SA007S14	SES007	0.514744	-8.19872	-8.71346
BLOCK00/SES007/SA007S15	SES007	0.494952	-8.90127	-9.39622
BLOCK00/SES007/SA007S24	SES007	0.145778	-8.59538	-8.74115
BLOCK00/SES007/SA007S27	SES007	0.308402	-10.0201	-10.3285
BLOCK00/SES007/SA007S29	SES007	0.225019	-8.13812	-8.36314
BLOCK00/SES008/SA008S11	SES008	1.40633	-7.09143	-8.49776
BLOCK00/SES008/SA008S12	SES008	0.406662	-8.09043	-8.49709
BLOCK00/SES008/SA008S19	SES008	0.85906	-8.15381	-9.01287
BLOCK00/SES008/SA008S22	SES008	0.634645	-8.65745	-9.29209
BLOCK00/SES008/SA008S29	SES008	0.773718	-7.75557	-8.52929
BLOCK01/SES014/SA014S10	SES014	0.68341	-8.92689	-9.6103
BLOCK01/SES014/SA014S12	SES014	0.922203	-8.69729	-9.61949
BLOCK01/SES014/SA014S24	SES014	2.02487	-8.54232	-10.5672
BLOCK01/SES014/SA014S26	SES014	1.084	-8.59931	-9.68331
BLOCK01/SES014/SA014S28	SES014	1.83684	-7.66271	-9.49955
BLOCK01/SES016/SA016S12	SES016	1.58597	-10.0614	-11.6474
BLOCK01/SES016/SA016S13	SES016	1.07558	-8.84699	-9.92257
BLOCK01/SES016/SA016S22	SES016	0.757857	-8.58304	-9.3409
BLOCK01/SES016/SA016S25	SES016	0.346653	-7.82758	-8.17423
BLOCK01/SES016/SA016S27	SES016	1.26642	-8.67831	-9.94473
BLOCK01/SES019/SA019S13	SES019	2.09531	-8.3206	-10.4159
BLOCK01/SES019/SA019S14	SES019	0.770683	-9.67109	-10.4418
BLOCK01/SES019/SA019S22	SES019	1.61634	-8.20069	-9.81703
BLOCK01/SES019/SA019S25	SES019	1.62016	-8.64329	-10.2635
BLOCK01/SES019/SA019S29	SES019	2.76879	-8.77931	-11.5481
BLOCK02/SES029/SA029S11	SES029	0.0768785	-8.30971	-8.38659
BLOCK02/SES029/SA029S12	SES029	0.309118	-8.35928	-8.66839
BLOCK02/SES029/SA029S20	SES029	0.0833893	-8.17122	-8.25461
BLOCK02/SES029/SA029S25	SES029	0.417056	-8.70353	-9.12059
BLOCK02/SES029/SA029S28	SES029	0.15555	-8.83414	-8.98969
BLOCK04/SES042/SA042S12	SES042	0.767773	-8.72805	-9.49583
BLOCK04/SES042/SA042S15	SES042	0.772898	-8.08364	-8.85653
BLOCK04/SES042/SA042S22	SES042	1.66153	-9.59318	-11.2547
BLOCK04/SES042/SA042S25	SES042	0.699638	-10.4743	-11.1739
BLOCK04/SES042/SA042S27	SES042	1.32786	-9.68987	-11.0177
BLOCK04/SES048/SA048S11	SES048	0.780342	-7.89549	-8.67583
BLOCK04/SES048/SA048S12	SES048	0.387937	-9.11393	-9.50187
BLOCK04/SES048/SA048S20	SES048	0.455899	-8.31324	-8.76914
BLOCK04/SES048/SA048S23	SES048	0.667178	-8.45301	-9.12019
BLOCK04/SES048/SA048S27	SES048	0.265245	-8.95312	-9.21836
BLOCK06/SES060/SA060S11	SES060	1.10008	-8.74754	-9.84762
BLOCK06/SES060/SA060S12	SES060	1.00158	-9.20835	-10.2099
BLOCK06/SES060/SA060S22	SES060	-1.64658	-11.9804	-10.3339
BLOCK06/SES060/SA060S24	SES060	0.498445	-7.88202	-8.38047
BLOCK06/SES060/SA060S28	SES060	0.563336	-7.59446	-8.1578
BLOCK06/SES062/SA062S10	SES062	0.561677	-8.37086	-8.93253
BLOCK06/SES062/SA062S11	SES062	0.238809	-9.51033	-9.74914
BLOCK06/SES062/SA062S21	SES062	0.6729	-7.06333	-7.73623
BLOCK06/SES062/SA062S26	SES062	0.322648	-8.86252	-9.18517
BLOCK06/SES062/SA062S29	SES062	0.931973	-7.87209	-8.80406
BLOCK06/SES068/SA068S14	SES068	0.0600071	-9.25832	-9.31832
BLOCK06/SES068/SA068S15	SES068	0.434649	-9.04724	-9.48189
BLOCK06/SES068/SA068S23	SES068	0.10777	-9.02447	-9.13224
BLOCK06/SES068/SA068S27	SES068	1.30985	-8.10893	-9.41879
BLOCK06/SES068/SA068S29	SES068	0.47451	-8.86966	-9.34417
BLOCK08/SES082/SA082S12	SES082	0.085784	-9.1808	-9.26659
BLOCK08/SES082/SA082S14	SES082	0.450212	-9.19788	-9.64809
BLOCK08/SES082/SA082S21	SES082	0.249433	-8.78711	-9.03654
BLOCK08/SES082/SA082S24	SES082	0.399984	-8.99072	-9.3907
BLOCK08/SES082/SA082S28	SES082	0.389516	-8.87685	-9.26637
BLOCK08/SES083/SA083S14	SES083	0.369068	-8.84306	-9.21213
BLOCK08/SES083/SA083S15	SES083	0.740468	-8.06401	-8.80448
BLOCK08/SES083/SA083S24	SES083	0.18108	-8.58896	-8.77004
BLOCK08/SES083/SA083S26	SES083	0.599357	-9.36712	-9.96647
BLOCK08/SES083/SA083S29	SES083	0.24065	-9.11322	-9.35387
BLOCK08/SES085/SA085S10	SES085	0.934897	-7.30847	-8.24336
BLOCK08/SES085/SA085S13	SES085	0.143356	-9.27958	-9.42294
BLOCK08/SES085/SA085S22	SES085	1.26428	-8.03929	-9.30357
BLOCK08/SES085/SA085S26	SES085	0.00317287	-9.54657	-9.54975
BLOCK08/SES085/SA085S28	SES085	0.652725	-8.10878	-8.7615
BLOCK08/SES087/SA087S15	SES087	1.02174	-9.04614	-10.0679
BLOCK08/SES087/SA087S16	SES087	1.06423	-9.35085	-10.4151
BLOCK08/SES087/SA087S24	SES087	1.29607	-8.92433	-10.2204
BLOCK08/SES087/SA087S26	SES087	0.273561	-8.55582	-8.82938
BLOCK08/SES087/SA087S29	SES087	1.01985	-8.11602	-9.13587
BLOCK09/SES099/SA099S15	SES099	0.826178	-9.44067	-10.2668
BLOCK09/SES099/SA099S16	SES099	0.493696	-9.12563	-9.61933
BLOCK09/SES099/SA099S24	SES099	0.868325	-9.19184	-10.0602
BLOCK09/SES099/SA099S26	SES099	1.32862	-8.84083	-10.1694
BLOCK09/SES099/SA099S29	SES099	0.848384	-9.32806	-10.1764
BLOCK10/SES101/SA101S11	SES101	0.317233	-7.8545	-8.17173
BLOCK10/SES101/SA101S13	SES101	0.537506	-7.26434	-7.80185
BLOCK10/SES101/SA101S22	SES101	0.788728	-9.49859	-10.2873
BLOCK10/SES101/SA101S24	SES101	1.04102	-7.98225	-9.02327
BLOCK10/SES101/SA101S28	SES101	0.860741	-8.56734	-9.42808
BLOCK10/SES104/SA104S11	SES104	-0.0185986	-8.93811	-8.91951
BLOCK10/SES104/SA104S12	SES104	0.125242	-9.12103	-9.24627
BLOCK10/SES104/SA104S21	SES104	0.403111	-9.43415	-9.83726
BLOCK10/SES104/SA104S24	SES104	-0.224975	-9.84091	-9.61594
BLOCK10/SES104/SA104S28	SES104	0.215763	-9.64637	-9.86213
BLOCK10/SES105/SA105S12	SES105	0.641923	-9.16668	-9.80861
BLOCK10/SES105/SA105S13	SES105	0.0702257	-8.96576	-9.03599
BLOCK10/SES105/SA105S22	SES105	0.712766	-9.1541	-9.86687
BLOCK10/SES105/SA105S26	SES105	0.614663	-9.35049	-9.96516
BLOCK10/SES105/SA105S29	SES105	0.941513	-8.1188	-9.06031
BLOCK10/SES106/SA106S09	SES106	0.616974	-9.52803	-10.145
BLOCK10/SES106/SA106S11	SES106	0.384982	-8.69346	-9.07844
BLOCK10/SES106/SA106S22	SES106	0.654897	-9.89627	-10.5512
BLOCK10/SES106/SA106S27	SES106	0.364205	-8.84287	-9.20708
BLOCK10/SES106/SA106S29	SES106	0.500726	-7.97568	-8.4764
BLOCK11/SES117/SA117S12	SES117	-0.0737791	-10.0746	-10.0008
BLOCK11/SES117/SA117S13	SES117	-0.899003	-10.4181	-9.51913
BLOCK11/SES117/SA117S23	SES117	1.37064	-9.59444	-10.9651
BLOCK11/SES117/SA117S25	SES117	0.866537	-8.88835	-9.75488
BLOCK11/SES117/SA117S28	SES117	0.864681	-9.37103	-10.2357
BLOCK12/SES120/SA120S08	SES120	0.380919	-9.57649	-9.9574
BLOCK12/SES120/SA120S11	SES120	0.37929	-12.6488	-13.0281
BLOCK12/SES120/SA120S22	SES120	0.620564	-8.48951	-9.11007
BLOCK12/SES120/SA120S24	SES120	0.432319	-9.67377	-10.1061
BLOCK12/SES120/SA120S28	SES120	-0.121766	-9.85059	-9.72883
BLOCK12/SES125/SA125S13	SES125	0.729688	-8.86924	-9.59893
BLOCK12/SES125/SA125S14	SES125	0.441259	-9.22853	-9.66978
BLOCK12/SES125/SA125S25	SES125	1.04532	-9.1496	-10.1949
BLOCK12/SES125/SA125S27	SES125	0.56393	-8.31762	-8.88155
BLOCK12/SES125/SA125S29	SES125	0.520473	-8.48342	-9.00389
BLOCK12/SES127/SA127S11	SES127	0.456444	-8.77524	-9.23169
BLOCK12/SES127/SA127S12	SES127	-0.12687	-7.54924	-7.42237
BLOCK12/SES127/SA127S23	SES127	0.280616	-7.79269	-8.07331
BLOCK12/SES127/SA127S25	SES127	0.125011	-8.20208	-8.32709
BLOCK12/SES127/SA127S27	SES127	0.786189	-8.07628	-8.86246
BLOCK12/SES129/SA129S11	SES129	0.379773	-7.69781	-8.07758
BLOCK12/SES129/SA129S12	SES129	0.304177	-7.7444	-8.04858
BLOCK12/SES129/SA129S22	SES129	0.493876	-8.67606	-9.16993
BLOCK12/SES129/SA129S27	SES129	0.498744	-8.00765	-8.50639
BLOCK12/SES129/SA129S29	SES129	0.516782	-9.38041	-9.89719
BLOCK14/SES142/SA142S11	SES142	1.42496	-7.3462	-8.77116
BLOCK14/SES142/SA142S12	SES142	0.807484	-8.56997	-9.37745
BLOCK14/SES142/SA142S24	SES142	1.06369	-7.93179	-8.99548
BLOCK14/SES142/SA142S27	SES142	0.599716	-8.07286	-8.67258
BLOCK14/SES142/SA142S29	SES142	0.541998	-7.94859	-8.49059
BLOCK14/SES143/SA143S12	SES143	0.754393	-8.67969	-9.43408
BLOCK14/SES143/SA143S13	SES143	0.823517	-8.43458	-9.2581
BLOCK14/SES143/SA143S23	SES143	0.782396	-8.24424	-9.02664
BLOCK14/SES143/SA143S25	SES143	0.77956	-8.84141	-9.62097
BLOCK14/SES143/SA143S28	SES143	0.725954	-8.72733	-9.45328
BLOCK14/SES144/SA144S09	SES144	0.557757	-8.71052	-9.26828
BLOCK14/SES144/SA144S11	SES144	-0.109485	-9.03256	-8.92307
BLOCK14/SES144/SA144S21	SES144	-0.411589	-9.65141	-9.23982
BLOCK14/SES144/SA144S25	SES144	1.01306	-8.59866	-9.61172
BLOCK14/SES144/SA144S29	SES144	-0.459609	-10.3134	-9.85382
BLOCK14/SES146/SA146S14	SES146	0.295238	-9.10458	-9.39981
BLOCK14/SES146/SA146S15	SES146	0.28577	-9.48158	-9.76735
BLOCK14/SES146/SA146S24	SES146	0.81443	-8.70443	-9.51886
BLOCK14/SES146/SA146S26	SES146	0.731432	-8.61149	-9.34292
BLOCK14/SES146/SA146S29	SES146	0.43607	-9.33175	-9.76782
BLOCK14/SES147/SA147S11	SES147	0.115696	-9.52891	-9.6446
BLOCK14/SES147/SA147S13	SES147	-0.0366249	-8.3511	-8.31447
BLOCK14/SES147/SA147S23	SES147	0.426218	-8.75496	-9.18118
BLOCK14/SES147/SA147S26	SES147	0.533561	-8.65986	-9.19342
BLOCK14/SES147/SA147S28	SES147	0.852836	-7.89171	-8.74454
BLOCK14/SES148/SA148S10	SES148	0.185649	-7.97183	-8.15748
BLOCK14/SES148/SA148S12	SES148	0.689879	-8.86692	-9.5568
BLOCK14/SES148/SA148S22	SES148	0.533542	-7.99241	-8.52595
BLOCK14/SES148/SA148S26	SES148	0.159308	-7.58009	-7.7394
BLOCK14/SES148/SA148S29	SES148	0.334928	-8.53359	-8.86852
BLOCK14/SES149/SA149S13	SES149	0.490539	-8.25286	-8.7434
BLOCK14/SES149/SA149S14	SES149	0.234675	-8.17832	-8.41299
BLOCK14/SES149/SA149S24	SES149	0.568635	-8.54321	-9.11184
BLOCK14/SES149/SA149S26	SES149	0.612225	-7.86787	-8.4801
BLOCK14/SES149/SA149S28	SES149	0.966834	-7.65466	-8.62149
BLOCK15/SES158/SA158S13	SES158	1.08872	-8.71654	-9.80527
BLOCK15/SES158/SA158S14	SES158	0.551693	-9.95323	-10.5049
BLOCK15/SES158/SA158S23	SES158	0.898536	-7.77917	-8.67771
BLOCK15/SES158/SA158S26	SES158	1.05237	-8.66586	-9.71823
BLOCK15/SES158/SA158S28	SES158	0.520854	-8.9187	-9.43956
BLOCK16/SES162/SA162S10	SES162	-0.164891	-9.56515	-9.40025
BLOCK16/SES162/SA162S11	SES162	0.517572	-8.19653	-8.7141
BLOCK16/SES162/SA162S21	SES162	0.868183	-8.14525	-9.01343
BLOCK16/SES162/SA162S24	SES162	0.703903	-8.26561	-8.96952
BLOCK16/SES162/SA162S27	SES162	0.814394	-9.45077	-10.2652
BLOCK16/SES167/SA167S14	SES167	1.4135	-7.44189	-8.85539
BLOCK16/SES167/SA167S15	SES167	1.75897	-7.1102	-8.86917
BLOCK16/SES167/SA167S21	SES167	1.59013	-7.22725	-8.81738
BLOCK16/SES167/SA167S25	SES167	1.98928	-7.55774	-9.54703
BLOCK16/SES167/SA167S29	SES167	2.02143	-6.7106	-8.73203
BLOCK17/SES172/SA172S12	SES172	0.352779	-9.58451	-9.93729
BLOCK17/SES172/SA172S13	SES172	0.833956	-9.24661	-10.0806
BLOCK17/SES172/SA172S23	SES172	0.630547	-8.12916	-8.7597
BLOCK17/SES172/SA172S27	SES172	0.00368023	-10.1018	-10.1055
BLOCK17/SES172/SA172S29	SES172	0.590735	-8.84027	-9.431
BLOCK17/SES175/SA175S11	SES175	0.544209	-9.27201	-9.81622
BLOCK17/SES175/SA175S13	SES175	0.702187	-6.79177	-7.49396
BLOCK17/SES175/SA175S23	SES175	0.853416	-7.48737	-8.34079
BLOCK17/SES175/SA175S25	SES175	0.215801	-9.19337	-9.40917
BLOCK17/SES175/SA175S28	SES175	0.668806	-8.12119	-8.78999
BLOCK17/SES177/SA177S15	SES177	0.719344	-9.20239	-9.92174
BLOCK17/SES177/SA177S17	SES177	0.509521	-9.22534	-9.73486
BLOCK17/SES177/SA177S23	SES177	0.0682526	-9.15697	-9.22523
BLOCK17/SES177/SA177S26	SES177	0.957418	-7.38149	-8.33891
BLOCK17/SES177/SA177S28	SES177	0.829784	-9.09108	-9.92086
BLOCK18/SES180/SA180S13	SES180	0.332195	-9.77441	-10.1066
BLOCK18/SES180/SA180S15	SES180	0.688524	-8.19182	-8.88034
BLOCK18/SES180/SA180S24	SES180	0.65076	-7.50849	-8.15926
BLOCK18/SES180/SA180S26	SES180	0.640952	-7.84555	-8.4865
BLOCK18/SES180/SA180S29	SES180	-0.0129156	-9.36359	-9.35067
BLOCK18/SES183/SA183S13	SES183	0.852173	-8.46608	-9.31825
BLOCK18/SES183/SA183S14	SES183	0.0618391	-9.25986	-9.3217
BLOCK18/SES183/SA183S24	SES183	1.01599	-9.26346	-10.2794
BLOCK18/SES183/SA183S27	SES183	0.89219	-9.4183	-10.3105
BLOCK18/SES183/SA183S29	SES183	0.875974	-8.63314	-9.50912
BLOCK18/SES187/SA187S13	SES187	-0.128524	-10.1368	-10.0083
BLOCK18/SES187/SA187S14	SES187	0.862386	-9.76884	-10.6312
BLOCK18/SES187/SA187S24	SES187	0.469533	-9.42248	-9.89202
BLOCK18/SES187/SA187S27	SES187	0.447472	-9.79596	-10.2434
BLOCK18/SES187/SA187S29	SES187	0.38653	-10.8618	-11.2483
BLOCK18/SES189/SA189S10	SES189	0.937919	-9.44882	-10.3867
BLOCK18/SES189/SA189S13	SES189	1.06325	-10.4125	-11.4758
BLOCK18/SES189/SA189S24	SES189	1.04476	-8.17796	-9.22272
BLOCK18/SES189/SA189S26	SES189	0.637321	-8.87782	-9.51514
BLOCK18/SES189/SA189S29	SES189	1.2815	-8.551	-9.8325
BLOCK20/SES202/SA202S12	SES202	0.174228	-9.20049	-9.37472
BLOCK20/SES202/SA202S14	SES202	0.824421	-8.75358	-9.578
BLOCK20/SES202/SA202S24	SES202	0.250093	-9.50051	-9.7506
BLOCK20/SES202/SA202S27	SES202	0.506082	-8.4586	-8.96468
BLOCK20/SES202/SA202S29	SES202	0.590244	-8.47853	-9.06877
BLOCK20/SES206/SA206S15	SES206	-0.134158	-8.28226	-8.1481
BLOCK20/SES206/SA206S17	SES206	1.05504	-9.02817	-10.0832
BLOCK20/SES206/SA206S24	SES206	1.22615	-7.5965	-8.82265
BLOCK20/SES206/SA206S27	SES206	0.924208	-9.29314	-10.2173
BLOCK20/SES206/SA206S29	SES206	1.83746	-7.98126	-9.81872
BLOCK22/SES226/SA226S12	SES226	0.730727	-8.92363	-9.65435
BLOCK22/SES226/SA226S13	SES226	-0.220872	-10.6301	-10.4092
BLOCK22/SES226/SA226S20	SES226	0.361704	-9.29762	-9.65933
BLOCK22/SES226/SA226S23	SES226	0.838261	-8.35229	-9.19055
BLOCK22/SES226/SA226S28	SES226	0.846204	-8.0896	-8.93581
BLOCK25/SES259/SA259S13	SES259	1.24232	-8.63275	-9.87507
BLOCK25/SES259/SA259S14	SES259	1.18397	-8.04484	-9.22881
BLOCK25/SES259/SA259S22	SES259	1.3967	-8.01916	-9.41586
BLOCK25/SES259/SA259S24	SES259	0.656249	-9.09429	-9.75054
BLOCK25/SES259/SA259S28	SES259	0.686891	-8.68349	-9.37038
BLOCK27/SES270/SA270S14	SES270	1.52722	-8.66255	-10.1898
BLOCK27/SES270/SA270S16	SES270	0.424896	-8.43719	-8.86209
BLOCK27/SES270/SA270S22	SES270	1.56568	-8.2096	-9.77528
BLOCK27/SES270/SA270S26	SES270	1.21986	-8.26632	-9.48618
BLOCK27/SES270/SA270S28	SES270	0.948607	-8.40285	-9.35146
BLOCK27/SES275/SA275S17	SES275	0.220183	-8.37898	-8.59916
BLOCK27/SES275/SA275S18	SES275	0.0996304	-8.90814	-9.00777
BLOCK27/SES275/SA275S24	SES275	0.105692	-9.13922	-9.24491
BLOCK27/SES275/SA275S26	SES275	0.609322	-8.35578	-8.96511
BLOCK27/SES275/SA275S28	SES275	0.427339	-8.74338	-9.17072
BLOCK29/SES292/SA292S10	SES292	-0.106015	-8.33873	-8.23272
BLOCK29/SES292/SA292S12	SES292	0.333564	-10.0456	-10.3792
BLOCK29/SES292/SA292S22	SES292	0.226568	-9.38732	-9.61388
BLOCK29/SES292/SA292S24	SES292	0.142744	-9.15986	-9.3026
BLOCK29/SES292/SA292S27	SES292	0.0438395	-8.72592	-8.76976
BLOCK00/SES001/SA001S14	SES062	-1.39951	-11.2651	-9.86561
BLOCK00/SES001/SA001S14	SES082	-0.432219	-10.2978	-9.86561
BLOCK00/SES001/SA001S14	SES106	-0.440925	-10.3065	-9.86561
BLOCK00/SES001/SA001S14	SES206	-0.836288	-10.7019	-9.86561
BLOCK00/SES001/SA001S15	SES062	-0.634625	-9.27289	-8.63826
BLOCK00/SES001/SA001S15	SES104	-0.657701	-9.29597	-8.63826
BLOCK00/SES001/SA001S15	SES106	-0.401139	-9.0394	-8.63826
BLOCK00/SES001/SA001S15	SES206	-1.67019	-10.3085	-8.63826
BLOCK00/SES001/SA001S24	SES062	-0.490667	-9.38714	-8.89647
BLOCK00/SES001/SA001S24	SES082	-0.206931	-9.10341	-8.89647
BLOCK00/SES001/SA001S24	SES087	-1.20074	-10.0972	-8.89647
BLOCK00/SES001/SA001S24	SES206	-0.626179	-9.52265	-8.89647
BLOCK00/SES001/SA001S27	SES062	0.0522056	-7.1945	-7.24671
BLOCK00/SES001/SA001S27	SES082	-0.20654	-7.45325	-7.24671
BLOCK00/SES001/SA001S27	SES087	-0.394056	-7.64076	-7.24671
BLOCK00/SES001/SA001S27	SES206	-1.06942	-8.31613	-7.24671
BLOCK00/SES001/SA001S29	SES062	-0.601796	-9.78855	-9.18676
BLOCK00/SES001/SA001S29	SES082	-0.421034	-9.60779	-9.18676
BLOCK00/SES001/SA001S29	SES158	-0.238427	-9.42518	-9.18676
BLOCK00/SES001/SA001S29	SES206	-1.00031	-10.1871	-9.18676
BLOCK00/SES003/SA003S11	SES002	0.0411997	-9.38224	-9.42344
BLOCK00/SES003/SA003S11	SES019	-0.904193	-10.3276	-9.42344
BLOCK00/SES003/SA003S11	SES082	0.000130653	-9.42331	-9.42344
BLOCK00/SES003/SA003S11	SES125	-0.270936	-9.69438	-9.42344
BLOCK00/SES003/SA003S15	SES016	-1.48873	-9.72175	-8.23302
BLOCK00/SES003/SA003S15	SES019	-3.14893	-11.382	-8.23302
BLOCK00/SES003/SA003S15	SES062	0.0648022	-8.16822	-8.23302
BLOCK00/SES003/SA003S15	SES206	-1.07278	-9.3058	-8.23302
BLOCK00/SES003/SA003S22	SES002	-0.0772915	-9.31746	-9.24017
BLOCK00/SES003/SA003S22	SES062	0.872725	-8.36744	-9.24017
BLOCK00/SES003/SA003S22	SES082	0.183762	-9.05641	-9.24017
BLOCK00/SES003/SA003S22	SES087	-0.545442	-9.78561	-9.24017
BLOCK00/SES003/SA003S25	SES062	-0.124934	-11.0647	-10.9398
BLOCK00/SES003/SA003S25	SES082	-0.761508	-11.7013	-10.9398
BLOCK00/SES003/SA003S25	SES087	-0.16657	-11.1064	-10.9398
BLOCK00/SES003/SA003S25	SES206	-0.379313	-11.3191	-10.9398
BLOCK00/SES003/SA003S29	SES002	-0.0479088	-9.58492	-9.53701
BLOCK00/SES003/SA003S29	SES062	-0.382492	-9.9195	-9.53701
BLOCK00/SES003/SA003S29	SES082	-0.704887	-10.2419	-9.53701
BLOCK00/SES003/SA003S29	SES087	-0.700476	-10.2375	-9.53701
BLOCK00/SES004/SA004S12	SES083	-0.409684	-8.7617	-8.35201
BLOCK00/SES004/SA004S12	SES148	-0.583332	-8.93534	-8.35201
BLOCK00/SES004/SA004S12	SES172	-0.073267	-8.42528	-8.35201
BLOCK00/SES004/SA004S12	SES292	-0.448628	-8.80064	-8.35201
BLOCK00/SES004/SA004S17	SES083	-0.360909	-9.06363	-8.70272
BLOCK00/SES004/SA004S17	SES162	-0.124583	-8.82731	-8.70272
BLOCK00/SES004/SA004S17	SES172	-0.153272	-8.856	-8.70272
BLOCK00/SES004/SA004S17	SES292	-0.452039	-9.15476	-8.70272
BLOCK00/SES004/SA004S24	SES083	-0.162972	-8.66453	-8.50156
BLOCK00/SES004/SA004S24	SES148	-0.696852	-9.19841	-8.50156
BLOCK00/SES004/SA004S24	SES172	-0.415189	-8.91674	-8.50156
BLOCK00/SES004/SA004S24	SES292	-0.172872	-8.67443	-8.50156
BLOCK00/SES004/SA004S26	SES083	-0.44755	-9.75395	-9.3064
BLOCK00/SES004/SA004S26	SES127	0.412881	-8.89352	-9.3064
BLOCK00/SES004/SA004S26	SES148	-0.817204	-10.1236	-9.3064
BLOCK00/SES004/SA004S26	SES292	-0.678109	-9.98451	-9.3064
BLOCK00/SES004/SA004S28	SES083	-0.504511	-9.20546	-8.70095
BLOCK00/SES004/SA004S28	SES127	0.633772	-8.06718	-8.70095
BLOCK00/SES004/SA004S28	SES187	0.628456	-8.0725	-8.70095
BLOCK00/SES004/SA004S28	SES292	-0.310484	-9.01144	-8.70095
BLOCK00/SES006/SA006S10	SES014	-0.954245	-11.7561	-10.8019
BLOCK00/SES006/SA006S10	SES158	-0.372955	-11.1748	-10.8019
BLOCK00/SES006/SA006S10	SES226	-0.957143	-11.759	-10.8019
BLOCK00/SES006/SA006S10	SES270	0.0762978	-10.7256	-10.8019
BLOCK00/SES006/SA006S11	SES158	-0.413545	-11.0636	-10.6501
BLOCK00/SES006/SA006S11	SES226	-0.602951	-11.253	-10.6501
BLOCK00/SES006/SA006S11	SES270	0.516174	-10.1339	-10.6501
BLOCK00/SES006/SA006S11	SES275	-1.05483	-11.7049	-10.6501
BLOCK00/SES006/SA006S23	SES062	-1.91156	-12.7736	-10.862
BLOCK00/SES006/SA006S23	SES105	-2.30177	-13.1638	-10.862
BLOCK00/SES006/SA006S23	SES158	-0.899913	-11.762	-10.862
BLOCK00/SES006/SA006S23	SES275	-1.60058	-12.4626	-10.862
BLOCK00/SES006/SA006S26	SES104	-1.01304	-11.8613	-10.8482
BLOCK00/SES006/SA006S26	SES158	-0.547379	-11.3956	-10.8482
BLOCK00/SES006/SA006S26	SES270	0.238002	-10.6102	-10.8482
BLOCK00/SES006/SA006S26	SES275	-0.661057	-11.5093	-10.8482
BLOCK00/SES006/SA006S28	SES007	-0.792296	-11.6609	-10.8686
BLOCK00/SES006/SA006S28	SES105	-1.41658	-12.2852	-10.8686
BLOCK00/SES006/SA006S28	SES158	-0.322763	-11.1913	-10.8686
BLOCK00/SES006/SA006S28	SES275	-1.34526	-12.2138	-10.8686
BLOCK00/SES009/SA009S12	SES083	-0.918834	-10.4196	-9.50076
BLOCK00/SES009/SA009S12	SES148	-2.51146	-12.0122	-9.50076
BLOCK00/SES009/SA009S12	SES177	-0.197257	-9.69802	-9.50076
BLOCK00/SES009/SA009S12	SES292	-0.107904	-9.60866	-9.50076
BLOCK00/SES009/SA009S15	SES007	0.0213709	-8.81231	-8.83369
BLOCK00/SES009/SA009S15	SES099	-1.89723	-10.7309	-8.83369
BLOCK00/SES009/SA009S15	SES148	-1.04377	-9.87746	-8.83369
BLOCK00/SES009/SA009S15	SES172	-0.612056	-9.44574	-8.83369
BLOCK00/SES009/SA009S24	SES146	0.11015	-9.50695	-9.6171
BLOCK00/SES009/SA009S24	SES148	-1.52962	-11.1467	-9.6171
BLOCK00/SES009/SA009S24	SES177	0.184936	-9.43216	-9.6171
BLOCK00/SES009/SA009S24	SES292	-0.238618	-9.85572	-9.6171
BLOCK00/SES009/SA009S26	SES083	-0.889143	-10.0096	-9.12047
BLOCK00/SES009/SA009S26	SES101	-1.15577	-10.2762	-9.12047
BLOCK00/SES009/SA009S26	SES120	-0.156333	-9.2768	-9.12047
BLOCK00/SES009/SA009S26	SES177	-0.292644	-9.41311	-9.12047
BLOCK00/SES009/SA009S29	SES083	-0.941355	-10.0094	-9.06804
BLOCK00/SES009/SA009S29	SES101	-0.820086	-9.88812	-9.06804
BLOCK00/SES009/SA009S29	SES177	-0.0932388	-9.16127	-9.06804
BLOCK00/SES009/SA009S29	SES292	-0.0493927	-9.11743	-9.06804
BLOCK01/SES011/SA011S10	SES019	-3.0176	-13.9778	-10.9602
BLOCK01/SES011/SA011S10	SES042	1.24017	-9.72002	-10.9602
BLOCK01/SES011/SA011S10	SES082	-0.185532	-11.1457	-10.9602
BLOCK01/SES011/SA011S10	SES206	0.0721655	-10.888	-10.9602
BLOCK01/SES011/SA011S11	SES019	-1.99033	-12.0153	-10.025
BLOCK01/SES011/SA011S11	SES042	0.973599	-9.05135	-10.025
BLOCK01/SES011/SA011S11	SES082	0.00475407	-10.0202	-10.025
BLOCK01/SES011/SA011S11	SES206	-0.4332	-10.4581	-10.025
BLOCK01/SES011/SA011S22	SES019	-1.45878	-11.7555	-10.2968
BLOCK01/SES011/SA011S22	SES042	0.481844	-9.81493	-10.2968
BLOCK01/SES011/SA011S22	SES082	-0.612179	-10.9089	-10.2968
BLOCK01/SES011/SA011S22	SES206	-0.765167	-11.0619	-10.2968
BLOCK01/SES011/SA011S24	SES019	-1.98212	-11.5825	-9.60037
BLOCK01/SES011/SA011S24	SES042	1.04549	-8.55488	-9.60037
BLOCK01/SES011/SA011S24	SES104	0.295261	-9.30511	-9.60037
BLOCK01/SES011/SA011S24	SES206	-0.130004	-9.73037	-9.60037
BLOCK01/SES011/SA011S27	SES082	-0.108433	-9.64001	-9.53157
BLOCK01/SES011/SA011S27	SES087	-1.30233	-10.8339	-9.53157
BLOCK01/SES011/SA011S27	SES125	0.0207157	-9.51086	-9.53157
BLOCK01/SES011/SA011S27	SES206	-0.489377	-10.021	-9.53157
BLOCK01/SES012/SA012S11	SES007	-0.0438442	-8.66897	-8.62513
BLOCK01/SES012/SA012S11	SES082	0.630981	-7.99415	-8.62513
BLOCK01/SES012/SA012S11	SES083	-0.616321	-9.24145	-8.62513
BLOCK01/SES012/SA012S11	SES206	0.305864	-8.31926	-8.62513
BLOCK01/SES012/SA012S14	SES082	0.212313	-9.71787	-9.93019
BLOCK01/SES012/SA012S14	SES087	-0.95673	-10.8869	-9.93019
BLOCK01/SES012/SA012S14	SES206	0.338345	-9.59184	-9.93019
BLOCK01/SES012/SA012S14	SES292	-0.22066	-10.1508	-9.93019
BLOCK01/SES012/SA012S24	SES082	0.564367	-9.78005	-10.3444
BLOCK01/SES012/SA012S24	SES087	-0.674323	-11.0187	-10.3444
BLOCK01/SES012/SA012S24	SES120	-0.279909	-10.6243	-10.3444
BLOCK01/SES012/SA012S24	SES206	0.45526	-9.88915	-10.3444
BLOCK01/SES012/SA012S26	SES019	-3.93911	-14.6917	-10.7526
BLOCK01/SES012/SA012S26	SES082	-0.146259	-10.8988	-10.7526
BLOCK01/SES012/SA012S26	SES206	1.10344	-9.64915	-10.7526
BLOCK01/SES012/SA012S26	SES292	0.277244	-10.4753	-10.7526
BLOCK01/SES012/SA012S29	SES062	-0.619592	-8.70057	-8.08097
BLOCK01/SES012/SA012S29	SES082	0.233205	-7.84777	-8.08097
BLOCK01/SES012/SA012S29	SES083	-0.768722	-8.8497	-8.08097
BLOCK01/SES012/SA012S29	SES206	0.144104	-7.93687	-8.08097
BLOCK01/SES013/SA013S16	SES062	-1.90382	-12.8789	-10.9751
BLOCK01/SES013/SA013S16	SES106	-0.645129	-11.6202	-10.9751
BLOCK01/SES013/SA013S16	SES206	-0.903998	-11.8791	-10.9751
BLOCK01/SES013/SA013S16	SES226	-0.655711	-11.6308	-10.9751
BLOCK01/SES013/SA013S17	SES062	-0.552926	-10.4066	-9.85368
BLOCK01/SES013/SA013S17	SES106	-0.475731	-10.3294	-9.85368
BLOCK01/SES013/SA013S17	SES206	-0.0194235	-9.8731	-9.85368
BLOCK01/SES013/SA013S17	SES226	-0.174258	-10.0279	-9.85368
BLOCK01/SES013/SA013S23	SES104	-0.47414	-11.1619	-10.6878
BLOCK01/SES013/SA013S23	SES106	-0.227808	-10.9156	-10.6878
BLOCK01/SES013/SA013S23	SES206	-1.75741	-12.4452	-10.6878
BLOCK01/SES013/SA013S23	SES270	-1.02426	-11.712	-10.6878
BLOCK01/SES013/SA013S25	SES042	-2.26953	-12.0828	-9.81324
BLOCK01/SES013/SA013S25	SES104	-0.228632	-10.0419	-9.81324
BLOCK01/SES013/SA013S25	SES106	-0.263504	-10.0767	-9.81324
BLOCK01/SES013/SA013S25	SES206	-1.06285	-10.8761	-9.81324
BLOCK01/SES013/SA013S29	SES062	-1.07471	-11.3471	-10.2724
BLOCK01/SES013/SA013S29	SES104	-0.709159	-10.9815	-10.2724
BLOCK01/SES013/SA013S29	SES106	-0.161858	-10.4342	-10.2724
BLOCK01/SES013/SA013S29	SES206	-1.62706	-11.8994	-10.2724
BLOCK02/SES021/SA021S13	SES016	-1.32884	-10.6039	-9.2751
BLOCK02/SES021/SA021S13	SES029	0.112073	-9.16303	-9.2751
BLOCK02/SES021/SA021S13	SES087	-2.0838	-11.3589	-9.2751
BLOCK02/SES021/SA021S13	SES206	-1.08335	-10.3584	-9.2751
BLOCK02/SES021/SA021S15	SES087	-0.846139	-9.76787	-8.92173
BLOCK02/SES021/SA021S15	SES125	-0.152795	-9.07452	-8.92173
BLOCK02/SES021/SA021S15	SES206	-0.954753	-9.87648	-8.92173
BLOCK02/SES021/SA021S15	SES226	-0.347487	-9.26922	-8.92173
BLOCK02/SES021/SA021S23	SES062	-1.57973	-11.7317	-10.152
BLOCK02/SES021/SA021S23	SES087	-0.569903	-10.7219	-10.152
BLOCK02/SES021/SA021S23	SES206	-0.713553	-10.8655	-10.152
BLOCK02/SES021/SA021S23	SES226	-0.273807	-10.4258	-10.152
BLOCK02/SES021/SA021S27	SES002	-0.709899	-9.39524	-8.68534
BLOCK02/SES021/SA021S27	SES016	-2.61496	-11.3003	-8.68534
BLOCK02/SES021/SA021S27	SES019	-1.13043	-9.81577	-8.68534
BLOCK02/SES021/SA021S27	SES062	-0.531799	-9.21714	-8.68534
BLOCK02/SES021/SA021S29	SES087	-0.663711	-11.0884	-10.4247
BLOCK02/SES021/SA021S29	SES125	-0.431636	-10.8563	-10.4247
BLOCK02/SES021/SA021S29	SES206	-0.0744677	-10.4992	-10.4247
BLOCK02/SES021/SA021S29	SES226	-0.445016	-10.8697	-10.4247
BLOCK04/SES043/SA043S09	SES083	0.506869	-9.58337	-10.0902
BLOCK04/SES043/SA043S09	SES101	0.181567	-9.90867	-10.0902
BLOCK04/SES043/SA043S09	SES144	0.363212	-9.72702	-10.0902
BLOCK04/SES043/SA043S09	SES172	-0.305156	-10.3954	-10.0902
BLOCK04/SES043/SA043S11	SES083	0.748158	-8.34856	-9.09672
BLOCK04/SES043/SA043S11	SES101	0.389447	-8.70727	-9.09672
BLOCK04/SES043/SA043S11	SES144	0.668325	-8.42839	-9.09672
BLOCK04/SES043/SA043S11	SES172	-0.0584688	-9.15519	-9.09672
BLOCK04/SES043/SA043S23	SES083	0.560357	-8.83058	-9.39094
BLOCK04/SES043/SA043S23	SES144	0.615196	-8.77574	-9.39094
BLOCK04/SES043/SA043S23	SES177	-0.403686	-9.79462	-9.39094
BLOCK04/SES043/SA043S23	SES275	0.0196142	-9.37132	-9.39094
BLOCK04/SES043/SA043S26	SES083	-0.0932131	-10.4586	-10.3654
BLOCK04/SES043/SA043S26	SES101	-0.0905209	-10.4559	-10.3654
BLOCK04/SES043/SA043S26	SES144	0.512053	-9.85332	-10.3654
BLOCK04/SES043/SA043S26	SES177	-0.242921	-10.6083	-10.3654
BLOCK04/SES043/SA043S28	SES016	-0.270331	-9.81499	-9.54466
BLOCK04/SES043/SA043S28	SES083	0.315799	-9.22886	-9.54466
BLOCK04/SES043/SA043S28	SES101	-0.0917253	-9.63638	-9.54466
BLOCK04/SES043/SA043S28	SES144	-0.174175	-9.71883	-9.54466
BLOCK04/SES044/SA044S10	SES127	-1.90714	-12.4146	-10.5074
BLOCK04/SES044/SA044S10	SES144	0.321054	-10.1864	-10.5074
BLOCK04/SES044/SA044S10	SES147	-1.28031	-11.7877	-10.5074
BLOCK04/SES044/SA044S10	SES148	-0.64688	-11.1543	-10.5074
BLOCK04/SES044/SA044S11	SES101	0.392872	-9.16826	-9.56114
BLOCK04/SES044/SA044S11	SES144	0.577188	-8.98395	-9.56114
BLOCK04/SES044/SA044S11	SES147	-1.209	-10.7701	-9.56114
BLOCK04/SES044/SA044S11	SES177	-0.0603867	-9.62152	-9.56114
BLOCK04/SES044/SA044S24	SES007	-1.224	-10.8265	-9.60253
BLOCK04/SES044/SA044S24	SES101	0.336459	-9.26607	-9.60253
BLOCK04/SES044/SA044S24	SES147	-0.588207	-10.1907	-9.60253
BLOCK04/SES044/SA044S24	SES177	-0.0368958	-9.63943	-9.60253
BLOCK04/SES044/SA044S26	SES007	-0.878757	-9.52938	-8.65062
BLOCK04/SES044/SA044S26	SES016	-0.526572	-9.17719	-8.65062
BLOCK04/SES044/SA044S26	SES101	-0.276508	-8.92713	-8.65062
BLOCK04/SES044/SA044S26	SES147	-0.00533199	-8.65595	-8.65062
BLOCK04/SES044/SA044S29	SES007	-1.57471	-10.0965	-8.52183
BLOCK04/SES044/SA044S29	SES101	-0.569755	-9.09159	-8.52183
BLOCK04/SES044/SA044S29	SES147	-0.880523	-9.40236	-8.52183
BLOCK04/SES044/SA044S29	SES177	-1.61604	-10.1379	-8.52183
BLOCK04/SES046/SA046S13	SES101	0.289843	-10.3837	-10.6736
BLOCK04/SES046/SA046S13	SES144	0.40941	-10.2642	-10.6736
BLOCK04/SES046/SA046S13	SES147	-0.681964	-11.3555	-10.6736
BLOCK04/SES046/SA046S13	SES177	-0.614643	-11.2882	-10.6736
BLOCK04/SES046/SA046S15	SES048	0.046957	-8.25042	-8.29738
BLOCK04/SES046/SA046S15	SES083	-0.464779	-8.76216	-8.29738
BLOCK04/SES046/SA046S15	SES120	-1.82404	-10.1214	-8.29738
BLOCK04/SES046/SA046S15	SES148	-0.226138	-8.52352	-8.29738
BLOCK04/SES046/SA046S22	SES101	0.162261	-9.83467	-9.99693
BLOCK04/SES046/SA046S22	SES144	0.506761	-9.49017	-9.99693
BLOCK04/SES046/SA046S22	SES147	-0.564577	-10.5615	-9.99693
BLOCK04/SES046/SA046S22	SES172	0.326437	-9.67049	-9.99693
BLOCK04/SES046/SA046S25	SES083	-0.0434008	-8.84931	-8.80591
BLOCK04/SES046/SA046S25	SES127	-0.851595	-9.6575	-8.80591
BLOCK04/SES046/SA046S25	SES144	0.172286	-8.63362	-8.80591
BLOCK04/SES046/SA046S25	SES148	-0.733345	-9.53925	-8.80591
BLOCK04/SES046/SA046S28	SES007	-0.403108	-9.79244	-9.38933
BLOCK04/SES046/SA046S28	SES105	-0.0602331	-9.44956	-9.38933
BLOCK04/SES046/SA046S28	SES147	0.104289	-9.28504	-9.38933
BLOCK04/SES046/SA046S28	SES148	-0.256759	-9.64609	-9.38933
BLOCK04/SES049/SA049S16	SES104	-0.629683	-11.636	-11.0063
BLOCK04/SES049/SA049S16	SES106	-1.51707	-12.5234	-11.0063
BLOCK04/SES049/SA049S16	SES120	-0.593534	-11.5998	-11.0063
BLOCK04/SES049/SA049S16	SES206	-0.604978	-11.6113	-11.0063
BLOCK04/SES049/SA049S18	SES099	0.273477	-9.69409	-9.96757
BLOCK04/SES049/SA049S18	SES104	-1.19594	-11.1635	-9.96757
BLOCK04/SES049/SA049S18	SES125	-0.519627	-10.4872	-9.96757
BLOCK04/SES049/SA049S18	SES206	-0.846926	-10.8145	-9.96757
BLOCK04/SES049/SA049S25	SES087	-1.07049	-12.492	-11.4216
BLOCK04/SES049/SA049S25	SES104	-0.369599	-11.7912	-11.4216
BLOCK04/SES049/SA049S25	SES125	-0.368203	-11.7898	-11.4216
BLOCK04/SES049/SA049S25	SES206	-0.219958	-11.6415	-11.4216
BLOCK04/SES049/SA049S27	SES099	-1.39675	-10.9439	-9.54714
BLOCK04/SES049/SA049S27	SES104	-0.327204	-9.87434	-9.54714
BLOCK04/SES049/SA049S27	SES125	-0.637942	-10.1851	-9.54714
BLOCK04/SES049/SA049S27	SES206	-1.23839	-10.7855	-9.54714
BLOCK04/SES049/SA049S29	SES099	-0.291984	-9.61458	-9.3226
BLOCK04/SES049/SA049S29	SES104	-0.0344658	-9.35707	-9.3226
BLOCK04/SES049/SA049S29	SES125	0.442119	-8.88048	-9.3226
BLOCK04/SES049/SA049S29	SES206	-0.71983	-10.0424	-9.3226
BLOCK06/SES063/SA063S09	SES068	-1.78968	-12.7111	-10.9214
BLOCK06/SES063/SA063S09	SES083	-0.150568	-11.072	-10.9214
BLOCK06/SES063/SA063S09	SES177	-0.267846	-11.1892	-10.9214
BLOCK06/SES063/SA063S09	SES187	-0.446324	-11.3677	-10.9214
BLOCK06/SES063/SA063S10	SES068	-1.42429	-11.5124	-10.0881
BLOCK06/SES063/SA063S10	SES083	-0.504583	-10.5927	-10.0881
BLOCK06/SES063/SA063S10	SES172	0.177311	-9.91078	-10.0881
BLOCK06/SES063/SA063S10	SES187	-0.654051	-10.7421	-10.0881
BLOCK06/SES063/SA063S20	SES068	-1.78122	-12.6389	-10.8576
BLOCK06/SES063/SA063S20	SES083	-0.555963	-11.4136	-10.8576
BLOCK06/SES063/SA063S20	SES172	0.135185	-10.7225	-10.8576
BLOCK06/SES063/SA063S20	SES187	-0.535972	-11.3936	-10.8576
BLOCK06/SES063/SA063S24	SES029	-0.677199	-11.9225	-11.2453
BLOCK06/SES063/SA063S24	SES083	0.557821	-10.6875	-11.2453
BLOCK06/SES063/SA063S24	SES177	-0.0536098	-11.2989	-11.2453
BLOCK06/SES063/SA063S24	SES189	0.494344	-10.751	-11.2453
BLOCK06/SES063/SA063S27	SES083	-0.160285	-10.6797	-10.5195
BLOCK06/SES063/SA063S27	SES172	0.00222588	-10.5172	-10.5195
BLOCK06/SES063/SA063S27	SES187	-0.319139	-10.8386	-10.5195
BLOCK06/SES063/SA063S27	SES292	-0.269329	-10.7888	-10.5195
BLOCK06/SES067/SA067S12	SES083	-1.14879	-9.55607	-8.40727
BLOCK06/SES067/SA067S12	SES172	-0.579937	-8.98721	-8.40727
BLOCK06/SES067/SA067S12	SES202	-0.123723	-8.531	-8.40727
BLOCK06/SES067/SA067S12	SES292	-0.473344	-8.88062	-8.40727
BLOCK06/SES067/SA067S14	SES085	-0.382261	-7.47078	-7.08852
BLOCK06/SES067/SA067S14	SES177	-1.20301	-8.29153	-7.08852
BLOCK06/SES067/SA067S14	SES183	0.350281	-6.73824	-7.08852
BLOCK06/SES067/SA067S14	SES202	-0.24221	-7.33073	-7.08852
BLOCK06/SES067/SA067S21	SES144	-0.529465	-10.4505	-9.92106
BLOCK06/SES067/SA067S21	SES177	-0.7611	-10.6822	-9.92106
BLOCK06/SES067/SA067S21	SES183	-0.406618	-10.3277	-9.92106
BLOCK06/SES067/SA067S21	SES189	-0.752366	-10.6734	-9.92106
BLOCK06/SES067/SA067S25	SES085	-1.26523	-10.034	-8.7688
BLOCK06/SES067/SA067S25	SES177	-1.09595	-9.86475	-8.7688
BLOCK06/SES067/SA067S25	SES183	-0.73166	-9.50046	-8.7688
BLOCK06/SES067/SA067S25	SES202	-1.17677	-9.94557	-8.7688
BLOCK06/SES067/SA067S29	SES085	-1.51509	-11.0078	-9.4927
BLOCK06/SES067/SA067S29	SES177	-1.3391	-10.8318	-9.4927
BLOCK06/SES067/SA067S29	SES183	-1.47517	-10.9679	-9.4927
BLOCK06/SES067/SA067S29	SES202	-0.173129	-9.66583	-9.4927
BLOCK06/SES069/SA069S12	SES029	-1.01704	-9.92628	-8.90924
BLOCK06/SES069/SA069S12	SES082	-0.322703	-9.23195	-8.90924
BLOCK06/SES069/SA069S12	SES087	-0.920468	-9.82971	-8.90924
BLOCK06/SES069/SA069S12	SES206	-0.40777	-9.31701	-8.90924
BLOCK06/SES069/SA069S13	SES029	-0.76822	-9.54187	-8.77365
BLOCK06/SES069/SA069S13	SES087	-0.562674	-9.33633	-8.77365
BLOCK06/SES069/SA069S13	SES206	-1.17914	-9.9528	-8.77365
BLOCK06/SES069/SA069S13	SES226	0.192675	-8.58098	-8.77365
BLOCK06/SES069/SA069S23	SES029	0.0518517	-7.84149	-7.89334
BLOCK06/SES069/SA069S23	SES087	0.0758252	-7.81751	-7.89334
BLOCK06/SES069/SA069S23	SES206	-0.222845	-8.11618	-7.89334
BLOCK06/SES069/SA069S23	SES226	0.447384	-7.44595	-7.89334
BLOCK06/SES069/SA069S25	SES087	-0.802248	-9.46378	-8.66153
BLOCK06/SES069/SA069S25	SES206	-1.62581	-10.2873	-8.66153
BLOCK06/SES069/SA069S25	SES226	-0.27626	-8.93779	-8.66153
BLOCK06/SES069/SA069S25	SES270	-1.37382	-10.0353	-8.66153
BLOCK06/SES069/SA069S27	SES087	-1.18028	-10.6737	-9.49341
BLOCK06/SES069/SA069S27	SES206	-0.150027	-9.64344	-9.49341
BLOCK06/SES069/SA069S27	SES226	-0.394853	-9.88827	-9.49341
BLOCK06/SES069/SA069S27	SES270	-1.30654	-10.8	-9.49341
BLOCK08/SES081/SA081S11	SES060	-0.710409	-10.091	-9.38061
BLOCK08/SES081/SA081S11	SES062	-0.169658	-9.55026	-9.38061
BLOCK08/SES081/SA081S11	SES117	-1.81973	-11.2003	-9.38061
BLOCK08/SES081/SA081S11	SES162	-1.52923	-10.9098	-9.38061
BLOCK08/SES081/SA081S13	SES016	-0.0576706	-8.58759	-8.52992
BLOCK08/SES081/SA081S13	SES060	-0.2492	-8.77912	-8.52992
BLOCK08/SES081/SA081S13	SES068	-0.0383177	-8.56824	-8.52992
BLOCK08/SES081/SA081S13	SES129	-1.40989	-9.93982	-8.52992
BLOCK08/SES081/SA081S24	SES060	-0.184819	-9.63377	-9.44895
BLOCK08/SES081/SA081S24	SES068	0.309964	-9.13899	-9.44895
BLOCK08/SES081/SA081S24	SES117	-0.730991	-10.1799	-9.44895
BLOCK08/SES081/SA081S24	SES275	-0.726318	-10.1753	-9.44895
BLOCK08/SES081/SA081S27	SES007	0.285068	-10.0517	-10.3368
BLOCK08/SES081/SA081S27	SES060	-0.379434	-10.7162	-10.3368
BLOCK08/SES081/SA081S27	SES117	-0.474038	-10.8108	-10.3368
BLOCK08/SES081/SA081S27	SES275	-1.69529	-12.0321	-10.3368
BLOCK08/SES081/SA081S29	SES007	0.518292	-10.1775	-10.6958
BLOCK08/SES081/SA081S29	SES060	0.699714	-9.99606	-10.6958
BLOCK08/SES081/SA081S29	SES117	0.0884762	-10.6073	-10.6958
BLOCK08/SES081/SA081S29	SES275	-2.06171	-12.7575	-10.6958
BLOCK08/SES086/SA086S11	SES029	-0.812826	-11.9818	-11.1689
BLOCK08/SES086/SA086S11	SES082	-0.765655	-11.9346	-11.1689
BLOCK08/SES086/SA086S11	SES087	0.504115	-10.6648	-11.1689
BLOCK08/SES086/SA086S11	SES206	-0.612277	-11.7812	-11.1689
BLOCK08/SES086/SA086S12	SES029	-0.497609	-10.8027	-10.3051
BLOCK08/SES086/SA086S12	SES082	-0.628163	-10.9332	-10.3051
BLOCK08/SES086/SA086S12	SES087	0.711667	-9.59339	-10.3051
BLOCK08/SES086/SA086S12	SES206	-0.228311	-10.5334	-10.3051
BLOCK08/SES086/SA086S20	SES029	-0.621479	-10.6236	-10.0021
BLOCK08/SES086/SA086S20	SES082	-0.54467	-10.5468	-10.0021
BLOCK08/SES086/SA086S20	SES087	0.243252	-9.75887	-10.0021
BLOCK08/SES086/SA086S20	SES206	-0.300316	-10.3024	-10.0021
BLOCK08/SES086/SA086S24	SES087	0.308816	-11.0544	-11.3632
BLOCK08/SES086/SA086S24	SES104	-0.257411	-11.6206	-11.3632
BLOCK08/SES086/SA086S24	SES120	-0.121735	-11.485	-11.3632
BLOCK08/SES086/SA086S24	SES206	0.190519	-11.1727	-11.3632
BLOCK08/SES086/SA086S28	SES029	-0.923614	-10.4377	-9.51406
BLOCK08/SES086/SA086S28	SES082	-0.37336	-9.88741	-9.51406
BLOCK08/SES086/SA086S28	SES087	0.483626	-9.03043	-9.51406
BLOCK08/SES086/SA086S28	SES206	-0.215357	-9.72941	-9.51406
BLOCK08/SES089/SA089S13	SES087	-0.247197	-10.7038	-10.4566
BLOCK08/SES089/SA089S13	SES206	-0.886415	-11.343	-10.4566
BLOCK08/SES089/SA089S13	SES226	-0.102819	-10.5594	-10.4566
BLOCK08/SES089/SA089S13	SES270	-0.377331	-10.8339	-10.4566
BLOCK08/SES089/SA089S14	SES062	-0.276406	-9.90811	-9.6317
BLOCK08/SES089/SA089S14	SES087	0.208091	-9.42361	-9.6317
BLOCK08/SES089/SA089S14	SES206	-0.207561	-9.83926	-9.6317
BLOCK08/SES089/SA089S14	SES226	-0.725311	-10.357	-9.6317
BLOCK08/SES089/SA089S23	SES087	0.0966845	-11.7309	-11.8275
BLOCK08/SES089/SA089S23	SES206	-0.651025	-12.4786	-11.8275
BLOCK08/SES089/SA089S23	SES226	0.744335	-11.0832	-11.8275
BLOCK08/SES089/SA089S23	SES270	-0.616365	-12.4439	-11.8275
BLOCK08/SES089/SA089S25	SES062	0.248605	-9.98367	-10.2323
BLOCK08/SES089/SA089S25	SES087	0.565973	-9.6663	-10.2323
BLOCK08/SES089/SA089S25	SES206	-0.534072	-10.7663	-10.2323
BLOCK08/SES089/SA089S25	SES226	0.306696	-9.92558	-10.2323
BLOCK08/SES089/SA089S28	SES062	0.489454	-10.0047	-10.4942
BLOCK08/SES089/SA089S28	SES087	0.782429	-9.71177	-10.4942
BLOCK08/SES089/SA089S28	SES206	-0.0833139	-10.5775	-10.4942
BLOCK08/SES089/SA089S28	SES226	0.479682	-10.0145	-10.4942
BLOCK09/SES097/SA097S11	SES099	-0.509784	-11.1056	-10.5959
BLOCK09/SES097/SA097S11	SES125	-0.382867	-10.9787	-10.5959
BLOCK09/SES097/SA097S11	SES206	-0.870251	-11.4661	-10.5959
BLOCK09/SES097/SA097S11	SES226	0.211387	-10.3845	-10.5959
BLOCK09/SES097/SA097S14	SES062	-1.36945	-11.1571	-9.78769
BLOCK09/SES097/SA097S14	SES099	-1.40561	-11.1933	-9.78769
BLOCK09/SES097/SA097S14	SES104	-0.84038	-10.6281	-9.78769
BLOCK09/SES097/SA097S14	SES206	-1.97886	-11.7666	-9.78769
BLOCK09/SES097/SA097S22	SES099	0.619681	-10.0166	-10.6363
BLOCK09/SES097/SA097S22	SES206	-0.303864	-10.9402	-10.6363
BLOCK09/SES097/SA097S22	SES226	0.521904	-10.1144	-10.6363
BLOCK09/SES097/SA097S22	SES270	0.0197163	-10.6166	-10.6363
BLOCK09/SES097/SA097S26	SES099	0.406869	-10.6589	-11.0658
BLOCK09/SES097/SA097S26	SES120	-1.10675	-12.1725	-11.0658
BLOCK09/SES097/SA097S26	SES206	-1.30202	-12.3678	-11.0658
BLOCK09/SES097/SA097S26	SES226	0.331345	-10.7344	-11.0658
BLOCK09/SES097/SA097S28	SES099	0.153233	-9.5295	-9.68273
BLOCK09/SES097/SA097S28	SES120	-0.503389	-10.1861	-9.68273
BLOCK09/SES097/SA097S28	SES206	-0.241237	-9.92396	-9.68273
BLOCK09/SES097/SA097S28	SES226	0.0373287	-9.6454	-9.68273
BLOCK09/SES098/SA098S11	SES127	-0.000857353	-9.22271	-9.22185
BLOCK09/SES098/SA098S11	SES144	-0.0191946	-9.24105	-9.22185
BLOCK09/SES098/SA098S11	SES147	-0.116005	-9.33786	-9.22185
BLOCK09/SES098/SA098S11	SES148	-1.34385	-10.5657	-9.22185
BLOCK09/SES098/SA098S12	SES127	-1.54004	-12.2815	-10.7415
BLOCK09/SES098/SA098S12	SES144	-1.54445	-12.2859	-10.7415
BLOCK09/SES098/SA098S12	SES147	-0.81917	-11.5606	-10.7415
BLOCK09/SES098/SA098S12	SES189	-0.905381	-11.6468	-10.7415
BLOCK09/SES098/SA098S20	SES127	-1.99378	-12.4706	-10.4769
BLOCK09/SES098/SA098S20	SES147	-0.772338	-11.2492	-10.4769
BLOCK09/SES098/SA098S20	SES148	-4.5502	-15.0271	-10.4769
BLOCK09/SES098/SA098S20	SES292	-0.14318	-10.62	-10.4769
BLOCK09/SES098/SA098S23	SES127	-0.782559	-10.6919	-9.9093
BLOCK09/SES098/SA098S23	SES147	-0.776434	-10.6857	-9.9093
BLOCK09/SES098/SA098S23	SES187	-0.497331	-10.4066	-9.9093
BLOCK09/SES098/SA098S23	SES292	-0.631534	-10.5408	-9.9093
BLOCK09/SES098/SA098S27	SES127	-1.77144	-11.6245	-9.85308
BLOCK09/SES098/SA098S27	SES147	-1.67545	-11.5285	-9.85308
BLOCK09/SES098/SA098S27	SES148	-2.0657	-11.9188	-9.85308
BLOCK09/SES098/SA098S27	SES292	-0.179557	-10.0326	-9.85308
BLOCK10/SES102/SA102S13	SES101	0.391127	-10.5551	-10.9462
BLOCK10/SES102/SA102S13	SES105	-0.498459	-11.4447	-10.9462
BLOCK10/SES102/SA102S13	SES120	-1.45399	-12.4002	-10.9462
BLOCK10/SES102/SA102S13	SES158	0.0963793	-10.8498	-10.9462
BLOCK10/SES102/SA102S14	SES007	0.0879354	-8.46	-8.54794
BLOCK10/SES102/SA102S14	SES101	-0.156044	-8.70398	-8.54794
BLOCK10/SES102/SA102S14	SES105	-0.115962	-8.6639	-8.54794
BLOCK10/SES102/SA102S14	SES147	-0.709463	-9.2574	-8.54794
BLOCK10/SES102/SA102S22	SES007	-0.443412	-9.92338	-9.47997
BLOCK10/SES102/SA102S22	SES101	0.306589	-9.17338	-9.47997
BLOCK10/SES102/SA102S22	SES105	-0.106424	-9.58639	-9.47997
BLOCK10/SES102/SA102S22	SES158	-0.515849	-9.99582	-9.47997
BLOCK10/SES102/SA102S25	SES007	-0.163655	-9.00897	-8.84531
BLOCK10/SES102/SA102S25	SES101	-0.0814886	-8.9268	-8.84531
BLOCK10/SES102/SA102S25	SES105	-0.0155106	-8.86082	-8.84531
BLOCK10/SES102/SA102S25	SES147	-1.23171	-10.077	-8.84531
BLOCK10/SES102/SA102S27	SES007	-0.348335	-9.77566	-9.42733
BLOCK10/SES102/SA102S27	SES101	0.564831	-8.8625	-9.42733
BLOCK10/SES102/SA102S27	SES105	-0.520291	-9.94762	-9.42733
BLOCK10/SES102/SA102S27	SES147	-1.09374	-10.5211	-9.42733
BLOCK10/SES103/SA103S14	SES105	-0.792768	-11.3567	-10.5639
BLOCK10/SES103/SA103S14	SES106	-0.802906	-11.3669	-10.5639
BLOCK10/SES103/SA103S14	SES120	-1.52235	-12.0863	-10.5639
BLOCK10/SES103/SA103S14	SES206	-0.482801	-11.0467	-10.5639
BLOCK10/SES103/SA103S15	SES099	-0.43331	-11.7841	-11.3507
BLOCK10/SES103/SA103S15	SES101	-0.844193	-12.1949	-11.3507
BLOCK10/SES103/SA103S15	SES104	-0.557956	-11.9087	-11.3507
BLOCK10/SES103/SA103S15	SES125	-0.989257	-12.34	-11.3507
BLOCK10/SES103/SA103S24	SES104	-0.976993	-11.2348	-10.2578
BLOCK10/SES103/SA103S24	SES125	-1.98643	-12.2442	-10.2578
BLOCK10/SES103/SA103S24	SES148	-1.45462	-11.7124	-10.2578
BLOCK10/SES103/SA103S24	SES158	-0.561618	-10.8194	-10.2578
BLOCK10/SES103/SA103S26	SES104	-0.661873	-10.6688	-10.0069
BLOCK10/SES103/SA103S26	SES106	-0.810493	-10.8174	-10.0069
BLOCK10/SES103/SA103S26	SES125	-0.553615	-10.5605	-10.0069
BLOCK10/SES103/SA103S26	SES148	-1.42349	-11.4304	-10.0069
BLOCK10/SES103/SA103S28	SES104	-0.413795	-10.9719	-10.5581
BLOCK10/SES103/SA103S28	SES106	-1.3024	-11.8605	-10.5581
BLOCK10/SES103/SA103S28	SES125	-1.20636	-11.7644	-10.5581
BLOCK10/SES103/SA103S28	SES206	-1.42226	-11.9803	-10.5581
BLOCK12/SES121/SA121S12	SES042	-1.02305	-10.8224	-9.79934
BLOCK12/SES121/SA121S12	SES087	-0.787097	-10.5864	-9.79934
BLOCK12/SES121/SA121S12	SES105	-0.354399	-10.1537	-9.79934
BLOCK12/SES121/SA121S12	SES206	-0.0629559	-9.8623	-9.79934
BLOCK12/SES121/SA121S14	SES007	0.130326	-13.0275	-13.1578
BLOCK12/SES121/SA121S14	SES105	-1.2902	-14.448	-13.1578
BLOCK12/SES121/SA121S14	SES106	-0.537946	-13.6958	-13.1578
BLOCK12/SES121/SA121S14	SES206	-0.659087	-13.8169	-13.1578
BLOCK12/SES121/SA121S23	SES105	-0.808484	-13.5278	-12.7193
BLOCK12/SES121/SA121S23	SES106	-1.89083	-14.6102	-12.7193
BLOCK12/SES121/SA121S23	SES120	-1.81278	-14.5321	-12.7193
BLOCK12/SES121/SA121S23	SES206	-0.500472	-13.2198	-12.7193
BLOCK12/SES121/SA121S25	SES007	0.501968	-12.577	-13.079
BLOCK12/SES121/SA121S25	SES105	-1.54538	-14.6244	-13.079
BLOCK12/SES121/SA121S25	SES106	0.106661	-12.9723	-13.079
BLOCK12/SES121/SA121S25	SES206	-0.490122	-13.5691	-13.079
BLOCK12/SES121/SA121S27	SES087	0.797923	-11.5846	-12.3825
BLOCK12/SES121/SA121S27	SES105	-1.54775	-13.9303	-12.3825
BLOCK12/SES121/SA121S27	SES120	-0.146768	-12.5293	-12.3825
BLOCK12/SES121/SA121S27	SES206	-0.495178	-12.8777	-12.3825
BLOCK12/SES124/SA124S16	SES042	0.189415	-8.11996	-8.30938
BLOCK12/SES124/SA124S16	SES082	-0.124496	-8.43387	-8.30938
BLOCK12/SES124/SA124S16	SES183	-0.464607	-8.77398	-8.30938
BLOCK12/SES124/SA124S16	SES206	-0.433819	-8.7432	-8.30938
BLOCK12/SES124/SA124S17	SES105	-0.379935	-9.89452	-9.51459
BLOCK12/SES124/SA124S17	SES149	-0.604265	-10.1189	-9.51459
BLOCK12/SES124/SA124S17	SES158	-0.369642	-9.88423	-9.51459
BLOCK12/SES124/SA124S17	SES275	-0.248756	-9.76334	-9.51459
BLOCK12/SES124/SA124S23	SES105	-1.37961	-9.58082	-8.20121
BLOCK12/SES124/SA124S23	SES125	0.884598	-7.31661	-8.20121
BLOCK12/SES124/SA124S23	SES129	-1.17968	-9.38088	-8.20121
BLOCK12/SES124/SA124S23	SES158	0.0387726	-8.16243	-8.20121
BLOCK12/SES124/SA124S26	SES105	-1.20102	-10.0959	-8.89491
BLOCK12/SES124/SA124S26	SES125	-0.0219574	-8.91686	-8.89491
BLOCK12/SES124/SA124S26	SES129	-1.50849	-10.4034	-8.89491
BLOCK12/SES124/SA124S26	SES158	0.0341711	-8.86073	-8.89491
BLOCK12/SES124/SA124S28	SES104	0.121354	-8.31488	-8.43623
BLOCK12/SES124/SA124S28	SES106	-0.263144	-8.69938	-8.43623
BLOCK12/SES124/SA124S28	SES125	0.692252	-7.74398	-8.43623
BLOCK12/SES124/SA124S28	SES275	-0.673927	-9.11016	-8.43623
BLOCK12/SES126/SA126S13	SES007	0.264856	-9.39297	-9.65783
BLOCK12/SES126/SA126S13	SES162	-0.595746	-10.2536	-9.65783
BLOCK12/SES126/SA126S13	SES177	-0.0684547	-9.72628	-9.65783
BLOCK12/SES126/SA126S13	SES180	-0.828152	-10.486	-9.65783
BLOCK12/SES126/SA126S14	SES144	-0.231583	-9.52532	-9.29374
BLOCK12/SES126/SA126S14	SES148	-0.6131	-9.90684	-9.29374
BLOCK12/SES126/SA126S14	SES177	0.26665	-9.02709	-9.29374
BLOCK12/SES126/SA126S14	SES180	-0.601796	-9.89554	-9.29374
BLOCK12/SES126/SA126S20	SES007	0.149141	-8.13383	-8.28297
BLOCK12/SES126/SA126S20	SES162	-0.517937	-8.80091	-8.28297
BLOCK12/SES126/SA126S20	SES172	-0.601851	-8.88482	-8.28297
BLOCK12/SES126/SA126S20	SES180	-0.209017	-8.49199	-8.28297
BLOCK12/SES126/SA126S24	SES120	0.187554	-8.77719	-8.96474
BLOCK12/SES126/SA126S24	SES162	-0.459665	-9.42441	-8.96474
BLOCK12/SES126/SA126S24	SES177	0.115412	-8.84933	-8.96474
BLOCK12/SES126/SA126S24	SES180	0.0686951	-8.89605	-8.96474
BLOCK12/SES126/SA126S26	SES120	0.90377	-8.82093	-9.7247
BLOCK12/SES126/SA126S26	SES177	-0.24353	-9.96824	-9.7247
BLOCK12/SES126/SA126S26	SES180	0.384608	-9.3401	-9.7247
BLOCK12/SES126/SA126S26	SES202	-0.10434	-9.82904	-9.7247
BLOCK12/SES128/SA128S10	SES087	-1.11486	-11.0135	-9.8986
BLOCK12/SES128/SA128S10	SES206	-0.167117	-10.0657	-9.8986
BLOCK12/SES128/SA128S10	SES226	-0.466374	-10.365	-9.8986
BLOCK12/SES128/SA128S10	SES270	-0.701507	-10.6001	-9.8986
BLOCK12/SES128/SA128S12	SES120	0.535959	-9.38119	-9.91715
BLOCK12/SES128/SA128S12	SES158	0.292038	-9.62512	-9.91715
BLOCK12/SES128/SA128S12	SES206	0.213218	-9.70394	-9.91715
BLOCK12/SES128/SA128S12	SES226	-1.10144	-11.0186	-9.91715
BLOCK12/SES128/SA128S21	SES106	-1.01558	-11.1193	-10.1038
BLOCK12/SES128/SA128S21	SES120	0.118694	-9.98506	-10.1038
BLOCK12/SES128/SA128S21	SES206	0.340208	-9.76355	-10.1038
BLOCK12/SES128/SA128S21	SES226	1.04316	-9.06059	-10.1038
BLOCK12/SES128/SA128S24	SES087	-0.448195	-10.8517	-10.4035
BLOCK12/SES128/SA128S24	SES120	-0.0944853	-10.498	-10.4035
BLOCK12/SES128/SA128S24	SES206	0.00634384	-10.3971	-10.4035
BLOCK12/SES128/SA128S24	SES226	-1.05729	-11.4608	-10.4035
BLOCK12/SES128/SA128S27	SES099	0.333011	-9.31798	-9.65099
BLOCK12/SES128/SA128S27	SES120	0.119665	-9.53133	-9.65099
BLOCK12/SES128/SA128S27	SES206	0.0324697	-9.61852	-9.65099
BLOCK12/SES128/SA128S27	SES226	-1.0428	-10.6938	-9.65099
BLOCK13/SES130/SA130S13	SES143	0.879552	-9.91246	-10.792
BLOCK13/SES130/SA130S13	SES144	1.06634	-9.72567	-10.792
BLOCK13/SES130/SA130S13	SES146	-0.683701	-11.4757	-10.792
BLOCK13/SES130/SA130S13	SES275	-0.580239	-11.3722	-10.792
BLOCK13/SES130/SA130S15	SES143	0.343216	-8.95058	-9.29379
BLOCK13/SES130/SA130S15	SES144	0.68988	-8.60391	-9.29379
BLOCK13/SES130/SA130S15	SES146	0.011775	-9.28202	-9.29379
BLOCK13/SES130/SA130S15	SES275	-0.317982	-9.61177	-9.29379
BLOCK13/SES130/SA130S23	SES127	-0.172776	-9.91756	-9.74479
BLOCK13/SES130/SA130S23	SES144	0.73135	-9.01344	-9.74479
BLOCK13/SES130/SA130S23	SES146	-0.0885096	-9.8333	-9.74479
BLOCK13/SES130/SA130S23	SES162	0.319585	-9.4252	-9.74479
BLOCK13/SES130/SA130S25	SES127	-0.197659	-8.99359	-8.79594
BLOCK13/SES130/SA130S25	SES144	0.567024	-8.22891	-8.79594
BLOCK13/SES130/SA130S25	SES146	0.0593061	-8.73663	-8.79594
BLOCK13/SES130/SA130S25	SES275	-0.216749	-9.01268	-8.79594
BLOCK13/SES130/SA130S28	SES127	-0.478141	-9.86566	-9.38752
BLOCK13/SES130/SA130S28	SES144	-0.223099	-9.61062	-9.38752
BLOCK13/SES130/SA130S28	SES146	-0.0270996	-9.41462	-9.38752
BLOCK13/SES130/SA130S28	SES275	-0.402043	-9.78957	-9.38752
BLOCK13/SES131/SA131S13	SES002	-0.35856	-10.1452	-9.78662
BLOCK13/SES131/SA131S13	SES007	-0.427396	-10.214	-9.78662
BLOCK13/SES131/SA131S13	SES099	0.00843143	-9.77818	-9.78662
BLOCK13/SES131/SA131S13	SES105	-0.605031	-10.3916	-9.78662
BLOCK13/SES131/SA131S14	SES104	-1.30476	-8.6699	-7.36514
BLOCK13/SES131/SA131S14	SES106	-1.10488	-8.47002	-7.36514
BLOCK13/SES131/SA131S14	SES125	-0.714005	-8.07915	-7.36514
BLOCK13/SES131/SA131S14	SES148	0.394449	-6.97069	-7.36514
BLOCK13/SES131/SA131S20	SES104	-0.991513	-11.1417	-10.1502
BLOCK13/SES131/SA131S20	SES106	-0.768494	-10.9187	-10.1502
BLOCK13/SES131/SA131S20	SES125	-0.612013	-10.7622	-10.1502
BLOCK13/SES131/SA131S20	SES148	-1.32455	-11.4748	-10.1502
BLOCK13/SES131/SA131S22	SES099	0.098423	-8.65641	-8.75483
BLOCK13/SES131/SA131S22	SES104	-0.641581	-9.39641	-8.75483
BLOCK13/SES131/SA131S22	SES125	0.0841551	-8.67068	-8.75483
BLOCK13/SES131/SA131S22	SES206	-0.427741	-9.18258	-8.75483
BLOCK13/SES131/SA131S29	SES087	-0.473748	-11.5243	-11.0506
BLOCK13/SES131/SA131S29	SES104	-0.805726	-11.8563	-11.0506
BLOCK13/SES131/SA131S29	SES125	-2.0361	-13.0867	-11.0506
BLOCK13/SES131/SA131S29	SES206	-0.610909	-11.6615	-11.0506
BLOCK13/SES132/SA132S11	SES083	-0.724513	-10.2689	-9.54439
BLOCK13/SES132/SA132S11	SES120	0.360126	-9.18426	-9.54439
BLOCK13/SES132/SA132S11	SES127	-1.54088	-11.0853	-9.54439
BLOCK13/SES132/SA132S11	SES275	-0.982684	-10.5271	-9.54439
BLOCK13/SES132/SA132S12	SES083	-1.2367	-9.91239	-8.6757
BLOCK13/SES132/SA132S12	SES143	-1.30413	-9.97983	-8.6757
BLOCK13/SES132/SA132S12	SES144	-0.903584	-9.57928	-8.6757
BLOCK13/SES132/SA132S12	SES148	-2.01268	-10.6884	-8.6757
BLOCK13/SES132/SA132S22	SES062	-0.718648	-10.6259	-9.90724
BLOCK13/SES132/SA132S22	SES083	-0.928971	-10.8362	-9.90724
BLOCK13/SES132/SA132S22	SES127	-1.35378	-11.261	-9.90724
BLOCK13/SES132/SA132S22	SES275	-1.28012	-11.1874	-9.90724
BLOCK13/SES132/SA132S24	SES007	0.283071	-8.59947	-8.88254
BLOCK13/SES132/SA132S24	SES083	-0.680289	-9.56283	-8.88254
BLOCK13/SES132/SA132S24	SES127	-2.16078	-11.0433	-8.88254
BLOCK13/SES132/SA132S24	SES275	-1.21418	-10.0967	-8.88254
BLOCK13/SES132/SA132S27	SES083	-1.4719	-11.8957	-10.4238
BLOCK13/SES132/SA132S27	SES120	0.872165	-9.55163	-10.4238
BLOCK13/SES132/SA132S27	SES127	-3.37036	-13.7942	-10.4238
BLOCK13/SES132/SA132S27	SES275	-1.78137	-12.2052	-10.4238
BLOCK14/SES141/SA141S09	SES143	-0.172537	-8.72229	-8.54975
BLOCK14/SES141/SA141S09	SES144	0.227867	-8.32189	-8.54975
BLOCK14/SES141/SA141S09	SES162	0.14966	-8.40009	-8.54975
BLOCK14/SES141/SA141S09	SES180	-0.230664	-8.78042	-8.54975
BLOCK14/SES141/SA141S15	SES127	-0.664733	-9.56644	-8.90171
BLOCK14/SES141/SA141S15	SES144	-0.928433	-9.83014	-8.90171
BLOCK14/SES141/SA141S15	SES162	-1.07598	-9.97769	-8.90171
BLOCK14/SES141/SA141S15	SES180	-0.520935	-9.42264	-8.90171
BLOCK14/SES141/SA141S24	SES127	-0.375462	-9.86269	-9.48723
BLOCK14/SES141/SA141S24	SES144	-1.02961	-10.5168	-9.48723
BLOCK14/SES141/SA141S24	SES162	-0.50539	-9.99262	-9.48723
BLOCK14/SES141/SA141S24	SES183	-1.23711	-10.7243	-9.48723
BLOCK14/SES141/SA141S26	SES142	0.394766	-9.39353	-9.7883
BLOCK14/SES141/SA141S26	SES144	-0.601481	-10.3898	-9.7883
BLOCK14/SES141/SA141S26	SES172	-0.457726	-10.246	-9.7883
BLOCK14/SES141/SA141S26	SES180	-0.434817	-10.2231	-9.7883
BLOCK14/SES141/SA141S29	SES127	0.0473289	-8.84701	-8.89434
BLOCK14/SES141/SA141S29	SES142	0.330839	-8.5635	-8.89434
BLOCK14/SES141/SA141S29	SES144	-0.0670385	-8.96138	-8.89434
BLOCK14/SES141/SA141S29	SES180	0.31212	-8.58222	-8.89434
BLOCK15/SES157/SA157S08	SES083	-0.125036	-8.32297	-8.19794
BLOCK15/SES157/SA157S08	SES127	-0.514836	-8.71277	-8.19794
BLOCK15/SES157/SA157S08	SES148	-0.353595	-8.55153	-8.19794
BLOCK15/SES157/SA157S08	SES292	-0.324263	-8.5222	-8.19794
BLOCK15/SES157/SA157S11	SES083	-0.337558	-9.41946	-9.08191
BLOCK15/SES157/SA157S11	SES127	-0.813296	-9.8952	-9.08191
BLOCK15/SES157/SA157S11	SES148	-1.16363	-10.2455	-9.08191
BLOCK15/SES157/SA157S11	SES292	-0.47511	-9.55702	-9.08191
BLOCK15/SES157/SA157S21	SES127	-0.212379	-8.41758	-8.2052
BLOCK15/SES157/SA157S21	SES148	0.565273	-7.63992	-8.2052
BLOCK15/SES157/SA157S21	SES158	-1.64892	-9.85411	-8.2052
BLOCK15/SES157/SA157S21	SES292	0.0895023	-8.11569	-8.2052
BLOCK15/SES157/SA157S24	SES127	-0.37625	-9.41322	-9.03697
BLOCK15/SES157/SA157S24	SES148	-0.494807	-9.53178	-9.03697
BLOCK15/SES157/SA157S24	SES183	-1.05616	-10.0931	-9.03697
BLOCK15/SES157/SA157S24	SES292	-0.312317	-9.34929	-9.03697
BLOCK15/SES157/SA157S26	SES007	-0.463488	-8.90932	-8.44584
BLOCK15/SES157/SA157S26	SES127	-0.229227	-8.67506	-8.44584
BLOCK15/SES157/SA157S26	SES147	-0.611488	-9.05732	-8.44584
BLOCK15/SES157/SA157S26	SES148	-0.404597	-8.85043	-8.44584
BLOCK16/SES161/SA161S10	SES007	-0.200496	-9.39167	-9.19117
BLOCK16/SES161/SA161S10	SES105	-0.208275	-9.39945	-9.19117
BLOCK16/SES161/SA161S10	SES158	-0.340672	-9.53185	-9.19117
BLOCK16/SES161/SA161S10	SES275	-0.497072	-9.68825	-9.19117
BLOCK16/SES161/SA161S12	SES007	-0.0881529	-12.1337	-12.0455
BLOCK16/SES161/SA161S12	SES105	-1.32974	-13.3753	-12.0455
BLOCK16/SES161/SA161S12	SES158	0.320322	-11.7252	-12.0455
BLOCK16/SES161/SA161S12	SES275	-2.37652	-14.422	-12.0455
BLOCK16/SES161/SA161S20	SES007	0.346696	-10.6403	-10.987
BLOCK16/SES161/SA161S20	SES105	-1.25517	-12.2421	-10.987
BLOCK16/SES161/SA161S20	SES158	0.677235	-10.3097	-10.987
BLOCK16/SES161/SA161S20	SES275	-2.39117	-13.3781	-10.987
BLOCK16/SES161/SA161S23	SES007	-0.315401	-12.2986	-11.9832
BLOCK16/SES161/SA161S23	SES105	0.017889	-11.9653	-11.9832
BLOCK16/SES161/SA161S23	SES148	-0.144622	-12.1278	-11.9832
BLOCK16/SES161/SA161S23	SES158	-1.24005	-13.2232	-11.9832
BLOCK16/SES161/SA161S28	SES007	0.0410938	-10.9887	-11.0298
BLOCK16/SES161/SA161S28	SES105	-1.67667	-12.7064	-11.0298
BLOCK16/SES161/SA161S28	SES158	0.448565	-10.5812	-11.0298
BLOCK16/SES161/SA161S28	SES206	-0.00485516	-11.0346	-11.0298
BLOCK16/SES164/SA164S11	SES104	-0.652334	-10.2198	-9.56749
BLOCK16/SES164/SA164S11	SES125	0.352768	-9.21472	-9.56749
BLOCK16/SES164/SA164S11	SES158	0.0491514	-9.51834	-9.56749
BLOCK16/SES164/SA164S11	SES206	-1.81299	-11.3805	-9.56749
BLOCK16/SES164/SA164S13	SES099	-2.36006	-12.166	-9.80593
BLOCK16/SES164/SA164S13	SES104	-1.12263	-10.9286	-9.80593
BLOCK16/SES164/SA164S13	SES125	-0.611002	-10.4169	-9.80593
BLOCK16/SES164/SA164S13	SES206	-1.98349	-11.7894	-9.80593
BLOCK16/SES164/SA164S24	SES002	0.688413	-8.46437	-9.15278
BLOCK16/SES164/SA164S24	SES099	-1.5289	-10.6817	-9.15278
BLOCK16/SES164/SA164S24	SES125	-0.290316	-9.4431	-9.15278
BLOCK16/SES164/SA164S24	SES226	0.833243	-8.31954	-9.15278
BLOCK16/SES164/SA164S27	SES087	-1.81895	-11.233	-9.41408
BLOCK16/SES164/SA164S27	SES125	-0.536432	-9.95051	-9.41408
BLOCK16/SES164/SA164S27	SES206	-3.10735	-12.5214	-9.41408
BLOCK16/SES164/SA164S27	SES226	0.151277	-9.2628	-9.41408
BLOCK16/SES164/SA164S29	SES002	-0.134664	-9.60875	-9.47408
BLOCK16/SES164/SA164S29	SES019	-0.905419	-10.3795	-9.47408
BLOCK16/SES164/SA164S29	SES125	-0.193313	-9.6674	-9.47408
BLOCK16/SES164/SA164S29	SES226	0.403687	-9.0704	-9.47408
BLOCK16/SES169/SA169S13	SES117	-0.875764	-10.1463	-9.27059
BLOCK16/SES169/SA169S13	SES144	-0.709443	-9.98003	-9.27059
BLOCK16/SES169/SA169S13	SES146	0.113672	-9.15691	-9.27059
BLOCK16/SES169/SA169S13	SES162	-0.452335	-9.72292	-9.27059
BLOCK16/SES169/SA169S14	SES144	-0.26545	-8.61377	-8.34832
BLOCK16/SES169/SA169S14	SES148	0.00334072	-8.34498	-8.34832
BLOCK16/SES169/SA169S14	SES177	0.262593	-8.08573	-8.34832
BLOCK16/SES169/SA169S14	SES180	0.0736475	-8.27467	-8.34832
BLOCK16/SES169/SA169S24	SES117	-0.722697	-10.3763	-9.65358
BLOCK16/SES169/SA169S24	SES144	-0.233756	-9.88734	-9.65358
BLOCK16/SES169/SA169S24	SES146	0.0754719	-9.57811	-9.65358
BLOCK16/SES169/SA169S24	SES162	-0.260287	-9.91387	-9.65358
BLOCK16/SES169/SA169S27	SES127	-0.356755	-9.5676	-9.21084
BLOCK16/SES169/SA169S27	SES129	-0.587618	-9.79846	-9.21084
BLOCK16/SES169/SA169S27	SES144	-0.779911	-9.99075	-9.21084
BLOCK16/SES169/SA169S27	SES146	0.0804806	-9.13036	-9.21084
BLOCK16/SES169/SA169S29	SES144	-0.619194	-8.54225	-7.92306
BLOCK16/SES169/SA169S29	SES162	-0.205464	-8.12852	-7.92306
BLOCK16/SES169/SA169S29	SES177	-0.58398	-8.50704	-7.92306
BLOCK16/SES169/SA169S29	SES180	-0.220263	-8.14332	-7.92306
BLOCK17/SES171/SA171S12	SES083	-0.39531	-10.9598	-10.5645
BLOCK17/SES171/SA171S12	SES148	-0.795536	-11.36	-10.5645
BLOCK17/SES171/SA171S12	SES172	-0.617571	-11.1821	-10.5645
BLOCK17/SES171/SA171S12	SES292	-0.507671	-11.0722	-10.5645
BLOCK17/SES171/SA171S15	SES148	-0.481442	-9.8252	-9.34375
BLOCK17/SES171/SA171S15	SES177	-0.39367	-9.73742	-9.34375
BLOCK17/SES171/SA171S15	SES180	-1.18935	-10.5331	-9.34375
BLOCK17/SES171/SA171S15	SES292	-0.239446	-9.5832	-9.34375
BLOCK17/SES171/SA171S22	SES007	-0.0844898	-7.74161	-7.65712
BLOCK17/SES171/SA171S22	SES148	0.00836039	-7.64876	-7.65712
BLOCK17/SES171/SA171S22	SES177	0.0662427	-7.59088	-7.65712
BLOCK17/SES171/SA171S22	SES180	-0.758352	-8.41547	-7.65712
BLOCK17/SES171/SA171S25	SES101	-0.457579	-10.3759	-9.91832
BLOCK17/SES171/SA171S25	SES120	-1.67472	-11.593	-9.91832
BLOCK17/SES171/SA171S25	SES177	-0.673689	-10.592	-9.91832
BLOCK17/SES171/SA171S25	SES180	-0.506413	-10.4247	-9.91832
BLOCK17/SES171/SA171S27	SES177	0.0750437	-10.2478	-10.3228
BLOCK17/SES171/SA171S27	SES180	-1.17662	-11.4994	-10.3228
BLOCK17/SES171/SA171S27	SES189	0.58277	-9.74004	-10.3228
BLOCK17/SES171/SA171S27	SES292	-0.544796	-10.8676	-10.3228
BLOCK17/SES173/SA173S13	SES162	-2.0585	-11.1467	-9.08815
BLOCK17/SES173/SA173S13	SES177	-0.852972	-9.94112	-9.08815
BLOCK17/SES173/SA173S13	SES180	-0.694849	-9.783	-9.08815
BLOCK17/SES173/SA173S13	SES292	0.614285	-8.47387	-9.08815
BLOCK17/SES173/SA173S14	SES007	-0.0333939	-8.83328	-8.79988
BLOCK17/SES173/SA173S14	SES162	-1.85106	-10.6509	-8.79988
BLOCK17/SES173/SA173S14	SES177	-0.445065	-9.24495	-8.79988
BLOCK17/SES173/SA173S14	SES180	-0.780295	-9.58018	-8.79988
BLOCK17/SES173/SA173S24	SES144	-1.26325	-10.9362	-9.67295
BLOCK17/SES173/SA173S24	SES162	-1.4862	-11.1591	-9.67295
BLOCK17/SES173/SA173S24	SES177	-0.166158	-9.83911	-9.67295
BLOCK17/SES173/SA173S24	SES180	-1.17255	-10.8455	-9.67295
BLOCK17/SES173/SA173S27	SES162	-2.60845	-12.3557	-9.74722
BLOCK17/SES173/SA173S27	SES177	-0.901815	-10.649	-9.74722
BLOCK17/SES173/SA173S27	SES180	-0.469863	-10.2171	-9.74722
BLOCK17/SES173/SA173S27	SES292	0.56037	-9.18685	-9.74722
BLOCK17/SES173/SA173S29	SES162	-0.955313	-10.2816	-9.32626
BLOCK17/SES173/SA173S29	SES175	0.0566206	-9.26964	-9.32626
BLOCK17/SES173/SA173S29	SES177	-0.328537	-9.6548	-9.32626
BLOCK17/SES173/SA173S29	SES292	0.322496	-9.00377	-9.32626
BLOCK18/SES182/SA182S10	SES144	-1.6815	-9.89915	-8.21765
BLOCK18/SES182/SA182S10	SES177	-0.829276	-9.04692	-8.21765
BLOCK18/SES182/SA182S10	SES180	-1.40405	-9.6217	-8.21765
BLOCK18/SES182/SA182S10	SES275	-1.11207	-9.32972	-8.21765
BLOCK18/SES182/SA182S12	SES144	-1.12619	-9.45784	-8.33165
BLOCK18/SES182/SA182S12	SES177	-0.717155	-9.04881	-8.33165
BLOCK18/SES182/SA182S12	SES180	-1.47602	-9.80767	-8.33165
BLOCK18/SES182/SA182S12	SES275	-0.726995	-9.05865	-8.33165
BLOCK18/SES182/SA182S21	SES117	-1.36551	-11.6834	-10.3179
BLOCK18/SES182/SA182S21	SES144	-1.45051	-11.7684	-10.3179
BLOCK18/SES182/SA182S21	SES162	-0.885638	-11.2035	-10.3179
BLOCK18/SES182/SA182S21	SES180	-1.62287	-11.9407	-10.3179
BLOCK18/SES182/SA182S23	SES117	-2.45088	-12.8902	-10.4393
BLOCK18/SES182/SA182S23	SES144	-3.02068	-13.46	-10.4393
BLOCK18/SES182/SA182S23	SES180	-2.65591	-13.0952	-10.4393
BLOCK18/SES182/SA182S23	SES275	-1.86658	-12.3059	-10.4393
BLOCK18/SES182/SA182S25	SES007	0.607823	-9.09737	-9.70519
BLOCK18/SES182/SA182S25	SES162	-0.33314	-10.0383	-9.70519
BLOCK18/SES182/SA182S25	SES177	-0.271	-9.97619	-9.70519
BLOCK18/SES182/SA182S25	SES180	-1.57331	-11.2785	-9.70519
BLOCK18/SES184/SA184S12	SES177	-0.548927	-9.47199	-8.92306
BLOCK18/SES184/SA184S12	SES180	-0.0106468	-8.93371	-8.92306
BLOCK18/SES184/SA184S12	SES189	-1.37105	-10.2941	-8.92306
BLOCK18/SES184/SA184S12	SES292	-0.116415	-9.03948	-8.92306
BLOCK18/SES184/SA184S13	SES101	-0.512833	-9.51988	-9.00705
BLOCK18/SES184/SA184S13	SES177	-0.694925	-9.70198	-9.00705
BLOCK18/SES184/SA184S13	SES180	0.0228796	-8.98417	-9.00705
BLOCK18/SES184/SA184S13	SES292	-0.470448	-9.4775	-9.00705
BLOCK18/SES184/SA184S22	SES177	-0.252922	-9.92172	-9.6688
BLOCK18/SES184/SA184S22	SES180	0.219444	-9.44935	-9.6688
BLOCK18/SES184/SA184S22	SES189	-0.655775	-10.3246	-9.6688
BLOCK18/SES184/SA184S22	SES292	-0.507041	-10.1758	-9.6688
BLOCK18/SES184/SA184S25	SES101	-0.462476	-9.22457	-8.76209
BLOCK18/SES184/SA184S25	SES177	-1.12735	-9.88944	-8.76209
BLOCK18/SES184/SA184S25	SES180	0.113362	-8.64873	-8.76209
BLOCK18/SES184/SA184S25	SES292	-0.151499	-8.91359	-8.76209
BLOCK18/SES184/SA184S27	SES083	-0.473651	-9.32079	-8.84714
BLOCK18/SES184/SA184S27	SES177	-0.46074	-9.30788	-8.84714
BLOCK18/SES184/SA184S27	SES202	-0.156635	-9.00378	-8.84714
BLOCK18/SES184/SA184S27	SES292	-0.322069	-9.16921	-8.84714
BLOCK20/SES204/SA204S12	SES062	-0.157808	-8.85108	-8.69327
BLOCK20/SES204/SA204S12	SES083	-1.0103	-9.70357	-8.69327
BLOCK20/SES204/SA204S12	SES206	-0.183724	-8.87699	-8.69327
BLOCK20/SES204/SA204S12	SES226	-1.08499	-9.77826	-8.69327
BLOCK20/SES204/SA204S14	SES068	-0.336298	-8.50993	-8.17363
BLOCK20/SES204/SA204S14	SES087	0.181241	-7.99239	-8.17363
BLOCK20/SES204/SA204S14	SES206	-0.473119	-8.64675	-8.17363
BLOCK20/SES204/SA204S14	SES226	-1.37871	-9.55234	-8.17363
BLOCK20/SES204/SA204S22	SES068	-0.0298796	-9.0294	-8.99952
BLOCK20/SES204/SA204S22	SES082	-0.0217409	-9.02126	-8.99952
BLOCK20/SES204/SA204S22	SES083	-1.78464	-10.7842	-8.99952
BLOCK20/SES204/SA204S22	SES206	-0.114321	-9.11384	-8.99952
BLOCK20/SES204/SA204S25	SES062	0.109183	-8.73394	-8.84312
BLOCK20/SES204/SA204S25	SES083	-1.03098	-9.87409	-8.84312
BLOCK20/SES204/SA204S25	SES206	0.306581	-8.53654	-8.84312
BLOCK20/SES204/SA204S25	SES226	-0.805017	-9.64814	-8.84312
BLOCK20/SES204/SA204S27	SES068	0.287811	-9.1752	-9.46301
BLOCK20/SES204/SA204S27	SES082	-0.372261	-9.83527	-9.46301
BLOCK20/SES204/SA204S27	SES087	0.282315	-9.1807	-9.46301
BLOCK20/SES204/SA204S27	SES206	-0.795507	-10.2585	-9.46301
BLOCK20/SES207/SA207S10	SES127	-1.01229	-9.81466	-8.80237
BLOCK20/SES207/SA207S10	SES183	-0.747434	-9.5498	-8.80237
BLOCK20/SES207/SA207S10	SES189	-0.0153179	-8.81769	-8.80237
BLOCK20/SES207/SA207S10	SES292	-0.754513	-9.55688	-8.80237
BLOCK20/SES207/SA207S11	SES127	-0.893229	-10.2262	-9.33293
BLOCK20/SES207/SA207S11	SES183	-1.53064	-10.8636	-9.33293
BLOCK20/SES207/SA207S11	SES187	-0.327352	-9.66028	-9.33293
BLOCK20/SES207/SA207S11	SES292	-0.0365191	-9.36945	-9.33293
BLOCK20/SES207/SA207S25	SES068	-0.179737	-9.94622	-9.76648
BLOCK20/SES207/SA207S25	SES083	-0.835875	-10.6024	-9.76648
BLOCK20/SES207/SA207S25	SES127	0.040204	-9.72628	-9.76648
BLOCK20/SES207/SA207S25	SES187	0.155664	-9.61082	-9.76648
BLOCK20/SES207/SA207S27	SES127	-0.156136	-9.99948	-9.84334
BLOCK20/SES207/SA207S27	SES183	-1.21678	-11.0601	-9.84334
BLOCK20/SES207/SA207S27	SES187	-0.0862274	-9.92957	-9.84334
BLOCK20/SES207/SA207S27	SES292	-0.0874033	-9.93075	-9.84334
BLOCK20/SES207/SA207S29	SES083	-1.09879	-10.4914	-9.39261
BLOCK20/SES207/SA207S29	SES085	-0.337618	-9.73023	-9.39261
BLOCK20/SES207/SA207S29	SES172	0.563611	-8.829	-9.39261
BLOCK20/SES207/SA207S29	SES189	-0.991197	-10.3838	-9.39261
BLOCK22/SES221/SA221S12	SES068	0.19053	-8.23995	-8.43048
BLOCK22/SES221/SA221S12	SES143	-0.967272	-9.39775	-8.43048
BLOCK22/SES221/SA221S12	SES175	0.0945768	-8.3359	-8.43048
BLOCK22/SES221/SA221S12	SES202	-0.436505	-8.86699	-8.43048
BLOCK22/SES221/SA221S15	SES085	-0.120501	-8.77283	-8.65233
BLOCK22/SES221/SA221S15	SES143	-0.805475	-9.4578	-8.65233
BLOCK22/SES221/SA221S15	SES175	-0.232302	-8.88463	-8.65233
BLOCK22/SES221/SA221S15	SES187	-0.465213	-9.11754	-8.65233
BLOCK22/SES221/SA221S23	SES068	-0.0619373	-8.48926	-8.42732
BLOCK22/SES221/SA221S23	SES143	-1.2545	-9.68182	-8.42732
BLOCK22/SES221/SA221S23	SES175	-0.929147	-9.35647	-8.42732
BLOCK22/SES221/SA221S23	SES189	-1.29667	-9.72399	-8.42732
BLOCK22/SES221/SA221S27	SES085	0.619867	-8.48745	-9.10731
BLOCK22/SES221/SA221S27	SES143	-0.491316	-9.59863	-9.10731
BLOCK22/SES221/SA221S27	SES175	-0.146434	-9.25375	-9.10731
BLOCK22/SES221/SA221S27	SES189	-0.873827	-9.98114	-9.10731
BLOCK22/SES221/SA221S29	SES085	0.859172	-8.07824	-8.93741
BLOCK22/SES221/SA221S29	SES143	-0.20208	-9.13949	-8.93741
BLOCK22/SES221/SA221S29	SES175	-0.0445757	-8.98198	-8.93741
BLOCK22/SES221/SA221S29	SES187	-0.797658	-9.73507	-8.93741
BLOCK22/SES223/SA223S11	SES143	-0.270654	-9.46005	-9.18939
BLOCK22/SES223/SA223S11	SES144	-0.799514	-9.98891	-9.18939
BLOCK22/SES223/SA223S11	SES175	-0.299037	-9.48843	-9.18939
BLOCK22/SES223/SA223S11	SES187	-0.673286	-9.86268	-9.18939
BLOCK22/SES223/SA223S13	SES068	0.403363	-8.80935	-9.21271
BLOCK22/SES223/SA223S13	SES143	-0.864636	-10.0773	-9.21271
BLOCK22/SES223/SA223S13	SES146	-0.477633	-9.69034	-9.21271
BLOCK22/SES223/SA223S13	SES202	0.0338278	-9.17888	-9.21271
BLOCK22/SES223/SA223S22	SES143	-0.721951	-9.5036	-8.78165
BLOCK22/SES223/SA223S22	SES144	-1.41289	-10.1945	-8.78165
BLOCK22/SES223/SA223S22	SES175	-0.586427	-9.36808	-8.78165
BLOCK22/SES223/SA223S22	SES187	-0.935284	-9.71694	-8.78165
BLOCK22/SES223/SA223S25	SES068	-0.304886	-9.70182	-9.39694
BLOCK22/SES223/SA223S25	SES143	-0.556811	-9.95375	-9.39694
BLOCK22/SES223/SA223S25	SES175	0.0255642	-9.37137	-9.39694
BLOCK22/SES223/SA223S25	SES187	-0.474191	-9.87113	-9.39694
BLOCK22/SES223/SA223S27	SES143	-0.118463	-9.86143	-9.74297
BLOCK22/SES223/SA223S27	SES146	-0.646827	-10.3898	-9.74297
BLOCK22/SES223/SA223S27	SES187	-0.639661	-10.3826	-9.74297
BLOCK22/SES223/SA223S27	SES292	0.232276	-9.51069	-9.74297
BLOCK27/SES273/SA273S12	SES099	0.19208	-9.2077	-9.39978
BLOCK27/SES273/SA273S12	SES104	0.489409	-8.91037	-9.39978
BLOCK27/SES273/SA273S12	SES125	0.321778	-9.078	-9.39978
BLOCK27/SES273/SA273S12	SES206	0.184013	-9.21576	-9.39978
BLOCK27/SES273/SA273S13	SES099	-0.802152	-9.59922	-8.79707
BLOCK27/SES273/SA273S13	SES104	-0.371825	-9.16889	-8.79707
BLOCK27/SES273/SA273S13	SES206	-0.656859	-9.45393	-8.79707
BLOCK27/SES273/SA273S13	SES292	-0.335794	-9.13286	-8.79707
BLOCK27/SES273/SA273S21	SES099	-0.656384	-9.93083	-9.27445
BLOCK27/SES273/SA273S21	SES148	-1.57563	-10.8501	-9.27445
BLOCK27/SES273/SA273S21	SES149	-0.980045	-10.2545	-9.27445
BLOCK27/SES273/SA273S21	SES177	-0.921841	-10.1963	-9.27445
BLOCK27/SES273/SA273S25	SES104	0.505887	-9.93854	-10.4444
BLOCK27/SES273/SA273S25	SES125	0.290661	-10.1538	-10.4444
BLOCK27/SES273/SA273S25	SES158	1.22862	-9.21581	-10.4444
BLOCK27/SES273/SA273S25	SES206	0.268152	-10.1763	-10.4444
BLOCK27/SES273/SA273S27	SES099	-0.644928	-8.90784	-8.26291
BLOCK27/SES273/SA273S27	SES104	-0.445017	-8.70793	-8.26291
BLOCK27/SES273/SA273S27	SES149	-0.3447	-8.60761	-8.26291
BLOCK27/SES273/SA273S27	SES275	-0.433513	-8.69643	-8.26291
BLOCK27/SES274/SA274S10	SES105	-1.54158	-9.14104	-7.59947
BLOCK27/SES274/SA274S10	SES125	-1.39457	-8.99404	-7.59947
BLOCK27/SES274/SA274S10	SES129	0.0945544	-7.50491	-7.59947
BLOCK27/SES274/SA274S10	SES158	-2.22544	-9.82491	-7.59947
BLOCK27/SES274/SA274S11	SES105	-0.267117	-8.38805	-8.12093
BLOCK27/SES274/SA274S11	SES149	-0.303522	-8.42445	-8.12093
BLOCK27/SES274/SA274S11	SES158	-0.496362	-8.61729	-8.12093
BLOCK27/SES274/SA274S11	SES275	-0.138967	-8.2599	-8.12093
BLOCK27/SES274/SA274S21	SES105	-0.775335	-9.01532	-8.23999
BLOCK27/SES274/SA274S21	SES129	-0.310286	-8.55027	-8.23999
BLOCK27/SES274/SA274S21	SES149	-0.9842	-9.22419	-8.23999
BLOCK27/SES274/SA274S21	SES158	-1.40311	-9.6431	-8.23999
BLOCK27/SES274/SA274S24	SES105	-1.00558	-9.91257	-8.90698
BLOCK27/SES274/SA274S24	SES129	-0.050355	-8.95734	-8.90698
BLOCK27/SES274/SA274S24	SES149	-1.72474	-10.6317	-8.90698
BLOCK27/SES274/SA274S24	SES158	-1.77466	-10.6816	-8.90698
BLOCK27/SES274/SA274S29	SES105	-1.02491	-9.85923	-8.83432
BLOCK27/SES274/SA274S29	SES106	-1.14022	-9.97454	-8.83432
BLOCK27/SES274/SA274S29	SES120	-0.64627	-9.48059	-8.83432
BLOCK27/SES274/SA274S29	SES275	-0.632394	-9.46671	-8.83432
BLOCK27/SES276/SA276S16	SES148	-0.158991	-8.77359	-8.6146
BLOCK27/SES276/SA276S16	SES172	0.0256338	-8.58896	-8.6146
BLOCK27/SES276/SA276S16	SES180	0.131749	-8.48285	-8.6146
BLOCK27/SES276/SA276S16	SES292	-0.103328	-8.71792	-8.6146
BLOCK27/SES276/SA276S17	SES101	-0.0880432	-9.20788	-9.11984
BLOCK27/SES276/SA276S17	SES177	-0.690789	-9.81063	-9.11984
BLOCK27/SES276/SA276S17	SES180	-0.376579	-9.49642	-9.11984
BLOCK27/SES276/SA276S17	SES292	-0.316029	-9.43587	-9.11984
BLOCK27/SES276/SA276S24	SES101	0.0555973	-8.41056	-8.46615
BLOCK27/SES276/SA276S24	SES177	-0.00257969	-8.46873	-8.46615
BLOCK27/SES276/SA276S24	SES180	0.0273609	-8.43879	-8.46615
BLOCK27/SES276/SA276S24	SES292	-0.376878	-8.84303	-8.46615
BLOCK27/SES276/SA276S26	SES101	-0.315467	-8.58773	-8.27226
BLOCK27/SES276/SA276S26	SES177	-0.422512	-8.69477	-8.27226
BLOCK27/SES276/SA276S26	SES180	-0.176648	-8.44891	-8.27226
BLOCK27/SES276/SA276S26	SES292	-0.0273762	-8.29964	-8.27226
BLOCK27/SES276/SA276S28	SES101	0.0396051	-8.23496	-8.27456
BLOCK27/SES276/SA276S28	SES177	-0.444329	-8.71889	-8.27456
BLOCK27/SES276/SA276S28	SES180	0.163522	-8.11104	-8.27456
BLOCK27/SES276/SA276S28	SES292	-0.109265	-8.38383	-8.27456
BLOCK27/SES277/SA277S12	SES101	-0.0419731	-10.2204	-10.1784
BLOCK27/SES277/SA277S12	SES177	-0.883175	-11.0616	-10.1784
BLOCK27/SES277/SA277S12	SES180	-0.453827	-10.6322	-10.1784
BLOCK27/SES277/SA277S12	SES292	-0.532884	-10.7113	-10.1784
BLOCK27/SES277/SA277S14	SES177	-0.394248	-11.1078	-10.7136
BLOCK27/SES277/SA277S14	SES180	-0.741629	-11.4552	-10.7136
BLOCK27/SES277/SA277S14	SES189	0.676514	-10.0371	-10.7136
BLOCK27/SES277/SA277S14	SES292	-0.568713	-11.2823	-10.7136
BLOCK27/SES277/SA277S21	SES177	-0.350918	-10.1028	-9.75191
BLOCK27/SES277/SA277S21	SES180	-0.346809	-10.0987	-9.75191
BLOCK27/SES277/SA277S21	SES189	0.0849409	-9.66697	-9.75191
BLOCK27/SES277/SA277S21	SES292	-0.551296	-10.3032	-9.75191
BLOCK27/SES277/SA277S24	SES144	0.453892	-10.5224	-10.9763
BLOCK27/SES277/SA277S24	SES177	-0.423842	-11.4001	-10.9763
BLOCK27/SES277/SA277S24	SES180	-1.18589	-12.1622	-10.9763
BLOCK27/SES277/SA277S24	SES189	0.694119	-10.2822	-10.9763
BLOCK27/SES277/SA277S29	SES177	-0.395747	-8.57917	-8.18342
BLOCK27/SES277/SA277S29	SES180	0.0366077	-8.14681	-8.18342
BLOCK27/SES277/SA277S29	SES202	-0.0989504	-8.28237	-8.18342
BLOCK27/SES277/SA277S29	SES292	-0.694741	-8.87816	-8.18342
BLOCK27/SES279/SA279S09	SES120	-0.932639	-9.48477	-8.55213
BLOCK27/SES279/SA279S09	SES146	-0.446401	-8.99853	-8.55213
BLOCK27/SES279/SA279S09	SES206	0.294881	-8.25725	-8.55213
BLOCK27/SES279/SA279S09	SES226	-0.580853	-9.13299	-8.55213
BLOCK27/SES279/SA279S10	SES099	-0.131937	-9.26885	-9.13691
BLOCK27/SES279/SA279S10	SES206	-0.461476	-9.59838	-9.13691
BLOCK27/SES279/SA279S10	SES226	-1.27276	-10.4097	-9.13691
BLOCK27/SES279/SA279S10	SES292	0.0327559	-9.10415	-9.13691
BLOCK27/SES279/SA279S20	SES099	-0.854386	-10.4004	-9.54606
BLOCK27/SES279/SA279S20	SES206	-0.271635	-9.81769	-9.54606
BLOCK27/SES279/SA279S20	SES226	-0.803685	-10.3497	-9.54606
BLOCK27/SES279/SA279S20	SES292	-0.14109	-9.68715	-9.54606
BLOCK27/SES279/SA279S26	SES099	0.543239	-9.69566	-10.2389
BLOCK27/SES279/SA279S26	SES206	0.585876	-9.65302	-10.2389
BLOCK27/SES279/SA279S26	SES226	-0.30494	-10.5438	-10.2389
BLOCK27/SES279/SA279S26	SES292	0.474769	-9.76413	-10.2389
BLOCK27/SES279/SA279S28	SES099	-0.11008	-8.60977	-8.49969
BLOCK27/SES279/SA279S28	SES120	-0.658453	-9.15814	-8.49969
BLOCK27/SES279/SA279S28	SES177	-0.797727	-9.29741	-8.49969
BLOCK27/SES279/SA279S28	SES206	-0.063652	-8.56334	-8.49969
BLOCK29/SES290/SA290S12	SES162	-0.0377903	-7.82067	-7.78288
BLOCK29/SES290/SA290S12	SES177	0.172976	-7.60991	-7.78288
BLOCK29/SES290/SA290S12	SES180	0.0927453	-7.69014	-7.78288
BLOCK29/SES290/SA290S12	SES292	-0.46307	-8.24595	-7.78288
BLOCK29/SES290/SA290S13	SES007	0.0795069	-8.28839	-8.3679
BLOCK29/SES290/SA290S13	SES162	-0.653045	-9.02094	-8.3679
BLOCK29/SES290/SA290S13	SES177	-0.0289116	-8.39681	-8.3679
BLOCK29/SES290/SA290S13	SES180	0.361938	-8.00596	-8.3679
BLOCK29/SES290/SA290S22	SES177	-0.299186	-8.41151	-8.11233
BLOCK29/SES290/SA290S22	SES180	0.0700779	-8.04225	-8.11233
BLOCK29/SES290/SA290S22	SES202	-0.225228	-8.33756	-8.11233
BLOCK29/SES290/SA290S22	SES292	-0.0233889	-8.13572	-8.11233
BLOCK29/SES290/SA290S25	SES162	-0.115856	-8.4912	-8.37535
BLOCK29/SES290/SA290S25	SES177	0.0416498	-8.3337	-8.37535
BLOCK29/SES290/SA290S25	SES180	-0.0737553	-8.4491	-8.37535
BLOCK29/SES290/SA290S25	SES292	0.0420637	-8.33328	-8.37535
BLOCK29/SES290/SA290S29	SES177	0.17677	-7.80798	-7.98475
BLOCK29/SES290/SA290S29	SES180	0.681256	-7.30349	-7.98475
BLOCK29/SES290/SA290S29	SES275	0.146396	-7.83835	-7.98475
BLOCK29/SES290/SA290S29	SES292	-0.253519	-8.23827	-7.98475
BLOCK29/SES291/SA291S11	SES105	-0.924495	-10.6152	-9.69073
BLOCK29/SES291/SA291S11	SES125	-0.364057	-10.0548	-9.69073
BLOCK29/SES291/SA291S11	SES158	-0.203315	-9.89405	-9.69073
BLOCK29/SES291/SA291S11	SES275	-0.59951	-10.2902	-9.69073
BLOCK29/SES291/SA291S12	SES158	1.0713	-8.59037	-9.66167
BLOCK29/SES291/SA291S12	SES226	-1.27606	-10.9377	-9.66167
BLOCK29/SES291/SA291S12	SES270	-0.699778	-10.3614	-9.66167
BLOCK29/SES291/SA291S12	SES275	-2.02773	-11.6894	-9.66167
BLOCK29/SES291/SA291S22	SES082	-0.164989	-9.13277	-8.96778
BLOCK29/SES291/SA291S22	SES158	0.0848608	-8.88292	-8.96778
BLOCK29/SES291/SA291S22	SES259	-0.619444	-9.58722	-8.96778
BLOCK29/SES291/SA291S22	SES275	-1.52739	-10.4952	-8.96778
BLOCK29/SES291/SA291S24	SES104	-0.0220585	-9.02573	-9.00367
BLOCK29/SES291/SA291S24	SES125	0.0330009	-8.97067	-9.00367
BLOCK29/SES291/SA291S24	SES158	0.0459585	-8.95772	-9.00367
BLOCK29/SES291/SA291S24	SES275	-1.06715	-10.0708	-9.00367
BLOCK29/SES291/SA291S27	SES158	0.603089	-8.27095	-8.87404
BLOCK29/SES291/SA291S27	SES172	-1.39977	-10.2738	-8.87404
BLOCK29/SES291/SA291S27	SES275	-1.06546	-9.9395	-8.87404
BLOCK29/SES291/SA291S27	SES292	0.00450325	-8.86954	-8.87404
