BLOCK00/SES002/SA002S12	SES002	1.17966	17.0678	15.8882
BLOCK00/SES002/SA002S13	SES002	1.63252	16.6722	15.0396
BLOCK00/SES002/SA002S23	SES002	0.716377	16.4698	15.7534
BLOCK00/SES002/SA002S26	SES002	1.63363	18.118	16.4843
BLOCK00/SES002/SA002S28	SES002	0.544197	15.2305	14.6863
BLOCK00/SES007/SA007S14	SES007	1.79235	18.5174	16.7251
BLOCK00/SES007/SA007S15	SES007	0.606571	16.0294	15.4229
BLOCK00/SES007/SA007S24	SES007	1.27107	16.3059	15.0348
BLOCK00/SES007/SA007S27	SES007	0.552129	15.3229	14.7708
BLOCK00/SES007/SA007S29	SES007	0.146925	16.1665	16.0196
BLOCK00/SES008/SA008S11	SES008	1.17884	16.602	15.4232
BLOCK00/SES008/SA008S12	SES008	-0.0825214	14.9633	15.0458
BLOCK00/SES008/SA008S19	SES008	1.7214	17.9369	16.2155
BLOCK00/SES008/SA008S22	SES008	0.332241	14.9649	14.6327
BLOCK00/SES008/SA008S29	SES008	1.40919	17.4232	16.014
BLOCK01/SES014/SA014S10	SES014	1.79838	17.1728	15.3744
BLOCK01/SES014/SA014S12	SES014	3.19648	20.4315	17.2351
BLOCK01/SES014/SA014S24	SES014	1.35902	17.9922	16.6332
BLOCK01/SES014/SA014S26	SES014	2.44287	20.9935	18.5506
BLOCK01/SES014/SA014S28	SES014	3.97556	21.4644	17.4889
BLOCK01/SES016/SA016S12	SES016	0.682701	14.1707	13.488
BLOCK01/SES016/SA016S13	SES016	1.51026	16.8643	15.354
BLOCK01/SES016/SA016S22	SES016	0.991432	16.3873	15.3959
BLOCK01/SES016/SA016S25	SES016	1.77851	18.5509	16.7724
BLOCK01/SES016/SA016S27	SES016	1.96082	19.238	17.2772
BLOCK01/SES019/SA019S13	SES019	2.45163	15.505	13.0533
BLOCK01/SES019/SA019S14	SES019	2.23739	16.1677	13.9303
BLOCK01/SES019/SA019S22	SES019	2.72801	16.2239	13.4959
BLOCK01/SES019/SA019S25	SES019	2.79572	16.5787	13.783
BLOCK01/SES019/SA019S29	SES019	3.36714	16.8748	13.5077
BLOCK02/SES029/SA029S11	SES029	1.33185	16.9432	15.6114
BLOCK02/SES029/SA029S12	SES029	0.268023	16.8198	16.5518
BLOCK02/SES029/SA029S20	SES029	1.23738	16.6428	15.4054
BLOCK02/SES029/SA029S25	SES029	1.26411	17.82	16.5558
BLOCK02/SES029/SA029S28	SES029	0.194353	16.2823	16.0879
BLOCK04/SES042/SA042S12	SES042	1.78306	17.6946	15.9115
BLOCK04/SES042/SA042S15	SES042	2.35215	18.0753	15.7231
BLOCK04/SES042/SA042S22	SES042	2.77823	20.4775	17.6993
BLOCK04/SES042/SA042S25	SES042	1.89553	16.7882	14.8926
BLOCK04/SES042/SA042S27	SES042	1.57485	18.0414	16.4666
BLOCK04/SES048/SA048S11	SES048	1.39571	17.4805	16.0848
BLOCK04/SES048/SA048S12	SES048	0.347076	16.8918	16.5448
BLOCK04/SES048/SA048S20	SES048	0.390255	17.1082	16.7179
BLOCK04/SES048/SA048S23	SES048	1.28775	16.2661	14.9784
BLOCK04/SES048/SA048S27	SES048	0.744503	18.4879	17.7434
BLOCK06/SES060/SA060S11	SES060	1.60756	18.0505	16.4429
BLOCK06/SES060/SA060S12	SES060	-0.768696	14.932	15.7007
BLOCK06/SES060/SA060S22	SES060	-0.0773678	14.1806	14.2579
BLOCK06/SES060/SA060S24	SES060	0.991642	17.2787	16.2871
BLOCK06/SES060/SA060S28	SES060	0.768417	19.1882	18.4198
BLOCK06/SES062/SA062S10	SES062	0.477953	16.7969	16.3189
BLOCK06/SES062/SA062S11	SES062	1.28981	17.0423	15.7525
BLOCK06/SES062/SA062S21	SES062	2.1932	20.2759	18.0827
BLOCK06/SES062/SA062S26	SES062	0.988804	18.3929	17.4041
BLOCK06/SES062/SA062S29	SES062	1.88729	19.7648	17.8775
BLOCK06/SES068/SA068S14	SES068	-0.0760536	16.6816	16.7577
BLOCK06/SES068/SA068S15	SES068	1.26	18.7727	17.5127
BLOCK06/SES068/SA068S23	SES068	0.366926	15.9385	15.5716
BLOCK06/SES068/SA068S27	SES068	2.06568	19.3656	17.2999
BLOCK06/SES068/SA068S29	SES068	0.473549	16.9807	16.5071
BLOCK08/SES082/SA082S12	SES082	-0.0656586	14.5365	14.6021
BLOCK08/SES082/SA082S14	SES082	0.0897026	14.7194	14.6297
BLOCK08/SES082/SA082S21	SES082	0.332858	15.3425	15.0096
BLOCK08/SES082/SA082S24	SES082	0.675175	17.2085	16.5333
BLOCK08/SES082/SA082S28	SES082	0.286462	15.3695	15.083
BLOCK08/SES083/SA083S14	SES083	-0.326735	15.7055	16.0322
BLOCK08/SES083/SA083S15	SES083	0.724409	17.2069	16.4825
BLOCK08/SES083/SA083S24	SES083	0.394428	16.566	16.1715
BLOCK08/SES083/SA083S26	SES083	0.635424	16.2459	15.6105
BLOCK08/SES083/SA083S29	SES083	0.138111	17.1261	16.9879
BLOCK08/SES085/SA085S10	SES085	-0.319704	16.3673	16.687
BLOCK08/SES085/SA085S13	SES085	-0.431049	15.4586	15.8896
BLOCK08/SES085/SA085S22	SES085	0.275377	18.0747	17.7993
BLOCK08/SES085/SA085S26	SES085	-0.138292	16.711	16.8493
BLOCK08/SES085/SA085S28	SES085	1.07754	17.2604	16.1829
BLOCK08/SES087/SA087S15	SES087	1.64718	16.766	15.1189
BLOCK08/SES087/SA087S16	SES087	1.61901	16.6833	15.0643
BLOCK08/SES087/SA087S24	SES087	1.71059	17.109	15.3984
BLOCK08/SES087/SA087S26	SES087	0.99386	17.4001	16.4063
BLOCK08/SES087/SA087S29	SES087	1.77292	16.6414	14.8685
BLOCK09/SES099/SA099S15	SES099	1.49703	16.3903	14.8933
BLOCK09/SES099/SA099S16	SES099	1.59633	16.5075	14.9112
BLOCK09/SES099/SA099S24	SES099	1.52841	16.6973	15.1689
BLOCK09/SES099/SA099S26	SES099	1.6219	16.7004	15.0785
BLOCK09/SES099/SA099S29	SES099	1.74872	17.4111	15.6624
BLOCK10/SES101/SA101S11	SES101	0.029747	16.1607	16.1309
BLOCK10/SES101/SA101S13	SES101	1.47651	18.6141	17.1376
BLOCK10/SES101/SA101S22	SES101	0.790211	16.5698	15.7796
BLOCK10/SES101/SA101S24	SES101	0.672476	16.3957	15.7233
BLOCK10/SES101/SA101S28	SES101	0.188487	15.5669	15.3784
BLOCK10/SES104/SA104S11	SES104	1.49599	19.1422	17.6462
BLOCK10/SES104/SA104S12	SES104	1.73516	17.4392	15.704
BLOCK10/SES104/SA104S21	SES104	1.13028	16.7131	15.5828
BLOCK10/SES104/SA104S24	SES104	0.273993	16.0631	15.7891
BLOCK10/SES104/SA104S28	SES104	0.657757	17.1792	16.5214
BLOCK10/SES105/SA105S12	SES105	0.998557	15.009	14.0105
BLOCK10/SES105/SA105S13	SES105	1.36864	15.5527	14.1841
BLOCK10/SES105/SA105S22	SES105	0.425545	14.0535	13.628
BLOCK10/SES105/SA105S26	SES105	1.43109	15.6791	14.248
BLOCK10/SES105/SA105S29	SES105	1.29455	16.4021	15.1075
BLOCK10/SES106/SA106S09	SES106	1.15747	15.0969	13.9394
BLOCK10/SES106/SA106S11	SES106	1.88464	17.3602	15.4755
BLOCK10/SES106/SA106S22	SES106	3.16781	17.8466	14.6788
BLOCK10/SES106/SA106S27	SES106	1.46908	15.9585	14.4894
BLOCK10/SES106/SA106S29	SES106	0.581717	15.1619	14.5802
BLOCK11/SES117/SA117S12	SES117	0.59965	15.8324	15.2328
BLOCK11/SES117/SA117S13	SES117	-0.0387392	15.9796	16.0184
BLOCK11/SES117/SA117S23	SES117	1.61188	14.9754	13.3635
BLOCK11/SES117/SA117S25	SES117	1.12844	15.1256	13.9971
BLOCK11/SES117/SA117S28	SES117	0.779656	14.483	13.7033
BLOCK12/SES120/SA120S08	SES120	0.724568	13.6319	12.9073
BLOCK12/SES120/SA120S11	SES120	0.403491	12.1945	11.791
BLOCK12/SES120/SA120S22	SES120	0.0347996	15.5807	15.5459
BLOCK12/SES120/SA120S24	SES120	1.23842	15.4186	14.1802
BLOCK12/SES120/SA120S28	SES120	0.350204	12.4646	12.1144
BLOCK12/SES125/SA125S13	SES125	1.99987	17.0806	15.0808
BLOCK12/SES125/SA125S14	SES125	0.702468	15.4556	14.7531
BLOCK12/SES125/SA125S25	SES125	2.07851	17.9448	15.8663
BLOCK12/SES125/SA125S27	SES125	1.29045	18.0636	16.7731
BLOCK12/SES125/SA125S29	SES125	2.02573	17.0949	15.0692
BLOCK12/SES127/SA127S11	SES127	1.24264	16.2522	15.0096
BLOCK12/SES127/SA127S12	SES127	0.352499	16.5688	16.2163
BLOCK12/SES127/SA127S23	SES127	0.753655	16.6112	15.8576
BLOCK12/SES127/SA127S25	SES127	-0.20331	15.32	15.5233
BLOCK12/SES127/SA127S27	SES127	1.22136	16.9972	15.7758
BLOCK12/SES129/SA129S11	SES129	1.8639	18.2017	16.3378
BLOCK12/SES129/SA129S12	SES129	1.63609	17.947	16.311
BLOCK12/SES129/SA129S22	SES129	0.951695	16.1625	15.2108
BLOCK12/SES129/SA129S27	SES129	1.83341	17.6471	15.8137
BLOCK12/SES129/SA129S29	SES129	1.34972	17.57	16.2202
BLOCK14/SES142/SA142S11	SES142	1.93089	16.1568	14.226
BLOCK14/SES142/SA142S12	SES142	0.957529	15.2055	14.248
BLOCK14/SES142/SA142S24	SES142	1.40662	15.9214	14.5147
BLOCK14/SES142/SA142S27	SES142	2.083	16.9914	14.9084
BLOCK14/SES142/SA142S29	SES142	2.58772	16.1544	13.5667
BLOCK14/SES143/SA143S12	SES143	0.874619	15.3694	14.4948
BLOCK14/SES143/SA143S13	SES143	0.798067	15.2277	14.4296
BLOCK14/SES143/SA143S23	SES143	1.27092	15.4656	14.1947
BLOCK14/SES143/SA143S25	SES143	1.41937	16.117	14.6976
BLOCK14/SES143/SA143S28	SES143	0.884916	15.294	14.4091
BLOCK14/SES144/SA144S09	SES144	0.553393	16.2279	15.6745
BLOCK14/SES144/SA144S11	SES144	1.01333	15.7994	14.786
BLOCK14/SES144/SA144S21	SES144	0.00840855	14.9632	14.9548
BLOCK14/SES144/SA144S25	SES144	0.321419	14.3778	14.0564
BLOCK14/SES144/SA144S29	SES144	0.0228119	15.9068	15.884
BLOCK14/SES146/SA146S14	SES146	0.573353	14.6306	14.0572
BLOCK14/SES146/SA146S15	SES146	0.642417	14.9553	14.3129
BLOCK14/SES146/SA146S24	SES146	0.844739	15.1787	14.334
BLOCK14/SES146/SA146S26	SES146	0.690774	15.1027	14.4119
BLOCK14/SES146/SA146S29	SES146	0.562508	14.4474	13.8849
BLOCK14/SES147/SA147S11	SES147	2.05477	16.2198	14.165
BLOCK14/SES147/SA147S13	SES147	2.01873	16.6965	14.6778
BLOCK14/SES147/SA147S23	SES147	0.320174	15.3506	15.0305
BLOCK14/SES147/SA147S26	SES147	0.892709	15.5106	14.6179
BLOCK14/SES147/SA147S28	SES147	1.19792	15.5186	14.3207
BLOCK14/SES148/SA148S10	SES148	1.31415	15.4957	14.1815
BLOCK14/SES148/SA148S12	SES148	0.761654	14.2317	13.4701
BLOCK14/SES148/SA148S22	SES148	1.98576	17.0968	15.1111
BLOCK14/SES148/SA148S26	SES148	-0.189936	15.7797	15.9697
BLOCK14/SES148/SA148S29	SES148	0.603374	15.3035	14.7001
BLOCK14/SES149/SA149S13	SES149	-0.830353	14.9095	15.7398
BLOCK14/SES149/SA149S14	SES149	0.355679	16.6919	16.3362
BLOCK14/SES149/SA149S24	SES149	0.922014	17.1206	16.1986
BLOCK14/SES149/SA149S26	SES149	1.84142	18.5238	16.6824
BLOCK14/SES149/SA149S28	SES149	2.1996	19.8639	17.6643
BLOCK15/SES158/SA158S13	SES158	1.63397	15.1181	13.4841
BLOCK15/SES158/SA158S14	SES158	3.23269	16.5761	13.3434
BLOCK15/SES158/SA158S23	SES158	1.41885	15.6492	14.2304
BLOCK15/SES158/SA158S26	SES158	2.46568	15.7326	13.2669
BLOCK15/SES158/SA158S28	SES158	0.848578	14.8174	13.9688
BLOCK16/SES162/SA162S10	SES162	0.372569	13.6928	13.3202
BLOCK16/SES162/SA162S11	SES162	0.727372	16.3957	15.6683
BLOCK16/SES162/SA162S21	SES162	1.70739	16.8061	15.0987
BLOCK16/SES162/SA162S24	SES162	0.669215	15.6618	14.9926
BLOCK16/SES162/SA162S27	SES162	1.43932	15.6428	14.2034
BLOCK16/SES167/SA167S14	SES167	0.679226	17.71	17.0307
BLOCK16/SES167/SA167S15	SES167	1.05219	16.4353	15.3831
BLOCK16/SES167/SA167S21	SES167	1.89224	17.4397	15.5475
BLOCK16/SES167/SA167S25	SES167	2.13238	16.5955	14.4631
BLOCK16/SES167/SA167S29	SES167	2.16155	18.4687	16.3071
BLOCK17/SES172/SA172S12	SES172	1.03844	17.0795	16.041
BLOCK17/SES172/SA172S13	SES172	1.52185	16.5245	15.0026
BLOCK17/SES172/SA172S23	SES172	0.954523	17.8647	16.9102
BLOCK17/SES172/SA172S27	SES172	0.819977	16.7448	15.9249
BLOCK17/SES172/SA172S29	SES172	1.81889	17.6281	15.8092
BLOCK17/SES175/SA175S11	SES175	0.434445	16.2021	15.7676
BLOCK17/SES175/SA175S13	SES175	0.769366	16.3422	15.5728
BLOCK17/SES175/SA175S23	SES175	1.28843	16.4873	15.1988
BLOCK17/SES175/SA175S25	SES175	0.382307	14.3874	14.0051
BLOCK17/SES175/SA175S28	SES175	0.666399	16.8925	16.2261
BLOCK17/SES177/SA177S15	SES177	0.28999	16.0414	15.7514
BLOCK17/SES177/SA177S17	SES177	0.210773	16.0253	15.8145
BLOCK17/SES177/SA177S23	SES177	-0.523932	14.7791	15.303
BLOCK17/SES177/SA177S26	SES177	0.528595	18.0313	17.5028
BLOCK17/SES177/SA177S28	SES177	0.913734	16.9634	16.0496
BLOCK18/SES180/SA180S13	SES180	-0.270236	15.2479	15.5181
BLOCK18/SES180/SA180S15	SES180	0.986521	16.1307	15.1442
BLOCK18/SES180/SA180S24	SES180	0.436687	17.2092	16.7725
BLOCK18/SES180/SA180S26	SES180	0.789827	16.6908	15.901
BLOCK18/SES180/SA180S29	SES180	1.06752	16.2579	15.1904
BLOCK18/SES183/SA183S13	SES183	1.2828	14.9627	13.6798
BLOCK18/SES183/SA183S14	SES183	-0.385332	13.8757	14.261
BLOCK18/SES183/SA183S24	SES183	1.30153	14.1652	12.8637
BLOCK18/SES183/SA183S27	SES183	0.979503	14.8433	13.8638
BLOCK18/SES183/SA183S29	SES183	0.55573	15.712	15.1563
BLOCK18/SES187/SA187S13	SES187	0.518433	16.0029	15.4845
BLOCK18/SES187/SA187S14	SES187	0.480938	15.2517	14.7708
BLOCK18/SES187/SA187S24	SES187	2.10981	15.4953	13.3855
BLOCK18/SES187/SA187S27	SES187	1.14914	15.5405	14.3913
BLOCK18/SES187/SA187S29	SES187	1.28815	16.6372	15.3491
BLOCK18/SES189/SA189S10	SES189	1.8582	15.2709	13.4127
BLOCK18/SES189/SA189S13	SES189	2.32537	15.0574	12.732
BLOCK18/SES189/SA189S24	SES189	3.00145	15.3212	12.3197
BLOCK18/SES189/SA189S26	SES189	1.5024	15.8156	14.3132
BLOCK18/SES189/SA189S29	SES189	2.51331	15.9304	13.417
BLOCK20/SES202/SA202S12	SES202	1.02476	12.9478	11.923
BLOCK20/SES202/SA202S14	SES202	2.82317	16.1994	13.3762
BLOCK20/SES202/SA202S24	SES202	1.26184	15.5277	14.2659
BLOCK20/SES202/SA202S27	SES202	1.69439	17.598	15.9036
BLOCK20/SES202/SA202S29	SES202	2.14768	16.978	14.8303
BLOCK20/SES206/SA206S15	SES206	-0.329982	15.9437	16.2737
BLOCK20/SES206/SA206S17	SES206	1.1846	18.2408	17.0562
BLOCK20/SES206/SA206S24	SES206	1.23787	18.1125	16.8747
BLOCK20/SES206/SA206S27	SES206	1.99223	17.5541	15.5619
BLOCK20/SES206/SA206S29	SES206	1.04327	18.5138	17.4705
BLOCK22/SES226/SA226S12	SES226	0.63037	15.8117	15.1813
BLOCK22/SES226/SA226S13	SES226	-0.752644	13.983	14.7357
BLOCK22/SES226/SA226S20	SES226	0.903446	15.6835	14.7801
BLOCK22/SES226/SA226S23	SES226	1.35507	16.637	15.2819
BLOCK22/SES226/SA226S28	SES226	1.50795	16.8406	15.3326
BLOCK25/SES259/SA259S13	SES259	3.85234	18.5935	14.7411
BLOCK25/SES259/SA259S14	SES259	2.25052	17.0826	14.8321
BLOCK25/SES259/SA259S22	SES259	1.91036	16.7427	14.8323
BLOCK25/SES259/SA259S24	SES259	2.45558	18.9791	16.5235
BLOCK25/SES259/SA259S28	SES259	2.08005	17.4839	15.4039
BLOCK27/SES270/SA270S14	SES270	2.35477	15.6422	13.2874
BLOCK27/SES270/SA270S16	SES270	0.505083	15.0855	14.5804
BLOCK27/SES270/SA270S22	SES270	1.80705	16.027	14.22
BLOCK27/SES270/SA270S26	SES270	1.2091	14.2176	13.0085
BLOCK27/SES270/SA270S28	SES270	1.3842	16.0654	14.6812
BLOCK27/SES275/SA275S17	SES275	1.65017	16.3648	14.7147
BLOCK27/SES275/SA275S18	SES275	0.844348	16.2685	15.4241
BLOCK27/SES275/SA275S24	SES275	0.74924	14.6048	13.8556
BLOCK27/SES275/SA275S26	SES275	1.13637	16.2476	15.1112
BLOCK27/SES275/SA275S28	SES275	0.313083	15.7643	15.4512
BLOCK29/SES292/SA292S10	SES292	0.295529	15.6093	15.3138
BLOCK29/SES292/SA292S12	SES292	0.0841551	15.7141	15.63
BLOCK29/SES292/SA292S22	SES292	0.372152	16.6	16.2279
BLOCK29/SES292/SA292S24	SES292	0.250536	16.0147	15.7642
BLOCK29/SES292/SA292S27	SES292	0.0316639	16.4187	16.387
BLOCK00/SES001/SA001S14	SES062	-3.20453	10.3407	13.5453
BLOCK00/SES001/SA001S14	SES082	-3.55364	9.99164	13.5453
BLOCK00/SES001/SA001S14	SES106	-3.16667	10.3786	13.5453
BLOCK00/SES001/SA001S14	SES206	-2.90147	10.6438	13.5453
BLOCK00/SES001/SA001S15	SES062	-3.09242	12.169	15.2614
BLOCK00/SES001/SA001S15	SES104	-4.01948	11.2419	15.2614
BLOCK00/SES001/SA001S15	SES106	-2.74181	12.5196	15.2614
BLOCK00/SES001/SA001S15	SES206	-2.8447	12.4167	15.2614
BLOCK00/SES001/SA001S24	SES062	-4.68155	8.81856	13.5001
BLOCK00/SES001/SA001S24	SES082	-3.73941	9.7607	13.5001
BLOCK00/SES001/SA001S24	SES087	-2.90265	10.5975	13.5001
BLOCK00/SES001/SA001S24	SES206	-2.83554	10.6646	13.5001
BLOCK00/SES001/SA001S27	SES062	-3.02615	12.4809	15.507
BLOCK00/SES001/SA001S27	SES082	-3.21128	12.2958	15.507
BLOCK00/SES001/SA001S27	SES087	-2.26106	13.246	15.507
BLOCK00/SES001/SA001S27	SES206	-2.89463	12.6124	15.507
BLOCK00/SES001/SA001S29	SES062	-5.14054	8.80034	13.9409
BLOCK00/SES001/SA001S29	SES082	-2.6897	11.2512	13.9409
BLOCK00/SES001/SA001S29	SES158	-2.51475	11.4261	13.9409
BLOCK00/SES001/SA001S29	SES206	-3.56221	10.3787	13.9409
BLOCK00/SES003/SA003S11	SES002	-1.73478	13.5444	15.2792
BLOCK00/SES003/SA003S11	SES019	-2.64533	12.6338	15.2792
BLOCK00/SES003/SA003S11	SES082	-1.8799	13.3993	15.2792
BLOCK00/SES003/SA003S11	SES125	-3.59764	11.6815	15.2792
BLOCK00/SES003/SA003S15	SES016	-3.25835	12.9895	16.2479
BLOCK00/SES003/SA003S15	SES019	-3.02278	13.2251	16.2479
BLOCK00/SES003/SA003S15	SES062	-2.70984	13.538	16.2479
BLOCK00/SES003/SA003S15	SES206	-3.00571	13.2422	16.2479
BLOCK00/SES003/SA003S22	SES002	-3.03854	12.6379	15.6765
BLOCK00/SES003/SA003S22	SES062	-2.3827	13.2938	15.6765
BLOCK00/SES003/SA003S22	SES082	-3.53535	12.1411	15.6765
BLOCK00/SES003/SA003S22	SES087	-2.76273	12.9138	15.6765
BLOCK00/SES003/SA003S25	SES062	-4.02069	10.8276	14.8483
BLOCK00/SES003/SA003S25	SES082	-2.76038	12.0879	14.8483
BLOCK00/SES003/SA003S25	SES087	-2.3914	12.4569	14.8483
BLOCK00/SES003/SA003S25	SES206	-3.09394	11.7544	14.8483
BLOCK00/SES003/SA003S29	SES002	-2.89401	11.777	14.671
BLOCK00/SES003/SA003S29	SES062	-4.04483	10.6262	14.671
BLOCK00/SES003/SA003S29	SES082	-2.57971	12.0913	14.671
BLOCK00/SES003/SA003S29	SES087	-3.18089	11.4902	14.671
BLOCK00/SES004/SA004S12	SES083	-2.89618	11.5101	14.4063
BLOCK00/SES004/SA004S12	SES148	-2.68845	11.7179	14.4063
BLOCK00/SES004/SA004S12	SES172	-1.60635	12.8	14.4063
BLOCK00/SES004/SA004S12	SES292	-2.3261	12.0802	14.4063
BLOCK00/SES004/SA004S17	SES083	-3.10694	11.1213	14.2283
BLOCK00/SES004/SA004S17	SES162	-2.43306	11.7952	14.2283
BLOCK00/SES004/SA004S17	SES172	-1.63752	12.5907	14.2283
BLOCK00/SES004/SA004S17	SES292	-2.5574	11.6708	14.2283
BLOCK00/SES004/SA004S24	SES083	-3.18386	11.606	14.7898
BLOCK00/SES004/SA004S24	SES148	-3.09153	11.6983	14.7898
BLOCK00/SES004/SA004S24	SES172	-1.66304	13.1268	14.7898
BLOCK00/SES004/SA004S24	SES292	-2.09287	12.697	14.7898
BLOCK00/SES004/SA004S26	SES083	-3.0905	11.4706	14.5611
BLOCK00/SES004/SA004S26	SES127	-2.7845	11.7766	14.5611
BLOCK00/SES004/SA004S26	SES148	-4.68699	9.87415	14.5611
BLOCK00/SES004/SA004S26	SES292	-3.53624	11.0249	14.5611
BLOCK00/SES004/SA004S28	SES083	-2.57303	13.9374	16.5104
BLOCK00/SES004/SA004S28	SES127	-2.57161	13.9388	16.5104
BLOCK00/SES004/SA004S28	SES187	-1.86168	14.6487	16.5104
BLOCK00/SES004/SA004S28	SES292	-3.23979	13.2706	16.5104
BLOCK00/SES006/SA006S10	SES014	-4.38642	7.30472	11.6911
BLOCK00/SES006/SA006S10	SES158	-2.9308	8.76034	11.6911
BLOCK00/SES006/SA006S10	SES226	-5.32603	6.3651	11.6911
BLOCK00/SES006/SA006S10	SES270	-2.09442	9.59671	11.6911
BLOCK00/SES006/SA006S11	SES158	-3.08042	8.88612	11.9665
BLOCK00/SES006/SA006S11	SES226	-4.10157	7.86497	11.9665
BLOCK00/SES006/SA006S11	SES270	-2.54776	9.41878	11.9665
BLOCK00/SES006/SA006S11	SES275	-2.92462	9.04192	11.9665
BLOCK00/SES006/SA006S23	SES062	-4.19258	9.73368	13.9263
BLOCK00/SES006/SA006S23	SES105	-4.68009	9.24617	13.9263
BLOCK00/SES006/SA006S23	SES158	-2.97931	10.947	13.9263
BLOCK00/SES006/SA006S23	SES275	-2.98264	10.9436	13.9263
BLOCK00/SES006/SA006S26	SES104	-5.14556	8.36062	13.5062
BLOCK00/SES006/SA006S26	SES158	-2.53139	10.9748	13.5062
BLOCK00/SES006/SA006S26	SES270	-1.26105	12.2451	13.5062
BLOCK00/SES006/SA006S26	SES275	-3.13161	10.3746	13.5062
BLOCK00/SES006/SA006S28	SES007	-3.26724	9.01766	12.2849
BLOCK00/SES006/SA006S28	SES105	-4.37864	7.90626	12.2849
BLOCK00/SES006/SA006S28	SES158	-2.62349	9.6614	12.2849
BLOCK00/SES006/SA006S28	SES275	-3.65773	8.62716	12.2849
BLOCK00/SES009/SA009S12	SES083	-3.92535	12.0907	16.016
BLOCK00/SES009/SA009S12	SES148	-3.42041	12.5956	16.016
BLOCK00/SES009/SA009S12	SES177	-2.26125	13.7548	16.016
BLOCK00/SES009/SA009S12	SES292	-2.47147	13.5446	16.016
BLOCK00/SES009/SA009S15	SES007	-0.745519	15.8425	16.5881
BLOCK00/SES009/SA009S15	SES099	-4.62193	11.9661	16.5881
BLOCK00/SES009/SA009S15	SES148	-3.27215	13.3159	16.5881
BLOCK00/SES009/SA009S15	SES172	-2.27607	14.312	16.5881
BLOCK00/SES009/SA009S24	SES146	-1.88546	14.7539	16.6394
BLOCK00/SES009/SA009S24	SES148	-3.5378	13.1016	16.6394
BLOCK00/SES009/SA009S24	SES177	-1.40139	15.238	16.6394
BLOCK00/SES009/SA009S24	SES292	-2.29757	14.3418	16.6394
BLOCK00/SES009/SA009S26	SES083	-3.42754	12.224	15.6516
BLOCK00/SES009/SA009S26	SES101	-3.27655	12.375	15.6516
BLOCK00/SES009/SA009S26	SES120	-2.49411	13.1575	15.6516
BLOCK00/SES009/SA009S26	SES177	-2.01293	13.6386	15.6516
BLOCK00/SES009/SA009S29	SES083	-3.09484	13.4207	16.5155
BLOCK00/SES009/SA009S29	SES101	-2.74156	13.774	16.5155
BLOCK00/SES009/SA009S29	SES177	-1.87291	14.6426	16.5155
BLOCK00/SES009/SA009S29	SES292	-1.97188	14.5437	16.5155
BLOCK01/SES011/SA011S10	SES019	-2.71072	12.8891	15.5998
BLOCK01/SES011/SA011S10	SES042	-1.30068	14.2991	15.5998
BLOCK01/SES011/SA011S10	SES082	-3.59037	12.0094	15.5998
BLOCK01/SES011/SA011S10	SES206	-2.82146	12.7783	15.5998
BLOCK01/SES011/SA011S11	SES019	-2.82558	11.4859	14.3115
BLOCK01/SES011/SA011S11	SES042	-1.8012	12.5103	14.3115
BLOCK01/SES011/SA011S11	SES082	-3.28592	11.0256	14.3115
BLOCK01/SES011/SA011S11	SES206	-2.90619	11.4053	14.3115
BLOCK01/SES011/SA011S22	SES019	-1.80549	12.4533	14.2588
BLOCK01/SES011/SA011S22	SES042	-0.918253	13.3406	14.2588
BLOCK01/SES011/SA011S22	SES082	-2.92545	11.3334	14.2588
BLOCK01/SES011/SA011S22	SES206	-3.13357	11.1253	14.2588
BLOCK01/SES011/SA011S24	SES019	-2.73877	12.4287	15.1675
BLOCK01/SES011/SA011S24	SES042	-0.934565	14.2329	15.1675
BLOCK01/SES011/SA011S24	SES104	-2.91785	12.2496	15.1675
BLOCK01/SES011/SA011S24	SES206	-2.39935	12.7681	15.1675
BLOCK01/SES011/SA011S27	SES082	-1.82815	12.9292	14.7573
BLOCK01/SES011/SA011S27	SES087	-3.13535	11.622	14.7573
BLOCK01/SES011/SA011S27	SES125	-3.07752	11.6798	14.7573
BLOCK01/SES011/SA011S27	SES206	-2.34021	12.4171	14.7573
BLOCK01/SES012/SA012S11	SES007	-1.48814	15.6484	17.1365
BLOCK01/SES012/SA012S11	SES082	-2.9767	14.1598	17.1365
BLOCK01/SES012/SA012S11	SES083	-3.01456	14.122	17.1365
BLOCK01/SES012/SA012S11	SES206	-2.47318	14.6634	17.1365
BLOCK01/SES012/SA012S14	SES082	-1.95476	14.4685	16.4233
BLOCK01/SES012/SA012S14	SES087	-3.21246	13.2108	16.4233
BLOCK01/SES012/SA012S14	SES206	-1.84786	14.5754	16.4233
BLOCK01/SES012/SA012S14	SES292	-2.34142	14.0819	16.4233
BLOCK01/SES012/SA012S24	SES082	-1.62612	13.9844	15.6105
BLOCK01/SES012/SA012S24	SES087	-3.06651	12.544	15.6105
BLOCK01/SES012/SA012S24	SES120	-2.55194	13.0585	15.6105
BLOCK01/SES012/SA012S24	SES206	-1.97761	13.6329	15.6105
BLOCK01/SES012/SA012S26	SES019	-4.60659	12.3899	16.9965
BLOCK01/SES012/SA012S26	SES082	-3.42428	13.5722	16.9965
BLOCK01/SES012/SA012S26	SES206	-1.7031	15.2934	16.9965
BLOCK01/SES012/SA012S26	SES292	-2.01413	14.9824	16.9965
BLOCK01/SES012/SA012S29	SES062	-2.55383	14.1849	16.7387
BLOCK01/SES012/SA012S29	SES082	-1.87382	14.8649	16.7387
BLOCK01/SES012/SA012S29	SES083	-3.30156	13.4371	16.7387
BLOCK01/SES012/SA012S29	SES206	-1.83782	14.9009	16.7387
BLOCK01/SES013/SA013S16	SES062	-4.6256	10.3174	14.943
BLOCK01/SES013/SA013S16	SES106	-3.04864	11.8943	14.943
BLOCK01/SES013/SA013S16	SES206	-3.13376	11.8092	14.943
BLOCK01/SES013/SA013S16	SES226	-2.08748	12.8555	14.943
BLOCK01/SES013/SA013S17	SES062	-3.87807	12.684	16.5621
BLOCK01/SES013/SA013S17	SES106	-3.83714	12.7249	16.5621
BLOCK01/SES013/SA013S17	SES206	-1.57459	14.9875	16.5621
BLOCK01/SES013/SA013S17	SES226	-2.15576	14.4063	16.5621
BLOCK01/SES013/SA013S23	SES104	-3.44528	12.0283	15.4736
BLOCK01/SES013/SA013S23	SES106	-2.77552	12.698	15.4736
BLOCK01/SES013/SA013S23	SES206	-2.02911	13.4444	15.4736
BLOCK01/SES013/SA013S23	SES270	-1.71828	13.7553	15.4736
BLOCK01/SES013/SA013S25	SES042	-2.97103	13.8459	16.8169
BLOCK01/SES013/SA013S25	SES104	-2.41184	14.4051	16.8169
BLOCK01/SES013/SA013S25	SES106	-2.69953	14.1174	16.8169
BLOCK01/SES013/SA013S25	SES206	-2.33481	14.4821	16.8169
BLOCK01/SES013/SA013S29	SES062	-4.71391	11.1707	15.8846
BLOCK01/SES013/SA013S29	SES104	-4.21599	11.6686	15.8846
BLOCK01/SES013/SA013S29	SES106	-2.83165	13.053	15.8846
BLOCK01/SES013/SA013S29	SES206	-3.05065	12.834	15.8846
BLOCK02/SES021/SA021S13	SES016	-4.72571	12.359	17.0847
BLOCK02/SES021/SA021S13	SES029	-2.9047	14.18	17.0847
BLOCK02/SES021/SA021S13	SES087	-2.66752	14.4172	17.0847
BLOCK02/SES021/SA021S13	SES206	-2.18902	14.8957	17.0847
BLOCK02/SES021/SA021S15	SES087	-2.25449	15.8481	18.1026
BLOCK02/SES021/SA021S15	SES125	-1.88444	16.2181	18.1026
BLOCK02/SES021/SA021S15	SES206	-2.02667	16.0759	18.1026
BLOCK02/SES021/SA021S15	SES226	-3.11257	14.99	18.1026
BLOCK02/SES021/SA021S23	SES062	-4.3548	10.8801	15.2349
BLOCK02/SES021/SA021S23	SES087	-2.29433	12.9406	15.2349
BLOCK02/SES021/SA021S23	SES206	-2.45487	12.78	15.2349
BLOCK02/SES021/SA021S23	SES226	-2.82827	12.4066	15.2349
BLOCK02/SES021/SA021S27	SES002	-1.85634	15.0898	16.9462
BLOCK02/SES021/SA021S27	SES016	-5.49584	11.4503	16.9462
BLOCK02/SES021/SA021S27	SES019	-2.91703	14.0291	16.9462
BLOCK02/SES021/SA021S27	SES062	-2.72472	14.2214	16.9462
BLOCK02/SES021/SA021S29	SES087	-2.13525	14.7932	16.9285
BLOCK02/SES021/SA021S29	SES125	-1.38463	15.5439	16.9285
BLOCK02/SES021/SA021S29	SES206	-1.5225	15.406	16.9285
BLOCK02/SES021/SA021S29	SES226	-2.86893	14.0596	16.9285
BLOCK04/SES043/SA043S09	SES083	-1.90149	12.1972	14.0987
BLOCK04/SES043/SA043S09	SES101	-1.90292	12.1957	14.0987
BLOCK04/SES043/SA043S09	SES144	-1.7315	12.3672	14.0987
BLOCK04/SES043/SA043S09	SES172	-2.67563	11.423	14.0987
BLOCK04/SES043/SA043S11	SES083	-1.70363	14.2254	15.929
BLOCK04/SES043/SA043S11	SES101	-2.12927	13.7997	15.929
BLOCK04/SES043/SA043S11	SES144	-0.997219	14.9318	15.929
BLOCK04/SES043/SA043S11	SES172	-2.18151	13.7475	15.929
BLOCK04/SES043/SA043S23	SES083	-2.03919	13.2946	15.3338
BLOCK04/SES043/SA043S23	SES144	-1.06434	14.2695	15.3338
BLOCK04/SES043/SA043S23	SES177	-2.27067	13.0631	15.3338
BLOCK04/SES043/SA043S23	SES275	-2.04902	13.2848	15.3338
BLOCK04/SES043/SA043S26	SES083	-2.48452	12.0401	14.5246
BLOCK04/SES043/SA043S26	SES101	-2.63651	11.8881	14.5246
BLOCK04/SES043/SA043S26	SES144	-1.19111	13.3335	14.5246
BLOCK04/SES043/SA043S26	SES177	-2.70233	11.8223	14.5246
BLOCK04/SES043/SA043S28	SES016	-3.19514	12.7175	15.9126
BLOCK04/SES043/SA043S28	SES083	-1.46483	14.4478	15.9126
BLOCK04/SES043/SA043S28	SES101	-1.45336	14.4593	15.9126
BLOCK04/SES043/SA043S28	SES144	-1.58269	14.3299	15.9126
BLOCK04/SES044/SA044S10	SES127	-4.16411	7.85274	12.0169
BLOCK04/SES044/SA044S10	SES144	-1.34928	10.6676	12.0169
BLOCK04/SES044/SA044S10	SES147	-3.72588	8.29097	12.0169
BLOCK04/SES044/SA044S10	SES148	-3.52827	8.48858	12.0169
BLOCK04/SES044/SA044S11	SES101	-1.96664	11.6739	13.6406
BLOCK04/SES044/SA044S11	SES144	-1.0544	12.5862	13.6406
BLOCK04/SES044/SA044S11	SES147	-3.15543	10.4851	13.6406
BLOCK04/SES044/SA044S11	SES177	-3.25245	10.3881	13.6406
BLOCK04/SES044/SA044S24	SES007	-2.93538	11.5814	14.5168
BLOCK04/SES044/SA044S24	SES101	-2.41114	12.1056	14.5168
BLOCK04/SES044/SA044S24	SES147	-3.4699	11.0469	14.5168
BLOCK04/SES044/SA044S24	SES177	-2.42131	12.0955	14.5168
BLOCK04/SES044/SA044S26	SES007	-2.50232	12.0473	14.5497
BLOCK04/SES044/SA044S26	SES016	-1.96373	12.5859	14.5497
BLOCK04/SES044/SA044S26	SES101	-1.76231	12.7873	14.5497
BLOCK04/SES044/SA044S26	SES147	-1.83499	12.7147	14.5497
BLOCK04/SES044/SA044S29	SES007	-3.11654	11.4758	14.5923
BLOCK04/SES044/SA044S29	SES101	-1.26098	13.3313	14.5923
BLOCK04/SES044/SA044S29	SES147	-2.92029	11.672	14.5923
BLOCK04/SES044/SA044S29	SES177	-3.63361	10.9587	14.5923
BLOCK04/SES046/SA046S13	SES101	-2.07662	12.3244	14.401
BLOCK04/SES046/SA046S13	SES144	-2.08797	12.313	14.401
BLOCK04/SES046/SA046S13	SES147	-2.95545	11.4455	14.401
BLOCK04/SES046/SA046S13	SES177	-2.70373	11.6973	14.401
BLOCK04/SES046/SA046S15	SES048	-1.53077	14.2867	15.8175
BLOCK04/SES046/SA046S15	SES083	-1.5348	14.2827	15.8175
BLOCK04/SES046/SA046S15	SES120	-3.43582	12.3817	15.8175
BLOCK04/SES046/SA046S15	SES148	-2.25234	13.5652	15.8175
BLOCK04/SES046/SA046S22	SES101	-2.07546	12.5053	14.5807
BLOCK04/SES046/SA046S22	SES144	-2.00855	12.5722	14.5807
BLOCK04/SES046/SA046S22	SES147	-3.32072	11.26	14.5807
BLOCK04/SES046/SA046S22	SES172	-2.2367	12.344	14.5807
BLOCK04/SES046/SA046S25	SES083	-1.97154	11.8824	13.8539
BLOCK04/SES046/SA046S25	SES127	-2.36121	11.4927	13.8539
BLOCK04/SES046/SA046S25	SES144	-2.65567	11.1983	13.8539
BLOCK04/SES046/SA046S25	SES148	-2.31801	11.5359	13.8539
BLOCK04/SES046/SA046S28	SES007	-2.71697	11.3362	14.0531
BLOCK04/SES046/SA046S28	SES105	-3.02497	11.0282	14.0531
BLOCK04/SES046/SA046S28	SES147	-2.07479	11.9784	14.0531
BLOCK04/SES046/SA046S28	SES148	-2.01286	12.0403	14.0531
BLOCK04/SES049/SA049S16	SES104	-3.61386	10.7511	14.3649
BLOCK04/SES049/SA049S16	SES106	-3.19995	11.165	14.3649
BLOCK04/SES049/SA049S16	SES120	-3.35394	11.011	14.3649
BLOCK04/SES049/SA049S16	SES206	-2.23422	12.1307	14.3649
BLOCK04/SES049/SA049S18	SES099	-1.69463	11.9481	13.6428
BLOCK04/SES049/SA049S18	SES104	-3.876	9.76677	13.6428
BLOCK04/SES049/SA049S18	SES125	-4.0276	9.61517	13.6428
BLOCK04/SES049/SA049S18	SES206	-3.19512	10.4476	13.6428
BLOCK04/SES049/SA049S25	SES087	-2.02926	12.8729	14.9022
BLOCK04/SES049/SA049S25	SES104	-1.76007	13.1421	14.9022
BLOCK04/SES049/SA049S25	SES125	-2.5322	12.37	14.9022
BLOCK04/SES049/SA049S25	SES206	-1.9537	12.9485	14.9022
BLOCK04/SES049/SA049S27	SES099	-1.2929	13.1057	14.3986
BLOCK04/SES049/SA049S27	SES104	-1.71184	12.6868	14.3986
BLOCK04/SES049/SA049S27	SES125	-2.89448	11.5041	14.3986
BLOCK04/SES049/SA049S27	SES206	-2.55882	11.8398	14.3986
BLOCK04/SES049/SA049S29	SES099	-1.24919	14.8157	16.0649
BLOCK04/SES049/SA049S29	SES104	-1.67073	14.3941	16.0649
BLOCK04/SES049/SA049S29	SES125	-2.61659	13.4483	16.0649
BLOCK04/SES049/SA049S29	SES206	-1.43098	14.6339	16.0649
BLOCK06/SES063/SA063S09	SES068	-2.21666	14.004	16.2206
BLOCK06/SES063/SA063S09	SES083	-1.51805	14.7026	16.2206
BLOCK06/SES063/SA063S09	SES177	-2.0163	14.2043	16.2206
BLOCK06/SES063/SA063S09	SES187	-2.10181	14.1188	16.2206
BLOCK06/SES063/SA063S10	SES068	-3.2721	12.3696	15.6417
BLOCK06/SES063/SA063S10	SES083	-2.12608	13.5156	15.6417
BLOCK06/SES063/SA063S10	SES172	-2.29308	13.3486	15.6417
BLOCK06/SES063/SA063S10	SES187	-1.8614	13.7803	15.6417
BLOCK06/SES063/SA063S20	SES068	-3.14142	12.0983	15.2397
BLOCK06/SES063/SA063S20	SES083	-1.81209	13.4276	15.2397
BLOCK06/SES063/SA063S20	SES172	-1.89283	13.3469	15.2397
BLOCK06/SES063/SA063S20	SES187	-1.66465	13.5751	15.2397
BLOCK06/SES063/SA063S24	SES029	-4.0043	12.1159	16.1202
BLOCK06/SES063/SA063S24	SES083	-2.1266	13.9936	16.1202
BLOCK06/SES063/SA063S24	SES177	-2.44526	13.6749	16.1202
BLOCK06/SES063/SA063S24	SES189	-2.33141	13.7888	16.1202
BLOCK06/SES063/SA063S27	SES083	-1.98919	13.2355	15.2246
BLOCK06/SES063/SA063S27	SES172	-2.47677	12.7479	15.2246
BLOCK06/SES063/SA063S27	SES187	-2.02605	13.1986	15.2246
BLOCK06/SES063/SA063S27	SES292	-2.272	12.9526	15.2246
BLOCK06/SES067/SA067S12	SES083	-2.54528	13.4848	16.0301
BLOCK06/SES067/SA067S12	SES172	-2.90307	13.127	16.0301
BLOCK06/SES067/SA067S12	SES202	-1.88629	14.1438	16.0301
BLOCK06/SES067/SA067S12	SES292	-2.71629	13.3138	16.0301
BLOCK06/SES067/SA067S14	SES085	-2.19941	14.5358	16.7352
BLOCK06/SES067/SA067S14	SES177	-2.25949	14.4757	16.7352
BLOCK06/SES067/SA067S14	SES183	-0.947051	15.7881	16.7352
BLOCK06/SES067/SA067S14	SES202	-1.47959	15.2556	16.7352
BLOCK06/SES067/SA067S21	SES144	-1.81191	13.7083	15.5202
BLOCK06/SES067/SA067S21	SES177	-2.37239	13.1478	15.5202
BLOCK06/SES067/SA067S21	SES183	-1.43082	14.0894	15.5202
BLOCK06/SES067/SA067S21	SES189	-1.16764	14.3526	15.5202
BLOCK06/SES067/SA067S25	SES085	-1.7158	14.1469	15.8628
BLOCK06/SES067/SA067S25	SES177	-2.34464	13.5181	15.8628
BLOCK06/SES067/SA067S25	SES183	-2.06517	13.7976	15.8628
BLOCK06/SES067/SA067S25	SES202	-2.16477	13.698	15.8628
BLOCK06/SES067/SA067S29	SES085	-1.97311	14.1619	16.135
BLOCK06/SES067/SA067S29	SES177	-2.66136	13.4737	16.135
BLOCK06/SES067/SA067S29	SES183	-1.07407	15.0609	16.135
BLOCK06/SES067/SA067S29	SES202	-2.23785	13.8972	16.135
BLOCK06/SES069/SA069S12	SES029	-3.70379	12.9805	16.6843
BLOCK06/SES069/SA069S12	SES082	-1.23657	15.4477	16.6843
BLOCK06/SES069/SA069S12	SES087	-2.40598	14.2783	16.6843
BLOCK06/SES069/SA069S12	SES206	-1.80302	14.8812	16.6843
BLOCK06/SES069/SA069S13	SES029	-4.12722	12.4306	16.5578
BLOCK06/SES069/SA069S13	SES087	-2.50233	14.0555	16.5578
BLOCK06/SES069/SA069S13	SES206	-2.3186	14.2392	16.5578
BLOCK06/SES069/SA069S13	SES226	-1.05575	15.5021	16.5578
BLOCK06/SES069/SA069S23	SES029	-2.03646	16.1058	18.1422
BLOCK06/SES069/SA069S23	SES087	-1.60622	16.536	18.1422
BLOCK06/SES069/SA069S23	SES206	-2.38659	15.7557	18.1422
BLOCK06/SES069/SA069S23	SES226	-1.88326	16.259	18.1422
BLOCK06/SES069/SA069S25	SES087	-2.10013	14.9719	17.072
BLOCK06/SES069/SA069S25	SES206	-3.76241	13.3096	17.072
BLOCK06/SES069/SA069S25	SES226	-1.50846	15.5636	17.072
BLOCK06/SES069/SA069S25	SES270	-2.38568	14.6863	17.072
BLOCK06/SES069/SA069S27	SES087	-3.24321	13.721	16.9642
BLOCK06/SES069/SA069S27	SES206	-2.13845	14.8257	16.9642
BLOCK06/SES069/SA069S27	SES226	-1.58388	15.3803	16.9642
BLOCK06/SES069/SA069S27	SES270	-2.21916	14.745	16.9642
BLOCK08/SES081/SA081S11	SES060	-3.76968	11.0439	14.8136
BLOCK08/SES081/SA081S11	SES062	-3.545	11.2686	14.8136
BLOCK08/SES081/SA081S11	SES117	-3.7713	11.0423	14.8136
BLOCK08/SES081/SA081S11	SES162	-3.22074	11.5929	14.8136
BLOCK08/SES081/SA081S13	SES016	-2.09246	14.2733	16.3657
BLOCK08/SES081/SA081S13	SES060	-0.710272	15.6555	16.3657
BLOCK08/SES081/SA081S13	SES068	-1.6028	14.7629	16.3657
BLOCK08/SES081/SA081S13	SES129	-2.88199	13.4837	16.3657
BLOCK08/SES081/SA081S24	SES060	-1.70505	13.6911	15.3961
BLOCK08/SES081/SA081S24	SES068	-1.97483	13.4213	15.3961
BLOCK08/SES081/SA081S24	SES117	-2.92361	12.4725	15.3961
BLOCK08/SES081/SA081S24	SES275	-2.38591	13.0102	15.3961
BLOCK08/SES081/SA081S27	SES007	-2.18692	12.0212	14.2081
BLOCK08/SES081/SA081S27	SES060	-3.3389	10.8692	14.2081
BLOCK08/SES081/SA081S27	SES117	-1.8793	12.3288	14.2081
BLOCK08/SES081/SA081S27	SES275	-2.22763	11.9805	14.2081
BLOCK08/SES081/SA081S29	SES007	-2.02281	13.8124	15.8352
BLOCK08/SES081/SA081S29	SES060	-2.02771	13.8075	15.8352
BLOCK08/SES081/SA081S29	SES117	-2.49776	13.3374	15.8352
BLOCK08/SES081/SA081S29	SES275	-2.20686	13.6283	15.8352
BLOCK08/SES086/SA086S11	SES029	-6.11594	8.02799	14.1439
BLOCK08/SES086/SA086S11	SES082	-3.31863	10.8253	14.1439
BLOCK08/SES086/SA086S11	SES087	-1.99404	12.1499	14.1439
BLOCK08/SES086/SA086S11	SES206	-3.46907	10.6749	14.1439
BLOCK08/SES086/SA086S12	SES029	-3.74645	11.6706	15.4171
BLOCK08/SES086/SA086S12	SES082	-3.7536	11.6635	15.4171
BLOCK08/SES086/SA086S12	SES087	-0.596559	14.8205	15.4171
BLOCK08/SES086/SA086S12	SES206	-2.43345	12.9836	15.4171
BLOCK08/SES086/SA086S20	SES029	-4.8341	11.6281	16.4622
BLOCK08/SES086/SA086S20	SES082	-4.24081	12.2214	16.4622
BLOCK08/SES086/SA086S20	SES087	-0.656092	15.8062	16.4622
BLOCK08/SES086/SA086S20	SES206	-1.75057	14.7117	16.4622
BLOCK08/SES086/SA086S24	SES087	-0.738945	14.2667	15.0056
BLOCK08/SES086/SA086S24	SES104	-2.61941	12.3862	15.0056
BLOCK08/SES086/SA086S24	SES120	-3.04105	11.9646	15.0056
BLOCK08/SES086/SA086S24	SES206	-1.2535	13.7521	15.0056
BLOCK08/SES086/SA086S28	SES029	-3.94235	11.8938	15.8362
BLOCK08/SES086/SA086S28	SES082	-3.09519	12.741	15.8362
BLOCK08/SES086/SA086S28	SES087	-1.44182	14.3943	15.8362
BLOCK08/SES086/SA086S28	SES206	-1.77852	14.0576	15.8362
BLOCK08/SES089/SA089S13	SES087	-2.51576	12.1876	14.7034
BLOCK08/SES089/SA089S13	SES206	-2.72974	11.9736	14.7034
BLOCK08/SES089/SA089S13	SES226	-2.43599	12.2674	14.7034
BLOCK08/SES089/SA089S13	SES270	-3.44287	11.2605	14.7034
BLOCK08/SES089/SA089S14	SES062	-3.48123	11.7841	15.2653
BLOCK08/SES089/SA089S14	SES087	-1.68632	13.579	15.2653
BLOCK08/SES089/SA089S14	SES206	-2.38264	12.8826	15.2653
BLOCK08/SES089/SA089S14	SES226	-2.27455	12.9907	15.2653
BLOCK08/SES089/SA089S23	SES087	-2.66554	10.9217	13.5872
BLOCK08/SES089/SA089S23	SES206	-2.43703	11.1502	13.5872
BLOCK08/SES089/SA089S23	SES226	-2.62207	10.9651	13.5872
BLOCK08/SES089/SA089S23	SES270	-3.36194	10.2253	13.5872
BLOCK08/SES089/SA089S25	SES062	-3.69887	11.5373	15.2362
BLOCK08/SES089/SA089S25	SES087	-1.74131	13.4948	15.2362
BLOCK08/SES089/SA089S25	SES206	-3.41304	11.8231	15.2362
BLOCK08/SES089/SA089S25	SES226	-2.32924	12.9069	15.2362
BLOCK08/SES089/SA089S28	SES062	-2.54895	12.7392	15.2881
BLOCK08/SES089/SA089S28	SES087	-1.39674	13.8914	15.2881
BLOCK08/SES089/SA089S28	SES206	-1.75356	13.5346	15.2881
BLOCK08/SES089/SA089S28	SES226	-1.99546	13.2927	15.2881
BLOCK09/SES097/SA097S11	SES099	-0.893294	14.0317	14.925
BLOCK09/SES097/SA097S11	SES125	-3.27578	11.6492	14.925
BLOCK09/SES097/SA097S11	SES206	-2.25629	12.6687	14.925
BLOCK09/SES097/SA097S11	SES226	-1.72565	13.1993	14.925
BLOCK09/SES097/SA097S14	SES062	-2.56366	11.7567	14.3203
BLOCK09/SES097/SA097S14	SES099	-1.2685	13.0518	14.3203
BLOCK09/SES097/SA097S14	SES104	-2.74505	11.5753	14.3203
BLOCK09/SES097/SA097S14	SES206	-2.98085	11.3395	14.3203
BLOCK09/SES097/SA097S22	SES099	0.102116	15.095	14.9929
BLOCK09/SES097/SA097S22	SES206	-2.18462	12.8083	14.9929
BLOCK09/SES097/SA097S22	SES226	-2.97632	12.0166	14.9929
BLOCK09/SES097/SA097S22	SES270	-1.60024	13.3927	14.9929
BLOCK09/SES097/SA097S26	SES099	-1.6818	14.1988	15.8806
BLOCK09/SES097/SA097S26	SES120	-3.12273	12.7578	15.8806
BLOCK09/SES097/SA097S26	SES206	-3.01928	12.8613	15.8806
BLOCK09/SES097/SA097S26	SES226	-4.09257	11.788	15.8806
BLOCK09/SES097/SA097S28	SES099	-1.28028	13.5523	14.8326
BLOCK09/SES097/SA097S28	SES120	-2.42353	12.409	14.8326
BLOCK09/SES097/SA097S28	SES206	-3.21015	11.6224	14.8326
BLOCK09/SES097/SA097S28	SES226	-4.08104	10.7515	14.8326
BLOCK09/SES098/SA098S11	SES127	-3.65161	10.5413	14.1929
BLOCK09/SES098/SA098S11	SES144	-2.88173	11.3112	14.1929
BLOCK09/SES098/SA098S11	SES147	-2.29034	11.9026	14.1929
BLOCK09/SES098/SA098S11	SES148	-3.84253	10.3504	14.1929
BLOCK09/SES098/SA098S12	SES127	-4.75706	8.39138	13.1484
BLOCK09/SES098/SA098S12	SES144	-3.33423	9.81421	13.1484
BLOCK09/SES098/SA098S12	SES147	-2.64239	10.5061	13.1484
BLOCK09/SES098/SA098S12	SES189	-2.23893	10.9095	13.1484
BLOCK09/SES098/SA098S20	SES127	-4.79873	9.43603	14.2348
BLOCK09/SES098/SA098S20	SES147	-2.46868	11.7661	14.2348
BLOCK09/SES098/SA098S20	SES148	-3.43091	10.8038	14.2348
BLOCK09/SES098/SA098S20	SES292	-2.55273	11.682	14.2348
BLOCK09/SES098/SA098S23	SES127	-3.25368	11.6812	14.9349
BLOCK09/SES098/SA098S23	SES147	-1.83398	13.1009	14.9349
BLOCK09/SES098/SA098S23	SES187	-2.10013	12.8347	14.9349
BLOCK09/SES098/SA098S23	SES292	-2.11746	12.8174	14.9349
BLOCK09/SES098/SA098S27	SES127	-4.58768	9.12978	13.7175
BLOCK09/SES098/SA098S27	SES147	-3.14231	10.5751	13.7175
BLOCK09/SES098/SA098S27	SES148	-4.15063	9.56682	13.7175
BLOCK09/SES098/SA098S27	SES292	-2.77966	10.9378	13.7175
BLOCK10/SES102/SA102S13	SES101	-1.54323	11.7984	13.3416
BLOCK10/SES102/SA102S13	SES105	-1.45398	11.8876	13.3416
BLOCK10/SES102/SA102S13	SES120	-3.30428	10.0373	13.3416
BLOCK10/SES102/SA102S13	SES158	-3.9389	9.4027	13.3416
BLOCK10/SES102/SA102S14	SES007	-1.03092	14.9887	16.0196
BLOCK10/SES102/SA102S14	SES101	-0.99683	15.0228	16.0196
BLOCK10/SES102/SA102S14	SES105	-0.972255	15.0474	16.0196
BLOCK10/SES102/SA102S14	SES147	-4.23906	11.7805	16.0196
BLOCK10/SES102/SA102S22	SES007	-2.29551	12.9618	15.2573
BLOCK10/SES102/SA102S22	SES101	-1.05622	14.2011	15.2573
BLOCK10/SES102/SA102S22	SES105	-1.00056	14.2568	15.2573
BLOCK10/SES102/SA102S22	SES158	-3.02975	12.2276	15.2573
BLOCK10/SES102/SA102S25	SES007	-1.48119	14.3602	15.8414
BLOCK10/SES102/SA102S25	SES101	-1.0416	14.7998	15.8414
BLOCK10/SES102/SA102S25	SES105	-1.79438	14.047	15.8414
BLOCK10/SES102/SA102S25	SES147	-3.95835	11.8831	15.8414
BLOCK10/SES102/SA102S27	SES007	-1.84467	13.4139	15.2586
BLOCK10/SES102/SA102S27	SES101	-0.825261	14.4333	15.2586
BLOCK10/SES102/SA102S27	SES105	-1.93706	13.3215	15.2586
BLOCK10/SES102/SA102S27	SES147	-3.75279	11.5058	15.2586
BLOCK10/SES103/SA103S14	SES105	-3.67176	9.64499	13.3167
BLOCK10/SES103/SA103S14	SES106	-2.79259	10.5242	13.3167
BLOCK10/SES103/SA103S14	SES120	-3.84944	9.46731	13.3167
BLOCK10/SES103/SA103S14	SES206	-4.22896	9.08778	13.3167
BLOCK10/SES103/SA103S15	SES099	-2.83401	9.38227	12.2163
BLOCK10/SES103/SA103S15	SES101	-5.75799	6.45829	12.2163
BLOCK10/SES103/SA103S15	SES104	-3.61956	8.59672	12.2163
BLOCK10/SES103/SA103S15	SES125	-3.21241	9.00387	12.2163
BLOCK10/SES103/SA103S24	SES104	-2.70212	12.083	14.7851
BLOCK10/SES103/SA103S24	SES125	-3.17868	11.6064	14.7851
BLOCK10/SES103/SA103S24	SES148	-3.64416	11.141	14.7851
BLOCK10/SES103/SA103S24	SES158	-2.39648	12.3886	14.7851
BLOCK10/SES103/SA103S26	SES104	-3.4208	9.40564	12.8264
BLOCK10/SES103/SA103S26	SES106	-2.49733	10.3291	12.8264
BLOCK10/SES103/SA103S26	SES125	-3.78373	9.04271	12.8264
BLOCK10/SES103/SA103S26	SES148	-4.87689	7.94955	12.8264
BLOCK10/SES103/SA103S28	SES104	-4.25409	8.11639	12.3705
BLOCK10/SES103/SA103S28	SES106	-3.16417	9.20631	12.3705
BLOCK10/SES103/SA103S28	SES125	-4.40357	7.96692	12.3705
BLOCK10/SES103/SA103S28	SES206	-4.96114	7.40934	12.3705
BLOCK12/SES121/SA121S12	SES042	-4.30791	6.667	10.9749
BLOCK12/SES121/SA121S12	SES087	-2.72099	8.25393	10.9749
BLOCK12/SES121/SA121S12	SES105	-1.75858	9.21634	10.9749
BLOCK12/SES121/SA121S12	SES206	-3.09744	7.87747	10.9749
BLOCK12/SES121/SA121S14	SES007	-3.30825	8.11481	11.4231
BLOCK12/SES121/SA121S14	SES105	-2.86954	8.55352	11.4231
BLOCK12/SES121/SA121S14	SES106	-2.77792	8.64514	11.4231
BLOCK12/SES121/SA121S14	SES206	-3.8762	7.54685	11.4231
BLOCK12/SES121/SA121S23	SES105	-2.54281	8.93199	11.4748
BLOCK12/SES121/SA121S23	SES106	-1.60176	9.87305	11.4748
BLOCK12/SES121/SA121S23	SES120	-2.1838	9.291	11.4748
BLOCK12/SES121/SA121S23	SES206	-2.60354	8.87126	11.4748
BLOCK12/SES121/SA121S25	SES007	-2.64244	6.93902	9.58146
BLOCK12/SES121/SA121S25	SES105	-3.13849	6.44298	9.58146
BLOCK12/SES121/SA121S25	SES106	-2.29578	7.28568	9.58146
BLOCK12/SES121/SA121S25	SES206	-4.00722	5.57424	9.58146
BLOCK12/SES121/SA121S27	SES087	-2.05772	9.79698	11.8547
BLOCK12/SES121/SA121S27	SES105	-4.38864	7.46606	11.8547
BLOCK12/SES121/SA121S27	SES120	-1.34891	10.5058	11.8547
BLOCK12/SES121/SA121S27	SES206	-2.87633	8.97836	11.8547
BLOCK12/SES124/SA124S16	SES042	-1.60188	12.3577	13.9595
BLOCK12/SES124/SA124S16	SES082	-2.75958	11.2	13.9595
BLOCK12/SES124/SA124S16	SES183	-3.18601	10.7735	13.9595
BLOCK12/SES124/SA124S16	SES206	-2.83462	11.1249	13.9595
BLOCK12/SES124/SA124S17	SES105	-3.25515	8.78382	12.039
BLOCK12/SES124/SA124S17	SES149	-4.30397	7.735	12.039
BLOCK12/SES124/SA124S17	SES158	-4.23649	7.80248	12.039
BLOCK12/SES124/SA124S17	SES275	-2.32068	9.71829	12.039
BLOCK12/SES124/SA124S23	SES105	-3.63065	12.2574	15.8881
BLOCK12/SES124/SA124S23	SES125	-1.24734	14.6407	15.8881
BLOCK12/SES124/SA124S23	SES129	-3.87189	12.0162	15.8881
BLOCK12/SES124/SA124S23	SES158	-1.63174	14.2563	15.8881
BLOCK12/SES124/SA124S26	SES105	-4.29278	10.7558	15.0486
BLOCK12/SES124/SA124S26	SES125	-2.53501	12.5136	15.0486
BLOCK12/SES124/SA124S26	SES129	-4.36021	10.6884	15.0486
BLOCK12/SES124/SA124S26	SES158	-2.94254	12.1061	15.0486
BLOCK12/SES124/SA124S28	SES104	-2.3459	12.3532	14.6991
BLOCK12/SES124/SA124S28	SES106	-1.76659	12.9325	14.6991
BLOCK12/SES124/SA124S28	SES125	-1.44096	13.2581	14.6991
BLOCK12/SES124/SA124S28	SES275	-3.16481	11.5343	14.6991
BLOCK12/SES126/SA126S13	SES007	-2.39556	11.8542	14.2498
BLOCK12/SES126/SA126S13	SES162	-2.75696	11.4928	14.2498
BLOCK12/SES126/SA126S13	SES177	-2.38006	11.8697	14.2498
BLOCK12/SES126/SA126S13	SES180	-2.67399	11.5758	14.2498
BLOCK12/SES126/SA126S14	SES144	-1.97723	13.8891	15.8663
BLOCK12/SES126/SA126S14	SES148	-2.67362	13.1927	15.8663
BLOCK12/SES126/SA126S14	SES177	-1.69535	14.171	15.8663
BLOCK12/SES126/SA126S14	SES180	-3.46015	12.4062	15.8663
BLOCK12/SES126/SA126S20	SES007	-2.06001	12.5852	14.6452
BLOCK12/SES126/SA126S20	SES162	-2.52086	12.1244	14.6452
BLOCK12/SES126/SA126S20	SES172	-2.72611	11.9191	14.6452
BLOCK12/SES126/SA126S20	SES180	-2.49914	12.1461	14.6452
BLOCK12/SES126/SA126S24	SES120	-1.3553	14.4821	15.8374
BLOCK12/SES126/SA126S24	SES162	-2.33324	13.5041	15.8374
BLOCK12/SES126/SA126S24	SES177	-1.7523	14.0851	15.8374
BLOCK12/SES126/SA126S24	SES180	-1.60867	14.2287	15.8374
BLOCK12/SES126/SA126S26	SES120	-1.4518	13.6844	15.1362
BLOCK12/SES126/SA126S26	SES177	-2.29346	12.8428	15.1362
BLOCK12/SES126/SA126S26	SES180	-2.65795	12.4783	15.1362
BLOCK12/SES126/SA126S26	SES202	-2.86415	12.2721	15.1362
BLOCK12/SES128/SA128S10	SES087	-3.2869	12.1823	15.4692
BLOCK12/SES128/SA128S10	SES206	-2.33218	13.1371	15.4692
BLOCK12/SES128/SA128S10	SES226	-1.53493	13.9343	15.4692
BLOCK12/SES128/SA128S10	SES270	-1.89923	13.57	15.4692
BLOCK12/SES128/SA128S12	SES120	-2.27936	12.4199	14.6993
BLOCK12/SES128/SA128S12	SES158	-3.07194	11.6273	14.6993
BLOCK12/SES128/SA128S12	SES206	-2.84837	11.8509	14.6993
BLOCK12/SES128/SA128S12	SES226	-2.6055	12.0938	14.6993
BLOCK12/SES128/SA128S21	SES106	-4.20727	9.91611	14.1234
BLOCK12/SES128/SA128S21	SES120	-3.92275	10.2006	14.1234
BLOCK12/SES128/SA128S21	SES206	-3.08924	11.0341	14.1234
BLOCK12/SES128/SA128S21	SES226	-2.78649	11.3369	14.1234
BLOCK12/SES128/SA128S24	SES087	-2.86727	11.7275	14.5948
BLOCK12/SES128/SA128S24	SES120	-2.15161	12.4432	14.5948
BLOCK12/SES128/SA128S24	SES206	-2.34327	12.2515	14.5948
BLOCK12/SES128/SA128S24	SES226	-2.8443	11.7505	14.5948
BLOCK12/SES128/SA128S27	SES099	-1.88654	14.1782	16.0648
BLOCK12/SES128/SA128S27	SES120	-2.28898	13.7758	16.0648
BLOCK12/SES128/SA128S27	SES206	-2.40225	13.6625	16.0648
BLOCK12/SES128/SA128S27	SES226	-2.74891	13.3159	16.0648
BLOCK13/SES130/SA130S13	SES143	-2.1882	12.488	14.6762
BLOCK13/SES130/SA130S13	SES144	-1.29602	13.3801	14.6762
BLOCK13/SES130/SA130S13	SES146	-2.78919	11.887	14.6762
BLOCK13/SES130/SA130S13	SES275	-3.14646	11.5297	14.6762
BLOCK13/SES130/SA130S15	SES143	-2.42516	13.5563	15.9814
BLOCK13/SES130/SA130S15	SES144	-1.28802	14.6934	15.9814
BLOCK13/SES130/SA130S15	SES146	-1.76651	14.2149	15.9814
BLOCK13/SES130/SA130S15	SES275	-2.44815	13.5333	15.9814
BLOCK13/SES130/SA130S23	SES127	-3.15178	11.2572	14.409
BLOCK13/SES130/SA130S23	SES144	-2.52814	11.8808	14.409
BLOCK13/SES130/SA130S23	SES146	-1.84259	12.5664	14.409
BLOCK13/SES130/SA130S23	SES162	-1.96919	12.4398	14.409
BLOCK13/SES130/SA130S25	SES127	-1.65188	14.3728	16.0247
BLOCK13/SES130/SA130S25	SES144	-1.52422	14.5005	16.0247
BLOCK13/SES130/SA130S25	SES146	-1.35387	14.6708	16.0247
BLOCK13/SES130/SA130S25	SES275	-1.09788	14.9268	16.0247
BLOCK13/SES130/SA130S28	SES127	-2.06274	12.9517	15.0144
BLOCK13/SES130/SA130S28	SES144	-2.16624	12.8482	15.0144
BLOCK13/SES130/SA130S28	SES146	-1.6907	13.3237	15.0144
BLOCK13/SES130/SA130S28	SES275	-1.36727	13.6472	15.0144
BLOCK13/SES131/SA131S13	SES002	-3.45271	8.65339	12.1061
BLOCK13/SES131/SA131S13	SES007	-2.9618	9.1443	12.1061
BLOCK13/SES131/SA131S13	SES099	-2.55039	9.55571	12.1061
BLOCK13/SES131/SA131S13	SES105	-3.4904	8.6157	12.1061
BLOCK13/SES131/SA131S14	SES104	-1.88021	12.0875	13.9677
BLOCK13/SES131/SA131S14	SES106	-2.70503	11.2627	13.9677
BLOCK13/SES131/SA131S14	SES125	-2.8371	11.1306	13.9677
BLOCK13/SES131/SA131S14	SES148	-2.30437	11.6634	13.9677
BLOCK13/SES131/SA131S20	SES104	-4.52121	7.39637	11.9176
BLOCK13/SES131/SA131S20	SES106	-3.14801	8.76957	11.9176
BLOCK13/SES131/SA131S20	SES125	-4.72619	7.1914	11.9176
BLOCK13/SES131/SA131S20	SES148	-2.89506	9.02252	11.9176
BLOCK13/SES131/SA131S22	SES099	-2.95915	10.6606	13.6198
BLOCK13/SES131/SA131S22	SES104	-3.34429	10.2755	13.6198
BLOCK13/SES131/SA131S22	SES125	-3.58188	10.0379	13.6198
BLOCK13/SES131/SA131S22	SES206	-3.64904	9.97075	13.6198
BLOCK13/SES131/SA131S29	SES087	-3.33306	9.18331	12.5164
BLOCK13/SES131/SA131S29	SES104	-4.33692	8.17945	12.5164
BLOCK13/SES131/SA131S29	SES125	-4.21482	8.30155	12.5164
BLOCK13/SES131/SA131S29	SES206	-4.08032	8.43605	12.5164
BLOCK13/SES132/SA132S11	SES083	-3.18778	12.637	15.8248
BLOCK13/SES132/SA132S11	SES120	-0.798531	15.0263	15.8248
BLOCK13/SES132/SA132S11	SES127	-2.8547	12.9701	15.8248
BLOCK13/SES132/SA132S11	SES275	-2.05941	13.7654	15.8248
BLOCK13/SES132/SA132S12	SES083	-3.04133	12.6162	15.6576
BLOCK13/SES132/SA132S12	SES143	-2.49148	13.1661	15.6576
BLOCK13/SES132/SA132S12	SES144	-2.25011	13.4074	15.6576
BLOCK13/SES132/SA132S12	SES148	-1.80802	13.8495	15.6576
BLOCK13/SES132/SA132S22	SES062	-1.56573	14.1373	15.703
BLOCK13/SES132/SA132S22	SES083	-2.55883	13.1442	15.703
BLOCK13/SES132/SA132S22	SES127	-2.12437	13.5786	15.703
BLOCK13/SES132/SA132S22	SES275	-1.50996	14.1931	15.703
BLOCK13/SES132/SA132S24	SES007	-2.08249	14.5329	16.6153
BLOCK13/SES132/SA132S24	SES083	-3.29887	13.3165	16.6153
BLOCK13/SES132/SA132S24	SES127	-2.93832	13.677	16.6153
BLOCK13/SES132/SA132S24	SES275	-2.0024	14.6129	16.6153
BLOCK13/SES132/SA132S27	SES083	-3.59946	11.4733	15.0727
BLOCK13/SES132/SA132S27	SES120	-0.987449	14.0853	15.0727
BLOCK13/SES132/SA132S27	SES127	-3.04872	12.024	15.0727
BLOCK13/SES132/SA132S27	SES275	-2.52271	12.55	15.0727
BLOCK14/SES141/SA141S09	SES143	-2.1703	13.1453	15.3156
BLOCK14/SES141/SA141S09	SES144	-1.57316	13.7424	15.3156
BLOCK14/SES141/SA141S09	SES162	-2.35509	12.9605	15.3156
BLOCK14/SES141/SA141S09	SES180	-2.15745	13.1581	15.3156
BLOCK14/SES141/SA141S15	SES127	-2.37001	12.318	14.688
BLOCK14/SES141/SA141S15	SES144	-2.33731	12.3507	14.688
BLOCK14/SES141/SA141S15	SES162	-2.66308	12.0249	14.688
BLOCK14/SES141/SA141S15	SES180	-2.19869	12.4893	14.688
BLOCK14/SES141/SA141S24	SES127	-2.26151	13.1183	15.3798
BLOCK14/SES141/SA141S24	SES144	-2.83889	12.5409	15.3798
BLOCK14/SES141/SA141S24	SES162	-2.61199	12.7678	15.3798
BLOCK14/SES141/SA141S24	SES183	-2.52275	12.857	15.3798
BLOCK14/SES141/SA141S26	SES142	-1.83753	13.3828	15.2203
BLOCK14/SES141/SA141S26	SES144	-2.44871	12.7716	15.2203
BLOCK14/SES141/SA141S26	SES172	-1.82267	13.3976	15.2203
BLOCK14/SES141/SA141S26	SES180	-2.11452	13.1058	15.2203
BLOCK14/SES141/SA141S29	SES127	-1.51051	14.0801	15.5906
BLOCK14/SES141/SA141S29	SES142	-1.45402	14.1366	15.5906
BLOCK14/SES141/SA141S29	SES144	-2.25768	13.333	15.5906
BLOCK14/SES141/SA141S29	SES180	-2.16619	13.4245	15.5906
BLOCK15/SES157/SA157S08	SES083	-3.09363	12.0164	15.11
BLOCK15/SES157/SA157S08	SES127	-2.55573	12.5543	15.11
BLOCK15/SES157/SA157S08	SES148	-2.51858	12.5914	15.11
BLOCK15/SES157/SA157S08	SES292	-3.13775	11.9722	15.11
BLOCK15/SES157/SA157S11	SES083	-2.99069	12.5194	15.5101
BLOCK15/SES157/SA157S11	SES127	-2.60274	12.9074	15.5101
BLOCK15/SES157/SA157S11	SES148	-2.89663	12.6135	15.5101
BLOCK15/SES157/SA157S11	SES292	-3.08997	12.4202	15.5101
BLOCK15/SES157/SA157S21	SES127	-2.00689	13.8083	15.8152
BLOCK15/SES157/SA157S21	SES148	-1.05656	14.7586	15.8152
BLOCK15/SES157/SA157S21	SES158	-6.20145	9.61374	15.8152
BLOCK15/SES157/SA157S21	SES292	-2.30433	13.5109	15.8152
BLOCK15/SES157/SA157S24	SES127	-2.23471	13.6974	15.9321
BLOCK15/SES157/SA157S24	SES148	-2.44886	13.4833	15.9321
BLOCK15/SES157/SA157S24	SES183	-2.58009	13.352	15.9321
BLOCK15/SES157/SA157S24	SES292	-3.11855	12.8136	15.9321
BLOCK15/SES157/SA157S26	SES007	-1.74134	13.8758	15.6172
BLOCK15/SES157/SA157S26	SES127	-2.12905	13.4881	15.6172
BLOCK15/SES157/SA157S26	SES147	-2.90322	12.714	15.6172
BLOCK15/SES157/SA157S26	SES148	-1.93159	13.6856	15.6172
BLOCK16/SES161/SA161S10	SES007	-2.39603	10.577	12.973
BLOCK16/SES161/SA161S10	SES105	-2.12708	10.8459	12.973
BLOCK16/SES161/SA161S10	SES158	-2.63833	10.3347	12.973
BLOCK16/SES161/SA161S10	SES275	-1.80898	11.164	12.973
BLOCK16/SES161/SA161S12	SES007	-2.88099	10.3403	13.2213
BLOCK16/SES161/SA161S12	SES105	-3.53235	9.68891	13.2213
BLOCK16/SES161/SA161S12	SES158	-2.53126	10.69	13.2213
BLOCK16/SES161/SA161S12	SES275	-2.2375	10.9838	13.2213
BLOCK16/SES161/SA161S20	SES007	-2.44808	9.77456	12.2226
BLOCK16/SES161/SA161S20	SES105	-3.46541	8.75723	12.2226
BLOCK16/SES161/SA161S20	SES158	-3.42939	8.79325	12.2226
BLOCK16/SES161/SA161S20	SES275	-2.34432	9.87832	12.2226
BLOCK16/SES161/SA161S23	SES007	-3.49089	10.1656	13.6565
BLOCK16/SES161/SA161S23	SES105	-2.40095	11.2555	13.6565
BLOCK16/SES161/SA161S23	SES148	-3.01288	10.6436	13.6565
BLOCK16/SES161/SA161S23	SES158	-3.12209	10.5344	13.6565
BLOCK16/SES161/SA161S28	SES007	-3.53582	10.5214	14.0572
BLOCK16/SES161/SA161S28	SES105	-3.43885	10.6184	14.0572
BLOCK16/SES161/SA161S28	SES158	-2.39891	11.6583	14.0572
BLOCK16/SES161/SA161S28	SES206	-2.48439	11.5728	14.0572
BLOCK16/SES164/SA164S11	SES104	-3.02775	12.3582	15.3859
BLOCK16/SES164/SA164S11	SES125	-1.87535	13.5106	15.3859
BLOCK16/SES164/SA164S11	SES158	-1.68099	13.705	15.3859
BLOCK16/SES164/SA164S11	SES206	-3.46982	11.9161	15.3859
BLOCK16/SES164/SA164S13	SES099	-2.58604	11.7946	14.3806
BLOCK16/SES164/SA164S13	SES104	-3.77549	10.6051	14.3806
BLOCK16/SES164/SA164S13	SES125	-3.61382	10.7668	14.3806
BLOCK16/SES164/SA164S13	SES206	-4.06587	10.3148	14.3806
BLOCK16/SES164/SA164S24	SES002	-1.04347	13.8394	14.8829
BLOCK16/SES164/SA164S24	SES099	-2.70744	12.1755	14.8829
BLOCK16/SES164/SA164S24	SES125	-3.67634	11.2066	14.8829
BLOCK16/SES164/SA164S24	SES226	-2.0962	12.7867	14.8829
BLOCK16/SES164/SA164S27	SES087	-2.95589	11.3924	14.3483
BLOCK16/SES164/SA164S27	SES125	-2.93013	11.4182	14.3483
BLOCK16/SES164/SA164S27	SES206	-3.01953	11.3288	14.3483
BLOCK16/SES164/SA164S27	SES226	-2.73306	11.6153	14.3483
BLOCK16/SES164/SA164S29	SES002	-0.634911	13.5795	14.2144
BLOCK16/SES164/SA164S29	SES019	-2.70099	11.5134	14.2144
BLOCK16/SES164/SA164S29	SES125	-2.72804	11.4863	14.2144
BLOCK16/SES164/SA164S29	SES226	-3.30896	10.9054	14.2144
BLOCK16/SES169/SA169S13	SES117	-1.81258	12.8608	14.6734
BLOCK16/SES169/SA169S13	SES144	-2.05333	12.62	14.6734
BLOCK16/SES169/SA169S13	SES146	-1.95531	12.7181	14.6734
BLOCK16/SES169/SA169S13	SES162	-1.52077	13.1526	14.6734
BLOCK16/SES169/SA169S14	SES144	-2.72418	12.9963	15.7204
BLOCK16/SES169/SA169S14	SES148	-2.57567	13.1448	15.7204
BLOCK16/SES169/SA169S14	SES177	-1.63222	14.0882	15.7204
BLOCK16/SES169/SA169S14	SES180	-2.9126	12.8078	15.7204
BLOCK16/SES169/SA169S24	SES117	-2.08225	11.7231	13.8053
BLOCK16/SES169/SA169S24	SES144	-1.50276	12.3026	13.8053
BLOCK16/SES169/SA169S24	SES146	-1.30185	12.5035	13.8053
BLOCK16/SES169/SA169S24	SES162	-1.57368	12.2316	13.8053
BLOCK16/SES169/SA169S27	SES127	-1.89356	12.4476	14.3412
BLOCK16/SES169/SA169S27	SES129	-2.15268	12.1885	14.3412
BLOCK16/SES169/SA169S27	SES144	-2.75051	11.5907	14.3412
BLOCK16/SES169/SA169S27	SES146	-0.93678	13.4044	14.3412
BLOCK16/SES169/SA169S29	SES144	-1.56222	13.6156	15.1778
BLOCK16/SES169/SA169S29	SES162	-0.75354	14.4243	15.1778
BLOCK16/SES169/SA169S29	SES177	-2.85861	12.3192	15.1778
BLOCK16/SES169/SA169S29	SES180	-1.73237	13.4454	15.1778
BLOCK17/SES171/SA171S12	SES083	-2.26966	12.0884	14.3581
BLOCK17/SES171/SA171S12	SES148	-2.94941	11.4087	14.3581
BLOCK17/SES171/SA171S12	SES172	-2.28638	12.0717	14.3581
BLOCK17/SES171/SA171S12	SES292	-3.59901	10.7591	14.3581
BLOCK17/SES171/SA171S15	SES148	-2.45887	11.2458	13.7046
BLOCK17/SES171/SA171S15	SES177	-1.77702	11.9276	13.7046
BLOCK17/SES171/SA171S15	SES180	-3.5825	10.1221	13.7046
BLOCK17/SES171/SA171S15	SES292	-2.83927	10.8654	13.7046
BLOCK17/SES171/SA171S22	SES007	-2.1624	13.4283	15.5907
BLOCK17/SES171/SA171S22	SES148	-2.16443	13.4262	15.5907
BLOCK17/SES171/SA171S22	SES177	-1.30051	14.2902	15.5907
BLOCK17/SES171/SA171S22	SES180	-3.24695	12.3437	15.5907
BLOCK17/SES171/SA171S25	SES101	-2.61877	11.42	14.0388
BLOCK17/SES171/SA171S25	SES120	-3.75968	10.2791	14.0388
BLOCK17/SES171/SA171S25	SES177	-1.78138	12.2574	14.0388
BLOCK17/SES171/SA171S25	SES180	-3.04875	10.99	14.0388
BLOCK17/SES171/SA171S27	SES177	-1.68908	12.7914	14.4805
BLOCK17/SES171/SA171S27	SES180	-3.71497	10.7655	14.4805
BLOCK17/SES171/SA171S27	SES189	-2.11916	12.3613	14.4805
BLOCK17/SES171/SA171S27	SES292	-2.97863	11.5018	14.4805
BLOCK17/SES173/SA173S13	SES162	-4.25195	10.2664	14.5183
BLOCK17/SES173/SA173S13	SES177	-2.53377	11.9846	14.5183
BLOCK17/SES173/SA173S13	SES180	-4.29495	10.2234	14.5183
BLOCK17/SES173/SA173S13	SES292	-1.36508	13.1532	14.5183
BLOCK17/SES173/SA173S14	SES007	-2.43787	11.0292	13.467
BLOCK17/SES173/SA173S14	SES162	-3.90563	9.56141	13.467
BLOCK17/SES173/SA173S14	SES177	-2.45569	11.0113	13.467
BLOCK17/SES173/SA173S14	SES180	-3.69566	9.77138	13.467
BLOCK17/SES173/SA173S24	SES144	-3.49734	9.89795	13.3953
BLOCK17/SES173/SA173S24	SES162	-3.5067	9.8886	13.3953
BLOCK17/SES173/SA173S24	SES177	-1.99044	11.4049	13.3953
BLOCK17/SES173/SA173S24	SES180	-3.9345	9.4608	13.3953
BLOCK17/SES173/SA173S27	SES162	-4.53129	9.7582	14.2895
BLOCK17/SES173/SA173S27	SES177	-2.55749	11.732	14.2895
BLOCK17/SES173/SA173S27	SES180	-3.32188	10.9676	14.2895
BLOCK17/SES173/SA173S27	SES292	-1.23619	13.0533	14.2895
BLOCK17/SES173/SA173S29	SES162	-3.34708	11.1259	14.473
BLOCK17/SES173/SA173S29	SES175	-2.37806	12.0949	14.473
BLOCK17/SES173/SA173S29	SES177	-2.23375	12.2393	14.473
BLOCK17/SES173/SA173S29	SES292	-2.83993	11.6331	14.473
BLOCK18/SES182/SA182S10	SES144	-2.19576	12.1868	14.3825
BLOCK18/SES182/SA182S10	SES177	-1.98654	12.396	14.3825
BLOCK18/SES182/SA182S10	SES180	-3.64783	10.7347	14.3825
BLOCK18/SES182/SA182S10	SES275	-1.11433	13.2682	14.3825
BLOCK18/SES182/SA182S12	SES144	-1.05654	13.4258	14.4824
BLOCK18/SES182/SA182S12	SES177	-1.59048	12.8919	14.4824
BLOCK18/SES182/SA182S12	SES180	-2.27785	12.2045	14.4824
BLOCK18/SES182/SA182S12	SES275	-0.769122	13.7132	14.4824
BLOCK18/SES182/SA182S21	SES117	-1.98365	11.8907	13.8744
BLOCK18/SES182/SA182S21	SES144	-2.26563	11.6088	13.8744
BLOCK18/SES182/SA182S21	SES162	-1.60787	12.2665	13.8744
BLOCK18/SES182/SA182S21	SES180	-3.39448	10.4799	13.8744
BLOCK18/SES182/SA182S23	SES117	-1.9731	12.6664	14.6395
BLOCK18/SES182/SA182S23	SES144	-2.61423	12.0253	14.6395
BLOCK18/SES182/SA182S23	SES180	-3.25124	11.3883	14.6395
BLOCK18/SES182/SA182S23	SES275	-0.975074	13.6644	14.6395
BLOCK18/SES182/SA182S25	SES007	-0.634746	13.7769	14.4116
BLOCK18/SES182/SA182S25	SES162	-1.34213	13.0695	14.4116
BLOCK18/SES182/SA182S25	SES177	-1.75661	12.655	14.4116
BLOCK18/SES182/SA182S25	SES180	-2.3859	12.0258	14.4116
BLOCK18/SES184/SA184S12	SES177	-2.87204	12.1265	14.9986
BLOCK18/SES184/SA184S12	SES180	-2.45725	12.5413	14.9986
BLOCK18/SES184/SA184S12	SES189	-2.65322	12.3453	14.9986
BLOCK18/SES184/SA184S12	SES292	-2.02903	12.9695	14.9986
BLOCK18/SES184/SA184S13	SES101	-2.93101	11.9998	14.9308
BLOCK18/SES184/SA184S13	SES177	-2.38228	12.5485	14.9308
BLOCK18/SES184/SA184S13	SES180	-2.20964	12.7212	14.9308
BLOCK18/SES184/SA184S13	SES292	-3.25085	11.68	14.9308
BLOCK18/SES184/SA184S22	SES177	-2.10207	14.3217	16.4238
BLOCK18/SES184/SA184S22	SES180	-2.4957	13.9281	16.4238
BLOCK18/SES184/SA184S22	SES189	-3.19609	13.2277	16.4238
BLOCK18/SES184/SA184S22	SES292	-2.49773	13.926	16.4238
BLOCK18/SES184/SA184S25	SES101	-2.15043	14.6478	16.7983
BLOCK18/SES184/SA184S25	SES177	-2.5922	14.2061	16.7983
BLOCK18/SES184/SA184S25	SES180	-2.41807	14.3802	16.7983
BLOCK18/SES184/SA184S25	SES292	-2.45391	14.3443	16.7983
BLOCK18/SES184/SA184S27	SES083	-1.91928	12.59	14.5093
BLOCK18/SES184/SA184S27	SES177	-1.81592	12.6934	14.5093
BLOCK18/SES184/SA184S27	SES202	-2.2325	12.2768	14.5093
BLOCK18/SES184/SA184S27	SES292	-2.4403	12.069	14.5093
BLOCK20/SES204/SA204S12	SES062	-1.63477	14.5774	16.2122
BLOCK20/SES204/SA204S12	SES083	-3.8599	12.3523	16.2122
BLOCK20/SES204/SA204S12	SES206	-2.17618	14.036	16.2122
BLOCK20/SES204/SA204S12	SES226	-3.98225	12.23	16.2122
BLOCK20/SES204/SA204S14	SES068	-2.22555	15.2461	17.4717
BLOCK20/SES204/SA204S14	SES087	-1.22093	16.2507	17.4717
BLOCK20/SES204/SA204S14	SES206	-2.37416	15.0975	17.4717
BLOCK20/SES204/SA204S14	SES226	-3.88639	13.5853	17.4717
BLOCK20/SES204/SA204S22	SES068	-2.18472	14.191	16.3758
BLOCK20/SES204/SA204S22	SES082	-4.3567	12.019	16.3758
BLOCK20/SES204/SA204S22	SES083	-5.01167	11.3641	16.3758
BLOCK20/SES204/SA204S22	SES206	-3.10363	13.2721	16.3758
BLOCK20/SES204/SA204S25	SES062	-2.47204	13.9403	16.4123
BLOCK20/SES204/SA204S25	SES083	-4.09428	12.318	16.4123
BLOCK20/SES204/SA204S25	SES206	-1.71408	14.6982	16.4123
BLOCK20/SES204/SA204S25	SES226	-3.8134	12.5989	16.4123
BLOCK20/SES204/SA204S27	SES068	-2.30635	13.4765	15.7828
BLOCK20/SES204/SA204S27	SES082	-4.30487	11.478	15.7828
BLOCK20/SES204/SA204S27	SES087	-1.87967	13.9032	15.7828
BLOCK20/SES204/SA204S27	SES206	-2.93551	12.8473	15.7828
BLOCK20/SES207/SA207S10	SES127	-2.35164	12.07	14.4216
BLOCK20/SES207/SA207S10	SES183	-2.61416	11.8075	14.4216
BLOCK20/SES207/SA207S10	SES189	-2.49644	11.9252	14.4216
BLOCK20/SES207/SA207S10	SES292	-2.55862	11.863	14.4216
BLOCK20/SES207/SA207S11	SES127	-3.01448	10.6029	13.6174
BLOCK20/SES207/SA207S11	SES183	-2.21712	11.4003	13.6174
BLOCK20/SES207/SA207S11	SES187	-2.81353	10.8039	13.6174
BLOCK20/SES207/SA207S11	SES292	-2.01568	11.6017	13.6174
BLOCK20/SES207/SA207S25	SES068	-2.87798	11.4785	14.3565
BLOCK20/SES207/SA207S25	SES083	-2.99993	11.3565	14.3565
BLOCK20/SES207/SA207S25	SES127	-1.90873	12.4477	14.3565
BLOCK20/SES207/SA207S25	SES187	-2.29396	12.0625	14.3565
BLOCK20/SES207/SA207S27	SES127	-3.42206	9.82632	13.2484
BLOCK20/SES207/SA207S27	SES183	-2.32029	10.9281	13.2484
BLOCK20/SES207/SA207S27	SES187	-3.02299	10.2254	13.2484
BLOCK20/SES207/SA207S27	SES292	-3.39922	9.84916	13.2484
BLOCK20/SES207/SA207S29	SES083	-3.3955	11.6644	15.0599
BLOCK20/SES207/SA207S29	SES085	-2.30288	12.757	15.0599
BLOCK20/SES207/SA207S29	SES172	-2.13342	12.9265	15.0599
BLOCK20/SES207/SA207S29	SES189	-2.76688	12.293	15.0599
BLOCK22/SES221/SA221S12	SES068	-1.43666	14.6052	16.0419
BLOCK22/SES221/SA221S12	SES143	-2.22218	13.8197	16.0419
BLOCK22/SES221/SA221S12	SES175	-1.409	14.6329	16.0419
BLOCK22/SES221/SA221S12	SES202	-2.32078	13.7211	16.0419
BLOCK22/SES221/SA221S15	SES085	-1.90222	12.6234	14.5256
BLOCK22/SES221/SA221S15	SES143	-3.42325	11.1024	14.5256
BLOCK22/SES221/SA221S15	SES175	-1.96678	12.5588	14.5256
BLOCK22/SES221/SA221S15	SES187	-2.96715	11.5585	14.5256
BLOCK22/SES221/SA221S23	SES068	-2.23622	13.0745	15.3107
BLOCK22/SES221/SA221S23	SES143	-2.58955	12.7211	15.3107
BLOCK22/SES221/SA221S23	SES175	-1.15752	14.1532	15.3107
BLOCK22/SES221/SA221S23	SES189	-1.12296	14.1877	15.3107
BLOCK22/SES221/SA221S27	SES085	-1.25139	14.3655	15.6169
BLOCK22/SES221/SA221S27	SES143	-2.17216	13.4448	15.6169
BLOCK22/SES221/SA221S27	SES175	-1.41998	14.197	15.6169
BLOCK22/SES221/SA221S27	SES189	-0.893048	14.7239	15.6169
BLOCK22/SES221/SA221S29	SES085	-2.05853	12.5519	14.6105
BLOCK22/SES221/SA221S29	SES143	-2.16994	12.4405	14.6105
BLOCK22/SES221/SA221S29	SES175	-1.28684	13.3236	14.6105
BLOCK22/SES221/SA221S29	SES187	-2.87381	11.7366	14.6105
BLOCK22/SES223/SA223S11	SES143	-1.64985	11.2124	12.8623
BLOCK22/SES223/SA223S11	SES144	-3.93287	8.92942	12.8623
BLOCK22/SES223/SA223S11	SES175	-1.46923	11.3931	12.8623
BLOCK22/SES223/SA223S11	SES187	-3.60621	9.25608	12.8623
BLOCK22/SES223/SA223S13	SES068	-2.52839	10.3696	12.898
BLOCK22/SES223/SA223S13	SES143	-3.50108	9.39694	12.898
BLOCK22/SES223/SA223S13	SES146	-3.63429	9.26373	12.898
BLOCK22/SES223/SA223S13	SES202	-3.52762	9.3704	12.898
BLOCK22/SES223/SA223S22	SES143	-2.28989	11.6351	13.925
BLOCK22/SES223/SA223S22	SES144	-3.78897	10.1361	13.925
BLOCK22/SES223/SA223S22	SES175	-1.68528	12.2398	13.925
BLOCK22/SES223/SA223S22	SES187	-2.5885	11.3365	13.925
BLOCK22/SES223/SA223S25	SES068	-2.53956	12.2599	14.7995
BLOCK22/SES223/SA223S25	SES143	-2.56457	12.2349	14.7995
BLOCK22/SES223/SA223S25	SES175	-1.76993	13.0296	14.7995
BLOCK22/SES223/SA223S25	SES187	-3.27712	11.5224	14.7995
BLOCK22/SES223/SA223S27	SES143	-1.51911	11.5454	13.0645
BLOCK22/SES223/SA223S27	SES146	-1.92516	11.1394	13.0645
BLOCK22/SES223/SA223S27	SES187	-2.98594	10.0786	13.0645
BLOCK22/SES223/SA223S27	SES292	-1.51019	11.5543	13.0645
BLOCK27/SES273/SA273S12	SES099	-1.14883	16.4773	17.6261
BLOCK27/SES273/SA273S12	SES104	-2.1034	15.5227	17.6261
BLOCK27/SES273/SA273S12	SES125	-3.06803	14.5581	17.6261
BLOCK27/SES273/SA273S12	SES206	-1.82034	15.8058	17.6261
BLOCK27/SES273/SA273S13	SES099	-1.61221	15.9418	17.554
BLOCK27/SES273/SA273S13	SES104	-2.60901	14.945	17.554
BLOCK27/SES273/SA273S13	SES206	-1.58314	15.9709	17.554
BLOCK27/SES273/SA273S13	SES292	-2.89907	14.6549	17.554
BLOCK27/SES273/SA273S21	SES099	-1.17841	16.0071	17.1855
BLOCK27/SES273/SA273S21	SES148	-3.34528	13.8402	17.1855
BLOCK27/SES273/SA273S21	SES149	-2.65133	14.5342	17.1855
BLOCK27/SES273/SA273S21	SES177	-2.93168	14.2538	17.1855
BLOCK27/SES273/SA273S25	SES104	-2.50052	14.2902	16.7908
BLOCK27/SES273/SA273S25	SES125	-2.48341	14.3074	16.7908
BLOCK27/SES273/SA273S25	SES158	-1.4458	15.345	16.7908
BLOCK27/SES273/SA273S25	SES206	-0.960876	15.8299	16.7908
BLOCK27/SES273/SA273S27	SES099	-1.17683	15.2248	16.4016
BLOCK27/SES273/SA273S27	SES104	-2.16163	14.24	16.4016
BLOCK27/SES273/SA273S27	SES149	-2.00851	14.3931	16.4016
BLOCK27/SES273/SA273S27	SES275	-2.38638	14.0152	16.4016
BLOCK27/SES274/SA274S10	SES105	-2.90675	12.9531	15.8598
BLOCK27/SES274/SA274S10	SES125	-4.24278	11.617	15.8598
BLOCK27/SES274/SA274S10	SES129	-1.16123	14.6986	15.8598
BLOCK27/SES274/SA274S10	SES158	-4.88976	10.9701	15.8598
BLOCK27/SES274/SA274S11	SES105	-2.16192	13.9577	16.1196
BLOCK27/SES274/SA274S11	SES149	-2.75445	13.3651	16.1196
BLOCK27/SES274/SA274S11	SES158	-3.5635	12.5561	16.1196
BLOCK27/SES274/SA274S11	SES275	-1.37033	14.7492	16.1196
BLOCK27/SES274/SA274S21	SES105	-3.28845	12.6907	15.9791
BLOCK27/SES274/SA274S21	SES129	-1.66687	14.3123	15.9791
BLOCK27/SES274/SA274S21	SES149	-2.17221	13.8069	15.9791
BLOCK27/SES274/SA274S21	SES158	-5.78165	10.1975	15.9791
BLOCK27/SES274/SA274S24	SES105	-2.50591	14.3899	16.8958
BLOCK27/SES274/SA274S24	SES129	-1.06297	15.8328	16.8958
BLOCK27/SES274/SA274S24	SES149	-3.06318	13.8326	16.8958
BLOCK27/SES274/SA274S24	SES158	-5.91147	10.9843	16.8958
BLOCK27/SES274/SA274S29	SES105	-2.91774	12.7062	15.624
BLOCK27/SES274/SA274S29	SES106	-4.13042	11.4936	15.624
BLOCK27/SES274/SA274S29	SES120	-2.45128	13.1727	15.624
BLOCK27/SES274/SA274S29	SES275	-1.87117	13.7528	15.624
BLOCK27/SES276/SA276S16	SES148	-2.78715	12.1845	14.9717
BLOCK27/SES276/SA276S16	SES172	-2.10485	12.8668	14.9717
BLOCK27/SES276/SA276S16	SES180	-3.12949	11.8422	14.9717
BLOCK27/SES276/SA276S16	SES292	-2.55381	12.4179	14.9717
BLOCK27/SES276/SA276S17	SES101	-1.75585	13.8352	15.5911
BLOCK27/SES276/SA276S17	SES177	-2.59404	12.997	15.5911
BLOCK27/SES276/SA276S17	SES180	-2.165	13.4261	15.5911
BLOCK27/SES276/SA276S17	SES292	-2.25711	13.334	15.5911
BLOCK27/SES276/SA276S24	SES101	-1.78842	14.4965	16.285
BLOCK27/SES276/SA276S24	SES177	-1.80833	14.4766	16.285
BLOCK27/SES276/SA276S24	SES180	-2.54556	13.7394	16.285
BLOCK27/SES276/SA276S24	SES292	-3.51157	12.7734	16.285
BLOCK27/SES276/SA276S26	SES101	-2.52525	14.0827	16.608
BLOCK27/SES276/SA276S26	SES177	-1.27975	15.3282	16.608
BLOCK27/SES276/SA276S26	SES180	-0.986854	15.6211	16.608
BLOCK27/SES276/SA276S26	SES292	-1.09551	15.5125	16.608
BLOCK27/SES276/SA276S28	SES101	-2.01838	13.9141	15.9325
BLOCK27/SES276/SA276S28	SES177	-2.58393	13.3486	15.9325
BLOCK27/SES276/SA276S28	SES180	-1.25592	14.6766	15.9325
BLOCK27/SES276/SA276S28	SES292	-2.03539	13.8971	15.9325
BLOCK27/SES277/SA277S12	SES101	-2.02387	11.4906	13.5145
BLOCK27/SES277/SA277S12	SES177	-2.84605	10.6684	13.5145
BLOCK27/SES277/SA277S12	SES180	-3.60281	9.91168	13.5145
BLOCK27/SES277/SA277S12	SES292	-3.4389	10.0756	13.5145
BLOCK27/SES277/SA277S14	SES177	-1.96929	11.1906	13.1599
BLOCK27/SES277/SA277S14	SES180	-3.13951	10.0204	13.1599
BLOCK27/SES277/SA277S14	SES189	-1.10748	12.0524	13.1599
BLOCK27/SES277/SA277S14	SES292	-3.6557	9.50421	13.1599
BLOCK27/SES277/SA277S21	SES177	-1.38282	13.4796	14.8624
BLOCK27/SES277/SA277S21	SES180	-3.23994	11.6225	14.8624
BLOCK27/SES277/SA277S21	SES189	-0.924719	13.9377	14.8624
BLOCK27/SES277/SA277S21	SES292	-3.26442	11.598	14.8624
BLOCK27/SES277/SA277S24	SES144	-2.47317	10.4891	12.9623
BLOCK27/SES277/SA277S24	SES177	-1.95097	11.0113	12.9623
BLOCK27/SES277/SA277S24	SES180	-3.82626	9.13604	12.9623
BLOCK27/SES277/SA277S24	SES189	-1.69592	11.2664	12.9623
BLOCK27/SES277/SA277S29	SES177	-2.12659	13.7873	15.9139
BLOCK27/SES277/SA277S29	SES180	-2.98828	12.9256	15.9139
BLOCK27/SES277/SA277S29	SES202	-2.459	13.4549	15.9139
BLOCK27/SES277/SA277S29	SES292	-3.51806	12.3958	15.9139
BLOCK27/SES279/SA279S09	SES120	-2.49058	13.1628	15.6534
BLOCK27/SES279/SA279S09	SES146	-2.56517	13.0882	15.6534
BLOCK27/SES279/SA279S09	SES206	-2.76809	12.8853	15.6534
BLOCK27/SES279/SA279S09	SES226	-3.98462	11.6688	15.6534
BLOCK27/SES279/SA279S10	SES099	-1.37508	14.6223	15.9973
BLOCK27/SES279/SA279S10	SES206	-1.81746	14.1799	15.9973
BLOCK27/SES279/SA279S10	SES226	-3.47203	12.5253	15.9973
BLOCK27/SES279/SA279S10	SES292	-1.31646	14.6809	15.9973
BLOCK27/SES279/SA279S20	SES099	-2.31925	13.4208	15.7401
BLOCK27/SES279/SA279S20	SES206	-1.58706	14.153	15.7401
BLOCK27/SES279/SA279S20	SES226	-3.51428	12.2258	15.7401
BLOCK27/SES279/SA279S20	SES292	-1.19971	14.5404	15.7401
BLOCK27/SES279/SA279S26	SES099	-1.91412	13.9294	15.8435
BLOCK27/SES279/SA279S26	SES206	-1.46399	14.3796	15.8435
BLOCK27/SES279/SA279S26	SES226	-3.47032	12.3732	15.8435
BLOCK27/SES279/SA279S26	SES292	-1.2747	14.5688	15.8435
BLOCK27/SES279/SA279S28	SES099	-1.61385	15.7597	17.3735
BLOCK27/SES279/SA279S28	SES120	-1.85296	15.5206	17.3735
BLOCK27/SES279/SA279S28	SES177	-2.06169	15.3118	17.3735
BLOCK27/SES279/SA279S28	SES206	-1.72723	15.6463	17.3735
BLOCK29/SES290/SA290S12	SES162	-1.53368	13.3209	14.8545
BLOCK29/SES290/SA290S12	SES177	-1.31708	13.5375	14.8545
BLOCK29/SES290/SA290S12	SES180	-2.28078	12.5738	14.8545
BLOCK29/SES290/SA290S12	SES292	-2.53996	12.3146	14.8545
BLOCK29/SES290/SA290S13	SES007	-1.39849	13.6955	15.094
BLOCK29/SES290/SA290S13	SES162	-2.62877	12.4652	15.094
BLOCK29/SES290/SA290S13	SES177	-1.64523	13.4488	15.094
BLOCK29/SES290/SA290S13	SES180	-1.79327	13.3007	15.094
BLOCK29/SES290/SA290S22	SES177	-1.59134	13.0115	14.6028
BLOCK29/SES290/SA290S22	SES180	-2.28135	12.3215	14.6028
BLOCK29/SES290/SA290S22	SES202	-2.21593	12.3869	14.6028
BLOCK29/SES290/SA290S22	SES292	-2.87061	11.7322	14.6028
BLOCK29/SES290/SA290S25	SES162	-1.6026	14.0849	15.6875
BLOCK29/SES290/SA290S25	SES177	-1.54774	14.1398	15.6875
BLOCK29/SES290/SA290S25	SES180	-1.90614	13.7814	15.6875
BLOCK29/SES290/SA290S25	SES292	-1.66405	14.0235	15.6875
BLOCK29/SES290/SA290S29	SES177	-1.46458	13.3434	14.808
BLOCK29/SES290/SA290S29	SES180	-1.43853	13.3695	14.808
BLOCK29/SES290/SA290S29	SES275	-1.83414	12.9739	14.808
BLOCK29/SES290/SA290S29	SES292	-1.95761	12.8504	14.808
BLOCK29/SES291/SA291S11	SES105	-3.62202	10.49	14.112
BLOCK29/SES291/SA291S11	SES125	-2.14363	11.9684	14.112
BLOCK29/SES291/SA291S11	SES158	-2.01293	12.0991	14.112
BLOCK29/SES291/SA291S11	SES275	-3.22067	10.8913	14.112
BLOCK29/SES291/SA291S12	SES158	-0.370398	14.2868	14.6572
BLOCK29/SES291/SA291S12	SES226	-3.47713	11.18	14.6572
BLOCK29/SES291/SA291S12	SES270	-0.567818	14.0893	14.6572
BLOCK29/SES291/SA291S12	SES275	-5.45151	9.20565	14.6572
BLOCK29/SES291/SA291S22	SES082	-2.54797	12.8996	15.4476
BLOCK29/SES291/SA291S22	SES158	-2.34991	13.0977	15.4476
BLOCK29/SES291/SA291S22	SES259	-3.6697	11.7779	15.4476
BLOCK29/SES291/SA291S22	SES275	-4.40886	11.0387	15.4476
BLOCK29/SES291/SA291S24	SES104	-1.00286	15.4646	16.4674
BLOCK29/SES291/SA291S24	SES125	-1.75805	14.7094	16.4674
BLOCK29/SES291/SA291S24	SES158	-1.12086	15.3466	16.4674
BLOCK29/SES291/SA291S24	SES275	-4.15434	12.3131	16.4674
BLOCK29/SES291/SA291S27	SES158	-1.02145	14.8526	15.874
BLOCK29/SES291/SA291S27	SES172	-4.92444	10.9496	15.874
BLOCK29/SES291/SA291S27	SES275	-4.51062	11.3634	15.874
BLOCK29/SES291/SA291S27	SES292	-2.93488	12.9391	15.874
