spk_ver/v00/v0000	SES146	0.59074	15.1495	14.5587
spk_ver/v00/v0001	SES002	-8.83535	5.66021	14.4956
spk_ver/v00/v0002	SES002	-5.23957	8.77983	14.0194
spk_ver/v00/v0003	SES002	-10.7174	3.76951	14.487
spk_ver/v00/v0004	SES002	-4.50649	9.6547	14.1612
spk_ver/v00/v0005	SES002	-5.05844	8.14215	13.2006
spk_ver/v00/v0006	SES002	-6.31191	9.84263	16.1545
spk_ver/v00/v0007	SES002	-5.73823	7.15035	12.8886
spk_ver/v00/v0008	SES146	0.525096	14.1525	13.6274
spk_ver/v00/v0009	SES002	-2.75808	13.8979	16.656
spk_ver/v00/v0010	SES002	-6.69137	6.18772	12.8791
spk_ver/v00/v0011	SES002	-3.76523	9.06847	12.8337
spk_ver/v00/v0012	SES002	-5.54174	11.2681	16.8098
spk_ver/v00/v0013	SES002	-5.24515	10.9516	16.1967
spk_ver/v00/v0014	SES002	-2.16312	13.0859	15.249
spk_ver/v00/v0015	SES002	-3.74312	11.6782	15.4213
spk_ver/v00/v0016	SES275	0.207096	14.0179	13.8108
spk_ver/v00/v0017	SES002	-2.4829	13.5818	16.0647
spk_ver/v00/v0018	SES002	-9.20684	4.70127	13.9081
spk_ver/v00/v0019	SES002	-3.92633	10.8484	14.7748
spk_ver/v00/v0020	SES002	-8.26529	5.58665	13.8519
spk_ver/v00/v0021	SES002	-6.07622	7.93101	14.0072
spk_ver/v00/v0022	SES002	-4.36863	11.0417	15.4103
spk_ver/v00/v0023	SES002	-8.04343	9.15558	17.199
spk_ver/v00/v0024	SES002	-9.15219	5.15899	14.3112
spk_ver/v00/v0025	SES002	-6.2352	8.9727	15.2079
spk_ver/v00/v0026	SES002	-6.42953	8.70303	15.1326
spk_ver/v00/v0027	SES129	1.30032	15.8912	14.5909
spk_ver/v00/v0028	SES007	-3.03608	12.3999	15.436
spk_ver/v00/v0029	SES083	-0.527428	16.038	16.5655
spk_ver/v00/v0030	SES019	2.37047	16.4151	14.0446
spk_ver/v00/v0031	SES007	-2.68625	11.9379	14.6241
spk_ver/v00/v0032	SES270	0.665586	15.2396	14.574
spk_ver/v00/v0033	SES007	-3.52956	11.2448	14.7743
spk_ver/v00/v0034	SES007	-3.76267	10.5242	14.2869
spk_ver/v00/v0035	SES007	-1.89582	14.0652	15.961
spk_ver/v00/v0036	SES007	-1.38918	10.6353	12.0245
spk_ver/v00/v0037	SES007	-5.21548	10.4552	15.6707
spk_ver/v00/v0038	SES259	2.756	18.5772	15.8212
spk_ver/v00/v0039	SES007	-3.90203	8.1439	12.0459
spk_ver/v00/v0040	SES007	-4.96897	12.3176	17.2866
spk_ver/v00/v0041	SES007	-2.6023	11.9105	14.5128
spk_ver/v00/v0042	SES007	-2.62546	9.26326	11.8887
spk_ver/v00/v0043	SES007	-2.35848	12.251	14.6095
spk_ver/v00/v0044	SES007	-4.21895	13.5092	17.7281
spk_ver/v00/v0045	SES007	-2.75732	13.3495	16.1068
spk_ver/v00/v0046	SES007	-2.38693	12.8357	15.2226
spk_ver/v00/v0047	SES172	0.111227	15.6618	15.5506
spk_ver/v00/v0048	SES105	1.24608	15.4163	14.1703
spk_ver/v00/v0049	SES007	-2.41117	14.1448	16.5559
spk_ver/v00/v0050	SES292	-1.14973	14.42	15.5697
spk_ver/v00/v0051	SES007	-2.11537	12.9011	15.0164
spk_ver/v00/v0052	SES068	0.390596	17.0782	16.6876
spk_ver/v00/v0053	SES008	-2.40202	14.0686	16.4706
spk_ver/v00/v0054	SES008	-3.45561	10.5988	14.0544
spk_ver/v00/v0055	SES008	-2.66518	12.7335	15.3986
spk_ver/v00/v0056	SES008	-7.00263	7.88572	14.8883
spk_ver/v00/v0057	SES008	-5.32223	10.1365	15.4588
spk_ver/v00/v0058	SES083	0.251549	15.8928	15.6413
spk_ver/v00/v0059	SES158	0.954999	15.6214	14.6664
spk_ver/v00/v0060	SES008	-4.4515	10.2225	14.674
spk_ver/v00/v0061	SES101	-0.773694	15.0347	15.8084
spk_ver/v00/v0062	SES008	-4.10268	10.5925	14.6952
spk_ver/v00/v0063	SES008	-4.10337	11.2899	15.3933
spk_ver/v00/v0064	SES117	1.15375	15.4324	14.2786
spk_ver/v00/v0065	SES149	1.30514	17.7239	16.4188
spk_ver/v00/v0066	SES008	-0.71349	15.2649	15.9784
spk_ver/v00/v0067	SES008	-3.37792	10.0839	13.4618
spk_ver/v00/v0068	SES162	0.10313	14.458	14.3549
spk_ver/v00/v0069	SES008	-9.35156	6.1781	15.5297
spk_ver/v00/v0070	SES008	-1.39779	14.2926	15.6904
spk_ver/v00/v0071	SES008	-4.25399	11.8174	16.0714
spk_ver/v00/v0072	SES008	-2.194	15.3397	17.5337
spk_ver/v00/v0073	SES008	-3.26672	12.8229	16.0896
spk_ver/v00/v0074	SES008	-5.25361	9.17888	14.4325
spk_ver/v00/v0075	SES008	-9.01397	5.13222	14.1462
spk_ver/v00/v0076	SES167	1.51038	16.8098	15.2994
spk_ver/v00/v0077	SES008	-2.99636	13.3932	16.3896
spk_ver/v00/v0078	SES177	0.713081	16.7141	16.001
spk_ver/v00/v0079	SES008	-3.23094	11.5258	14.7568
spk_ver/v00/v0080	SES008	-3.88052	10.9404	14.8209
spk_ver/v00/v0081	SES008	-7.07776	6.21057	13.2883
spk_ver/v00/v0082	SES008	-4.21722	11.3375	15.5547
spk_ver/v00/v0083	SES008	-7.707	5.36688	13.0739
spk_ver/v00/v0084	SES144	1.07558	16.5208	15.4452
spk_ver/v00/v0085	SES008	-3.39651	11.9206	15.3171
spk_ver/v00/v0086	SES008	-3.61337	13.4824	17.0958
spk_ver/v00/v0087	SES008	-6.76352	8.34788	15.1114
spk_ver/v00/v0088	SES008	-2.53767	14.7542	17.2919
spk_ver/v00/v0089	SES008	-2.74954	10.6891	13.4386
spk_ver/v00/v0090	SES142	1.60984	14.9553	13.3455
spk_ver/v00/v0091	SES008	-5.58155	9.86616	15.4477
spk_ver/v00/v0092	SES158	0.672269	14.7776	14.1054
spk_ver/v00/v0093	SES014	-3.04884	13.2149	16.2638
spk_ver/v00/v0094	SES014	-5.44645	6.95848	12.4049
spk_ver/v00/v0095	SES014	-2.35541	14.6853	17.0407
spk_ver/v00/v0096	SES014	-10.4061	3.47657	13.8827
spk_ver/v00/v0097	SES014	-3.37025	10.5543	13.9246
spk_ver/v00/v0098	SES014	-2.89156	13.4353	16.3268
spk_ver/v00/v0099	SES014	-4.42654	9.55748	13.984
spk_ver/v01/v0100	SES127	-0.142105	15.69	15.8321
spk_ver/v01/v0101	SES014	-6.91166	6.51538	13.427
spk_ver/v01/v0102	SES014	-6.10546	7.78495	13.8904
spk_ver/v01/v0103	SES014	-6.80912	7.12929	13.9384
spk_ver/v01/v0104	SES014	-7.31529	7.44999	14.7653
spk_ver/v01/v0105	SES014	-5.4861	7.06478	12.5509
spk_ver/v01/v0106	SES014	-4.99183	9.26401	14.2558
spk_ver/v01/v0107	SES014	-7.78956	8.74256	16.5321
spk_ver/v01/v0108	SES014	-8.29273	5.93686	14.2296
spk_ver/v01/v0109	SES014	-3.92344	8.93891	12.8623
spk_ver/v01/v0110	SES014	-5.0804	8.62801	13.7084
spk_ver/v01/v0111	SES014	-2.65598	13.7664	16.4224
spk_ver/v01/v0112	SES014	-5.18288	10.6797	15.8626
spk_ver/v01/v0113	SES104	-0.607459	14.8561	15.4636
spk_ver/v01/v0114	SES082	0.225712	16.7532	16.5274
spk_ver/v01/v0115	SES087	0.953753	16.2067	15.253
spk_ver/v01/v0116	SES014	-3.40108	11.5618	14.9629
spk_ver/v01/v0117	SES177	-0.368922	15.0274	15.3963
spk_ver/v01/v0118	SES014	-4.68559	8.28419	12.9698
spk_ver/v01/v0119	SES014	-2.23201	13.2396	15.4716
spk_ver/v01/v0120	SES014	-7.78448	7.08946	14.8739
spk_ver/v01/v0121	SES146	-0.413917	14.9368	15.3507
spk_ver/v01/v0122	SES014	1.69561	18.5381	16.8425
spk_ver/v01/v0123	SES014	-4.12027	12.0301	16.1503
spk_ver/v01/v0124	SES014	-11.2622	3.94983	15.212
spk_ver/v01/v0125	SES014	-6.08351	8.84568	14.9292
spk_ver/v01/v0126	SES016	-3.41428	11.3136	14.7278
spk_ver/v01/v0127	SES016	-3.72295	9.3877	13.1106
spk_ver/v01/v0128	SES106	1.92918	17.2	15.2708
spk_ver/v01/v0129	SES016	-5.17132	10.6036	15.7749
spk_ver/v01/v0130	SES016	-3.96846	11.2072	15.1757
spk_ver/v01/v0131	SES016	-6.5588	7.77685	14.3357
spk_ver/v01/v0132	SES016	-3.69821	11.7133	15.4115
spk_ver/v01/v0133	SES016	-4.17346	12.3382	16.5117
spk_ver/v01/v0134	SES016	-3.43919	12.6344	16.0736
spk_ver/v01/v0135	SES016	-6.40241	9.09455	15.497
spk_ver/v01/v0136	SES016	-6.03935	8.58464	14.624
spk_ver/v01/v0137	SES007	0.679381	14.8174	14.138
spk_ver/v01/v0138	SES016	-1.79691	13.9177	15.7146
spk_ver/v01/v0139	SES016	-3.01438	12.649	15.6634
spk_ver/v01/v0140	SES016	1.16806	17.3527	16.1846
spk_ver/v01/v0141	SES016	-10.3806	1.55458	11.9351
spk_ver/v01/v0142	SES016	-7.62221	7.79951	15.4217
spk_ver/v01/v0143	SES016	-6.31708	6.54496	12.862
spk_ver/v01/v0144	SES016	-5.69138	10.4044	16.0958
spk_ver/v01/v0145	SES016	-7.3659	5.79927	13.1652
spk_ver/v01/v0146	SES016	-2.43682	13.0662	15.503
spk_ver/v01/v0147	SES016	-3.0843	13.0659	16.1502
spk_ver/v01/v0148	SES127	0.471437	15.5339	15.0625
spk_ver/v01/v0149	SES016	-4.57719	10.1953	14.7725
spk_ver/v01/v0150	SES016	-3.503	11.9621	15.4651
spk_ver/v01/v0151	SES147	0.897908	14.1771	13.2792
spk_ver/v01/v0152	SES016	-2.76277	11.9731	14.7359
spk_ver/v01/v0153	SES104	1.1574	18.1283	16.9709
spk_ver/v01/v0154	SES016	-5.52189	8.86395	14.3858
spk_ver/v01/v0155	SES016	-4.36156	9.37792	13.7395
spk_ver/v01/v0156	SES019	-2.12049	11.5607	13.6812
spk_ver/v01/v0157	SES019	-4.39453	12.6507	17.0453
spk_ver/v01/v0158	SES019	-1.57071	13.8043	15.375
spk_ver/v01/v0159	SES007	0.718846	15.7994	15.0805
spk_ver/v01/v0160	SES019	-3.73879	12.5708	16.3096
spk_ver/v01/v0161	SES019	-4.80831	8.9949	13.8032
spk_ver/v01/v0162	SES019	-4.93474	11.8191	16.7539
spk_ver/v01/v0163	SES189	1.26179	15.6907	14.4289
spk_ver/v01/v0164	SES019	-3.72102	12.0816	15.8026
spk_ver/v01/v0165	SES019	-2.80283	10.5179	13.3207
spk_ver/v01/v0166	SES019	-6.19366	10.3252	16.5189
spk_ver/v01/v0167	SES019	-5.24548	8.85914	14.1046
spk_ver/v01/v0168	SES019	-3.64497	7.46274	11.1077
spk_ver/v01/v0169	SES019	-5.92177	8.31145	14.2332
spk_ver/v01/v0170	SES270	1.0301	15.539	14.5089
spk_ver/v01/v0171	SES019	-3.71501	11.1388	14.8538
spk_ver/v01/v0172	SES019	-6.18895	8.23817	14.4271
spk_ver/v01/v0173	SES206	0.959894	16.2853	15.3254
spk_ver/v01/v0174	SES019	-4.08273	9.7927	13.8754
spk_ver/v01/v0175	SES014	1.83882	18.8186	16.9798
spk_ver/v01/v0176	SES019	-5.93277	10.0432	15.976
spk_ver/v01/v0177	SES120	0.880731	14.9937	14.113
spk_ver/v01/v0178	SES019	-3.1635	10.0568	13.2203
spk_ver/v01/v0179	SES019	-7.23694	10.1848	17.4217
spk_ver/v01/v0180	SES175	0.0990267	14.9868	14.8878
spk_ver/v01/v0181	SES019	-5.62081	8.3558	13.9766
spk_ver/v01/v0182	SES019	-5.95087	10.7584	16.7092
spk_ver/v01/v0183	SES029	-3.43286	12.034	15.4669
spk_ver/v01/v0184	SES029	-7.75792	7.5272	15.2851
spk_ver/v01/v0185	SES029	-3.65745	12.6579	16.3154
spk_ver/v01/v0186	SES068	0.641447	17.1178	16.4763
spk_ver/v01/v0187	SES029	-6.18745	8.90616	15.0936
spk_ver/v01/v0188	SES029	-4.58432	12.1297	16.7141
spk_ver/v01/v0189	SES149	2.27598	18.4905	16.2146
spk_ver/v01/v0190	SES029	-5.11185	11.3892	16.5011
spk_ver/v01/v0191	SES029	-4.79149	9.93419	14.7257
spk_ver/v01/v0192	SES183	1.21397	16.8969	15.6829
spk_ver/v01/v0193	SES029	-3.56839	11.7848	15.3532
spk_ver/v01/v0194	SES016	1.41578	17.1493	15.7335
spk_ver/v01/v0195	SES029	-4.71328	10.9439	15.6571
spk_ver/v01/v0196	SES029	-2.34109	12.2453	14.5864
spk_ver/v01/v0197	SES029	-4.98125	11.5	16.4813
spk_ver/v01/v0198	SES146	0.0452862	14.3258	14.2805
spk_ver/v01/v0199	SES029	-5.68154	7.69755	13.3791
spk_ver/v02/v0200	SES029	-3.40313	12.1999	15.6031
spk_ver/v02/v0201	SES068	0.767389	17.4818	16.7144
spk_ver/v02/v0202	SES148	1.9986	15.8017	13.8031
spk_ver/v02/v0203	SES029	-4.03853	10.9525	14.9911
spk_ver/v02/v0204	SES029	-2.57086	12.6433	15.2141
spk_ver/v02/v0205	SES060	0.329958	17.7985	17.4685
spk_ver/v02/v0206	SES127	1.50798	18.4362	16.9282
spk_ver/v02/v0207	SES029	-5.20581	9.75119	14.957
spk_ver/v02/v0208	SES048	1.52929	15.3917	13.8624
spk_ver/v02/v0209	SES029	-2.51452	13.0645	15.579
spk_ver/v02/v0210	SES029	-4.12829	10.4984	14.6266
spk_ver/v02/v0211	SES029	-4.4986	11.3522	15.8508
spk_ver/v02/v0212	SES042	-9.26746	4.55165	13.8191
spk_ver/v02/v0213	SES085	1.19815	16.5486	15.3505
spk_ver/v02/v0214	SES206	1.30349	17.6687	16.3652
spk_ver/v02/v0215	SES144	0.330695	15.1788	14.8481
spk_ver/v02/v0216	SES042	-4.14701	10.8913	15.0383
spk_ver/v02/v0217	SES042	-4.48802	5.34905	9.83707
spk_ver/v02/v0218	SES042	-3.99059	12.1628	16.1534
spk_ver/v02/v0219	SES206	1.21095	18.2313	17.0203
spk_ver/v02/v0220	SES019	3.99913	17.7852	13.7861
spk_ver/v02/v0221	SES007	-0.137759	15.2995	15.4373
spk_ver/v02/v0222	SES042	-9.24508	5.0433	14.2884
spk_ver/v02/v0223	SES147	0.611091	13.8805	13.2694
spk_ver/v02/v0224	SES105	1.40736	15.3318	13.9245
spk_ver/v02/v0225	SES042	-2.9946	12.1466	15.1412
spk_ver/v02/v0226	SES275	1.04764	15.4038	14.3561
spk_ver/v02/v0227	SES042	-6.09602	8.00716	14.1032
spk_ver/v02/v0228	SES042	-6.14407	9.78519	15.9293
spk_ver/v02/v0229	SES042	-6.29996	9.97672	16.2767
spk_ver/v02/v0230	SES085	0.693398	18.0443	17.3509
spk_ver/v02/v0231	SES014	2.23331	19.5161	17.2828
spk_ver/v02/v0232	SES042	-3.5222	12.5146	16.0368
spk_ver/v02/v0233	SES048	-5.48346	10.1753	15.6587
spk_ver/v02/v0234	SES048	-4.90675	10.7371	15.6439
spk_ver/v02/v0235	SES029	0.339907	16.6435	16.3036
spk_ver/v02/v0236	SES048	-3.64611	12.8124	16.4586
spk_ver/v02/v0237	SES048	-6.04005	8.58995	14.63
spk_ver/v02/v0238	SES048	-3.29517	12.2354	15.5306
spk_ver/v02/v0239	SES060	1.17892	17.5592	16.3802
spk_ver/v02/v0240	SES048	-5.25986	8.87211	14.132
spk_ver/v02/v0241	SES048	-3.82001	11.9749	15.7949
spk_ver/v02/v0242	SES189	2.16282	16.0111	13.8483
spk_ver/v02/v0243	SES162	0.75878	15.3792	14.6204
spk_ver/v02/v0244	SES048	-7.10962	9.41332	16.5229
spk_ver/v02/v0245	SES048	-5.61493	9.05983	14.6748
spk_ver/v02/v0246	SES048	-5.63066	10.1131	15.7437
spk_ver/v02/v0247	SES048	-7.62998	5.67708	13.3071
spk_ver/v02/v0248	SES226	1.99059	17.2161	15.2255
spk_ver/v02/v0249	SES048	-2.73583	11.6311	14.367
spk_ver/v02/v0250	SES048	-4.16215	10.2095	14.3717
spk_ver/v02/v0251	SES048	-6.85061	6.86041	13.711
spk_ver/v02/v0252	SES060	-5.63946	8.13166	13.7711
spk_ver/v02/v0253	SES060	-7.42375	7.67816	15.1019
spk_ver/v02/v0254	SES259	2.72585	18.4464	15.7205
spk_ver/v02/v0255	SES060	-6.27646	7.50878	13.7852
spk_ver/v02/v0256	SES202	0.478336	14.4854	14.0071
spk_ver/v02/v0257	SES148	1.1171	16.4638	15.3467
spk_ver/v02/v0258	SES060	-6.65192	5.08841	11.7403
spk_ver/v02/v0259	SES060	-3.13919	12.9823	16.1215
spk_ver/v02/v0260	SES060	-4.61391	11.3987	16.0126
spk_ver/v02/v0261	SES099	2.33371	17.4743	15.1406
spk_ver/v02/v0262	SES060	-4.56417	10.8146	15.3788
spk_ver/v02/v0263	SES060	-4.40995	12.7367	17.1467
spk_ver/v02/v0264	SES292	-0.572139	14.9956	15.5677
spk_ver/v02/v0265	SES060	-3.0248	12.0675	15.0923
spk_ver/v02/v0266	SES060	-7.94682	5.88073	13.8276
spk_ver/v02/v0267	SES060	-7.20314	7.14119	14.3443
spk_ver/v02/v0268	SES060	-8.24395	3.76055	12.0045
spk_ver/v02/v0269	SES127	1.14432	17.0314	15.887
spk_ver/v02/v0270	SES060	-5.28505	9.50945	14.7945
spk_ver/v02/v0271	SES060	-2.55353	14.0581	16.6117
spk_ver/v02/v0272	SES060	-5.69253	7.23829	12.9308
spk_ver/v02/v0273	SES087	1.3116	16.7675	15.4559
spk_ver/v02/v0274	SES146	0.200607	14.1301	13.9295
spk_ver/v02/v0275	SES060	-5.26182	8.87	14.1318
spk_ver/v02/v0276	SES002	2.10087	17.4504	15.3495
spk_ver/v02/v0277	SES060	-3.02013	13.2465	16.2666
spk_ver/v02/v0278	SES060	-6.43055	7.57655	14.0071
spk_ver/v02/v0279	SES060	-7.82617	8.1433	15.9695
spk_ver/v02/v0280	SES129	2.24264	16.9811	14.7385
spk_ver/v02/v0281	SES162	0.893391	15.5871	14.6937
spk_ver/v02/v0282	SES060	-5.00728	9.8539	14.8612
spk_ver/v02/v0283	SES060	-4.76983	11.69	16.4599
spk_ver/v02/v0284	SES062	-4.72044	7.74992	12.4704
spk_ver/v02/v0285	SES062	-6.39599	8.55933	14.9553
spk_ver/v02/v0286	SES120	-0.306474	13.4163	13.7227
spk_ver/v02/v0287	SES062	-5.0055	9.70141	14.7069
spk_ver/v02/v0288	SES062	-4.83	9.79342	14.6234
spk_ver/v02/v0289	SES062	-4.34221	11.9725	16.3147
spk_ver/v02/v0290	SES062	-3.42916	12.3978	15.8269
spk_ver/v02/v0291	SES275	-0.0285492	14.5637	14.5923
spk_ver/v02/v0292	SES062	-3.94801	10.9809	14.9289
spk_ver/v02/v0293	SES062	-5.03147	10.4799	15.5114
spk_ver/v02/v0294	SES062	-5.22693	10.6236	15.8505
spk_ver/v02/v0295	SES062	-3.56019	10.7653	14.3255
spk_ver/v02/v0296	SES062	-4.33118	10.6824	15.0135
spk_ver/v02/v0297	SES062	-5.66471	8.95152	14.6162
spk_ver/v02/v0298	SES062	-3.53567	10.5701	14.1058
spk_ver/v02/v0299	SES062	-3.65069	12.2324	15.8831
spk_ver/v03/v0300	SES062	-4.56079	10.6432	15.204
spk_ver/v03/v0301	SES062	-2.55462	13.1075	15.6621
spk_ver/v03/v0302	SES172	-0.100113	17.0851	17.1852
spk_ver/v03/v0303	SES062	-2.86768	12.4662	15.3338
spk_ver/v03/v0304	SES062	-4.35625	9.77399	14.1302
spk_ver/v03/v0305	SES062	-3.53653	11.4608	14.9973
spk_ver/v03/v0306	SES062	-5.40821	8.03937	13.4476
spk_ver/v03/v0307	SES062	-4.21877	11.429	15.6477
spk_ver/v03/v0308	SES062	-3.893	10.7046	14.5976
spk_ver/v03/v0309	SES062	-4.40545	8.12579	12.5312
spk_ver/v03/v0310	SES125	1.07811	17.8448	16.7667
spk_ver/v03/v0311	SES062	-3.00929	12.6104	15.6197
spk_ver/v03/v0312	SES062	-6.12911	7.82691	13.956
spk_ver/v03/v0313	SES062	-4.13902	10.6141	14.7531
spk_ver/v03/v0314	SES068	-5.16222	10.344	15.5063
spk_ver/v03/v0315	SES068	-4.20571	11.5806	15.7863
spk_ver/v03/v0316	SES068	-3.56688	10.8362	14.4031
spk_ver/v03/v0317	SES068	-2.75637	11.0743	13.8307
spk_ver/v03/v0318	SES068	-4.25918	12.4057	16.6648
spk_ver/v03/v0319	SES068	-8.81622	4.65196	13.4682
spk_ver/v03/v0320	SES068	-2.23861	13.2228	15.4614
spk_ver/v03/v0321	SES068	-2.45293	12.1923	14.6453
spk_ver/v03/v0322	SES068	-2.03465	11.9532	13.9878
spk_ver/v03/v0323	SES068	-2.94779	12.9094	15.8572
spk_ver/v03/v0324	SES144	-0.285808	13.2276	13.5134
spk_ver/v03/v0325	SES068	-3.17983	12.9029	16.0827
spk_ver/v03/v0326	SES068	-1.52313	14.5651	16.0883
spk_ver/v03/v0327	SES068	-3.28817	12.5175	15.8056
spk_ver/v03/v0328	SES068	-6.11777	7.9457	14.0635
spk_ver/v03/v0329	SES068	-3.37019	12.1913	15.5615
spk_ver/v03/v0330	SES180	-0.0800905	14.8959	14.976
spk_ver/v03/v0331	SES068	-1.47649	13.6507	15.1271
spk_ver/v03/v0332	SES275	1.04903	15.8648	14.8157
spk_ver/v03/v0333	SES062	1.13138	18.8848	17.7534
spk_ver/v03/v0334	SES270	1.12234	15.0908	13.9684
spk_ver/v03/v0335	SES068	-9.34136	3.47459	12.816
spk_ver/v03/v0336	SES068	-2.00828	15.5324	17.5407
spk_ver/v03/v0337	SES068	-2.9701	11.2718	14.2419
spk_ver/v03/v0338	SES068	-4.38096	9.82825	14.2092
spk_ver/v03/v0339	SES068	-2.47536	12.7923	15.2677
spk_ver/v03/v0340	SES068	-3.01826	10.6792	13.6975
spk_ver/v03/v0341	SES016	1.43083	18.2913	16.8605
spk_ver/v03/v0342	SES068	-3.69443	10.4512	14.1457
spk_ver/v03/v0343	SES068	-3.66387	10.5637	14.2276
spk_ver/v03/v0344	SES125	1.01709	16.7759	15.7588
spk_ver/v03/v0345	SES187	0.641864	16.2346	15.5927
spk_ver/v03/v0346	SES068	-4.25148	11.5221	15.7736
spk_ver/v03/v0347	SES143	0.894157	15.1075	14.2133
spk_ver/v03/v0348	SES292	0.493196	15.8563	15.3631
spk_ver/v03/v0349	SES082	-6.66946	9.1495	15.819
spk_ver/v03/v0350	SES101	0.520767	16.8632	16.3425
spk_ver/v03/v0351	SES082	-1.58491	12.8619	14.4469
spk_ver/v03/v0352	SES082	-3.28625	9.77362	13.0599
spk_ver/v03/v0353	SES082	-4.93515	10.0699	15.0051
spk_ver/v03/v0354	SES082	-9.68146	4.06976	13.7512
spk_ver/v03/v0355	SES083	0.599804	17.2275	16.6277
spk_ver/v03/v0356	SES082	-4.35039	9.58539	13.9358
spk_ver/v03/v0357	SES082	-5.58128	8.76081	14.3421
spk_ver/v03/v0358	SES082	-2.56177	12.2087	14.7704
spk_ver/v03/v0359	SES117	0.358235	13.2828	12.9246
spk_ver/v03/v0360	SES082	-7.58381	8.61792	16.2017
spk_ver/v03/v0361	SES082	-3.3505	11.1813	14.5318
spk_ver/v03/v0362	SES007	1.0233	15.8193	14.796
spk_ver/v03/v0363	SES082	-4.22437	11.0308	15.2551
spk_ver/v03/v0364	SES019	2.5185	17.2302	14.7117
spk_ver/v03/v0365	SES082	-1.9873	12.4388	14.4261
spk_ver/v03/v0366	SES226	1.6681	17.1785	15.5104
spk_ver/v03/v0367	SES167	1.30273	17.55	16.2473
spk_ver/v03/v0368	SES082	-4.19088	12.1512	16.3421
spk_ver/v03/v0369	SES042	2.9405	19.7033	16.7628
spk_ver/v03/v0370	SES042	1.71991	18.0668	16.3469
spk_ver/v03/v0371	SES082	-6.68068	8.43028	15.111
spk_ver/v03/v0372	SES082	-2.8105	13.7642	16.5747
spk_ver/v03/v0373	SES082	-6.09486	9.67953	15.7744
spk_ver/v03/v0374	SES083	-3.07241	14.2722	17.3446
spk_ver/v03/v0375	SES292	-0.164547	15.4911	15.6556
spk_ver/v03/v0376	SES083	-4.34298	11.516	15.859
spk_ver/v03/v0377	SES083	-5.78439	8.47748	14.2619
spk_ver/v03/v0378	SES083	-1.78341	12.4291	14.2126
spk_ver/v03/v0379	SES083	-1.92173	12.6694	14.5911
spk_ver/v03/v0380	SES083	-3.71006	11.1073	14.8174
spk_ver/v03/v0381	SES083	-4.24664	10.6794	14.926
spk_ver/v03/v0382	SES148	-0.377341	15.6207	15.998
spk_ver/v03/v0383	SES083	-2.61949	13.388	16.0075
spk_ver/v03/v0384	SES226	1.33063	16.8925	15.5619
spk_ver/v03/v0385	SES226	2.0497	17.8969	15.8472
spk_ver/v03/v0386	SES087	1.30622	16.2588	14.9526
spk_ver/v03/v0387	SES029	0.94895	16.5654	15.6164
spk_ver/v03/v0388	SES147	0.851969	15.1804	14.3284
spk_ver/v03/v0389	SES083	-5.77984	7.87749	13.6573
spk_ver/v03/v0390	SES189	1.8596	16.1369	14.2773
spk_ver/v03/v0391	SES083	-2.30463	13.3278	15.6324
spk_ver/v03/v0392	SES083	-1.31986	15.2056	16.5255
spk_ver/v03/v0393	SES083	-4.115	11.163	15.278
spk_ver/v03/v0394	SES083	-5.13815	9.18993	14.3281
spk_ver/v03/v0395	SES083	-2.62336	13.5861	16.2095
spk_ver/v03/v0396	SES014	2.58798	20.4183	17.8303
spk_ver/v03/v0397	SES085	-0.859306	16.8931	17.7524
spk_ver/v03/v0398	SES085	-3.09961	13.6456	16.7452
spk_ver/v03/v0399	SES085	-3.61986	11.4792	15.0991
spk_ver/v04/v0400	SES106	1.70079	17.3941	15.6933
spk_ver/v04/v0401	SES085	-6.43971	8.68252	15.1222
spk_ver/v04/v0402	SES085	-9.30716	2.73323	12.0404
spk_ver/v04/v0403	SES085	-1.77979	14.1242	15.904
spk_ver/v04/v0404	SES180	0.688401	16.2044	15.516
spk_ver/v04/v0405	SES129	1.4436	17.1612	15.7176
spk_ver/v04/v0406	SES085	-6.72446	8.5652	15.2897
spk_ver/v04/v0407	SES146	-0.117487	13.5519	13.6694
spk_ver/v04/v0408	SES085	-2.29566	13.8747	16.1704
spk_ver/v04/v0409	SES085	-5.04054	9.48655	14.5271
spk_ver/v04/v0410	SES085	-4.97002	11.5744	16.5444
spk_ver/v04/v0411	SES292	0.431175	15.2965	14.8653
spk_ver/v04/v0412	SES085	-2.46137	14.0336	16.495
spk_ver/v04/v0413	SES125	1.61432	17.8124	16.198
spk_ver/v04/v0414	SES085	-4.32635	10.1703	14.4966
spk_ver/v04/v0415	SES085	-3.23937	13.0726	16.3119
spk_ver/v04/v0416	SES085	-2.37102	13.3909	15.762
spk_ver/v04/v0417	SES062	1.0183	18.7236	17.7053
spk_ver/v04/v0418	SES060	1.55744	17.3684	15.811
spk_ver/v04/v0419	SES085	-2.17357	13.7657	15.9393
spk_ver/v04/v0420	SES085	-8.78081	7.39689	16.1777
spk_ver/v04/v0421	SES085	-7.78247	5.34159	13.1241
spk_ver/v04/v0422	SES085	-2.86841	10.7992	13.6676
spk_ver/v04/v0423	SES085	-5.56716	8.97467	14.5418
spk_ver/v04/v0424	SES085	-5.77499	6.99263	12.7676
spk_ver/v04/v0425	SES183	0.076437	14.8489	14.7725
spk_ver/v04/v0426	SES085	-6.30259	8.36083	14.6634
spk_ver/v04/v0427	SES087	-4.49201	9.7895	14.2815
spk_ver/v04/v0428	SES162	0.742095	16.1436	15.4015
spk_ver/v04/v0429	SES087	-1.92663	13.6399	15.5665
spk_ver/v04/v0430	SES087	-5.29083	10.6354	15.9262
spk_ver/v04/v0431	SES087	-5.2263	8.86383	14.0901
spk_ver/v04/v0432	SES087	-4.84823	9.08596	13.9342
spk_ver/v04/v0433	SES087	-3.99225	12.417	16.4092
spk_ver/v04/v0434	SES142	2.14664	16.3668	14.2201
spk_ver/v04/v0435	SES087	-5.39479	8.96236	14.3572
spk_ver/v04/v0436	SES099	1.50617	17.3996	15.8934
spk_ver/v04/v0437	SES087	-2.17905	14.184	16.363
spk_ver/v04/v0438	SES087	-5.78137	9.48757	15.2689
spk_ver/v04/v0439	SES087	-2.8692	13.392	16.2612
spk_ver/v04/v0440	SES087	-3.71437	12.4273	16.1417
spk_ver/v04/v0441	SES087	-6.08948	8.98677	15.0762
spk_ver/v04/v0442	SES187	1.24796	15.771	14.523
spk_ver/v04/v0443	SES172	0.962572	17.002	16.0394
spk_ver/v04/v0444	SES087	-3.27649	10.9765	14.253
spk_ver/v04/v0445	SES087	-3.40625	12.0763	15.4826
spk_ver/v04/v0446	SES087	-1.54327	14.1763	15.7196
spk_ver/v04/v0447	SES087	-3.16809	13.1232	16.2913
spk_ver/v04/v0448	SES106	2.07656	15.4197	13.3431
spk_ver/v04/v0449	SES146	0.369235	14.7255	14.3563
spk_ver/v04/v0450	SES087	-5.2025	9.59299	14.7955
spk_ver/v04/v0451	SES087	-2.97586	12.341	15.3169
spk_ver/v04/v0452	SES007	0.877144	15.5376	14.6604
spk_ver/v04/v0453	SES087	-4.08751	10.1694	14.2569
spk_ver/v04/v0454	SES087	-7.01501	8.25235	15.2674
spk_ver/v04/v0455	SES180	0.299481	15.4346	15.1351
spk_ver/v04/v0456	SES099	-6.33162	8.81933	15.1509
spk_ver/v04/v0457	SES042	1.44226	17.5549	16.1127
spk_ver/v04/v0458	SES099	-1.71779	13.0051	14.7228
spk_ver/v04/v0459	SES099	-6.19675	9.28001	15.4768
spk_ver/v04/v0460	SES099	-5.66726	8.15385	13.8211
spk_ver/v04/v0461	SES099	-3.12389	13.1631	16.287
spk_ver/v04/v0462	SES082	2.17141	18.1992	16.0278
spk_ver/v04/v0463	SES099	-1.42633	13.9246	15.351
spk_ver/v04/v0464	SES099	-0.201635	15.3715	15.5731
spk_ver/v04/v0465	SES099	-6.0774	9.00422	15.0816
spk_ver/v04/v0466	SES099	-1.98141	13.5329	15.5143
spk_ver/v04/v0467	SES099	-0.846064	13.7867	14.6328
spk_ver/v04/v0468	SES129	2.13002	17.6058	15.4758
spk_ver/v04/v0469	SES101	0.39372	15.2437	14.85
spk_ver/v04/v0470	SES099	-6.12118	8.27997	14.4011
spk_ver/v04/v0471	SES172	1.16824	16.5259	15.3576
spk_ver/v04/v0472	SES099	-0.755217	13.3655	14.1207
spk_ver/v04/v0473	SES270	3.10585	17.6049	14.499
spk_ver/v04/v0474	SES099	-5.67026	10.342	16.0122
spk_ver/v04/v0475	SES099	-3.09119	13.1505	16.2417
spk_ver/v04/v0476	SES099	-4.92651	7.97393	12.9004
spk_ver/v04/v0477	SES002	1.57261	17.9067	16.3341
spk_ver/v04/v0478	SES099	-1.27144	13.8918	15.1633
spk_ver/v04/v0479	SES007	-0.70876	13.9248	14.6336
spk_ver/v04/v0480	SES101	-6.23204	9.72628	15.9583
spk_ver/v04/v0481	SES101	-4.68541	9.72413	14.4095
spk_ver/v04/v0482	SES175	0.146853	14.8611	14.7143
spk_ver/v04/v0483	SES101	-4.26539	10.4922	14.7576
spk_ver/v04/v0484	SES101	-6.1984	11.7762	17.9746
spk_ver/v04/v0485	SES101	-1.66971	12.7579	14.4276
spk_ver/v04/v0486	SES101	-2.40042	11.2471	13.6475
spk_ver/v04/v0487	SES101	-1.77784	14.2009	15.9788
spk_ver/v04/v0488	SES101	-7.99197	6.69472	14.6867
spk_ver/v04/v0489	SES147	0.795952	13.0124	12.2164
spk_ver/v04/v0490	SES085	-1.78146	12.8543	14.6357
spk_ver/v04/v0491	SES101	-3.91945	10.0307	13.9502
spk_ver/v04/v0492	SES101	-7.22065	5.81905	13.0397
spk_ver/v04/v0493	SES101	-5.01075	11.5244	16.5351
spk_ver/v04/v0494	SES101	-2.95989	12.018	14.9779
spk_ver/v04/v0495	SES101	-1.91148	15.1514	17.0629
spk_ver/v04/v0496	SES101	-3.30568	12.8255	16.1312
spk_ver/v04/v0497	SES014	2.32528	20.1259	17.8007
spk_ver/v04/v0498	SES101	-4.92953	10.0732	15.0027
spk_ver/v04/v0499	SES101	-3.64018	12.3626	16.0028
spk_ver/v05/v0500	SES085	0.216866	17.5114	17.2945
spk_ver/v05/v0501	SES101	-6.57636	9.19385	15.7702
spk_ver/v05/v0502	SES275	0.655495	14.8312	14.1757
spk_ver/v05/v0503	SES117	0.43148	14.7217	14.2902
spk_ver/v05/v0504	SES101	-6.07252	9.20032	15.2728
spk_ver/v05/v0505	SES101	-3.75012	11.0916	14.8417
spk_ver/v05/v0506	SES101	-3.05015	11.6683	14.7185
spk_ver/v05/v0507	SES048	0.746689	17.4989	16.7522
spk_ver/v05/v0508	SES117	0.266897	13.9481	13.6812
spk_ver/v05/v0509	SES202	2.45065	16.2784	13.8278
spk_ver/v05/v0510	SES104	-4.63814	8.41899	13.0571
spk_ver/v05/v0511	SES008	1.36948	15.2637	13.8942
spk_ver/v05/v0512	SES104	-2.85297	10.8715	13.7245
spk_ver/v05/v0513	SES104	-3.62118	12.3912	16.0124
spk_ver/v05/v0514	SES104	-5.72738	10.2078	15.9352
spk_ver/v05/v0515	SES104	-8.12767	8.05573	16.1834
spk_ver/v05/v0516	SES104	-3.72538	8.02785	11.7532
spk_ver/v05/v0517	SES060	0.678713	18.3843	17.7056
spk_ver/v05/v0518	SES104	-6.97777	7.64267	14.6204
spk_ver/v05/v0519	SES104	-7.9401	5.70628	13.6464
spk_ver/v05/v0520	SES104	-2.05902	14.9231	16.9821
spk_ver/v05/v0521	SES008	0.632515	17.4397	16.8072
spk_ver/v05/v0522	SES068	1.00716	16.8749	15.8677
spk_ver/v05/v0523	SES087	0.960855	17.2496	16.2887
spk_ver/v05/v0524	SES104	-2.60036	12.295	14.8953
spk_ver/v05/v0525	SES104	-2.07894	13.2398	15.3188
spk_ver/v05/v0526	SES104	-2.90895	12.8046	15.7135
spk_ver/v05/v0527	SES083	0.697733	16.3222	15.6245
spk_ver/v05/v0528	SES148	1.38404	15.4736	14.0896
spk_ver/v05/v0529	SES104	-4.147	10.3158	14.4628
spk_ver/v05/v0530	SES104	-7.44692	7.69825	15.1452
spk_ver/v05/v0531	SES125	1.06055	16.2486	15.188
spk_ver/v05/v0532	SES104	-8.54817	6.02328	14.5715
spk_ver/v05/v0533	SES149	2.22679	19.305	17.0782
spk_ver/v05/v0534	SES104	-5.4851	10.2186	15.7037
spk_ver/v05/v0535	SES187	0.37993	14.8337	14.4537
spk_ver/v05/v0536	SES104	-3.48266	12.1688	15.6515
spk_ver/v05/v0537	SES104	-3.42949	10.7711	14.2006
spk_ver/v05/v0538	SES167	1.09712	16.8828	15.7857
spk_ver/v05/v0539	SES104	-2.8352	9.51167	12.3469
spk_ver/v05/v0540	SES104	-7.92384	9.90027	17.8241
spk_ver/v05/v0541	SES183	0.944938	14.5069	13.562
spk_ver/v05/v0542	SES104	-2.3311	12.1158	14.4469
spk_ver/v05/v0543	SES104	-8.07644	8.1035	16.1799
spk_ver/v05/v0544	SES105	-5.5327	10.3729	15.9056
spk_ver/v05/v0545	SES105	-3.4204	11.4053	14.8257
spk_ver/v05/v0546	SES105	-4.56521	10.2388	14.804
spk_ver/v05/v0547	SES105	-3.87581	10.1951	14.0709
spk_ver/v05/v0548	SES019	2.89557	16.7327	13.8372
spk_ver/v05/v0549	SES105	-2.94119	12.3153	15.2565
spk_ver/v05/v0550	SES105	-5.21963	8.73973	13.9594
spk_ver/v05/v0551	SES202	1.55188	13.9913	12.4394
spk_ver/v05/v0552	SES105	-4.89467	10.2829	15.1776
spk_ver/v05/v0553	SES105	-2.04665	13.5916	15.6383
spk_ver/v05/v0554	SES105	-2.76492	13.3206	16.0855
spk_ver/v05/v0555	SES105	-3.76664	10.0915	13.8581
spk_ver/v05/v0556	SES082	0.334915	16.3816	16.0467
spk_ver/v05/v0557	SES105	-5.23644	10.6878	15.9242
spk_ver/v05/v0558	SES014	1.183	17.5375	16.3545
spk_ver/v05/v0559	SES105	-3.17568	12.5279	15.7036
spk_ver/v05/v0560	SES177	-0.458276	15.1542	15.6125
spk_ver/v05/v0561	SES189	2.926	11.9867	9.06071
spk_ver/v05/v0562	SES105	-4.33938	9.15819	13.4976
spk_ver/v05/v0563	SES099	1.57046	15.327	13.7565
spk_ver/v05/v0564	SES105	-2.94406	13.2827	16.2268
spk_ver/v05/v0565	SES105	-4.72431	10.204	14.9283
spk_ver/v05/v0566	SES105	-6.42693	8.23562	14.6626
spk_ver/v05/v0567	SES142	1.54288	15.451	13.9081
spk_ver/v05/v0568	SES048	0.173662	14.7758	14.6021
spk_ver/v05/v0569	SES105	-4.8051	11.1923	15.9974
spk_ver/v05/v0570	SES105	-2.54916	13.0183	15.5675
spk_ver/v05/v0571	SES105	-3.90115	10.867	14.7682
spk_ver/v05/v0572	SES105	-6.44724	6.8241	13.2713
spk_ver/v05/v0573	SES105	-6.89633	7.32054	14.2169
spk_ver/v05/v0574	SES105	-1.55906	13.9202	15.4793
spk_ver/v05/v0575	SES105	-1.35027	13.6487	14.9989
spk_ver/v05/v0576	SES106	-5.22604	8.93979	14.1658
spk_ver/v05/v0577	SES106	-5.81812	8.56204	14.3802
spk_ver/v05/v0578	SES106	-5.8137	10.2984	16.1121
spk_ver/v05/v0579	SES106	-5.90226	9.2836	15.1859
spk_ver/v05/v0580	SES106	-3.08596	13.6399	16.7259
spk_ver/v05/v0581	SES106	-7.95157	7.5074	15.459
spk_ver/v05/v0582	SES106	-3.07762	10.5554	13.6331
spk_ver/v05/v0583	SES106	-2.30208	13.8664	16.1685
spk_ver/v05/v0584	SES106	-5.50159	8.10874	13.6103
spk_ver/v05/v0585	SES106	-1.15889	11.081	12.2399
spk_ver/v05/v0586	SES106	-5.47777	9.16939	14.6472
spk_ver/v05/v0587	SES106	-3.81186	9.70022	13.5121
spk_ver/v05/v0588	SES106	-5.80704	10.0658	15.8728
spk_ver/v05/v0589	SES106	-6.62678	9.90936	16.5361
spk_ver/v05/v0590	SES082	0.476619	15.2824	14.8058
spk_ver/v05/v0591	SES180	0.479266	15.9144	15.4352
spk_ver/v05/v0592	SES106	-2.97689	11.6158	14.5927
spk_ver/v05/v0593	SES106	-6.88612	7.40732	14.2934
spk_ver/v05/v0594	SES292	0.818414	16.5275	15.7091
spk_ver/v05/v0595	SES106	-2.15648	12.7271	14.8836
spk_ver/v05/v0596	SES106	-6.53449	9.10831	15.6428
spk_ver/v05/v0597	SES106	-7.22638	7.65569	14.8821
spk_ver/v05/v0598	SES042	1.43908	17.0988	15.6597
spk_ver/v05/v0599	SES106	-6.51799	7.50904	14.027
spk_ver/v06/v0600	SES106	-1.54804	11.3768	12.9248
spk_ver/v06/v0601	SES106	-2.59237	11.5379	14.1302
spk_ver/v06/v0602	SES106	-4.48625	10.6671	15.1533
spk_ver/v06/v0603	SES106	-5.44391	9.29333	14.7372
spk_ver/v06/v0604	SES106	-4.86852	9.79061	14.6591
spk_ver/v06/v0605	SES106	-6.29331	7.9496	14.2429
spk_ver/v06/v0606	SES048	1.48519	17.7698	16.2846
spk_ver/v06/v0607	SES167	1.82868	18.5402	16.7115
spk_ver/v06/v0608	SES106	-5.28387	9.54366	14.8275
spk_ver/v06/v0609	SES143	1.09773	15.7866	14.6889
spk_ver/v06/v0610	SES106	-9.89812	4.1548	14.0529
spk_ver/v06/v0611	SES106	-4.37775	10.4854	14.8632
spk_ver/v06/v0612	SES106	-7.34762	7.01795	14.3656
spk_ver/v06/v0613	SES117	-1.73436	14.3257	16.06
spk_ver/v06/v0614	SES117	-4.91117	10.401	15.3122
spk_ver/v06/v0615	SES117	-2.45544	12.2236	14.6791
spk_ver/v06/v0616	SES106	2.33	19.1115	16.7815
spk_ver/v06/v0617	SES142	1.85809	14.1835	12.3254
spk_ver/v06/v0618	SES048	1.47858	17.6827	16.2042
spk_ver/v06/v0619	SES175	0.586635	15.3041	14.7174
spk_ver/v06/v0620	SES180	0.61274	16.9524	16.3396
spk_ver/v06/v0621	SES117	-1.44263	11.6768	13.1194
spk_ver/v06/v0622	SES029	0.529013	15.887	15.358
spk_ver/v06/v0623	SES117	-2.70769	12.8609	15.5686
spk_ver/v06/v0624	SES117	-4.7378	9.45038	14.1882
spk_ver/v06/v0625	SES117	-3.16998	10.8864	14.0564
spk_ver/v06/v0626	SES106	1.53631	16.9201	15.3838
spk_ver/v06/v0627	SES226	2.25158	18.1392	15.8876
spk_ver/v06/v0628	SES117	-1.39429	14.2907	15.685
spk_ver/v06/v0629	SES117	-4.09129	12.7848	16.8761
spk_ver/v06/v0630	SES117	-4.38862	10.3679	14.7565
spk_ver/v06/v0631	SES117	-5.03943	7.20465	12.2441
spk_ver/v06/v0632	SES117	-2.23628	13.916	16.1522
spk_ver/v06/v0633	SES099	1.81579	16.829	15.0132
spk_ver/v06/v0634	SES105	1.7395	16.0956	14.3561
spk_ver/v06/v0635	SES167	0.267713	16.2458	15.9781
spk_ver/v06/v0636	SES117	-1.01672	14.0284	15.0451
spk_ver/v06/v0637	SES202	2.05569	15.6969	13.6413
spk_ver/v06/v0638	SES117	-3.49863	12.0258	15.5244
spk_ver/v06/v0639	SES167	0.852084	14.5904	13.7383
spk_ver/v06/v0640	SES117	-2.66915	12.739	15.4081
spk_ver/v06/v0641	SES117	-4.21706	10.8138	15.0309
spk_ver/v06/v0642	SES101	1.06818	17.148	16.0799
spk_ver/v06/v0643	SES068	0.841686	17.2091	16.3674
spk_ver/v06/v0644	SES120	-3.60654	10.1821	13.7887
spk_ver/v06/v0645	SES120	-2.41629	11.7904	14.2067
spk_ver/v06/v0646	SES172	0.542742	15.7447	15.202
spk_ver/v06/v0647	SES120	-4.3761	12.2015	16.5776
spk_ver/v06/v0648	SES120	-1.29253	14.842	16.1346
spk_ver/v06/v0649	SES120	-3.97709	8.71693	12.694
spk_ver/v06/v0650	SES087	1.4339	17.0161	15.5822
spk_ver/v06/v0651	SES120	-2.50919	12.0388	14.548
spk_ver/v06/v0652	SES104	0.0249119	13.643	13.6181
spk_ver/v06/v0653	SES129	1.71875	17.8247	16.1059
spk_ver/v06/v0654	SES120	-4.24286	10.1693	14.4121
spk_ver/v06/v0655	SES120	-2.48622	10.7697	13.2559
spk_ver/v06/v0656	SES120	-3.14238	12.635	15.7774
spk_ver/v06/v0657	SES147	0.241057	13.6403	13.3993
spk_ver/v06/v0658	SES120	-3.4389	11.2582	14.6971
spk_ver/v06/v0659	SES120	-3.02545	12.9805	16.0059
spk_ver/v06/v0660	SES120	-2.19477	13.1528	15.3476
spk_ver/v06/v0661	SES120	-3.02524	10.0833	13.1086
spk_ver/v06/v0662	SES120	-2.40289	14.1588	16.5617
spk_ver/v06/v0663	SES120	-3.15466	10.3003	13.455
spk_ver/v06/v0664	SES147	0.713798	15.637	14.9232
spk_ver/v06/v0665	SES162	0.695496	15.6274	14.9319
spk_ver/v06/v0666	SES120	-2.96892	12.7207	15.6896
spk_ver/v06/v0667	SES120	-1.86424	13.9648	15.829
spk_ver/v06/v0668	SES120	0.692801	16.207	15.5142
spk_ver/v06/v0669	SES142	1.71107	15.9127	14.2016
spk_ver/v06/v0670	SES106	2.47603	18.301	15.8249
spk_ver/v06/v0671	SES183	2.0436	15.5667	13.5231
spk_ver/v06/v0672	SES120	-1.83321	12.0299	13.8631
spk_ver/v06/v0673	SES029	-0.845743	14.6057	15.4514
spk_ver/v06/v0674	SES120	-2.0989	12.4173	14.5162
spk_ver/v06/v0675	SES008	1.79003	17.6299	15.8399
spk_ver/v06/v0676	SES125	-6.90323	5.86065	12.7639
spk_ver/v06/v0677	SES143	0.760039	14.5787	13.8187
spk_ver/v06/v0678	SES125	-6.85348	6.76818	13.6217
spk_ver/v06/v0679	SES162	0.186864	14.6708	14.4839
spk_ver/v06/v0680	SES125	-5.266	9.95625	15.2222
spk_ver/v06/v0681	SES125	-4.14128	10.9686	15.1099
spk_ver/v06/v0682	SES125	-6.71147	10.0769	16.7884
spk_ver/v06/v0683	SES226	1.14618	16.8039	15.6577
spk_ver/v06/v0684	SES125	-4.63182	9.41791	14.0497
spk_ver/v06/v0685	SES125	-6.85905	7.07666	13.9357
spk_ver/v06/v0686	SES120	0.579901	16.3069	15.727
spk_ver/v06/v0687	SES125	-6.64356	6.44327	13.0868
spk_ver/v06/v0688	SES158	1.44828	15.7349	14.2866
spk_ver/v06/v0689	SES125	-8.27304	6.82796	15.101
spk_ver/v06/v0690	SES105	1.79492	16.0424	14.2475
spk_ver/v06/v0691	SES125	-2.6301	11.8204	14.4505
spk_ver/v06/v0692	SES125	-3.16516	12.1581	15.3233
spk_ver/v06/v0693	SES180	1.3416	16.6941	15.3525
spk_ver/v06/v0694	SES125	-9.47569	6.07522	15.5509
spk_ver/v06/v0695	SES125	-4.557	11.1551	15.7121
spk_ver/v06/v0696	SES125	-8.62808	8.36561	16.9937
spk_ver/v06/v0697	SES125	-7.73907	6.34856	14.0876
spk_ver/v06/v0698	SES083	0.170231	17.2721	17.1019
spk_ver/v06/v0699	SES125	-5.38738	10.023	15.4104
spk_ver/v07/v0700	SES014	1.05806	18.3443	17.2862
spk_ver/v07/v0701	SES125	-5.84049	11.3599	17.2004
spk_ver/v07/v0702	SES127	-2.26826	13.5764	15.8446
spk_ver/v07/v0703	SES127	-2.15346	11.2546	13.4081
spk_ver/v07/v0704	SES206	1.51431	17.8023	16.288
spk_ver/v07/v0705	SES127	-3.82811	11.147	14.9751
spk_ver/v07/v0706	SES127	-2.94603	14.0941	17.0401
spk_ver/v07/v0707	SES127	-5.52389	10.0012	15.5251
spk_ver/v07/v0708	SES275	0.448799	15.9296	15.4808
spk_ver/v07/v0709	SES127	-3.89104	11.3441	15.2351
spk_ver/v07/v0710	SES105	1.02815	15.2874	14.2592
spk_ver/v07/v0711	SES127	-3.74825	9.96383	13.7121
spk_ver/v07/v0712	SES127	-3.72103	10.9621	14.6831
spk_ver/v07/v0713	SES127	-3.88311	9.68732	13.5704
spk_ver/v07/v0714	SES019	4.04674	17.1367	13.09
spk_ver/v07/v0715	SES127	-5.81136	7.70537	13.5167
spk_ver/v07/v0716	SES148	0.81071	15.1542	14.3435
spk_ver/v07/v0717	SES162	1.28153	16.8819	15.6004
spk_ver/v07/v0718	SES189	0.888212	15.0308	14.1426
spk_ver/v07/v0719	SES149	0.424086	17.2356	16.8115
spk_ver/v07/v0720	SES175	0.822598	16.2465	15.4239
spk_ver/v07/v0721	SES127	-4.45685	10.6684	15.1253
spk_ver/v07/v0722	SES127	-1.89279	13.2362	15.129
spk_ver/v07/v0723	SES127	-4.21604	11.3666	15.5827
spk_ver/v07/v0724	SES127	-2.9306	13.5515	16.4821
spk_ver/v07/v0725	SES127	-3.21891	11.2879	14.5068
spk_ver/v07/v0726	SES259	2.57511	18.3459	15.7708
spk_ver/v07/v0727	SES127	-3.4951	11.6867	15.1819
spk_ver/v07/v0728	SES127	-1.67406	15.0525	16.7265
spk_ver/v07/v0729	SES127	-5.74856	8.21114	13.9597
spk_ver/v07/v0730	SES127	-3.65091	10.1561	13.807
spk_ver/v07/v0731	SES129	-3.40742	13.523	16.9304
spk_ver/v07/v0732	SES129	-3.13071	11.8496	14.9803
spk_ver/v07/v0733	SES129	-5.96077	7.7356	13.6964
spk_ver/v07/v0734	SES129	-8.32619	5.99595	14.3221
spk_ver/v07/v0735	SES183	0.877815	15.6395	14.7617
spk_ver/v07/v0736	SES129	-3.91589	10.2875	14.2034
spk_ver/v07/v0737	SES129	-4.00323	10.9955	14.9987
spk_ver/v07/v0738	SES129	-7.32834	7.30445	14.6328
spk_ver/v07/v0739	SES129	-4.69622	9.87057	14.5668
spk_ver/v07/v0740	SES167	-0.440838	15.7072	16.148
spk_ver/v07/v0741	SES129	-3.61817	10.3943	14.0124
spk_ver/v07/v0742	SES129	-4.69949	13.2285	17.9279
spk_ver/v07/v0743	SES129	-3.43	12.2723	15.7023
spk_ver/v07/v0744	SES129	-5.62876	7.73132	13.3601
spk_ver/v07/v0745	SES180	1.68114	17.1208	15.4396
spk_ver/v07/v0746	SES129	-3.01404	13.786	16.8001
spk_ver/v07/v0747	SES292	-0.552613	15.6851	16.2377
spk_ver/v07/v0748	SES202	1.13359	14.3539	13.2203
spk_ver/v07/v0749	SES270	1.20381	16.3102	15.1063
spk_ver/v07/v0750	SES129	-4.81008	12.9351	17.7452
spk_ver/v07/v0751	SES129	-5.96711	10.677	16.6441
spk_ver/v07/v0752	SES060	-0.253365	15.0952	15.3486
spk_ver/v07/v0753	SES129	-4.40314	10.47	14.8732
spk_ver/v07/v0754	SES129	-7.78156	5.08296	12.8645
spk_ver/v07/v0755	SES129	-5.96107	9.35208	15.3131
spk_ver/v07/v0756	SES175	0.530526	14.6343	14.1038
spk_ver/v07/v0757	SES129	-4.57551	8.37352	12.949
spk_ver/v07/v0758	SES129	-6.04813	6.75492	12.8031
spk_ver/v07/v0759	SES129	-5.5487	10.667	16.2157
spk_ver/v07/v0760	SES129	-4.59753	11.6752	16.2728
spk_ver/v07/v0761	SES129	-4.8851	12.1174	17.0025
spk_ver/v07/v0762	SES172	0.29608	16.1453	15.8492
spk_ver/v07/v0763	SES129	-6.30187	6.7276	13.0295
spk_ver/v07/v0764	SES129	-4.263	11.9749	16.2379
spk_ver/v07/v0765	SES175	0.705223	15.9596	15.2544
spk_ver/v07/v0766	SES129	-4.94949	11.9129	16.8624
spk_ver/v07/v0767	SES129	-4.06873	10.2719	14.3406
spk_ver/v07/v0768	SES042	1.89893	18.1754	16.2765
spk_ver/v07/v0769	SES099	1.14357	15.6963	14.5528
spk_ver/v07/v0770	SES142	-4.19167	10.0588	14.2504
spk_ver/v07/v0771	SES142	-3.41565	12.8781	16.2937
spk_ver/v07/v0772	SES101	1.32127	18.1066	16.7853
spk_ver/v07/v0773	SES142	-8.86566	4.55096	13.4166
spk_ver/v07/v0774	SES142	-5.94949	7.28353	13.233
spk_ver/v07/v0775	SES142	-3.08622	12.2523	15.3385
spk_ver/v07/v0776	SES142	-3.79555	13.1252	16.9208
spk_ver/v07/v0777	SES142	-5.36833	9.00046	14.3688
spk_ver/v07/v0778	SES142	-2.61371	10.8743	13.488
spk_ver/v07/v0779	SES142	-10.2547	4.87247	15.1272
spk_ver/v07/v0780	SES142	-5.47943	6.06986	11.5493
spk_ver/v07/v0781	SES142	-9.30786	5.52586	14.8337
spk_ver/v07/v0782	SES101	0.324636	15.4718	15.1472
spk_ver/v07/v0783	SES142	-5.14946	8.87332	14.0228
spk_ver/v07/v0784	SES187	1.51809	16.3563	14.8382
spk_ver/v07/v0785	SES143	0.569589	12.7481	12.1786
spk_ver/v07/v0786	SES142	-5.1824	11.477	16.6594
spk_ver/v07/v0787	SES144	0.209519	15.4863	15.2768
spk_ver/v07/v0788	SES275	0.584125	15.0047	14.4206
spk_ver/v07/v0789	SES142	-4.47631	10.9637	15.44
spk_ver/v07/v0790	SES099	1.85094	18.133	16.282
spk_ver/v07/v0791	SES142	-6.94731	7.11383	14.0611
spk_ver/v07/v0792	SES142	-5.9809	12.3427	18.3236
spk_ver/v07/v0793	SES142	-7.32199	7.53499	14.857
spk_ver/v07/v0794	SES014	1.04365	17.9542	16.9106
spk_ver/v07/v0795	SES142	-7.77441	7.87866	15.6531
spk_ver/v07/v0796	SES142	-5.18104	10.9937	16.1748
spk_ver/v07/v0797	SES143	-1.53321	13.8457	15.3789
spk_ver/v07/v0798	SES206	1.09646	17.9849	16.8885
spk_ver/v07/v0799	SES143	-4.45202	7.62973	12.0817
spk_ver/v08/v0800	SES143	-2.22649	11.9076	14.1341
spk_ver/v08/v0801	SES143	-2.45893	14.5007	16.9596
spk_ver/v08/v0802	SES143	-3.54609	9.46916	13.0153
spk_ver/v08/v0803	SES143	-3.27011	11.1931	14.4633
spk_ver/v08/v0804	SES143	-3.48081	9.19743	12.6782
spk_ver/v08/v0805	SES143	-3.38869	10.3966	13.7853
spk_ver/v08/v0806	SES143	-3.37374	9.97237	13.3461
spk_ver/v08/v0807	SES177	-0.773412	13.9905	14.7639
spk_ver/v08/v0808	SES149	0.616264	17.0236	16.4073
spk_ver/v08/v0809	SES143	-4.98509	11.0477	16.0327
spk_ver/v08/v0810	SES158	1.3413	15.6266	14.2853
spk_ver/v08/v0811	SES143	-3.44133	10.0291	13.4705
spk_ver/v08/v0812	SES062	1.35767	19.3542	17.9965
spk_ver/v08/v0813	SES259	2.16978	18.2244	16.0547
spk_ver/v08/v0814	SES143	-5.35121	11.2971	16.6483
spk_ver/v08/v0815	SES143	-3.78828	10.784	14.5723
spk_ver/v08/v0816	SES143	-1.95197	13.6396	15.5916
spk_ver/v08/v0817	SES144	0.105103	15.6907	15.5856
spk_ver/v08/v0818	SES143	-3.04907	12.1589	15.208
spk_ver/v08/v0819	SES143	-3.26931	12.4137	15.6831
spk_ver/v08/v0820	SES143	-2.26445	13.8871	16.1516
spk_ver/v08/v0821	SES143	-2.88675	12.4152	15.3019
spk_ver/v08/v0822	SES143	-4.01442	11.1606	15.175
spk_ver/v08/v0823	SES104	1.65281	17.7567	16.1039
spk_ver/v08/v0824	SES143	-4.61289	11.0398	15.6527
spk_ver/v08/v0825	SES143	-3.18091	11.3502	14.5311
spk_ver/v08/v0826	SES144	-5.31036	10.0728	15.3831
spk_ver/v08/v0827	SES144	-2.75594	12.8609	15.6169
spk_ver/v08/v0828	SES144	-1.54317	14.8459	16.389
spk_ver/v08/v0829	SES172	0.343589	15.3499	15.0063
spk_ver/v08/v0830	SES144	-0.834037	13.7555	14.5895
spk_ver/v08/v0831	SES183	1.27552	15.9206	14.6451
spk_ver/v08/v0832	SES144	-5.83865	8.39385	14.2325
spk_ver/v08/v0833	SES144	-5.49937	10.2517	15.751
spk_ver/v08/v0834	SES144	-2.30518	12.2396	14.5448
spk_ver/v08/v0835	SES144	-3.3554	11.1467	14.5021
spk_ver/v08/v0836	SES144	-2.77304	12.2151	14.9881
spk_ver/v08/v0837	SES144	-2.75521	14.1103	16.8655
spk_ver/v08/v0838	SES144	-4.79944	9.92032	14.7198
spk_ver/v08/v0839	SES085	-0.0595703	16.0633	16.1228
spk_ver/v08/v0840	SES144	-1.47979	13.812	15.2918
spk_ver/v08/v0841	SES144	-6.19005	6.45102	12.6411
spk_ver/v08/v0842	SES144	-5.26015	10.7805	16.0406
spk_ver/v08/v0843	SES144	-1.41419	14.2931	15.7073
spk_ver/v08/v0844	SES144	-3.54058	11.8147	15.3553
spk_ver/v08/v0845	SES144	-4.28635	13.4191	17.7054
spk_ver/v08/v0846	SES104	0.549472	15.9011	15.3517
spk_ver/v08/v0847	SES144	-4.35846	10.5379	14.8964
spk_ver/v08/v0848	SES144	-3.74659	10.6713	14.4179
spk_ver/v08/v0849	SES144	-7.33653	8.12247	15.459
spk_ver/v08/v0850	SES144	-3.78469	11.8982	15.6829
spk_ver/v08/v0851	SES144	-2.53546	12.632	15.1674
spk_ver/v08/v0852	SES144	-1.24648	15.0521	16.2985
spk_ver/v08/v0853	SES144	-5.01977	9.70101	14.7208
spk_ver/v08/v0854	SES144	-2.21375	13.4855	15.6992
spk_ver/v08/v0855	SES144	-0.624239	16.2014	16.8256
spk_ver/v08/v0856	SES082	-0.598845	12.3978	12.9966
spk_ver/v08/v0857	SES142	1.99294	16.6489	14.6559
spk_ver/v08/v0858	SES144	-1.98907	12.0352	14.0243
spk_ver/v08/v0859	SES144	-2.32432	12.4223	14.7466
spk_ver/v08/v0860	SES146	-5.06231	9.63738	14.6997
spk_ver/v08/v0861	SES146	-4.11588	10.2743	14.3901
spk_ver/v08/v0862	SES146	-6.03257	8.59069	14.6233
spk_ver/v08/v0863	SES146	-2.73428	11.0056	13.7399
spk_ver/v08/v0864	SES146	-3.8009	12.786	16.5869
spk_ver/v08/v0865	SES008	1.85608	16.5027	14.6467
spk_ver/v08/v0866	SES142	1.29691	15.7607	14.4638
spk_ver/v08/v0867	SES146	-4.43561	11.1187	15.5543
spk_ver/v08/v0868	SES082	1.62725	18.5293	16.902
spk_ver/v08/v0869	SES146	-2.97556	12.533	15.5085
spk_ver/v08/v0870	SES146	-4.17052	8.14374	12.3143
spk_ver/v08/v0871	SES146	-4.94803	9.76645	14.7145
spk_ver/v08/v0872	SES146	-4.56385	8.09349	12.6573
spk_ver/v08/v0873	SES082	1.10974	18.3272	17.2175
spk_ver/v08/v0874	SES146	-4.30093	10.963	15.264
spk_ver/v08/v0875	SES144	-0.215827	14.303	14.5189
spk_ver/v08/v0876	SES146	-2.5441	14.768	17.3121
spk_ver/v08/v0877	SES146	-4.11693	10.1395	14.2565
spk_ver/v08/v0878	SES146	-3.48763	11.732	15.2197
spk_ver/v08/v0879	SES146	-3.16894	11.9606	15.1296
spk_ver/v08/v0880	SES146	-3.80729	10.152	13.9593
spk_ver/v08/v0881	SES143	0.863407	14.4786	13.6152
spk_ver/v08/v0882	SES146	-1.45652	14.7907	16.2473
spk_ver/v08/v0883	SES147	-2.70241	13.4882	16.1906
spk_ver/v08/v0884	SES147	-1.64483	13.9697	15.6145
spk_ver/v08/v0885	SES016	1.03477	17.2424	16.2076
spk_ver/v08/v0886	SES147	-2.46167	12.3358	14.7975
spk_ver/v08/v0887	SES147	-3.24007	11.7256	14.9657
spk_ver/v08/v0888	SES147	-3.36445	9.97805	13.3425
spk_ver/v08/v0889	SES019	1.27273	15.7847	14.5119
spk_ver/v08/v0890	SES147	-2.35814	11.6577	14.0158
spk_ver/v08/v0891	SES147	-3.54907	12.0469	15.596
spk_ver/v08/v0892	SES147	-2.97849	11.0337	14.0121
spk_ver/v08/v0893	SES270	2.40672	15.1043	12.6976
spk_ver/v08/v0894	SES029	-0.197462	15.1068	15.3043
spk_ver/v08/v0895	SES147	-3.07506	10.5502	13.6252
spk_ver/v08/v0896	SES117	0.681922	14.1753	13.4933
spk_ver/v08/v0897	SES183	2.02259	13.7401	11.7176
spk_ver/v08/v0898	SES147	-5.47114	10.7866	16.2578
spk_ver/v08/v0899	SES147	-3.55219	9.79635	13.3485
spk_ver/v09/v0900	SES087	0.930042	16.3305	15.4005
spk_ver/v09/v0901	SES147	-6.84803	7.52137	14.3694
spk_ver/v09/v0902	SES147	-4.67697	9.65114	14.3281
spk_ver/v09/v0903	SES147	-2.29124	12.4909	14.7822
spk_ver/v09/v0904	SES147	-3.07614	12.534	15.6101
spk_ver/v09/v0905	SES143	0.642605	14.9219	14.2792
spk_ver/v09/v0906	SES149	-0.0913563	16.8466	16.938
spk_ver/v09/v0907	SES148	-2.2359	13.0469	15.2828
spk_ver/v09/v0908	SES148	-1.30656	14.2691	15.5757
spk_ver/v09/v0909	SES106	2.41206	15.6542	13.2421
spk_ver/v09/v0910	SES148	-1.53095	11.6928	13.2238
spk_ver/v09/v0911	SES148	-3.691	11.6851	15.3761
spk_ver/v09/v0912	SES142	-0.0174313	15.3771	15.3946
spk_ver/v09/v0913	SES148	-3.6677	10.1386	13.8063
spk_ver/v09/v0914	SES148	-4.08442	11.1811	15.2655
spk_ver/v09/v0915	SES148	-4.51863	8.99734	13.516
spk_ver/v09/v0916	SES148	-2.94137	10.5367	13.4781
spk_ver/v09/v0917	SES148	1.09061	15.9681	14.8775
spk_ver/v09/v0918	SES148	-1.62242	13.401	15.0234
spk_ver/v09/v0919	SES270	2.10774	16.1513	14.0436
spk_ver/v09/v0920	SES148	-3.03369	12.5883	15.622
spk_ver/v09/v0921	SES148	-4.42401	11.1083	15.5323
spk_ver/v09/v0922	SES129	1.08053	17.4374	16.3568
spk_ver/v09/v0923	SES117	0.893754	16.3466	15.4528
spk_ver/v09/v0924	SES042	2.89763	18.9924	16.0947
spk_ver/v09/v0925	SES148	-4.80037	8.97816	13.7785
spk_ver/v09/v0926	SES148	-6.03576	6.92964	12.9654
spk_ver/v09/v0927	SES144	0.147858	15.5959	15.448
spk_ver/v09/v0928	SES007	1.09297	16.4414	15.3484
spk_ver/v09/v0929	SES148	-2.8753	14.6158	17.4911
spk_ver/v09/v0930	SES148	-1.99227	13.9885	15.9808
spk_ver/v09/v0931	SES148	-3.20167	10.8228	14.0244
spk_ver/v09/v0932	SES202	1.80694	17.2078	15.4009
spk_ver/v09/v0933	SES148	-1.10734	15.2178	16.3251
spk_ver/v09/v0934	SES148	-3.91178	11.1076	15.0194
spk_ver/v09/v0935	SES060	1.25681	17.6643	16.4075
spk_ver/v09/v0936	SES060	0.946516	16.518	15.5715
spk_ver/v09/v0937	SES148	-2.4663	13.7763	16.2426
spk_ver/v09/v0938	SES148	-2.34061	14.1284	16.469
spk_ver/v09/v0939	SES148	-3.8292	12.1093	15.9385
spk_ver/v09/v0940	SES148	-3.16755	12.7605	15.928
spk_ver/v09/v0941	SES149	-4.28764	9.49321	13.7809
spk_ver/v09/v0942	SES149	-3.83223	12.9654	16.7976
spk_ver/v09/v0943	SES149	-2.39381	12.7686	15.1624
spk_ver/v09/v0944	SES149	-3.67979	10.3486	14.0284
spk_ver/v09/v0945	SES105	1.12525	16.1092	14.984
spk_ver/v09/v0946	SES149	-5.40792	10.933	16.3409
spk_ver/v09/v0947	SES149	-3.40942	10.7002	14.1096
spk_ver/v09/v0948	SES149	-4.70932	11.3512	16.0605
spk_ver/v09/v0949	SES149	-2.49457	14.4901	16.9847
spk_ver/v09/v0950	SES226	1.04639	17.5014	16.455
spk_ver/v09/v0951	SES149	-3.74397	10.2522	13.9962
spk_ver/v09/v0952	SES149	-5.25503	7.95232	13.2073
spk_ver/v09/v0953	SES062	1.20863	17.3792	16.1705
spk_ver/v09/v0954	SES149	-3.95018	10.9105	14.8606
spk_ver/v09/v0955	SES048	-0.688932	15.8444	16.5333
spk_ver/v09/v0956	SES158	-2.92761	13.0947	16.0223
spk_ver/v09/v0957	SES158	-6.83381	7.62635	14.4602
spk_ver/v09/v0958	SES158	-2.05862	14.495	16.5537
spk_ver/v09/v0959	SES158	-4.14512	10.4604	14.6055
spk_ver/v09/v0960	SES158	-5.24579	8.64655	13.8923
spk_ver/v09/v0961	SES147	0.997972	15.0095	14.0115
spk_ver/v09/v0962	SES158	-8.41688	6.07725	14.4941
spk_ver/v09/v0963	SES292	0.159616	16.318	16.1584
spk_ver/v09/v0964	SES060	1.01298	18.068	17.055
spk_ver/v09/v0965	SES002	0.822163	16.0432	15.2211
spk_ver/v09/v0966	SES149	1.47358	18.5808	17.1072
spk_ver/v09/v0967	SES158	-7.61275	7.67509	15.2878
spk_ver/v09/v0968	SES158	-5.48418	7.92487	13.409
spk_ver/v09/v0969	SES275	-0.393551	13.5209	13.9144
spk_ver/v09/v0970	SES158	-5.49024	10.399	15.8892
spk_ver/v09/v0971	SES158	-4.52131	10.327	14.8483
spk_ver/v09/v0972	SES002	1.02935	17.1806	16.1512
spk_ver/v09/v0973	SES158	-6.56076	8.8135	15.3743
spk_ver/v09/v0974	SES202	1.18305	15.5569	14.3738
spk_ver/v09/v0975	SES158	-7.88991	5.91759	13.8075
spk_ver/v09/v0976	SES158	-1.30368	14.6536	15.9573
spk_ver/v09/v0977	SES162	-3.31371	12.7473	16.061
spk_ver/v09/v0978	SES162	-6.85305	6.2503	13.1033
spk_ver/v09/v0979	SES162	-7.49927	7.50318	15.0024
spk_ver/v09/v0980	SES162	-2.38617	11.5723	13.9585
spk_ver/v09/v0981	SES162	-4.3318	8.67034	13.0021
spk_ver/v09/v0982	SES259	2.34007	18.1389	15.7988
spk_ver/v09/v0983	SES162	-5.75901	5.53232	11.2913
spk_ver/v09/v0984	SES162	-2.1311	14.406	16.5371
spk_ver/v09/v0985	SES162	-2.17042	13.2314	15.4018
spk_ver/v09/v0986	SES062	1.21398	18.3265	17.1125
spk_ver/v09/v0987	SES162	-1.96782	13.1372	15.1051
spk_ver/v09/v0988	SES162	-5.558	9.69674	15.2547
spk_ver/v09/v0989	SES162	-6.64879	6.09005	12.7388
spk_ver/v09/v0990	SES162	-5.04902	11.4812	16.5303
spk_ver/v09/v0991	SES087	1.38159	16.8198	15.4382
spk_ver/v09/v0992	SES120	0.0712986	14.0624	13.9911
spk_ver/v09/v0993	SES162	-5.41233	10.6566	16.0689
spk_ver/v09/v0994	SES162	-2.81605	13.0799	15.896
spk_ver/v09/v0995	SES162	-6.00228	11.0989	17.1012
spk_ver/v09/v0996	SES162	-3.70333	14.3494	18.0527
spk_ver/v09/v0997	SES162	-5.85942	9.47443	15.3339
spk_ver/v09/v0998	SES162	-4.59632	8.52776	13.1241
spk_ver/v09/v0999	SES162	-2.597	15.8761	18.4731
spk_ver/v10/v1000	SES162	-6.47056	9.24841	15.719
spk_ver/v10/v1001	SES148	1.24935	14.7964	13.5471
spk_ver/v10/v1002	SES162	-2.25185	11.5958	13.8476
spk_ver/v10/v1003	SES162	-2.44529	13.9536	16.3989
spk_ver/v10/v1004	SES162	-3.06545	10.7885	13.854
spk_ver/v10/v1005	SES162	-6.07825	8.24833	14.3266
spk_ver/v10/v1006	SES162	-5.29415	10.1476	15.4418
spk_ver/v10/v1007	SES162	-2.47933	11.5048	13.9841
spk_ver/v10/v1008	SES162	-6.83563	5.96976	12.8054
spk_ver/v10/v1009	SES162	-8.19645	7.3552	15.5516
spk_ver/v10/v1010	SES167	-3.89586	9.25372	13.1496
spk_ver/v10/v1011	SES167	-1.31444	13.1425	14.4569
spk_ver/v10/v1012	SES167	-3.25801	9.99592	13.2539
spk_ver/v10/v1013	SES167	-6.92618	7.67454	14.6007
spk_ver/v10/v1014	SES167	-2.05516	14.3886	16.4438
spk_ver/v10/v1015	SES167	-2.838	12.833	15.671
spk_ver/v10/v1016	SES167	-2.77563	13.8405	16.6162
spk_ver/v10/v1017	SES167	-2.41652	12.6572	15.0737
spk_ver/v10/v1018	SES167	-4.21328	11.3185	15.5318
spk_ver/v10/v1019	SES167	-4.22774	10.6377	14.8655
spk_ver/v10/v1020	SES167	-6.93272	6.87173	13.8045
spk_ver/v10/v1021	SES167	-2.87573	10.2789	13.1546
spk_ver/v10/v1022	SES167	-5.52224	9.11848	14.6407
spk_ver/v10/v1023	SES167	-4.49099	9.8698	14.3608
spk_ver/v10/v1024	SES167	-5.97933	7.62343	13.6028
spk_ver/v10/v1025	SES167	-2.54208	13.8043	16.3463
spk_ver/v10/v1026	SES167	-4.289	11.0884	15.3774
spk_ver/v10/v1027	SES167	-2.83787	13.7135	16.5514
spk_ver/v10/v1028	SES167	-6.92987	7.54023	14.4701
spk_ver/v10/v1029	SES167	-5.36689	9.48699	14.8539
spk_ver/v10/v1030	SES167	-3.74824	11.8517	15.6
spk_ver/v10/v1031	SES167	-7.31871	7.36171	14.6804
spk_ver/v10/v1032	SES167	-5.4728	11.6991	17.1719
spk_ver/v10/v1033	SES167	-7.52347	9.62907	17.1525
spk_ver/v10/v1034	SES002	1.03608	17.6643	16.6283
spk_ver/v10/v1035	SES167	-1.77928	14.4949	16.2742
spk_ver/v10/v1036	SES083	1.12443	17.5914	16.4669
spk_ver/v10/v1037	SES167	-4.31955	10.2048	14.5243
spk_ver/v10/v1038	SES167	-3.21822	11.0578	14.2761
spk_ver/v10/v1039	SES167	-3.72938	11.3216	15.051
spk_ver/v10/v1040	SES167	-5.06929	8.07346	13.1427
spk_ver/v10/v1041	SES167	-1.5313	12.9797	14.511
spk_ver/v10/v1042	SES087	0.922108	15.8885	14.9664
spk_ver/v10/v1043	SES029	1.82633	17.4305	15.6041
spk_ver/v10/v1044	SES206	0.263226	16.9949	16.7317
spk_ver/v10/v1045	SES172	-2.76597	11.3337	14.0997
spk_ver/v10/v1046	SES172	0.739897	16.8411	16.1012
spk_ver/v10/v1047	SES172	-1.81697	13.6405	15.4575
spk_ver/v10/v1048	SES259	3.45812	19.3883	15.9302
spk_ver/v10/v1049	SES172	-5.41143	10.622	16.0334
spk_ver/v10/v1050	SES120	0.717646	15.1401	14.4224
spk_ver/v10/v1051	SES172	-3.42102	12.7485	16.1695
spk_ver/v10/v1052	SES172	-2.57694	12.5968	15.1737
spk_ver/v10/v1053	SES172	-4.13404	11.6148	15.7488
spk_ver/v10/v1054	SES172	-3.3373	11.6064	14.9437
spk_ver/v10/v1055	SES189	1.41523	14.2561	12.8409
spk_ver/v10/v1056	SES172	-4.37195	10.5032	14.8751
spk_ver/v10/v1057	SES172	-2.88614	12.0331	14.9192
spk_ver/v10/v1058	SES172	-1.95005	13.8294	15.7795
spk_ver/v10/v1059	SES172	-3.8776	11.9084	15.786
spk_ver/v10/v1060	SES029	0.368971	17.2247	16.8557
spk_ver/v10/v1061	SES175	-7.78462	7.76797	15.5526
spk_ver/v10/v1062	SES187	0.459976	17.264	16.804
spk_ver/v10/v1063	SES019	2.8401	16.1575	13.3174
spk_ver/v10/v1064	SES175	-4.68656	10.3798	15.0664
spk_ver/v10/v1065	SES175	-5.88342	9.10298	14.9864
spk_ver/v10/v1066	SES175	-7.19244	5.70822	12.9007
spk_ver/v10/v1067	SES175	-3.26522	11.1666	14.4318
spk_ver/v10/v1068	SES175	-4.12761	9.19015	13.3178
spk_ver/v10/v1069	SES016	2.4029	18.5768	16.1739
spk_ver/v10/v1070	SES175	-3.11953	12.3388	15.4583
spk_ver/v10/v1071	SES175	-2.6115	14.1535	16.765
spk_ver/v10/v1072	SES175	-5.34345	9.39795	14.7414
spk_ver/v10/v1073	SES029	-0.0138712	15.98	15.9939
spk_ver/v10/v1074	SES175	-3.07146	12.364	15.4355
spk_ver/v10/v1075	SES175	-2.12828	14.5863	16.7146
spk_ver/v10/v1076	SES175	-1.81653	15.6435	17.46
spk_ver/v10/v1077	SES175	-3.72232	13.2933	17.0156
spk_ver/v10/v1078	SES127	1.0387	18.3332	17.2945
spk_ver/v10/v1079	SES175	-3.7362	13.3753	17.1115
spk_ver/v10/v1080	SES175	-3.85575	9.77089	13.6266
spk_ver/v10/v1081	SES175	-4.73455	9.66978	14.4043
spk_ver/v10/v1082	SES175	-4.04976	12.6192	16.6689
spk_ver/v10/v1083	SES007	0.725119	14.9856	14.2605
spk_ver/v10/v1084	SES068	0.747358	17.8944	17.1471
spk_ver/v10/v1085	SES008	0.460218	17.7003	17.2401
spk_ver/v10/v1086	SES175	-2.36672	13.8355	16.2022
spk_ver/v10/v1087	SES175	-3.3199	12.2616	15.5815
spk_ver/v10/v1088	SES008	1.31176	17.1318	15.8201
spk_ver/v10/v1089	SES177	-3.33261	13.6769	17.0095
spk_ver/v10/v1090	SES177	-5.8948	9.14872	15.0435
spk_ver/v10/v1091	SES177	-4.64912	9.19926	13.8484
spk_ver/v10/v1092	SES177	-1.60332	12.866	14.4693
spk_ver/v10/v1093	SES177	-5.49054	9.85906	15.3496
spk_ver/v10/v1094	SES002	1.27329	17.614	16.3408
spk_ver/v10/v1095	SES104	0.805914	16.8481	16.0422
spk_ver/v10/v1096	SES177	-2.33012	13.2078	15.5379
spk_ver/v10/v1097	SES177	-3.4899	9.0085	12.4984
spk_ver/v10/v1098	SES177	-3.81457	13.0251	16.8396
spk_ver/v10/v1099	SES177	-1.50697	13.7087	15.2156
spk_ver/v11/v1100	SES177	-4.31839	9.95345	14.2718
spk_ver/v11/v1101	SES085	0.249401	16.8408	16.5914
spk_ver/v11/v1102	SES187	1.28568	16.8839	15.5982
spk_ver/v11/v1103	SES177	-2.47867	12.5705	15.0491
spk_ver/v11/v1104	SES177	0.0353851	16.3863	16.351
spk_ver/v11/v1105	SES177	-1.56902	13.8623	15.4313
spk_ver/v11/v1106	SES177	-3.64892	11.5814	15.2304
spk_ver/v11/v1107	SES177	-2.00641	13.8366	15.843
spk_ver/v11/v1108	SES177	-1.54953	15.3597	16.9092
spk_ver/v11/v1109	SES125	1.44537	16.7179	15.2725
spk_ver/v11/v1110	SES177	-4.31613	11.2507	15.5668
spk_ver/v11/v1111	SES177	-2.74231	13.7862	16.5285
spk_ver/v11/v1112	SES177	-4.46681	10.8938	15.3606
spk_ver/v11/v1113	SES177	-6.76158	9.30567	16.0672
spk_ver/v11/v1114	SES177	-1.93142	12.673	14.6044
spk_ver/v11/v1115	SES177	-3.30838	9.70689	13.0153
spk_ver/v11/v1116	SES085	0.653509	18.3849	17.7314
spk_ver/v11/v1117	SES147	0.656175	15.1254	14.4692
spk_ver/v11/v1118	SES177	-2.51929	11.7383	14.2576
spk_ver/v11/v1119	SES177	-4.71737	9.24419	13.9616
spk_ver/v11/v1120	SES180	-7.9836	7.03603	15.0196
spk_ver/v11/v1121	SES189	0.275753	14.1351	13.8594
spk_ver/v11/v1122	SES117	0.453118	13.2072	12.7541
spk_ver/v11/v1123	SES129	2.01472	17.8397	15.8249
spk_ver/v11/v1124	SES180	-2.50886	13.1759	15.6847
spk_ver/v11/v1125	SES180	-1.67901	14.6808	16.3598
spk_ver/v11/v1126	SES180	-2.08991	14.3635	16.4534
spk_ver/v11/v1127	SES180	-4.11879	11.2356	15.3543
spk_ver/v11/v1128	SES016	0.655794	15.4929	14.8371
spk_ver/v11/v1129	SES158	0.832529	15.6375	14.805
spk_ver/v11/v1130	SES180	-4.04296	11.3828	15.4258
spk_ver/v11/v1131	SES180	-5.13678	13.3535	18.4903
spk_ver/v11/v1132	SES180	-2.30093	12.4013	14.7023
spk_ver/v11/v1133	SES180	-5.53848	11.0618	16.6003
spk_ver/v11/v1134	SES180	-2.98293	10.9074	13.8904
spk_ver/v11/v1135	SES180	-3.01643	13.1341	16.1505
spk_ver/v11/v1136	SES180	-6.93911	4.87465	11.8138
spk_ver/v11/v1137	SES148	0.491944	15.8167	15.3247
spk_ver/v11/v1138	SES104	1.58108	19.8125	18.2314
spk_ver/v11/v1139	SES180	-5.80906	6.98791	12.797
spk_ver/v11/v1140	SES083	0.833685	16.1565	15.3228
spk_ver/v11/v1141	SES180	-5.85921	9.10818	14.9674
spk_ver/v11/v1142	SES180	-4.21309	10.1282	14.3413
spk_ver/v11/v1143	SES180	-4.30684	10.3037	14.6106
spk_ver/v11/v1144	SES099	1.49537	16.2408	14.7454
spk_ver/v11/v1145	SES180	-3.33887	12.2533	15.5921
spk_ver/v11/v1146	SES183	-4.32737	11.7287	16.0561
spk_ver/v11/v1147	SES183	-2.19302	13.9866	16.1796
spk_ver/v11/v1148	SES183	-5.83018	7.83017	13.6604
spk_ver/v11/v1149	SES183	-7.88524	8.89565	16.7809
spk_ver/v11/v1150	SES183	-7.32725	8.22131	15.5486
spk_ver/v11/v1151	SES082	0.967894	16.1134	15.1455
spk_ver/v11/v1152	SES183	-3.21075	9.82963	13.0404
spk_ver/v11/v1153	SES183	-2.33217	12.3376	14.6698
spk_ver/v11/v1154	SES002	1.31937	18.4381	17.1188
spk_ver/v11/v1155	SES183	-2.62624	11.9094	14.5357
spk_ver/v11/v1156	SES183	-5.51541	8.03554	13.5509
spk_ver/v11/v1157	SES183	-4.31997	12.074	16.394
spk_ver/v11/v1158	SES183	-1.44991	14.1856	15.6355
spk_ver/v11/v1159	SES183	-2.51998	13.0524	15.5724
spk_ver/v11/v1160	SES183	-6.38245	7.67727	14.0597
spk_ver/v11/v1161	SES183	-4.12402	7.56282	11.6868
spk_ver/v11/v1162	SES105	1.61822	16.3504	14.7321
spk_ver/v11/v1163	SES183	-5.83307	9.83037	15.6634
spk_ver/v11/v1164	SES259	3.08586	17.9753	14.8895
spk_ver/v11/v1165	SES183	-2.56783	12.2133	14.7811
spk_ver/v11/v1166	SES183	-6.44265	9.20519	15.6478
spk_ver/v11/v1167	SES183	-2.36561	11.2291	13.5948
spk_ver/v11/v1168	SES183	-2.79561	13.9102	16.7058
spk_ver/v11/v1169	SES183	-6.28095	9.95075	16.2317
spk_ver/v11/v1170	SES183	-4.78553	11.666	16.4515
spk_ver/v11/v1171	SES183	-9.61641	4.31653	13.9329
spk_ver/v11/v1172	SES187	-4.23464	10.5385	14.7732
spk_ver/v11/v1173	SES019	3.64314	15.9776	12.3344
spk_ver/v11/v1174	SES187	-5.14439	7.88432	13.0287
spk_ver/v11/v1175	SES187	-3.81701	9.77731	13.5943
spk_ver/v11/v1176	SES083	0.662241	17.6367	16.9744
spk_ver/v11/v1177	SES187	-6.12049	7.82392	13.9444
spk_ver/v11/v1178	SES187	-6.12246	8.52412	14.6466
spk_ver/v11/v1179	SES187	-2.8639	12.0533	14.9172
spk_ver/v11/v1180	SES187	-1.79804	12.2129	14.011
spk_ver/v11/v1181	SES187	-6.23052	10.913	17.1435
spk_ver/v11/v1182	SES187	-1.71926	15.0598	16.779
spk_ver/v11/v1183	SES187	-3.72789	9.4167	13.1446
spk_ver/v11/v1184	SES187	-0.766705	14.0895	14.8562
spk_ver/v11/v1185	SES127	1.25707	17.6257	16.3686
spk_ver/v11/v1186	SES187	-1.94008	13.2459	15.1859
spk_ver/v11/v1187	SES187	-2.37524	14.3688	16.744
spk_ver/v11/v1188	SES187	-2.67077	11.711	14.3818
spk_ver/v11/v1189	SES042	1.53408	17.9825	16.4484
spk_ver/v11/v1190	SES187	-2.73704	12.174	14.9111
spk_ver/v11/v1191	SES187	-6.16887	7.07933	13.2482
spk_ver/v11/v1192	SES187	-5.80305	7.57592	13.379
spk_ver/v11/v1193	SES183	0.622263	15.4382	14.8159
spk_ver/v11/v1194	SES187	-3.6984	10.572	14.2704
spk_ver/v11/v1195	SES187	-4.47797	10.0167	14.4947
spk_ver/v11/v1196	SES146	0.766091	14.1765	13.4104
spk_ver/v11/v1197	SES189	-5.69685	10.7306	16.4275
spk_ver/v11/v1198	SES175	1.43044	16.5399	15.1094
spk_ver/v11/v1199	SES189	-5.08321	8.35951	13.4427
spk_ver/v12/v1200	SES189	-2.70505	15.036	17.7411
spk_ver/v12/v1201	SES177	0.878021	17.2005	16.3225
spk_ver/v12/v1202	SES189	-3.1421	11.2628	14.4049
spk_ver/v12/v1203	SES143	0.501085	15.1893	14.6882
spk_ver/v12/v1204	SES189	-3.23463	12.3128	15.5474
spk_ver/v12/v1205	SES189	-2.35897	14.7417	17.1007
spk_ver/v12/v1206	SES189	-4.98244	7.67303	12.6555
spk_ver/v12/v1207	SES189	-4.3664	10.4656	14.832
spk_ver/v12/v1208	SES189	-4.3946	13.9559	18.3505
spk_ver/v12/v1209	SES189	-6.62676	7.06822	13.695
spk_ver/v12/v1210	SES189	-1.41679	13.3088	14.7255
spk_ver/v12/v1211	SES062	1.70831	18.3803	16.672
spk_ver/v12/v1212	SES189	-3.83007	11.8814	15.7115
spk_ver/v12/v1213	SES048	1.51801	17.8008	16.2828
spk_ver/v12/v1214	SES042	2.68274	19.223	16.5402
spk_ver/v12/v1215	SES008	1.72001	17.5951	15.8751
spk_ver/v12/v1216	SES202	-7.39982	9.90963	17.3095
spk_ver/v12/v1217	SES202	-4.78538	9.19028	13.9757
spk_ver/v12/v1218	SES085	0.375454	18.2804	17.905
spk_ver/v12/v1219	SES202	-3.61162	12.6388	16.2504
spk_ver/v12/v1220	SES202	-2.91697	13.7753	16.6923
spk_ver/v12/v1221	SES202	-2.87299	11.8478	14.7208
spk_ver/v12/v1222	SES202	-9.85673	4.79868	14.6554
spk_ver/v12/v1223	SES158	0.68385	15.7239	15.0401
spk_ver/v12/v1224	SES202	-3.36079	10.7119	14.0726
spk_ver/v12/v1225	SES202	-4.66268	10.6117	15.2744
spk_ver/v12/v1226	SES202	-5.12788	11.1514	16.2793
spk_ver/v12/v1227	SES202	-4.2057	10.9942	15.1999
spk_ver/v12/v1228	SES177	0.401527	15.8272	15.4257
spk_ver/v12/v1229	SES202	-5.33889	10.8628	16.2017
spk_ver/v12/v1230	SES202	-4.08551	11.0222	15.1077
spk_ver/v12/v1231	SES202	-5.1575	10.5276	15.6851
spk_ver/v12/v1232	SES202	-4.18704	9.01851	13.2056
spk_ver/v12/v1233	SES206	1.09424	17.9974	16.9032
spk_ver/v12/v1234	SES202	-7.52413	5.81211	13.3362
spk_ver/v12/v1235	SES202	-3.93866	12.3724	16.3111
spk_ver/v12/v1236	SES125	1.64111	16.2569	14.6158
spk_ver/v12/v1237	SES127	1.43735	17.036	15.5986
spk_ver/v12/v1238	SES202	2.40196	16.4908	14.0888
spk_ver/v12/v1239	SES167	1.5228	17.7973	16.2745
spk_ver/v12/v1240	SES206	-6.02297	8.44017	14.4631
spk_ver/v12/v1241	SES206	-6.33366	8.54349	14.8772
spk_ver/v12/v1242	SES206	-1.56518	14.7691	16.3343
spk_ver/v12/v1243	SES206	-3.8609	11.1704	15.0313
spk_ver/v12/v1244	SES259	2.17033	16.8592	14.6889
spk_ver/v12/v1245	SES206	-4.48447	11.5705	16.055
spk_ver/v12/v1246	SES206	-3.98381	12.4548	16.4386
spk_ver/v12/v1247	SES206	-2.39959	13.0405	15.4401
spk_ver/v12/v1248	SES206	-7.17082	6.74301	13.9138
spk_ver/v12/v1249	SES270	2.53626	15.6655	13.1292
spk_ver/v12/v1250	SES206	-5.63843	8.8328	14.4712
spk_ver/v12/v1251	SES206	-3.43348	13.1052	16.5387
spk_ver/v12/v1252	SES206	-2.94893	12.268	15.2169
spk_ver/v12/v1253	SES206	-1.61347	13.7323	15.3458
spk_ver/v12/v1254	SES206	-2.84217	10.9893	13.8315
spk_ver/v12/v1255	SES125	1.83956	17.4055	15.5659
spk_ver/v12/v1256	SES206	-7.873	8.4003	16.2733
spk_ver/v12/v1257	SES206	-5.64569	10.3969	16.0425
spk_ver/v12/v1258	SES206	-3.22266	12.101	15.3236
spk_ver/v12/v1259	SES206	-6.247	9.02419	15.2712
spk_ver/v12/v1260	SES206	-6.5151	8.04988	14.565
spk_ver/v12/v1261	SES206	-6.1502	10.1365	16.2867
spk_ver/v12/v1262	SES206	-7.26935	8.23363	15.503
spk_ver/v12/v1263	SES206	-4.24957	11.713	15.9626
spk_ver/v12/v1264	SES149	0.867542	17.3872	16.5196
spk_ver/v12/v1265	SES206	-2.60414	10.5644	13.1685
spk_ver/v12/v1266	SES206	-5.92916	9.22557	15.1547
spk_ver/v12/v1267	SES206	-2.37417	9.46598	11.8401
spk_ver/v12/v1268	SES206	-4.61996	9.27423	13.8942
spk_ver/v12/v1269	SES206	-7.05396	6.70126	13.7552
spk_ver/v12/v1270	SES206	-8.74799	3.51794	12.2659
spk_ver/v12/v1271	SES226	-6.34479	7.25484	13.5996
spk_ver/v12/v1272	SES226	-1.32694	16.1326	17.4596
spk_ver/v12/v1273	SES226	-5.28362	11.2181	16.5018
spk_ver/v12/v1274	SES226	-5.50145	9.08763	14.5891
spk_ver/v12/v1275	SES226	-1.15662	11.9034	13.06
spk_ver/v12/v1276	SES226	-6.05937	8.76342	14.8228
spk_ver/v12/v1277	SES226	-1.54589	14.8153	16.3612
spk_ver/v12/v1278	SES226	-1.21954	13.3184	14.5379
spk_ver/v12/v1279	SES226	-5.91855	10.9099	16.8284
spk_ver/v12/v1280	SES226	-4.42785	11.3957	15.8236
spk_ver/v12/v1281	SES226	-2.6686	12.5949	15.2635
spk_ver/v12/v1282	SES226	-3.59494	11.1665	14.7615
spk_ver/v12/v1283	SES143	1.31382	16.0247	14.7109
spk_ver/v12/v1284	SES226	-5.0244	11.9729	16.9973
spk_ver/v12/v1285	SES226	-3.37379	12.5045	15.8783
spk_ver/v12/v1286	SES226	-3.08792	10.5219	13.6098
spk_ver/v12/v1287	SES226	-4.2554	11.2914	15.5468
spk_ver/v12/v1288	SES226	-6.44029	9.31784	15.7581
spk_ver/v12/v1289	SES104	1.08766	16.3266	15.2389
spk_ver/v12/v1290	SES008	2.95794	17.3236	14.3657
spk_ver/v12/v1291	SES226	-2.16031	12.8857	15.046
spk_ver/v12/v1292	SES259	-6.84979	7.89196	14.7417
spk_ver/v12/v1293	SES062	0.830173	17.4326	16.6024
spk_ver/v12/v1294	SES099	1.06822	14.8788	13.8106
spk_ver/v12/v1295	SES158	0.558465	14.0648	13.5064
spk_ver/v12/v1296	SES259	-5.23932	11.6341	16.8734
spk_ver/v12/v1297	SES259	-7.85001	7.46291	15.3129
spk_ver/v12/v1298	SES259	-5.60084	10.6111	16.212
spk_ver/v12/v1299	SES259	-6.36636	8.45872	14.8251
spk_ver/v13/v1300	SES120	1.03157	14.8393	13.8078
spk_ver/v13/v1301	SES259	-8.52393	6.63901	15.1629
spk_ver/v13/v1302	SES259	-7.6242	6.54925	14.1734
spk_ver/v13/v1303	SES129	1.5319	16.8942	15.3623
spk_ver/v13/v1304	SES259	-4.30953	9.79222	14.1018
spk_ver/v13/v1305	SES259	-8.07586	6.88013	14.956
spk_ver/v13/v1306	SES106	0.960386	16.1305	15.1701
spk_ver/v13/v1307	SES259	-5.63343	9.35122	14.9846
spk_ver/v13/v1308	SES259	-4.28294	10.8977	15.1806
spk_ver/v13/v1309	SES259	-6.89326	9.39126	16.2845
spk_ver/v13/v1310	SES259	-6.95719	9.97611	16.9333
spk_ver/v13/v1311	SES259	-5.15806	10.5042	15.6622
spk_ver/v13/v1312	SES259	-5.88435	10.4354	16.3198
spk_ver/v13/v1313	SES144	0.113826	15.9037	15.7899
spk_ver/v13/v1314	SES259	-7.5486	7.67077	15.2194
spk_ver/v13/v1315	SES162	1.58041	16.7841	15.2037
spk_ver/v13/v1316	SES206	0.929352	17.1682	16.2389
spk_ver/v13/v1317	SES175	0.636136	15.2775	14.6414
spk_ver/v13/v1318	SES259	-7.00295	7.17909	14.182
spk_ver/v13/v1319	SES259	-6.15784	9.07234	15.2302
spk_ver/v13/v1320	SES270	-1.4007	14.3717	15.7724
spk_ver/v13/v1321	SES101	0.0289536	16.1213	16.0924
spk_ver/v13/v1322	SES177	0.585835	17.4401	16.8543
spk_ver/v13/v1323	SES127	0.789589	18.003	17.2134
spk_ver/v13/v1324	SES270	-5.82617	8.71847	14.5446
spk_ver/v13/v1325	SES062	0.585629	17.2761	16.6905
spk_ver/v13/v1326	SES270	-0.398075	13.4876	13.8857
spk_ver/v13/v1327	SES120	-0.365078	12.8026	13.1677
spk_ver/v13/v1328	SES270	-5.92839	8.32272	14.2511
spk_ver/v13/v1329	SES270	-5.74272	11.4692	17.212
spk_ver/v13/v1330	SES270	-1.35661	13.0719	14.4285
spk_ver/v13/v1331	SES270	-5.67677	11.6383	17.3151
spk_ver/v13/v1332	SES270	-2.26126	14.6671	16.9284
spk_ver/v13/v1333	SES270	-4.22743	10.7314	14.9588
spk_ver/v13/v1334	SES270	-4.69894	11.2582	15.9571
spk_ver/v13/v1335	SES270	-0.981118	14.5724	15.5535
spk_ver/v13/v1336	SES270	-3.00017	11.7029	14.7031
spk_ver/v13/v1337	SES016	1.30553	17.3597	16.0541
spk_ver/v13/v1338	SES270	-6.4837	10.4091	16.8928
spk_ver/v13/v1339	SES002	1.06124	17.1818	16.1205
spk_ver/v13/v1340	SES105	2.31676	16.2755	13.9588
spk_ver/v13/v1341	SES275	-4.09496	11.2419	15.3369
spk_ver/v13/v1342	SES187	0.248471	15.4687	15.2202
spk_ver/v13/v1343	SES275	-3.01262	11.7604	14.7731
spk_ver/v13/v1344	SES275	-4.85799	9.38688	14.2449
spk_ver/v13/v1345	SES275	-3.66018	10.8552	14.5154
spk_ver/v13/v1346	SES275	-6.78222	8.69579	15.478
spk_ver/v13/v1347	SES275	-3.49747	10.7068	14.2043
spk_ver/v13/v1348	SES180	0.754511	16.7491	15.9946
spk_ver/v13/v1349	SES275	-3.41502	9.84905	13.2641
spk_ver/v13/v1350	SES275	-1.66933	14.3831	16.0525
spk_ver/v13/v1351	SES275	-4.47158	6.58147	11.0531
spk_ver/v13/v1352	SES275	-2.71689	13.29	16.0069
spk_ver/v13/v1353	SES275	-2.41757	9.16015	11.5777
spk_ver/v13/v1354	SES189	0.81394	13.4348	12.6208
spk_ver/v13/v1355	SES068	0.825788	18.027	17.2012
spk_ver/v13/v1356	SES275	-4.27793	8.78897	13.0669
spk_ver/v13/v1357	SES048	-0.314277	15.5042	15.8184
spk_ver/v13/v1358	SES226	2.83367	20.0214	17.1878
spk_ver/v13/v1359	SES016	1.00693	17.6792	16.6723
spk_ver/v13/v1360	SES275	-3.65335	11.1607	14.814
spk_ver/v13/v1361	SES068	0.841154	18.1434	17.3022
spk_ver/v13/v1362	SES275	-4.53344	10.078	14.6114
spk_ver/v13/v1363	SES275	-4.31362	10.6958	15.0094
spk_ver/v13/v1364	SES275	-4.31415	10.2339	14.5481
spk_ver/v13/v1365	SES275	-1.87664	14.3937	16.2704
spk_ver/v13/v1366	SES187	1.18738	17.1788	15.9914
spk_ver/v13/v1367	SES275	-5.12836	8.62622	13.7546
spk_ver/v13/v1368	SES125	1.05901	16.2089	15.1499
spk_ver/v13/v1369	SES275	-2.4601	9.23315	11.6933
spk_ver/v13/v1370	SES292	-3.36228	11.9122	15.2744
spk_ver/v13/v1371	SES292	-2.45036	13.336	15.7864
spk_ver/v13/v1372	SES292	-2.91352	10.6757	13.5893
spk_ver/v13/v1373	SES292	-2.97392	11.9002	14.8741
spk_ver/v13/v1374	SES101	1.22873	16.1406	14.9119
spk_ver/v13/v1375	SES292	-3.33532	12.3035	15.6388
spk_ver/v13/v1376	SES292	-2.76915	12.8954	15.6646
spk_ver/v13/v1377	SES292	-4.47355	8.5742	13.0477
spk_ver/v13/v1378	SES292	-2.25752	13.4838	15.7413
spk_ver/v13/v1379	SES292	-2.24878	11.9283	14.1771
spk_ver/v13/v1380	SES292	-2.93934	13.046	15.9853
spk_ver/v13/v1381	SES292	-2.03757	16.3233	18.3609
spk_ver/v13/v1382	SES292	-2.58915	11.8051	14.3942
spk_ver/v13/v1383	SES292	-2.58142	11.6217	14.2031
spk_ver/v13/v1384	SES292	-2.55432	12.8207	15.375
spk_ver/v13/v1385	SES292	-2.14231	13.6147	15.757
spk_ver/v13/v1386	SES292	-2.16342	12.407	14.5705
spk_ver/v13/v1387	SES158	1.60128	13.4533	11.852
spk_ver/v13/v1388	SES292	-1.69648	15.9178	17.6142
spk_ver/v13/v1389	SES292	-2.04863	16.6931	18.7417
spk_ver/v13/v1390	SES292	-2.37472	14.5324	16.9072
spk_ver/v13/v1391	SES292	-2.82138	12.6728	15.4942
spk_ver/v13/v1392	SES292	-3.84232	11.1189	14.9613
spk_ver/v13/v1393	SES292	-2.94018	12.7682	15.7083
spk_ver/v13/v1394	SES292	-2.9776	13.152	16.1296
spk_ver/v13/v1395	SES292	-2.49842	12.7671	15.2655
spk_ver/v13/v1396	SES117	0.352572	13.5604	13.2078
spk_ver/v13/v1397	SES292	-4.02329	12.0741	16.0974
spk_ver/v13/v1398	SES292	-3.43615	10.377	13.8131
spk_ver/v13/v1399	SES292	-1.07087	14.5959	15.6667
