BLOCK00/SES002/SA002S12	SES002	1.1234	-51.2829	-52.4063
BLOCK00/SES002/SA002S13	SES002	1.1446	-51.0767	-52.2213
BLOCK00/SES002/SA002S23	SES002	1.01398	-50.9621	-51.9761
BLOCK00/SES002/SA002S26	SES002	1.83773	-50.5288	-52.3666
BLOCK00/SES002/SA002S28	SES002	1.32401	-51.0011	-52.3251
BLOCK00/SES007/SA007S14	SES007	1.00326	-51.2216	-52.2249
BLOCK00/SES007/SA007S15	SES007	-0.0319633	-52.5093	-52.4773
BLOCK00/SES007/SA007S24	SES007	0.228539	-52.1529	-52.3814
BLOCK00/SES007/SA007S27	SES007	0.467377	-52.5484	-53.0158
BLOCK00/SES007/SA007S29	SES007	0.259979	-51.7795	-52.0395
BLOCK00/SES008/SA008S11	SES008	0.714725	-52.2603	-52.9751
BLOCK00/SES008/SA008S12	SES008	0.431625	-52.296	-52.7276
BLOCK00/SES008/SA008S19	SES008	0.818775	-51.734	-52.5528
BLOCK00/SES008/SA008S22	SES008	0.521564	-52.8899	-53.4115
BLOCK00/SES008/SA008S29	SES008	1.00245	-51.9851	-52.9876
BLOCK01/SES014/SA014S10	SES014	1.31461	-51.2809	-52.5955
BLOCK01/SES014/SA014S12	SES014	1.86712	-49.6726	-51.5397
BLOCK01/SES014/SA014S24	SES014	1.32169	-50.9516	-52.2733
BLOCK01/SES014/SA014S26	SES014	1.96558	-48.8349	-50.8005
BLOCK01/SES014/SA014S28	SES014	1.65899	-50.4197	-52.0787
BLOCK01/SES016/SA016S12	SES016	0.201958	-54.1001	-54.3021
BLOCK01/SES016/SA016S13	SES016	0.88929	-53.1027	-53.992
BLOCK01/SES016/SA016S22	SES016	0.451691	-53.1079	-53.5596
BLOCK01/SES016/SA016S25	SES016	0.769398	-51.059	-51.8284
BLOCK01/SES016/SA016S27	SES016	1.43567	-51.3252	-52.7608
BLOCK01/SES019/SA019S13	SES019	1.7094	-52.1507	-53.8601
BLOCK01/SES019/SA019S14	SES019	1.13768	-52.1444	-53.2821
BLOCK01/SES019/SA019S22	SES019	1.4372	-51.4597	-52.8969
BLOCK01/SES019/SA019S25	SES019	1.34219	-52.439	-53.7812
BLOCK01/SES019/SA019S29	SES019	2.44457	-51.9908	-54.4353
BLOCK02/SES029/SA029S11	SES029	0.669819	-52.315	-52.9848
BLOCK02/SES029/SA029S12	SES029	0.19611	-52.2064	-52.4025
BLOCK02/SES029/SA029S20	SES029	0.0619888	-53.5095	-53.5715
BLOCK02/SES029/SA029S25	SES029	0.517353	-52.3482	-52.8656
BLOCK02/SES029/SA029S28	SES029	0.301418	-52.4854	-52.7868
BLOCK04/SES042/SA042S12	SES042	1.87827	-49.9794	-51.8577
BLOCK04/SES042/SA042S15	SES042	1.54662	-50.1951	-51.7418
BLOCK04/SES042/SA042S22	SES042	2.88923	-48.9197	-51.8089
BLOCK04/SES042/SA042S25	SES042	1.66532	-50.8754	-52.5407
BLOCK04/SES042/SA042S27	SES042	1.61918	-49.8976	-51.5168
BLOCK04/SES048/SA048S11	SES048	0.652966	-51.6503	-52.3033
BLOCK04/SES048/SA048S12	SES048	0.436962	-51.71	-52.147
BLOCK04/SES048/SA048S20	SES048	0.245365	-51.7489	-51.9943
BLOCK04/SES048/SA048S23	SES048	1.19801	-51.7914	-52.9894
BLOCK04/SES048/SA048S27	SES048	0.831436	-51.3755	-52.2069
BLOCK06/SES060/SA060S11	SES060	0.760559	-52.1849	-52.9455
BLOCK06/SES060/SA060S12	SES060	-0.250648	-53.4057	-53.155
BLOCK06/SES060/SA060S22	SES060	-0.0437431	-53.5015	-53.4577
BLOCK06/SES060/SA060S24	SES060	0.381592	-52.0104	-52.3919
BLOCK06/SES060/SA060S28	SES060	0.525246	-50.6702	-51.1954
BLOCK06/SES062/SA062S10	SES062	0.578506	-51.304	-51.8825
BLOCK06/SES062/SA062S11	SES062	1.04533	-51.7035	-52.7488
BLOCK06/SES062/SA062S21	SES062	1.44875	-49.7901	-51.2388
BLOCK06/SES062/SA062S26	SES062	0.808529	-51.0403	-51.8488
BLOCK06/SES062/SA062S29	SES062	0.811176	-51.042	-51.8532
BLOCK06/SES068/SA068S14	SES068	0.203243	-52.6834	-52.8866
BLOCK06/SES068/SA068S15	SES068	1.15898	-51.3365	-52.4955
BLOCK06/SES068/SA068S23	SES068	0.430286	-52.689	-53.1193
BLOCK06/SES068/SA068S27	SES068	1.17857	-51.8812	-53.0598
BLOCK06/SES068/SA068S29	SES068	0.598747	-52.1593	-52.7581
BLOCK08/SES082/SA082S12	SES082	0.523373	-51.8826	-52.406
BLOCK08/SES082/SA082S14	SES082	0.617615	-51.8095	-52.4271
BLOCK08/SES082/SA082S21	SES082	0.791988	-51.7516	-52.5436
BLOCK08/SES082/SA082S24	SES082	0.923065	-51.5673	-52.4903
BLOCK08/SES082/SA082S28	SES082	0.871845	-51.773	-52.6448
BLOCK08/SES083/SA083S14	SES083	-0.223305	-52.89	-52.6667
BLOCK08/SES083/SA083S15	SES083	0.194748	-52.3767	-52.5714
BLOCK08/SES083/SA083S24	SES083	0.0927505	-52.4677	-52.5605
BLOCK08/SES083/SA083S26	SES083	0.151089	-52.2378	-52.3888
BLOCK08/SES083/SA083S29	SES083	-0.358746	-52.7363	-52.3775
BLOCK08/SES085/SA085S10	SES085	0.159481	-52.7779	-52.9374
BLOCK08/SES085/SA085S13	SES085	0.572479	-53.2919	-53.8644
BLOCK08/SES085/SA085S22	SES085	-0.274387	-54.0618	-53.7874
BLOCK08/SES085/SA085S26	SES085	0.225395	-53.1627	-53.3881
BLOCK08/SES085/SA085S28	SES085	0.492001	-52.5573	-53.0493
BLOCK08/SES087/SA087S15	SES087	0.847282	-51.034	-51.8813
BLOCK08/SES087/SA087S16	SES087	1.19623	-50.9336	-52.1299
BLOCK08/SES087/SA087S24	SES087	0.877079	-51.1312	-52.0083
BLOCK08/SES087/SA087S26	SES087	1.11633	-50.0942	-51.2105
BLOCK08/SES087/SA087S29	SES087	0.834148	-51.1422	-51.9763
BLOCK09/SES099/SA099S15	SES099	1.39227	-51.7981	-53.1903
BLOCK09/SES099/SA099S16	SES099	1.20465	-51.6376	-52.8423
BLOCK09/SES099/SA099S24	SES099	1.16014	-51.1749	-52.3351
BLOCK09/SES099/SA099S26	SES099	1.47967	-50.8638	-52.3435
BLOCK09/SES099/SA099S29	SES099	1.31038	-51.0505	-52.3609
BLOCK10/SES101/SA101S11	SES101	0.193726	-51.6079	-51.8017
BLOCK10/SES101/SA101S13	SES101	-0.0187874	-51.9384	-51.9196
BLOCK10/SES101/SA101S22	SES101	0.20607	-52.9691	-53.1752
BLOCK10/SES101/SA101S24	SES101	0.504299	-51.7426	-52.2469
BLOCK10/SES101/SA101S28	SES101	-0.520061	-53.6911	-53.1711
BLOCK10/SES104/SA104S11	SES104	0.669697	-50.8141	-51.4838
BLOCK10/SES104/SA104S12	SES104	1.28707	-50.5907	-51.8777
BLOCK10/SES104/SA104S21	SES104	0.921844	-51.169	-52.0909
BLOCK10/SES104/SA104S24	SES104	1.01834	-51.0756	-52.0939
BLOCK10/SES104/SA104S28	SES104	1.64476	-50.6649	-52.3097
BLOCK10/SES105/SA105S12	SES105	0.492031	-52.4175	-52.9096
BLOCK10/SES105/SA105S13	SES105	0.135445	-52.4655	-52.6009
BLOCK10/SES105/SA105S22	SES105	0.213081	-53.3438	-53.5569
BLOCK10/SES105/SA105S26	SES105	0.68272	-52.2883	-52.9711
BLOCK10/SES105/SA105S29	SES105	0.221981	-52.8446	-53.0666
BLOCK10/SES106/SA106S09	SES106	0.601379	-52.1339	-52.7353
BLOCK10/SES106/SA106S11	SES106	0.839054	-50.5564	-51.3955
BLOCK10/SES106/SA106S22	SES106	1.41809	-51.4554	-52.8735
BLOCK10/SES106/SA106S27	SES106	0.830597	-50.8891	-51.7197
BLOCK10/SES106/SA106S29	SES106	0.733814	-50.5329	-51.2668
BLOCK11/SES117/SA117S12	SES117	0.316521	-53.0233	-53.3398
BLOCK11/SES117/SA117S13	SES117	0.0330963	-52.9687	-53.0018
BLOCK11/SES117/SA117S23	SES117	1.28235	-53.2844	-54.5667
BLOCK11/SES117/SA117S25	SES117	1.38091	-53.0292	-54.4101
BLOCK11/SES117/SA117S28	SES117	0.625477	-52.9696	-53.5951
BLOCK12/SES120/SA120S08	SES120	0.388763	-53.4787	-53.8675
BLOCK12/SES120/SA120S11	SES120	0.239204	-53.5683	-53.8075
BLOCK12/SES120/SA120S22	SES120	0.377968	-52.3679	-52.7458
BLOCK12/SES120/SA120S24	SES120	0.882389	-52.5121	-53.3945
BLOCK12/SES120/SA120S28	SES120	0.0516243	-54.2607	-54.3123
BLOCK12/SES125/SA125S13	SES125	1.3447	-50.8025	-52.1472
BLOCK12/SES125/SA125S14	SES125	1.02535	-51.3272	-52.3526
BLOCK12/SES125/SA125S25	SES125	1.89131	-50.5366	-52.4279
BLOCK12/SES125/SA125S27	SES125	1.71715	-50.6213	-52.3385
BLOCK12/SES125/SA125S29	SES125	1.42398	-50.7009	-52.1248
BLOCK12/SES127/SA127S11	SES127	0.639847	-52.5292	-53.169
BLOCK12/SES127/SA127S12	SES127	0.479553	-52.4592	-52.9387
BLOCK12/SES127/SA127S23	SES127	0.782528	-52.5783	-53.3608
BLOCK12/SES127/SA127S25	SES127	-0.111126	-53.1075	-52.9964
BLOCK12/SES127/SA127S27	SES127	1.17518	-52.2492	-53.4244
BLOCK12/SES129/SA129S11	SES129	1.28735	-51.3807	-52.6681
BLOCK12/SES129/SA129S12	SES129	1.41522	-51.3793	-52.7945
BLOCK12/SES129/SA129S22	SES129	1.18851	-51.0338	-52.2223
BLOCK12/SES129/SA129S27	SES129	1.64594	-50.9246	-52.5706
BLOCK12/SES129/SA129S29	SES129	1.7438	-50.7193	-52.4631
BLOCK14/SES142/SA142S11	SES142	2.37049	-51.7037	-54.0742
BLOCK14/SES142/SA142S12	SES142	1.76249	-52.5252	-54.2877
BLOCK14/SES142/SA142S24	SES142	2.36537	-52.2085	-54.5739
BLOCK14/SES142/SA142S27	SES142	2.44827	-51.4023	-53.8505
BLOCK14/SES142/SA142S29	SES142	2.22624	-51.2172	-53.4435
BLOCK14/SES143/SA143S12	SES143	0.962116	-52.5083	-53.4704
BLOCK14/SES143/SA143S13	SES143	0.82243	-52.8856	-53.708
BLOCK14/SES143/SA143S23	SES143	1.26239	-52.8422	-54.1046
BLOCK14/SES143/SA143S25	SES143	1.16371	-52.5386	-53.7023
BLOCK14/SES143/SA143S28	SES143	1.14418	-51.9525	-53.0967
BLOCK14/SES144/SA144S09	SES144	0.689789	-52.1169	-52.8067
BLOCK14/SES144/SA144S11	SES144	0.890366	-52.9129	-53.8033
BLOCK14/SES144/SA144S21	SES144	0.447544	-52.8868	-53.3344
BLOCK14/SES144/SA144S25	SES144	0.397491	-52.8053	-53.2028
BLOCK14/SES144/SA144S29	SES144	0.314213	-52.5385	-52.8527
BLOCK14/SES146/SA146S14	SES146	0.796089	-52.8002	-53.5963
BLOCK14/SES146/SA146S15	SES146	0.305489	-52.7846	-53.0901
BLOCK14/SES146/SA146S24	SES146	0.181175	-52.5743	-52.7554
BLOCK14/SES146/SA146S26	SES146	0.805908	-53.2285	-54.0344
BLOCK14/SES146/SA146S29	SES146	0.392097	-53.1373	-53.5294
BLOCK14/SES147/SA147S11	SES147	0.978355	-52.5143	-53.4926
BLOCK14/SES147/SA147S13	SES147	1.16819	-51.7499	-52.918
BLOCK14/SES147/SA147S23	SES147	1.40156	-52.7207	-54.1222
BLOCK14/SES147/SA147S26	SES147	1.22776	-52.5788	-53.8065
BLOCK14/SES147/SA147S28	SES147	1.3951	-51.8315	-53.2266
BLOCK14/SES148/SA148S10	SES148	0.571236	-51.9953	-52.5665
BLOCK14/SES148/SA148S12	SES148	0.119091	-52.9507	-53.0698
BLOCK14/SES148/SA148S22	SES148	0.447651	-52.3348	-52.7824
BLOCK14/SES148/SA148S26	SES148	0.468903	-51.872	-52.3409
BLOCK14/SES148/SA148S29	SES148	0.558998	-52.685	-53.244
BLOCK14/SES149/SA149S13	SES149	-0.0119057	-52.1331	-52.1212
BLOCK14/SES149/SA149S14	SES149	0.22718	-51.6451	-51.8722
BLOCK14/SES149/SA149S24	SES149	1.13202	-51.2492	-52.3812
BLOCK14/SES149/SA149S26	SES149	1.03709	-50.7912	-51.8283
BLOCK14/SES149/SA149S28	SES149	1.91322	-50.2308	-52.1441
BLOCK15/SES158/SA158S13	SES158	0.708939	-51.7102	-52.4192
BLOCK15/SES158/SA158S14	SES158	0.764198	-52.0664	-52.8306
BLOCK15/SES158/SA158S23	SES158	1.02042	-51.4762	-52.4967
BLOCK15/SES158/SA158S26	SES158	1.63257	-51.2378	-52.8704
BLOCK15/SES158/SA158S28	SES158	0.413265	-51.9335	-52.3468
BLOCK16/SES162/SA162S10	SES162	0.259361	-53.5933	-53.8526
BLOCK16/SES162/SA162S11	SES162	0.777679	-52.7208	-53.4984
BLOCK16/SES162/SA162S21	SES162	1.28185	-52.2492	-53.531
BLOCK16/SES162/SA162S24	SES162	1.14779	-52.5453	-53.6931
BLOCK16/SES162/SA162S27	SES162	1.02335	-53.1109	-54.1343
BLOCK16/SES167/SA167S14	SES167	1.47732	-51.2414	-52.7188
BLOCK16/SES167/SA167S15	SES167	1.21261	-52.3307	-53.5433
BLOCK16/SES167/SA167S21	SES167	1.359	-50.9694	-52.3284
BLOCK16/SES167/SA167S25	SES167	1.55745	-52.2463	-53.8038
BLOCK16/SES167/SA167S29	SES167	2.51315	-50.7425	-53.2556
BLOCK17/SES172/SA172S12	SES172	1.07391	-52.7899	-53.8638
BLOCK17/SES172/SA172S13	SES172	1.27985	-53.0905	-54.3703
BLOCK17/SES172/SA172S23	SES172	0.507847	-51.9392	-52.447
BLOCK17/SES172/SA172S27	SES172	0.952309	-52.8493	-53.8016
BLOCK17/SES172/SA172S29	SES172	0.993275	-52.8337	-53.8269
BLOCK17/SES175/SA175S11	SES175	1.29061	-52.5073	-53.7979
BLOCK17/SES175/SA175S13	SES175	0.952446	-51.8331	-52.7855
BLOCK17/SES175/SA175S23	SES175	1.34115	-52.6446	-53.9857
BLOCK17/SES175/SA175S25	SES175	0.820107	-53.6764	-54.4965
BLOCK17/SES175/SA175S28	SES175	1.16579	-52.0888	-53.2546
BLOCK17/SES177/SA177S15	SES177	0.675102	-52.5185	-53.1936
BLOCK17/SES177/SA177S17	SES177	0.463284	-52.5645	-53.0278
BLOCK17/SES177/SA177S23	SES177	0.618225	-52.7568	-53.3751
BLOCK17/SES177/SA177S26	SES177	0.578697	-51.3203	-51.899
BLOCK17/SES177/SA177S28	SES177	0.421696	-52.0155	-52.4372
BLOCK18/SES180/SA180S13	SES180	0.795605	-52.7405	-53.5361
BLOCK18/SES180/SA180S15	SES180	0.653324	-52.8768	-53.5301
BLOCK18/SES180/SA180S24	SES180	0.968029	-51.6622	-52.6302
BLOCK18/SES180/SA180S26	SES180	0.856049	-52.5569	-53.4129
BLOCK18/SES180/SA180S29	SES180	0.999954	-52.8633	-53.8633
BLOCK18/SES183/SA183S13	SES183	1.0112	-52.7326	-53.7438
BLOCK18/SES183/SA183S14	SES183	0.0357056	-53.1272	-53.1629
BLOCK18/SES183/SA183S24	SES183	1.27464	-52.8513	-54.1259
BLOCK18/SES183/SA183S27	SES183	1.06065	-52.5719	-53.6326
BLOCK18/SES183/SA183S29	SES183	0.60516	-52.3995	-53.0046
BLOCK18/SES187/SA187S13	SES187	0.457657	-53.8019	-54.2595
BLOCK18/SES187/SA187S14	SES187	0.772644	-53.0138	-53.7865
BLOCK18/SES187/SA187S24	SES187	1.08842	-53.1968	-54.2852
BLOCK18/SES187/SA187S27	SES187	0.441856	-53.2662	-53.708
BLOCK18/SES187/SA187S29	SES187	0.569271	-53.5734	-54.1426
BLOCK18/SES189/SA189S10	SES189	1.33215	-53.8407	-55.1729
BLOCK18/SES189/SA189S13	SES189	1.77365	-54.6364	-56.41
BLOCK18/SES189/SA189S24	SES189	1.82347	-53.5373	-55.3608
BLOCK18/SES189/SA189S26	SES189	0.809277	-53.418	-54.2273
BLOCK18/SES189/SA189S29	SES189	2.23503	-53.1147	-55.3498
BLOCK20/SES202/SA202S12	SES202	1.65944	-52.4519	-54.1113
BLOCK20/SES202/SA202S14	SES202	2.1932	-51.5652	-53.7584
BLOCK20/SES202/SA202S24	SES202	1.42234	-52.2958	-53.7182
BLOCK20/SES202/SA202S27	SES202	1.82276	-51.3356	-53.1583
BLOCK20/SES202/SA202S29	SES202	2.31546	-50.8974	-53.2128
BLOCK20/SES206/SA206S15	SES206	0.431332	-50.9824	-51.4137
BLOCK20/SES206/SA206S17	SES206	1.12672	-50.7435	-51.8702
BLOCK20/SES206/SA206S24	SES206	1.09639	-50.4891	-51.5855
BLOCK20/SES206/SA206S27	SES206	1.11383	-51.2357	-52.3495
BLOCK20/SES206/SA206S29	SES206	1.08794	-50.0606	-51.1485
BLOCK22/SES226/SA226S12	SES226	0.968277	-51.0957	-52.0639
BLOCK22/SES226/SA226S13	SES226	-0.329411	-52.6226	-52.2932
BLOCK22/SES226/SA226S20	SES226	0.663277	-51.9756	-52.6389
BLOCK22/SES226/SA226S23	SES226	0.765312	-51.3722	-52.1375
BLOCK22/SES226/SA226S28	SES226	1.19692	-50.6189	-51.8159
BLOCK25/SES259/SA259S13	SES259	1.71714	-50.4333	-52.1505
BLOCK25/SES259/SA259S14	SES259	1.03268	-50.8721	-51.9048
BLOCK25/SES259/SA259S22	SES259	1.52154	-50.2706	-51.7922
BLOCK25/SES259/SA259S24	SES259	1.3999	-50.1941	-51.594
BLOCK25/SES259/SA259S28	SES259	1.35046	-50.1108	-51.4613
BLOCK27/SES270/SA270S14	SES270	1.31155	-52.1116	-53.4232
BLOCK27/SES270/SA270S16	SES270	0.442078	-52.1748	-52.6169
BLOCK27/SES270/SA270S22	SES270	1.27987	-51.6089	-52.8888
BLOCK27/SES270/SA270S26	SES270	1.0246	-51.9824	-53.007
BLOCK27/SES270/SA270S28	SES270	0.859467	-51.7926	-52.652
BLOCK27/SES275/SA275S17	SES275	0.826599	-52.8714	-53.698
BLOCK27/SES275/SA275S18	SES275	0.289043	-52.7744	-53.0635
BLOCK27/SES275/SA275S24	SES275	0.393871	-53.0961	-53.49
BLOCK27/SES275/SA275S26	SES275	0.592606	-52.1516	-52.7442
BLOCK27/SES275/SA275S28	SES275	0.402271	-52.1912	-52.5934
BLOCK29/SES292/SA292S10	SES292	-0.197502	-52.7438	-52.5463
BLOCK29/SES292/SA292S12	SES292	0.00437927	-53.8675	-53.8719
BLOCK29/SES292/SA292S22	SES292	0.675518	-51.9806	-52.6561
BLOCK29/SES292/SA292S24	SES292	0.299763	-52.5638	-52.8636
BLOCK29/SES292/SA292S27	SES292	-0.16008	-52.717	-52.557
BLOCK00/SES001/SA001S14	SES062	-0.138741	-51.934	-51.7952
BLOCK00/SES001/SA001S14	SES082	-0.585583	-52.3808	-51.7952
BLOCK00/SES001/SA001S14	SES106	-1.44311	-53.2383	-51.7952
BLOCK00/SES001/SA001S14	SES206	-1.56564	-53.3609	-51.7952
BLOCK00/SES001/SA001S15	SES062	-0.117348	-51.345	-51.2276
BLOCK00/SES001/SA001S15	SES104	-0.996761	-52.2244	-51.2276
BLOCK00/SES001/SA001S15	SES106	-1.36788	-52.5955	-51.2276
BLOCK00/SES001/SA001S15	SES206	-1.39721	-52.6248	-51.2276
BLOCK00/SES001/SA001S24	SES062	-0.418018	-52.9905	-52.5725
BLOCK00/SES001/SA001S24	SES082	-1.16455	-53.737	-52.5725
BLOCK00/SES001/SA001S24	SES087	-1.61409	-54.1866	-52.5725
BLOCK00/SES001/SA001S24	SES206	-1.10313	-53.6756	-52.5725
BLOCK00/SES001/SA001S27	SES062	-0.784092	-52.3002	-51.5161
BLOCK00/SES001/SA001S27	SES082	-1.5237	-53.0398	-51.5161
BLOCK00/SES001/SA001S27	SES087	-1.55506	-53.0712	-51.5161
BLOCK00/SES001/SA001S27	SES206	-1.58748	-53.1036	-51.5161
BLOCK00/SES001/SA001S29	SES062	-0.574451	-52.7447	-52.1703
BLOCK00/SES001/SA001S29	SES082	-0.477825	-52.6481	-52.1703
BLOCK00/SES001/SA001S29	SES158	-0.942032	-53.1123	-52.1703
BLOCK00/SES001/SA001S29	SES206	-1.2248	-53.3951	-52.1703
BLOCK00/SES003/SA003S11	SES002	-0.653652	-52.6606	-52.007
BLOCK00/SES003/SA003S11	SES019	-0.852859	-52.8598	-52.007
BLOCK00/SES003/SA003S11	SES082	0.199352	-51.8076	-52.007
BLOCK00/SES003/SA003S11	SES125	-0.585213	-52.5922	-52.007
BLOCK00/SES003/SA003S15	SES016	-2.5422	-54.3054	-51.7632
BLOCK00/SES003/SA003S15	SES019	-0.415028	-52.1783	-51.7632
BLOCK00/SES003/SA003S15	SES062	-0.669151	-52.4324	-51.7632
BLOCK00/SES003/SA003S15	SES206	-0.39085	-52.1541	-51.7632
BLOCK00/SES003/SA003S22	SES002	-1.30579	-53.1881	-51.8823
BLOCK00/SES003/SA003S22	SES062	-0.513424	-52.3957	-51.8823
BLOCK00/SES003/SA003S22	SES082	-0.406754	-52.289	-51.8823
BLOCK00/SES003/SA003S22	SES087	-0.742981	-52.6253	-51.8823
BLOCK00/SES003/SA003S25	SES062	-0.22142	-52.9009	-52.6795
BLOCK00/SES003/SA003S25	SES082	0.354473	-52.3251	-52.6795
BLOCK00/SES003/SA003S25	SES087	-1.3824	-54.0619	-52.6795
BLOCK00/SES003/SA003S25	SES206	-1.09283	-53.7724	-52.6795
BLOCK00/SES003/SA003S29	SES002	-1.42706	-53.4165	-51.9895
BLOCK00/SES003/SA003S29	SES062	-0.585831	-52.5753	-51.9895
BLOCK00/SES003/SA003S29	SES082	-0.396526	-52.386	-51.9895
BLOCK00/SES003/SA003S29	SES087	-0.699703	-52.6892	-51.9895
BLOCK00/SES004/SA004S12	SES083	-1.00367	-54.2238	-53.2201
BLOCK00/SES004/SA004S12	SES148	-0.630383	-53.8505	-53.2201
BLOCK00/SES004/SA004S12	SES172	-0.577473	-53.7976	-53.2201
BLOCK00/SES004/SA004S12	SES292	-0.861767	-54.0819	-53.2201
BLOCK00/SES004/SA004S17	SES083	-1.21469	-54.6025	-53.3878
BLOCK00/SES004/SA004S17	SES162	-0.568954	-53.9567	-53.3878
BLOCK00/SES004/SA004S17	SES172	-0.959991	-54.3478	-53.3878
BLOCK00/SES004/SA004S17	SES292	-0.721169	-54.1089	-53.3878
BLOCK00/SES004/SA004S24	SES083	-0.599232	-53.4125	-52.8132
BLOCK00/SES004/SA004S24	SES148	-0.684738	-53.498	-52.8132
BLOCK00/SES004/SA004S24	SES172	-0.609375	-53.4226	-52.8132
BLOCK00/SES004/SA004S24	SES292	-0.416531	-53.2298	-52.8132
BLOCK00/SES004/SA004S26	SES083	-0.265556	-52.9524	-52.6869
BLOCK00/SES004/SA004S26	SES127	-0.531898	-53.2188	-52.6869
BLOCK00/SES004/SA004S26	SES148	-1.25335	-53.9402	-52.6869
BLOCK00/SES004/SA004S26	SES292	-0.376957	-53.0638	-52.6869
BLOCK00/SES004/SA004S28	SES083	-0.859665	-53.5614	-52.7017
BLOCK00/SES004/SA004S28	SES127	-1.07829	-53.78	-52.7017
BLOCK00/SES004/SA004S28	SES187	-0.524788	-53.2265	-52.7017
BLOCK00/SES004/SA004S28	SES292	-0.932438	-53.6341	-52.7017
BLOCK00/SES006/SA006S10	SES014	-0.836292	-54.6642	-53.8279
BLOCK00/SES006/SA006S10	SES158	-0.24894	-54.0768	-53.8279
BLOCK00/SES006/SA006S10	SES226	-1.16881	-54.9967	-53.8279
BLOCK00/SES006/SA006S10	SES270	-0.152813	-53.9807	-53.8279
BLOCK00/SES006/SA006S11	SES158	-0.341442	-53.8413	-53.4999
BLOCK00/SES006/SA006S11	SES226	-0.791878	-54.2917	-53.4999
BLOCK00/SES006/SA006S11	SES270	-0.377567	-53.8774	-53.4999
BLOCK00/SES006/SA006S11	SES275	-1.44713	-54.947	-53.4999
BLOCK00/SES006/SA006S23	SES062	-1.54228	-54.1858	-52.6435
BLOCK00/SES006/SA006S23	SES105	-1.06132	-53.7048	-52.6435
BLOCK00/SES006/SA006S23	SES158	-0.546597	-53.1901	-52.6435
BLOCK00/SES006/SA006S23	SES275	-1.25389	-53.8974	-52.6435
BLOCK00/SES006/SA006S26	SES104	-0.871307	-53.2246	-52.3533
BLOCK00/SES006/SA006S26	SES158	-0.446926	-52.8002	-52.3533
BLOCK00/SES006/SA006S26	SES270	-0.536331	-52.8896	-52.3533
BLOCK00/SES006/SA006S26	SES275	-1.36918	-53.7225	-52.3533
BLOCK00/SES006/SA006S28	SES007	-0.964039	-54.2099	-53.2459
BLOCK00/SES006/SA006S28	SES105	-1.18159	-54.4275	-53.2459
BLOCK00/SES006/SA006S28	SES158	-0.637112	-53.883	-53.2459
BLOCK00/SES006/SA006S28	SES275	-1.52032	-54.7662	-53.2459
BLOCK00/SES009/SA009S12	SES083	-0.85004	-53.29	-52.44
BLOCK00/SES009/SA009S12	SES148	-0.712456	-53.1524	-52.44
BLOCK00/SES009/SA009S12	SES177	-2.30031	-54.7403	-52.44
BLOCK00/SES009/SA009S12	SES292	-0.153599	-52.5936	-52.44
BLOCK00/SES009/SA009S15	SES007	0.496052	-51.2778	-51.7739
BLOCK00/SES009/SA009S15	SES099	-3.94163	-55.7155	-51.7739
BLOCK00/SES009/SA009S15	SES148	-1.0246	-52.7985	-51.7739
BLOCK00/SES009/SA009S15	SES172	-1.29781	-53.0717	-51.7739
BLOCK00/SES009/SA009S24	SES146	-0.464905	-52.7427	-52.2778
BLOCK00/SES009/SA009S24	SES148	-0.561382	-52.8392	-52.2778
BLOCK00/SES009/SA009S24	SES177	-2.06859	-54.3464	-52.2778
BLOCK00/SES009/SA009S24	SES292	-0.00940323	-52.2872	-52.2778
BLOCK00/SES009/SA009S26	SES083	-0.930984	-53.8348	-52.9038
BLOCK00/SES009/SA009S26	SES101	-0.565136	-53.4689	-52.9038
BLOCK00/SES009/SA009S26	SES120	-0.401424	-53.3052	-52.9038
BLOCK00/SES009/SA009S26	SES177	-2.33899	-55.2428	-52.9038
BLOCK00/SES009/SA009S29	SES083	-0.245441	-52.6673	-52.4218
BLOCK00/SES009/SA009S29	SES101	-0.416248	-52.8381	-52.4218
BLOCK00/SES009/SA009S29	SES177	-2.12885	-54.5507	-52.4218
BLOCK00/SES009/SA009S29	SES292	-0.031353	-52.4532	-52.4218
BLOCK01/SES011/SA011S10	SES019	0.0189667	-52.6341	-52.653
BLOCK01/SES011/SA011S10	SES042	-0.0758553	-52.7289	-52.653
BLOCK01/SES011/SA011S10	SES082	-0.749531	-53.4026	-52.653
BLOCK01/SES011/SA011S10	SES206	0.413673	-52.2394	-52.653
BLOCK01/SES011/SA011S11	SES019	-0.280373	-52.8594	-52.5791
BLOCK01/SES011/SA011S11	SES042	-0.18433	-52.7634	-52.5791
BLOCK01/SES011/SA011S11	SES082	-0.576653	-53.1557	-52.5791
BLOCK01/SES011/SA011S11	SES206	0.102489	-52.4766	-52.5791
BLOCK01/SES011/SA011S22	SES019	-0.0970459	-52.5977	-52.5007
BLOCK01/SES011/SA011S22	SES042	0.0994835	-52.4012	-52.5007
BLOCK01/SES011/SA011S22	SES082	-0.612957	-53.1136	-52.5007
BLOCK01/SES011/SA011S22	SES206	0.408863	-52.0918	-52.5007
BLOCK01/SES011/SA011S24	SES019	-0.0966034	-52.1356	-52.039
BLOCK01/SES011/SA011S24	SES042	0.510433	-51.5285	-52.039
BLOCK01/SES011/SA011S24	SES104	-0.44849	-52.4874	-52.039
BLOCK01/SES011/SA011S24	SES206	0.68911	-51.3498	-52.039
BLOCK01/SES011/SA011S27	SES082	0.296383	-51.7328	-52.0292
BLOCK01/SES011/SA011S27	SES087	-0.143936	-52.1731	-52.0292
BLOCK01/SES011/SA011S27	SES125	0.410576	-51.6186	-52.0292
BLOCK01/SES011/SA011S27	SES206	0.377327	-51.6519	-52.0292
BLOCK01/SES012/SA012S11	SES007	-0.815277	-52.0699	-51.2546
BLOCK01/SES012/SA012S11	SES082	-0.287224	-51.5418	-51.2546
BLOCK01/SES012/SA012S11	SES083	-0.890114	-52.1447	-51.2546
BLOCK01/SES012/SA012S11	SES206	0.0611153	-51.1935	-51.2546
BLOCK01/SES012/SA012S14	SES082	-0.262512	-52.2014	-51.9389
BLOCK01/SES012/SA012S14	SES087	-1.30288	-53.2418	-51.9389
BLOCK01/SES012/SA012S14	SES206	-0.488605	-52.4275	-51.9389
BLOCK01/SES012/SA012S14	SES292	-1.316	-53.2549	-51.9389
BLOCK01/SES012/SA012S24	SES082	0.293125	-52.3316	-52.6247
BLOCK01/SES012/SA012S24	SES087	-0.241104	-52.8658	-52.6247
BLOCK01/SES012/SA012S24	SES120	-1.67904	-54.3037	-52.6247
BLOCK01/SES012/SA012S24	SES206	0.0735703	-52.5511	-52.6247
BLOCK01/SES012/SA012S26	SES019	-1.00057	-53.164	-52.1634
BLOCK01/SES012/SA012S26	SES082	-0.351391	-52.5148	-52.1634
BLOCK01/SES012/SA012S26	SES206	0.412807	-51.7506	-52.1634
BLOCK01/SES012/SA012S26	SES292	-1.32689	-53.4903	-52.1634
BLOCK01/SES012/SA012S29	SES062	-1.33147	-53.21	-51.8786
BLOCK01/SES012/SA012S29	SES082	-0.452862	-52.3314	-51.8786
BLOCK01/SES012/SA012S29	SES083	-1.28699	-53.1656	-51.8786
BLOCK01/SES012/SA012S29	SES206	-0.259968	-52.1385	-51.8786
BLOCK01/SES013/SA013S16	SES062	-1.32921	-53.8392	-52.51
BLOCK01/SES013/SA013S16	SES106	0.218189	-52.2918	-52.51
BLOCK01/SES013/SA013S16	SES206	0.0874596	-52.4225	-52.51
BLOCK01/SES013/SA013S16	SES226	-0.319016	-52.829	-52.51
BLOCK01/SES013/SA013S17	SES062	-1.44356	-53.362	-51.9184
BLOCK01/SES013/SA013S17	SES106	0.0500603	-51.8684	-51.9184
BLOCK01/SES013/SA013S17	SES206	0.328594	-51.5899	-51.9184
BLOCK01/SES013/SA013S17	SES226	-0.611378	-52.5298	-51.9184
BLOCK01/SES013/SA013S23	SES104	0.00155258	-52.5467	-52.5483
BLOCK01/SES013/SA013S23	SES106	0.373096	-52.1752	-52.5483
BLOCK01/SES013/SA013S23	SES206	0.150463	-52.3978	-52.5483
BLOCK01/SES013/SA013S23	SES270	0.0236511	-52.5246	-52.5483
BLOCK01/SES013/SA013S25	SES042	-0.747177	-52.954	-52.2068
BLOCK01/SES013/SA013S25	SES104	-0.0867119	-52.2935	-52.2068
BLOCK01/SES013/SA013S25	SES106	0.373371	-51.8334	-52.2068
BLOCK01/SES013/SA013S25	SES206	0.0675545	-52.1392	-52.2068
BLOCK01/SES013/SA013S29	SES062	-1.31592	-53.4415	-52.1256
BLOCK01/SES013/SA013S29	SES104	-0.242111	-52.3677	-52.1256
BLOCK01/SES013/SA013S29	SES106	0.240395	-51.8852	-52.1256
BLOCK01/SES013/SA013S29	SES206	-0.147156	-52.2728	-52.1256
BLOCK02/SES021/SA021S13	SES016	-1.64251	-52.7514	-51.1089
BLOCK02/SES021/SA021S13	SES029	-1.4982	-52.6071	-51.1089
BLOCK02/SES021/SA021S13	SES087	-0.141403	-51.2503	-51.1089
BLOCK02/SES021/SA021S13	SES206	-0.0583534	-51.1672	-51.1089
BLOCK02/SES021/SA021S15	SES087	-0.0572624	-50.9376	-50.8804
BLOCK02/SES021/SA021S15	SES125	-0.00764084	-50.888	-50.8804
BLOCK02/SES021/SA021S15	SES206	0.491169	-50.3892	-50.8804
BLOCK02/SES021/SA021S15	SES226	-0.203697	-51.0841	-50.8804
BLOCK02/SES021/SA021S23	SES062	-1.04413	-53.6016	-52.5575
BLOCK02/SES021/SA021S23	SES087	-0.724796	-53.2823	-52.5575
BLOCK02/SES021/SA021S23	SES206	-0.442547	-53	-52.5575
BLOCK02/SES021/SA021S23	SES226	-0.203644	-52.7611	-52.5575
BLOCK02/SES021/SA021S27	SES002	-1.34714	-53.1203	-51.7732
BLOCK02/SES021/SA021S27	SES016	-2.03416	-53.8073	-51.7732
BLOCK02/SES021/SA021S27	SES019	-0.59071	-52.3639	-51.7732
BLOCK02/SES021/SA021S27	SES062	-0.750069	-52.5232	-51.7732
BLOCK02/SES021/SA021S29	SES087	-0.717335	-52.3367	-51.6193
BLOCK02/SES021/SA021S29	SES125	-0.227062	-51.8464	-51.6193
BLOCK02/SES021/SA021S29	SES206	-0.050766	-51.6701	-51.6193
BLOCK02/SES021/SA021S29	SES226	-0.402081	-52.0214	-51.6193
BLOCK04/SES043/SA043S09	SES083	-0.756935	-54.2719	-53.515
BLOCK04/SES043/SA043S09	SES101	-1.21543	-54.7304	-53.515
BLOCK04/SES043/SA043S09	SES144	-0.174301	-53.6893	-53.515
BLOCK04/SES043/SA043S09	SES172	-1.33976	-54.8548	-53.515
BLOCK04/SES043/SA043S11	SES083	-0.612206	-53.2701	-52.6579
BLOCK04/SES043/SA043S11	SES101	-0.730469	-53.3883	-52.6579
BLOCK04/SES043/SA043S11	SES144	-0.292332	-52.9502	-52.6579
BLOCK04/SES043/SA043S11	SES172	-0.676437	-53.3343	-52.6579
BLOCK04/SES043/SA043S23	SES083	-0.465061	-53.1526	-52.6876
BLOCK04/SES043/SA043S23	SES144	-0.117481	-52.805	-52.6876
BLOCK04/SES043/SA043S23	SES177	-1.73731	-54.4249	-52.6876
BLOCK04/SES043/SA043S23	SES275	-0.30159	-52.9891	-52.6876
BLOCK04/SES043/SA043S26	SES083	-0.338631	-53.2977	-52.9591
BLOCK04/SES043/SA043S26	SES101	-0.840767	-53.7998	-52.9591
BLOCK04/SES043/SA043S26	SES144	0.00308609	-52.956	-52.9591
BLOCK04/SES043/SA043S26	SES177	-1.51474	-54.4738	-52.9591
BLOCK04/SES043/SA043S28	SES016	-0.599689	-52.8449	-52.2452
BLOCK04/SES043/SA043S28	SES083	-0.302814	-52.548	-52.2452
BLOCK04/SES043/SA043S28	SES101	-0.395699	-52.6409	-52.2452
BLOCK04/SES043/SA043S28	SES144	-0.556744	-52.802	-52.2452
BLOCK04/SES044/SA044S10	SES127	-1.74161	-56.6313	-54.8897
BLOCK04/SES044/SA044S10	SES144	-0.0201263	-54.9099	-54.8897
BLOCK04/SES044/SA044S10	SES147	-1.38843	-56.2782	-54.8897
BLOCK04/SES044/SA044S10	SES148	-0.736778	-55.6265	-54.8897
BLOCK04/SES044/SA044S11	SES101	-0.811623	-55.1192	-54.3076
BLOCK04/SES044/SA044S11	SES144	0.0995293	-54.208	-54.3076
BLOCK04/SES044/SA044S11	SES147	-0.401562	-54.7091	-54.3076
BLOCK04/SES044/SA044S11	SES177	-0.97765	-55.2852	-54.3076
BLOCK04/SES044/SA044S24	SES007	-0.55286	-54.1038	-53.5509
BLOCK04/SES044/SA044S24	SES101	-0.748486	-54.2994	-53.5509
BLOCK04/SES044/SA044S24	SES147	-1.75755	-55.3085	-53.5509
BLOCK04/SES044/SA044S24	SES177	-1.92112	-55.4721	-53.5509
BLOCK04/SES044/SA044S26	SES007	-0.92598	-54.4363	-53.5104
BLOCK04/SES044/SA044S26	SES016	-0.273361	-53.7837	-53.5104
BLOCK04/SES044/SA044S26	SES101	-0.634853	-54.1452	-53.5104
BLOCK04/SES044/SA044S26	SES147	-0.487747	-53.9981	-53.5104
BLOCK04/SES044/SA044S29	SES007	-0.715324	-53.9665	-53.2511
BLOCK04/SES044/SA044S29	SES101	-0.133305	-53.3844	-53.2511
BLOCK04/SES044/SA044S29	SES147	-0.675537	-53.9267	-53.2511
BLOCK04/SES044/SA044S29	SES177	-0.888081	-54.1392	-53.2511
BLOCK04/SES046/SA046S13	SES101	-0.816761	-54.6051	-53.7883
BLOCK04/SES046/SA046S13	SES144	-0.0751572	-53.8635	-53.7883
BLOCK04/SES046/SA046S13	SES147	-0.67606	-54.4644	-53.7883
BLOCK04/SES046/SA046S13	SES177	-0.163925	-53.9522	-53.7883
BLOCK04/SES046/SA046S15	SES048	-1.77665	-54.5512	-52.7746
BLOCK04/SES046/SA046S15	SES083	-0.52977	-53.3043	-52.7746
BLOCK04/SES046/SA046S15	SES120	-1.23886	-54.0134	-52.7746
BLOCK04/SES046/SA046S15	SES148	-0.385162	-53.1597	-52.7746
BLOCK04/SES046/SA046S22	SES101	-0.933002	-54.6921	-53.7591
BLOCK04/SES046/SA046S22	SES144	-0.420887	-54.18	-53.7591
BLOCK04/SES046/SA046S22	SES147	-0.518749	-54.2779	-53.7591
BLOCK04/SES046/SA046S22	SES172	-0.356533	-54.1157	-53.7591
BLOCK04/SES046/SA046S25	SES083	-0.518711	-53.6643	-53.1456
BLOCK04/SES046/SA046S25	SES127	-0.917934	-54.0635	-53.1456
BLOCK04/SES046/SA046S25	SES144	-1.26966	-54.4152	-53.1456
BLOCK04/SES046/SA046S25	SES148	-0.916698	-54.0623	-53.1456
BLOCK04/SES046/SA046S28	SES007	-0.819088	-54.1905	-53.3714
BLOCK04/SES046/SA046S28	SES105	-1.28315	-54.6545	-53.3714
BLOCK04/SES046/SA046S28	SES147	-0.524143	-53.8955	-53.3714
BLOCK04/SES046/SA046S28	SES148	-0.123981	-53.4954	-53.3714
BLOCK04/SES049/SA049S16	SES104	-0.288898	-53.8794	-53.5905
BLOCK04/SES049/SA049S16	SES106	-0.0169144	-53.6074	-53.5905
BLOCK04/SES049/SA049S16	SES120	-1.42552	-55.016	-53.5905
BLOCK04/SES049/SA049S16	SES206	-0.298294	-53.8888	-53.5905
BLOCK04/SES049/SA049S18	SES099	-0.580227	-53.7976	-53.2174
BLOCK04/SES049/SA049S18	SES104	-0.964603	-54.182	-53.2174
BLOCK04/SES049/SA049S18	SES125	-0.837311	-54.0547	-53.2174
BLOCK04/SES049/SA049S18	SES206	-0.720135	-53.9375	-53.2174
BLOCK04/SES049/SA049S25	SES087	0.0101204	-53.0066	-53.0167
BLOCK04/SES049/SA049S25	SES104	-0.0859604	-53.1027	-53.0167
BLOCK04/SES049/SA049S25	SES125	-0.48719	-53.5039	-53.0167
BLOCK04/SES049/SA049S25	SES206	-0.207348	-53.224	-53.0167
BLOCK04/SES049/SA049S27	SES099	-0.199909	-52.8112	-52.6113
BLOCK04/SES049/SA049S27	SES104	0.280579	-52.3307	-52.6113
BLOCK04/SES049/SA049S27	SES125	-0.335262	-52.9466	-52.6113
BLOCK04/SES049/SA049S27	SES206	-0.138973	-52.7503	-52.6113
BLOCK04/SES049/SA049S29	SES099	-0.109486	-52.0154	-51.9059
BLOCK04/SES049/SA049S29	SES104	0.284962	-51.621	-51.9059
BLOCK04/SES049/SA049S29	SES125	-0.101086	-52.007	-51.9059
BLOCK04/SES049/SA049S29	SES206	-0.217506	-52.1234	-51.9059
BLOCK06/SES063/SA063S09	SES068	-1.06608	-54.4031	-53.337
BLOCK06/SES063/SA063S09	SES083	-0.508549	-53.8455	-53.337
BLOCK06/SES063/SA063S09	SES177	-0.316978	-53.654	-53.337
BLOCK06/SES063/SA063S09	SES187	-0.335331	-53.6723	-53.337
BLOCK06/SES063/SA063S10	SES068	-0.732311	-54.2259	-53.4936
BLOCK06/SES063/SA063S10	SES083	0.00965118	-53.4839	-53.4936
BLOCK06/SES063/SA063S10	SES172	0.160168	-53.3334	-53.4936
BLOCK06/SES063/SA063S10	SES187	-0.160591	-53.6542	-53.4936
BLOCK06/SES063/SA063S20	SES068	-1.59582	-55.1701	-53.5743
BLOCK06/SES063/SA063S20	SES083	-0.287746	-53.862	-53.5743
BLOCK06/SES063/SA063S20	SES172	-0.978645	-54.5529	-53.5743
BLOCK06/SES063/SA063S20	SES187	0.338501	-53.2358	-53.5743
BLOCK06/SES063/SA063S24	SES029	-0.908314	-53.6532	-52.7449
BLOCK06/SES063/SA063S24	SES083	-0.00167084	-52.7466	-52.7449
BLOCK06/SES063/SA063S24	SES177	-0.151299	-52.8962	-52.7449
BLOCK06/SES063/SA063S24	SES189	-1.12078	-53.8657	-52.7449
BLOCK06/SES063/SA063S27	SES083	-0.343658	-54.4013	-54.0576
BLOCK06/SES063/SA063S27	SES172	0.354164	-53.7035	-54.0576
BLOCK06/SES063/SA063S27	SES187	-0.516876	-54.5745	-54.0576
BLOCK06/SES063/SA063S27	SES292	-0.41901	-54.4766	-54.0576
BLOCK06/SES067/SA067S12	SES083	-1.0156	-53.9886	-52.973
BLOCK06/SES067/SA067S12	SES172	-1.65544	-54.6284	-52.973
BLOCK06/SES067/SA067S12	SES202	0.632725	-52.3403	-52.973
BLOCK06/SES067/SA067S12	SES292	-0.848049	-53.8211	-52.973
BLOCK06/SES067/SA067S14	SES085	-0.37479	-52.673	-52.2982
BLOCK06/SES067/SA067S14	SES177	-0.695251	-52.9934	-52.2982
BLOCK06/SES067/SA067S14	SES183	-0.140957	-52.4391	-52.2982
BLOCK06/SES067/SA067S14	SES202	0.160484	-52.1377	-52.2982
BLOCK06/SES067/SA067S21	SES144	-0.407734	-54.5487	-54.141
BLOCK06/SES067/SA067S21	SES177	-0.294319	-54.4353	-54.141
BLOCK06/SES067/SA067S21	SES183	-1.21809	-55.3591	-54.141
BLOCK06/SES067/SA067S21	SES189	0.139137	-54.0018	-54.141
BLOCK06/SES067/SA067S25	SES085	-0.253342	-53.2626	-53.0093
BLOCK06/SES067/SA067S25	SES177	-0.568554	-53.5778	-53.0093
BLOCK06/SES067/SA067S25	SES183	-1.14356	-54.1528	-53.0093
BLOCK06/SES067/SA067S25	SES202	0.250675	-52.7586	-53.0093
BLOCK06/SES067/SA067S29	SES085	-0.325718	-53.5865	-53.2607
BLOCK06/SES067/SA067S29	SES177	-0.480431	-53.7412	-53.2607
BLOCK06/SES067/SA067S29	SES183	-0.587128	-53.8479	-53.2607
BLOCK06/SES067/SA067S29	SES202	1.04707	-52.2137	-53.2607
BLOCK06/SES069/SA069S12	SES029	-1.14126	-53.2635	-52.1223
BLOCK06/SES069/SA069S12	SES082	0.0583611	-52.0639	-52.1223
BLOCK06/SES069/SA069S12	SES087	-0.403812	-52.5261	-52.1223
BLOCK06/SES069/SA069S12	SES206	-0.0951309	-52.2174	-52.1223
BLOCK06/SES069/SA069S13	SES029	-1.15015	-53.1775	-52.0274
BLOCK06/SES069/SA069S13	SES087	-0.897316	-52.9247	-52.0274
BLOCK06/SES069/SA069S13	SES206	-0.854752	-52.8821	-52.0274
BLOCK06/SES069/SA069S13	SES226	-1.23769	-53.2651	-52.0274
BLOCK06/SES069/SA069S23	SES029	-0.984299	-51.8266	-50.8423
BLOCK06/SES069/SA069S23	SES087	-0.130562	-50.9728	-50.8423
BLOCK06/SES069/SA069S23	SES206	-0.444046	-51.2863	-50.8423
BLOCK06/SES069/SA069S23	SES226	-0.505028	-51.3473	-50.8423
BLOCK06/SES069/SA069S25	SES087	-0.461628	-51.8031	-51.3414
BLOCK06/SES069/SA069S25	SES206	-0.870293	-52.2117	-51.3414
BLOCK06/SES069/SA069S25	SES226	-0.588402	-51.9299	-51.3414
BLOCK06/SES069/SA069S25	SES270	-0.923138	-52.2646	-51.3414
BLOCK06/SES069/SA069S27	SES087	-0.919815	-52.8121	-51.8923
BLOCK06/SES069/SA069S27	SES206	0.0926247	-51.7996	-51.8923
BLOCK06/SES069/SA069S27	SES226	0.131119	-51.7611	-51.8923
BLOCK06/SES069/SA069S27	SES270	-0.467686	-52.3599	-51.8923
BLOCK08/SES081/SA081S11	SES060	-0.551231	-53.922	-53.3707
BLOCK08/SES081/SA081S11	SES062	-2.326	-55.6967	-53.3707
BLOCK08/SES081/SA081S11	SES117	-0.881798	-54.2525	-53.3707
BLOCK08/SES081/SA081S11	SES162	-0.24065	-53.6114	-53.3707
BLOCK08/SES081/SA081S13	SES016	0.341839	-51.993	-52.3349
BLOCK08/SES081/SA081S13	SES060	0.104023	-52.2309	-52.3349
BLOCK08/SES081/SA081S13	SES068	0.190319	-52.1446	-52.3349
BLOCK08/SES081/SA081S13	SES129	-1.05705	-53.3919	-52.3349
BLOCK08/SES081/SA081S24	SES060	-0.282207	-53.2036	-52.9214
BLOCK08/SES081/SA081S24	SES068	-0.2393	-53.1607	-52.9214
BLOCK08/SES081/SA081S24	SES117	-0.692429	-53.6138	-52.9214
BLOCK08/SES081/SA081S24	SES275	-1.40738	-54.3287	-52.9214
BLOCK08/SES081/SA081S27	SES007	-0.733013	-53.9	-53.167
BLOCK08/SES081/SA081S27	SES060	-0.578907	-53.7459	-53.167
BLOCK08/SES081/SA081S27	SES117	-0.172718	-53.3397	-53.167
BLOCK08/SES081/SA081S27	SES275	-0.983173	-54.1501	-53.167
BLOCK08/SES081/SA081S29	SES007	-0.440369	-53.4673	-53.0269
BLOCK08/SES081/SA081S29	SES060	0.0103378	-53.0166	-53.0269
BLOCK08/SES081/SA081S29	SES117	-0.327599	-53.3545	-53.0269
BLOCK08/SES081/SA081S29	SES275	-1.14117	-54.1681	-53.0269
BLOCK08/SES086/SA086S11	SES029	-1.87596	-55.2537	-53.3778
BLOCK08/SES086/SA086S11	SES082	-0.245838	-53.6236	-53.3778
BLOCK08/SES086/SA086S11	SES087	-0.187153	-53.5649	-53.3778
BLOCK08/SES086/SA086S11	SES206	-0.380112	-53.7579	-53.3778
BLOCK08/SES086/SA086S12	SES029	-1.32507	-54.0806	-52.7556
BLOCK08/SES086/SA086S12	SES082	-0.346981	-53.1026	-52.7556
BLOCK08/SES086/SA086S12	SES087	0.299889	-52.4557	-52.7556
BLOCK08/SES086/SA086S12	SES206	-0.184357	-52.9399	-52.7556
BLOCK08/SES086/SA086S20	SES029	-1.75484	-53.5626	-51.8078
BLOCK08/SES086/SA086S20	SES082	-0.507858	-52.3157	-51.8078
BLOCK08/SES086/SA086S20	SES087	0.645962	-51.1618	-51.8078
BLOCK08/SES086/SA086S20	SES206	0.298965	-51.5088	-51.8078
BLOCK08/SES086/SA086S24	SES087	0.43412	-52.404	-52.8382
BLOCK08/SES086/SA086S24	SES104	0.0422363	-52.7959	-52.8382
BLOCK08/SES086/SA086S24	SES120	-1.57319	-54.4113	-52.8382
BLOCK08/SES086/SA086S24	SES206	0.298862	-52.5393	-52.8382
BLOCK08/SES086/SA086S28	SES029	-1.54214	-53.4826	-51.9405
BLOCK08/SES086/SA086S28	SES082	-0.131081	-52.0716	-51.9405
BLOCK08/SES086/SA086S28	SES087	0.167847	-51.7727	-51.9405
BLOCK08/SES086/SA086S28	SES206	-0.00950241	-51.95	-51.9405
BLOCK08/SES089/SA089S13	SES087	-1.06274	-53.4118	-52.3491
BLOCK08/SES089/SA089S13	SES206	-1.39521	-53.7443	-52.3491
BLOCK08/SES089/SA089S13	SES226	-0.505352	-52.8545	-52.3491
BLOCK08/SES089/SA089S13	SES270	-2.04891	-54.398	-52.3491
BLOCK08/SES089/SA089S14	SES062	-0.595833	-52.1483	-51.5525
BLOCK08/SES089/SA089S14	SES087	0.00388336	-51.5486	-51.5525
BLOCK08/SES089/SA089S14	SES206	-0.525578	-52.0781	-51.5525
BLOCK08/SES089/SA089S14	SES226	0.0239868	-51.5285	-51.5525
BLOCK08/SES089/SA089S23	SES087	-0.662315	-52.9537	-52.2914
BLOCK08/SES089/SA089S23	SES206	-0.806499	-53.0979	-52.2914
BLOCK08/SES089/SA089S23	SES226	-0.0693207	-52.3607	-52.2914
BLOCK08/SES089/SA089S23	SES270	-1.80857	-54.1	-52.2914
BLOCK08/SES089/SA089S25	SES062	-0.21703	-52.0387	-51.8217
BLOCK08/SES089/SA089S25	SES087	-0.37804	-52.1997	-51.8217
BLOCK08/SES089/SA089S25	SES206	-0.988808	-52.8105	-51.8217
BLOCK08/SES089/SA089S25	SES226	0.355	-51.4667	-51.8217
BLOCK08/SES089/SA089S28	SES062	-0.493889	-52.3242	-51.8303
BLOCK08/SES089/SA089S28	SES087	-0.196247	-52.0266	-51.8303
BLOCK08/SES089/SA089S28	SES206	-0.887783	-52.7181	-51.8303
BLOCK08/SES089/SA089S28	SES226	0.273396	-51.5569	-51.8303
BLOCK09/SES097/SA097S11	SES099	0.611759	-52.4853	-53.0971
BLOCK09/SES097/SA097S11	SES125	0.163689	-52.9334	-53.0971
BLOCK09/SES097/SA097S11	SES206	0.0813637	-53.0157	-53.0971
BLOCK09/SES097/SA097S11	SES226	0.237003	-52.8601	-53.0971
BLOCK09/SES097/SA097S14	SES062	-1.28731	-53.8576	-52.5703
BLOCK09/SES097/SA097S14	SES099	-0.452969	-53.0233	-52.5703
BLOCK09/SES097/SA097S14	SES104	-0.0102539	-52.5806	-52.5703
BLOCK09/SES097/SA097S14	SES206	-0.572876	-53.1432	-52.5703
BLOCK09/SES097/SA097S22	SES099	0.189014	-52.9452	-53.1342
BLOCK09/SES097/SA097S22	SES206	-0.212364	-53.3466	-53.1342
BLOCK09/SES097/SA097S22	SES226	-0.375305	-53.5095	-53.1342
BLOCK09/SES097/SA097S22	SES270	0.421555	-52.7127	-53.1342
BLOCK09/SES097/SA097S26	SES099	0.373966	-52.0242	-52.3982
BLOCK09/SES097/SA097S26	SES120	-1.06982	-53.468	-52.3982
BLOCK09/SES097/SA097S26	SES206	0.189014	-52.2092	-52.3982
BLOCK09/SES097/SA097S26	SES226	-0.158058	-52.5562	-52.3982
BLOCK09/SES097/SA097S28	SES099	-0.11145	-52.5004	-52.3889
BLOCK09/SES097/SA097S28	SES120	-1.26479	-53.6537	-52.3889
BLOCK09/SES097/SA097S28	SES206	-0.633087	-53.022	-52.3889
BLOCK09/SES097/SA097S28	SES226	-0.22068	-52.6096	-52.3889
BLOCK09/SES098/SA098S11	SES127	-1.30222	-55.8226	-54.5204
BLOCK09/SES098/SA098S11	SES144	-0.601398	-55.1218	-54.5204
BLOCK09/SES098/SA098S11	SES147	0.248322	-54.2721	-54.5204
BLOCK09/SES098/SA098S11	SES148	-1.46002	-55.9804	-54.5204
BLOCK09/SES098/SA098S12	SES127	-1.94924	-57.8738	-55.9245
BLOCK09/SES098/SA098S12	SES144	-0.659042	-56.5836	-55.9245
BLOCK09/SES098/SA098S12	SES147	0.241467	-55.6831	-55.9245
BLOCK09/SES098/SA098S12	SES189	-0.0454292	-55.97	-55.9245
BLOCK09/SES098/SA098S20	SES127	-1.65292	-56.2521	-54.5992
BLOCK09/SES098/SA098S20	SES147	-0.232079	-54.8313	-54.5992
BLOCK09/SES098/SA098S20	SES148	-1.74757	-56.3468	-54.5992
BLOCK09/SES098/SA098S20	SES292	-1.72818	-56.3274	-54.5992
BLOCK09/SES098/SA098S23	SES127	-1.2402	-55.4141	-54.1739
BLOCK09/SES098/SA098S23	SES147	0.150112	-54.0238	-54.1739
BLOCK09/SES098/SA098S23	SES187	0.16597	-54.0079	-54.1739
BLOCK09/SES098/SA098S23	SES292	-1.31172	-55.4856	-54.1739
BLOCK09/SES098/SA098S27	SES127	-1.79022	-56.4075	-54.6172
BLOCK09/SES098/SA098S27	SES147	-0.477482	-55.0947	-54.6172
BLOCK09/SES098/SA098S27	SES148	-1.93835	-56.5556	-54.6172
BLOCK09/SES098/SA098S27	SES292	-2.0284	-56.6456	-54.6172
BLOCK10/SES102/SA102S13	SES101	-0.318462	-53.7209	-53.4025
BLOCK10/SES102/SA102S13	SES105	-0.872345	-54.2748	-53.4025
BLOCK10/SES102/SA102S13	SES120	-0.791706	-54.1942	-53.4025
BLOCK10/SES102/SA102S13	SES158	-5.7891	-59.1916	-53.4025
BLOCK10/SES102/SA102S14	SES007	0.487213	-52.2452	-52.7324
BLOCK10/SES102/SA102S14	SES101	-0.0325317	-52.7649	-52.7324
BLOCK10/SES102/SA102S14	SES105	0.046524	-52.6858	-52.7324
BLOCK10/SES102/SA102S14	SES147	-1.70774	-54.4401	-52.7324
BLOCK10/SES102/SA102S22	SES007	-0.512421	-52.4794	-51.967
BLOCK10/SES102/SA102S22	SES101	-0.331097	-52.2981	-51.967
BLOCK10/SES102/SA102S22	SES105	-0.572044	-52.539	-51.967
BLOCK10/SES102/SA102S22	SES158	-2.4909	-54.4579	-51.967
BLOCK10/SES102/SA102S25	SES007	0.136494	-52.4607	-52.5971
BLOCK10/SES102/SA102S25	SES101	0.0447655	-52.5524	-52.5971
BLOCK10/SES102/SA102S25	SES105	-0.206081	-52.8032	-52.5971
BLOCK10/SES102/SA102S25	SES147	-1.89208	-54.4892	-52.5971
BLOCK10/SES102/SA102S27	SES007	-0.142815	-53.4059	-53.2631
BLOCK10/SES102/SA102S27	SES101	-0.685837	-53.9489	-53.2631
BLOCK10/SES102/SA102S27	SES105	-0.448914	-53.712	-53.2631
BLOCK10/SES102/SA102S27	SES147	-1.41986	-54.6829	-53.2631
BLOCK10/SES103/SA103S14	SES105	-0.726727	-53.1367	-52.41
BLOCK10/SES103/SA103S14	SES106	-0.038868	-52.4488	-52.41
BLOCK10/SES103/SA103S14	SES120	-1.60679	-54.0167	-52.41
BLOCK10/SES103/SA103S14	SES206	-0.372787	-52.7827	-52.41
BLOCK10/SES103/SA103S15	SES099	-0.245014	-53.4524	-53.2074
BLOCK10/SES103/SA103S15	SES101	-1.80021	-55.0076	-53.2074
BLOCK10/SES103/SA103S15	SES104	-0.172001	-53.3794	-53.2074
BLOCK10/SES103/SA103S15	SES125	-0.454647	-53.662	-53.2074
BLOCK10/SES103/SA103S24	SES104	-0.552029	-52.7271	-52.175
BLOCK10/SES103/SA103S24	SES125	-0.756687	-52.9317	-52.175
BLOCK10/SES103/SA103S24	SES148	-1.984	-54.159	-52.175
BLOCK10/SES103/SA103S24	SES158	-0.330986	-52.506	-52.175
BLOCK10/SES103/SA103S26	SES104	-0.70565	-53.2436	-52.5379
BLOCK10/SES103/SA103S26	SES106	-0.447285	-52.9852	-52.5379
BLOCK10/SES103/SA103S26	SES125	-0.738121	-53.2761	-52.5379
BLOCK10/SES103/SA103S26	SES148	-2.17953	-54.7175	-52.5379
BLOCK10/SES103/SA103S28	SES104	-0.443302	-53.4933	-53.05
BLOCK10/SES103/SA103S28	SES106	-0.363647	-53.4137	-53.05
BLOCK10/SES103/SA103S28	SES125	-0.905113	-53.9551	-53.05
BLOCK10/SES103/SA103S28	SES206	-0.72543	-53.7755	-53.05
BLOCK12/SES121/SA121S12	SES042	-1.30762	-54.4782	-53.1706
BLOCK12/SES121/SA121S12	SES087	-0.485371	-53.656	-53.1706
BLOCK12/SES121/SA121S12	SES105	-0.640331	-53.8109	-53.1706
BLOCK12/SES121/SA121S12	SES206	-0.356625	-53.5272	-53.1706
BLOCK12/SES121/SA121S14	SES007	-1.12606	-54.6934	-53.5673
BLOCK12/SES121/SA121S14	SES105	-0.839508	-54.4068	-53.5673
BLOCK12/SES121/SA121S14	SES106	-0.686718	-54.254	-53.5673
BLOCK12/SES121/SA121S14	SES206	-0.70644	-54.2738	-53.5673
BLOCK12/SES121/SA121S23	SES105	-0.621723	-54.4729	-53.8512
BLOCK12/SES121/SA121S23	SES106	-0.42411	-54.2753	-53.8512
BLOCK12/SES121/SA121S23	SES120	-1.61513	-55.4664	-53.8512
BLOCK12/SES121/SA121S23	SES206	-0.429272	-54.2805	-53.8512
BLOCK12/SES121/SA121S25	SES007	-1.09128	-55.2076	-54.1163
BLOCK12/SES121/SA121S25	SES105	-1.17171	-55.288	-54.1163
BLOCK12/SES121/SA121S25	SES106	-0.568718	-54.685	-54.1163
BLOCK12/SES121/SA121S25	SES206	-0.643314	-54.7596	-54.1163
BLOCK12/SES121/SA121S27	SES087	-0.528423	-54.2439	-53.7154
BLOCK12/SES121/SA121S27	SES105	-1.23418	-54.9496	-53.7154
BLOCK12/SES121/SA121S27	SES120	-1.2989	-55.0143	-53.7154
BLOCK12/SES121/SA121S27	SES206	-0.439075	-54.1545	-53.7154
BLOCK12/SES124/SA124S16	SES042	0.13681	-51.6608	-51.7976
BLOCK12/SES124/SA124S16	SES082	-0.542789	-52.3404	-51.7976
BLOCK12/SES124/SA124S16	SES183	-1.96571	-53.7633	-51.7976
BLOCK12/SES124/SA124S16	SES206	-0.327766	-52.1253	-51.7976
BLOCK12/SES124/SA124S17	SES105	-0.695492	-53.6515	-52.956
BLOCK12/SES124/SA124S17	SES149	-0.388977	-53.345	-52.956
BLOCK12/SES124/SA124S17	SES158	-1.1062	-54.0622	-52.956
BLOCK12/SES124/SA124S17	SES275	-1.25285	-54.2089	-52.956
BLOCK12/SES124/SA124S23	SES105	-0.855629	-51.9006	-51.0449
BLOCK12/SES124/SA124S23	SES125	0.800861	-50.2441	-51.0449
BLOCK12/SES124/SA124S23	SES129	-1.92122	-52.9661	-51.0449
BLOCK12/SES124/SA124S23	SES158	-0.0838776	-51.1288	-51.0449
BLOCK12/SES124/SA124S26	SES105	-1.43259	-53.6575	-52.2249
BLOCK12/SES124/SA124S26	SES125	0.773468	-51.4514	-52.2249
BLOCK12/SES124/SA124S26	SES129	-2.299	-54.5239	-52.2249
BLOCK12/SES124/SA124S26	SES158	-0.14201	-52.3669	-52.2249
BLOCK12/SES124/SA124S28	SES104	0.0829468	-51.7028	-51.7857
BLOCK12/SES124/SA124S28	SES106	0.325432	-51.4603	-51.7857
BLOCK12/SES124/SA124S28	SES125	0.499454	-51.2863	-51.7857
BLOCK12/SES124/SA124S28	SES275	-1.38815	-53.1739	-51.7857
BLOCK12/SES126/SA126S13	SES007	-1.04963	-55.7749	-54.7252
BLOCK12/SES126/SA126S13	SES162	0.162109	-54.5631	-54.7252
BLOCK12/SES126/SA126S13	SES177	-0.45409	-55.1793	-54.7252
BLOCK12/SES126/SA126S13	SES180	-0.00557327	-54.7308	-54.7252
BLOCK12/SES126/SA126S14	SES144	-0.479317	-53.6379	-53.1586
BLOCK12/SES126/SA126S14	SES148	-0.516193	-53.6748	-53.1586
BLOCK12/SES126/SA126S14	SES177	-0.066452	-53.2251	-53.1586
BLOCK12/SES126/SA126S14	SES180	0.27742	-52.8812	-53.1586
BLOCK12/SES126/SA126S20	SES007	-1.06075	-54.4243	-53.3636
BLOCK12/SES126/SA126S20	SES162	-0.0659561	-53.4295	-53.3636
BLOCK12/SES126/SA126S20	SES172	-1.6767	-55.0403	-53.3636
BLOCK12/SES126/SA126S20	SES180	-0.43079	-53.7944	-53.3636
BLOCK12/SES126/SA126S24	SES120	-1.22494	-54.5841	-53.3592
BLOCK12/SES126/SA126S24	SES162	0.43507	-52.9241	-53.3592
BLOCK12/SES126/SA126S24	SES177	-0.287586	-53.6468	-53.3592
BLOCK12/SES126/SA126S24	SES180	0.250664	-53.1085	-53.3592
BLOCK12/SES126/SA126S26	SES120	-1.35946	-54.9181	-53.5586
BLOCK12/SES126/SA126S26	SES177	-0.480179	-54.0388	-53.5586
BLOCK12/SES126/SA126S26	SES180	-0.0502968	-53.6089	-53.5586
BLOCK12/SES126/SA126S26	SES202	-1.6741	-55.2327	-53.5586
BLOCK12/SES128/SA128S10	SES087	-1.25264	-53.8521	-52.5995
BLOCK12/SES128/SA128S10	SES206	-0.566006	-53.1655	-52.5995
BLOCK12/SES128/SA128S10	SES226	-0.237511	-52.837	-52.5995
BLOCK12/SES128/SA128S10	SES270	-0.556355	-53.1558	-52.5995
BLOCK12/SES128/SA128S12	SES120	-0.974113	-53.6907	-52.7166
BLOCK12/SES128/SA128S12	SES158	-0.855988	-53.5726	-52.7166
BLOCK12/SES128/SA128S12	SES206	-0.279961	-52.9966	-52.7166
BLOCK12/SES128/SA128S12	SES226	-0.369446	-53.0861	-52.7166
BLOCK12/SES128/SA128S21	SES106	-1.16644	-54.8254	-53.659
BLOCK12/SES128/SA128S21	SES120	-0.809551	-54.4685	-53.659
BLOCK12/SES128/SA128S21	SES206	-0.978703	-54.6377	-53.659
BLOCK12/SES128/SA128S21	SES226	-0.428341	-54.0873	-53.659
BLOCK12/SES128/SA128S24	SES087	-1.30537	-54.2809	-52.9755
BLOCK12/SES128/SA128S24	SES120	-0.979263	-53.9548	-52.9755
BLOCK12/SES128/SA128S24	SES206	-0.785564	-53.7611	-52.9755
BLOCK12/SES128/SA128S24	SES226	-0.368084	-53.3436	-52.9755
BLOCK12/SES128/SA128S27	SES099	-0.888988	-53.0419	-52.1529
BLOCK12/SES128/SA128S27	SES120	-0.810001	-52.9629	-52.1529
BLOCK12/SES128/SA128S27	SES206	-0.623871	-52.7767	-52.1529
BLOCK12/SES128/SA128S27	SES226	0.0198059	-52.1331	-52.1529
BLOCK13/SES130/SA130S13	SES143	-1.52644	-56.3579	-54.8315
BLOCK13/SES130/SA130S13	SES144	0.6129	-54.2186	-54.8315
BLOCK13/SES130/SA130S13	SES146	0.205212	-54.6263	-54.8315
BLOCK13/SES130/SA130S13	SES275	-0.635593	-55.4671	-54.8315
BLOCK13/SES130/SA130S15	SES143	-1.34587	-55.2033	-53.8574
BLOCK13/SES130/SA130S15	SES144	0.0845032	-53.7729	-53.8574
BLOCK13/SES130/SA130S15	SES146	0.109406	-53.748	-53.8574
BLOCK13/SES130/SA130S15	SES275	-0.331432	-54.1889	-53.8574
BLOCK13/SES130/SA130S23	SES127	-1.57556	-56.453	-54.8774
BLOCK13/SES130/SA130S23	SES144	-0.369228	-55.2467	-54.8774
BLOCK13/SES130/SA130S23	SES146	0.486355	-54.3911	-54.8774
BLOCK13/SES130/SA130S23	SES162	-1.39362	-56.271	-54.8774
BLOCK13/SES130/SA130S25	SES127	-0.7775	-54.3444	-53.5669
BLOCK13/SES130/SA130S25	SES144	0.179832	-53.3871	-53.5669
BLOCK13/SES130/SA130S25	SES146	0.433601	-53.1333	-53.5669
BLOCK13/SES130/SA130S25	SES275	-0.219639	-53.7865	-53.5669
BLOCK13/SES130/SA130S28	SES127	-0.179096	-53.9232	-53.7442
BLOCK13/SES130/SA130S28	SES144	-0.0633011	-53.8075	-53.7442
BLOCK13/SES130/SA130S28	SES146	-0.156414	-53.9006	-53.7442
BLOCK13/SES130/SA130S28	SES275	0.206718	-53.5374	-53.7442
BLOCK13/SES131/SA131S13	SES002	-0.688271	-54.6836	-53.9953
BLOCK13/SES131/SA131S13	SES007	-1.38026	-55.3756	-53.9953
BLOCK13/SES131/SA131S13	SES099	-0.703732	-54.699	-53.9953
BLOCK13/SES131/SA131S13	SES105	-1.08372	-55.079	-53.9953
BLOCK13/SES131/SA131S14	SES104	-0.524994	-52.9187	-52.3937
BLOCK13/SES131/SA131S14	SES106	-0.0849113	-52.4786	-52.3937
BLOCK13/SES131/SA131S14	SES125	-0.622353	-53.0161	-52.3937
BLOCK13/SES131/SA131S14	SES148	-1.53186	-53.9256	-52.3937
BLOCK13/SES131/SA131S20	SES104	-0.825855	-54.1352	-53.3093
BLOCK13/SES131/SA131S20	SES106	-0.126255	-53.4356	-53.3093
BLOCK13/SES131/SA131S20	SES125	-0.486927	-53.7962	-53.3093
BLOCK13/SES131/SA131S20	SES148	-2.09174	-55.4011	-53.3093
BLOCK13/SES131/SA131S22	SES099	-0.0832596	-52.9709	-52.8877
BLOCK13/SES131/SA131S22	SES104	-0.40889	-53.2966	-52.8877
BLOCK13/SES131/SA131S22	SES125	-0.0976334	-52.9853	-52.8877
BLOCK13/SES131/SA131S22	SES206	-0.438141	-53.3258	-52.8877
BLOCK13/SES131/SA131S29	SES087	-0.18977	-53.3793	-53.1895
BLOCK13/SES131/SA131S29	SES104	-1.10911	-54.2986	-53.1895
BLOCK13/SES131/SA131S29	SES125	-0.579079	-53.7686	-53.1895
BLOCK13/SES131/SA131S29	SES206	-0.517349	-53.7068	-53.1895
BLOCK13/SES132/SA132S11	SES083	-0.453339	-53.308	-52.8546
BLOCK13/SES132/SA132S11	SES120	0.00185394	-52.8528	-52.8546
BLOCK13/SES132/SA132S11	SES127	-0.147396	-53.002	-52.8546
BLOCK13/SES132/SA132S11	SES275	-0.730019	-53.5846	-52.8546
BLOCK13/SES132/SA132S12	SES083	-0.636024	-53.3613	-52.7252
BLOCK13/SES132/SA132S12	SES143	-0.693943	-53.4192	-52.7252
BLOCK13/SES132/SA132S12	SES144	-0.0500908	-52.7753	-52.7252
BLOCK13/SES132/SA132S12	SES148	-0.44899	-53.1742	-52.7252
BLOCK13/SES132/SA132S22	SES062	-0.385349	-52.877	-52.4916
BLOCK13/SES132/SA132S22	SES083	-0.455074	-52.9467	-52.4916
BLOCK13/SES132/SA132S22	SES127	-0.0937233	-52.5854	-52.4916
BLOCK13/SES132/SA132S22	SES275	-0.719566	-53.2112	-52.4916
BLOCK13/SES132/SA132S24	SES007	-0.547745	-53.1822	-52.6345
BLOCK13/SES132/SA132S24	SES083	-0.565765	-53.2002	-52.6345
BLOCK13/SES132/SA132S24	SES127	-0.526623	-53.1611	-52.6345
BLOCK13/SES132/SA132S24	SES275	-1.34579	-53.9802	-52.6345
BLOCK13/SES132/SA132S27	SES083	-0.806572	-54.1566	-53.35
BLOCK13/SES132/SA132S27	SES120	0.123562	-53.2264	-53.35
BLOCK13/SES132/SA132S27	SES127	-0.944084	-54.2941	-53.35
BLOCK13/SES132/SA132S27	SES275	-1.01571	-54.3657	-53.35
BLOCK14/SES141/SA141S09	SES143	-0.0508041	-53.573	-53.5222
BLOCK14/SES141/SA141S09	SES144	-0.165646	-53.6878	-53.5222
BLOCK14/SES141/SA141S09	SES162	0.142937	-53.3792	-53.5222
BLOCK14/SES141/SA141S09	SES180	0.0467682	-53.4754	-53.5222
BLOCK14/SES141/SA141S15	SES127	-0.526058	-53.8439	-53.3178
BLOCK14/SES141/SA141S15	SES144	-0.260345	-53.5782	-53.3178
BLOCK14/SES141/SA141S15	SES162	0.26403	-53.0538	-53.3178
BLOCK14/SES141/SA141S15	SES180	-0.100704	-53.4185	-53.3178
BLOCK14/SES141/SA141S24	SES127	0.00196838	-53.283	-53.285
BLOCK14/SES141/SA141S24	SES144	-0.294285	-53.5793	-53.285
BLOCK14/SES141/SA141S24	SES162	0.448402	-52.8366	-53.285
BLOCK14/SES141/SA141S24	SES183	-1.1899	-54.4749	-53.285
BLOCK14/SES141/SA141S26	SES142	-0.281219	-54.3848	-54.1036
BLOCK14/SES141/SA141S26	SES144	-0.151295	-54.2549	-54.1036
BLOCK14/SES141/SA141S26	SES172	-1.38341	-55.487	-54.1036
BLOCK14/SES141/SA141S26	SES180	0.0369263	-54.0667	-54.1036
BLOCK14/SES141/SA141S29	SES127	0.369724	-52.8243	-53.194
BLOCK14/SES141/SA141S29	SES142	0.770382	-52.4236	-53.194
BLOCK14/SES141/SA141S29	SES144	-0.35376	-53.5478	-53.194
BLOCK14/SES141/SA141S29	SES180	0.739254	-52.4548	-53.194
BLOCK15/SES157/SA157S08	SES083	-0.981281	-54.1094	-53.1281
BLOCK15/SES157/SA157S08	SES127	-1.35909	-54.4872	-53.1281
BLOCK15/SES157/SA157S08	SES148	-0.464085	-53.5922	-53.1281
BLOCK15/SES157/SA157S08	SES292	-0.713402	-53.8415	-53.1281
BLOCK15/SES157/SA157S11	SES083	-1.06834	-54.3471	-53.2788
BLOCK15/SES157/SA157S11	SES127	-1.54362	-54.8224	-53.2788
BLOCK15/SES157/SA157S11	SES148	-0.81078	-54.0896	-53.2788
BLOCK15/SES157/SA157S11	SES292	-0.727901	-54.0067	-53.2788
BLOCK15/SES157/SA157S21	SES127	-1.37387	-54.4782	-53.1044
BLOCK15/SES157/SA157S21	SES148	-0.0272102	-53.1316	-53.1044
BLOCK15/SES157/SA157S21	SES158	-2.52336	-55.6277	-53.1044
BLOCK15/SES157/SA157S21	SES292	-0.0978127	-53.2022	-53.1044
BLOCK15/SES157/SA157S24	SES127	-1.73455	-54.5271	-52.7926
BLOCK15/SES157/SA157S24	SES148	-0.459061	-53.2516	-52.7926
BLOCK15/SES157/SA157S24	SES183	-0.894684	-53.6873	-52.7926
BLOCK15/SES157/SA157S24	SES292	-0.24778	-53.0404	-52.7926
BLOCK15/SES157/SA157S26	SES007	-0.0819321	-53.1469	-53.065
BLOCK15/SES157/SA157S26	SES127	-0.363239	-53.4282	-53.065
BLOCK15/SES157/SA157S26	SES147	-1.11442	-54.1794	-53.065
BLOCK15/SES157/SA157S26	SES148	-0.13287	-53.1978	-53.065
BLOCK16/SES161/SA161S10	SES007	-0.86475	-54.3273	-53.4626
BLOCK16/SES161/SA161S10	SES105	-0.522137	-53.9847	-53.4626
BLOCK16/SES161/SA161S10	SES158	-1.41793	-54.8805	-53.4626
BLOCK16/SES161/SA161S10	SES275	-0.772346	-54.2349	-53.4626
BLOCK16/SES161/SA161S12	SES007	-0.666927	-53.5214	-52.8545
BLOCK16/SES161/SA161S12	SES105	-0.373257	-53.2278	-52.8545
BLOCK16/SES161/SA161S12	SES158	-1.16543	-54.0199	-52.8545
BLOCK16/SES161/SA161S12	SES275	-0.692493	-53.547	-52.8545
BLOCK16/SES161/SA161S20	SES007	-0.881523	-54.6359	-53.7543
BLOCK16/SES161/SA161S20	SES105	-0.787945	-54.5423	-53.7543
BLOCK16/SES161/SA161S20	SES158	-1.44704	-55.2014	-53.7543
BLOCK16/SES161/SA161S20	SES275	-0.872971	-54.6273	-53.7543
BLOCK16/SES161/SA161S23	SES007	-0.970127	-53.7428	-52.7727
BLOCK16/SES161/SA161S23	SES105	-0.602131	-53.3748	-52.7727
BLOCK16/SES161/SA161S23	SES148	-1.33913	-54.1119	-52.7727
BLOCK16/SES161/SA161S23	SES158	-0.961929	-53.7346	-52.7727
BLOCK16/SES161/SA161S28	SES007	-0.763088	-53.7484	-52.9853
BLOCK16/SES161/SA161S28	SES105	-0.704681	-53.69	-52.9853
BLOCK16/SES161/SA161S28	SES158	-1.02012	-54.0055	-52.9853
BLOCK16/SES161/SA161S28	SES206	-1.10929	-54.0946	-52.9853
BLOCK16/SES164/SA164S11	SES104	-0.63168	-52.735	-52.1033
BLOCK16/SES164/SA164S11	SES125	0.114433	-51.9889	-52.1033
BLOCK16/SES164/SA164S11	SES158	0.223858	-51.8795	-52.1033
BLOCK16/SES164/SA164S11	SES206	-0.277687	-52.381	-52.1033
BLOCK16/SES164/SA164S13	SES099	-0.07481	-53.7442	-53.6694
BLOCK16/SES164/SA164S13	SES104	-0.879639	-54.549	-53.6694
BLOCK16/SES164/SA164S13	SES125	-0.649963	-54.3193	-53.6694
BLOCK16/SES164/SA164S13	SES206	-0.362705	-54.0321	-53.6694
BLOCK16/SES164/SA164S24	SES002	0.835297	-51.8481	-52.6834
BLOCK16/SES164/SA164S24	SES099	0.790985	-51.8924	-52.6834
BLOCK16/SES164/SA164S24	SES125	-0.0357399	-52.7191	-52.6834
BLOCK16/SES164/SA164S24	SES226	0.089489	-52.5939	-52.6834
BLOCK16/SES164/SA164S27	SES087	-0.506691	-53.6501	-53.1434
BLOCK16/SES164/SA164S27	SES125	-0.361267	-53.5047	-53.1434
BLOCK16/SES164/SA164S27	SES206	-0.274372	-53.4178	-53.1434
BLOCK16/SES164/SA164S27	SES226	-0.389645	-53.533	-53.1434
BLOCK16/SES164/SA164S29	SES002	-0.256046	-52.7673	-52.5113
BLOCK16/SES164/SA164S29	SES019	-0.853119	-53.3644	-52.5113
BLOCK16/SES164/SA164S29	SES125	-0.188301	-52.6996	-52.5113
BLOCK16/SES164/SA164S29	SES226	-0.391071	-52.9023	-52.5113
BLOCK16/SES169/SA169S13	SES117	-1.11555	-54.4087	-53.2932
BLOCK16/SES169/SA169S13	SES144	-0.357433	-53.6506	-53.2932
BLOCK16/SES169/SA169S13	SES146	-0.294651	-53.5878	-53.2932
BLOCK16/SES169/SA169S13	SES162	-1.48922	-54.7824	-53.2932
BLOCK16/SES169/SA169S14	SES144	-0.237045	-52.3148	-52.0778
BLOCK16/SES169/SA169S14	SES148	-0.560154	-52.6379	-52.0778
BLOCK16/SES169/SA169S14	SES177	-1.41008	-53.4878	-52.0778
BLOCK16/SES169/SA169S14	SES180	-2.1668	-54.2446	-52.0778
BLOCK16/SES169/SA169S24	SES117	-1.24989	-55.1146	-53.8647
BLOCK16/SES169/SA169S24	SES144	-0.170959	-54.0357	-53.8647
BLOCK16/SES169/SA169S24	SES146	-0.230106	-54.0948	-53.8647
BLOCK16/SES169/SA169S24	SES162	-0.76598	-54.6307	-53.8647
BLOCK16/SES169/SA169S27	SES127	-0.721218	-53.7683	-53.0471
BLOCK16/SES169/SA169S27	SES129	0.380798	-52.6663	-53.0471
BLOCK16/SES169/SA169S27	SES144	-0.0716667	-53.1188	-53.0471
BLOCK16/SES169/SA169S27	SES146	0.244133	-52.803	-53.0471
BLOCK16/SES169/SA169S29	SES144	0.0652046	-52.4389	-52.5041
BLOCK16/SES169/SA169S29	SES162	-0.908531	-53.4126	-52.5041
BLOCK16/SES169/SA169S29	SES177	-1.54025	-54.0443	-52.5041
BLOCK16/SES169/SA169S29	SES180	-1.32528	-53.8293	-52.5041
BLOCK17/SES171/SA171S12	SES083	-0.820621	-54.224	-53.4034
BLOCK17/SES171/SA171S12	SES148	-0.58614	-53.9895	-53.4034
BLOCK17/SES171/SA171S12	SES172	-0.248764	-53.6521	-53.4034
BLOCK17/SES171/SA171S12	SES292	-0.939621	-54.343	-53.4034
BLOCK17/SES171/SA171S15	SES148	-0.751572	-55.1116	-54.3601
BLOCK17/SES171/SA171S15	SES177	-0.948318	-55.3084	-54.3601
BLOCK17/SES171/SA171S15	SES180	-1.4528	-55.8129	-54.3601
BLOCK17/SES171/SA171S15	SES292	-1.58723	-55.9473	-54.3601
BLOCK17/SES171/SA171S22	SES007	-0.872581	-53.7205	-52.8479
BLOCK17/SES171/SA171S22	SES148	-0.464867	-53.3127	-52.8479
BLOCK17/SES171/SA171S22	SES177	-0.0198898	-52.8678	-52.8479
BLOCK17/SES171/SA171S22	SES180	-1.07157	-53.9194	-52.8479
BLOCK17/SES171/SA171S25	SES101	-1.41951	-56.0264	-54.6069
BLOCK17/SES171/SA171S25	SES120	-1.81411	-56.421	-54.6069
BLOCK17/SES171/SA171S25	SES177	-0.574078	-55.181	-54.6069
BLOCK17/SES171/SA171S25	SES180	-0.851944	-55.4589	-54.6069
BLOCK17/SES171/SA171S27	SES177	-0.251266	-53.9544	-53.7031
BLOCK17/SES171/SA171S27	SES180	-1.06819	-54.7713	-53.7031
BLOCK17/SES171/SA171S27	SES189	-0.479637	-54.1827	-53.7031
BLOCK17/SES171/SA171S27	SES292	-1.21589	-54.919	-53.7031
BLOCK17/SES173/SA173S13	SES162	-0.368492	-54.8339	-54.4654
BLOCK17/SES173/SA173S13	SES177	-0.780716	-55.2461	-54.4654
BLOCK17/SES173/SA173S13	SES180	-0.637173	-55.1026	-54.4654
BLOCK17/SES173/SA173S13	SES292	-1.70715	-56.1726	-54.4654
BLOCK17/SES173/SA173S14	SES007	-1.94764	-56.7003	-54.7526
BLOCK17/SES173/SA173S14	SES162	-0.239944	-54.9926	-54.7526
BLOCK17/SES173/SA173S14	SES177	-1.02534	-55.778	-54.7526
BLOCK17/SES173/SA173S14	SES180	-0.684738	-55.4374	-54.7526
BLOCK17/SES173/SA173S24	SES144	-0.197216	-55.858	-55.6608
BLOCK17/SES173/SA173S24	SES162	-0.438152	-56.099	-55.6608
BLOCK17/SES173/SA173S24	SES177	-1.21958	-56.8804	-55.6608
BLOCK17/SES173/SA173S24	SES180	-0.926067	-56.5869	-55.6608
BLOCK17/SES173/SA173S27	SES162	-0.527641	-54.8076	-54.28
BLOCK17/SES173/SA173S27	SES177	-0.924267	-55.2043	-54.28
BLOCK17/SES173/SA173S27	SES180	-0.605179	-54.8852	-54.28
BLOCK17/SES173/SA173S27	SES292	-1.88637	-56.1664	-54.28
BLOCK17/SES173/SA173S29	SES162	-0.432663	-55.3483	-54.9157
BLOCK17/SES173/SA173S29	SES175	0.00161362	-54.9141	-54.9157
BLOCK17/SES173/SA173S29	SES177	-0.989227	-55.9049	-54.9157
BLOCK17/SES173/SA173S29	SES292	-2.09619	-57.0119	-54.9157
BLOCK18/SES182/SA182S10	SES144	-0.03022	-53.4233	-53.3931
BLOCK18/SES182/SA182S10	SES177	-0.341663	-53.7348	-53.3931
BLOCK18/SES182/SA182S10	SES180	-0.302822	-53.6959	-53.3931
BLOCK18/SES182/SA182S10	SES275	-0.876251	-54.2693	-53.3931
BLOCK18/SES182/SA182S12	SES144	0.00668716	-52.9627	-52.9694
BLOCK18/SES182/SA182S12	SES177	-0.301086	-53.2705	-52.9694
BLOCK18/SES182/SA182S12	SES180	-0.181126	-53.1506	-52.9694
BLOCK18/SES182/SA182S12	SES275	-0.402447	-53.3719	-52.9694
BLOCK18/SES182/SA182S21	SES117	0.106953	-54.1224	-54.2293
BLOCK18/SES182/SA182S21	SES144	-0.408768	-54.6381	-54.2293
BLOCK18/SES182/SA182S21	SES162	0.230564	-53.9988	-54.2293
BLOCK18/SES182/SA182S21	SES180	0.0785179	-54.1508	-54.2293
BLOCK18/SES182/SA182S23	SES117	-0.0760193	-53.687	-53.611
BLOCK18/SES182/SA182S23	SES144	-0.587818	-54.1988	-53.611
BLOCK18/SES182/SA182S23	SES180	-0.489738	-54.1007	-53.611
BLOCK18/SES182/SA182S23	SES275	-0.925777	-54.5368	-53.611
BLOCK18/SES182/SA182S25	SES007	-0.469627	-54.2948	-53.8251
BLOCK18/SES182/SA182S25	SES162	0.0499611	-53.7752	-53.8251
BLOCK18/SES182/SA182S25	SES177	-0.225365	-54.0505	-53.8251
BLOCK18/SES182/SA182S25	SES180	0.151379	-53.6738	-53.8251
BLOCK18/SES184/SA184S12	SES177	-0.0968552	-53.9803	-53.8834
BLOCK18/SES184/SA184S12	SES180	-0.66489	-54.5483	-53.8834
BLOCK18/SES184/SA184S12	SES189	-1.13798	-55.0214	-53.8834
BLOCK18/SES184/SA184S12	SES292	-0.823345	-54.7068	-53.8834
BLOCK18/SES184/SA184S13	SES101	-0.836079	-54.7015	-53.8654
BLOCK18/SES184/SA184S13	SES177	-0.535522	-54.401	-53.8654
BLOCK18/SES184/SA184S13	SES180	-0.474545	-54.34	-53.8654
BLOCK18/SES184/SA184S13	SES292	-0.413113	-54.2786	-53.8654
BLOCK18/SES184/SA184S22	SES177	-0.449989	-54.162	-53.712
BLOCK18/SES184/SA184S22	SES180	-0.0447159	-53.7567	-53.712
BLOCK18/SES184/SA184S22	SES189	-1.39401	-55.106	-53.712
BLOCK18/SES184/SA184S22	SES292	-0.579693	-54.2917	-53.712
BLOCK18/SES184/SA184S25	SES101	-0.24892	-52.9391	-52.6902
BLOCK18/SES184/SA184S25	SES177	-0.719166	-53.4094	-52.6902
BLOCK18/SES184/SA184S25	SES180	-0.60289	-53.2931	-52.6902
BLOCK18/SES184/SA184S25	SES292	-0.167496	-52.8577	-52.6902
BLOCK18/SES184/SA184S27	SES083	-0.548672	-53.7832	-53.2345
BLOCK18/SES184/SA184S27	SES177	-0.697189	-53.9317	-53.2345
BLOCK18/SES184/SA184S27	SES202	-1.52013	-54.7547	-53.2345
BLOCK18/SES184/SA184S27	SES292	-0.558258	-53.7928	-53.2345
BLOCK20/SES204/SA204S12	SES062	-1.02174	-53.2352	-52.2134
BLOCK20/SES204/SA204S12	SES083	-1.23902	-53.4524	-52.2134
BLOCK20/SES204/SA204S12	SES206	-0.369617	-52.583	-52.2134
BLOCK20/SES204/SA204S12	SES226	-0.355293	-52.5687	-52.2134
BLOCK20/SES204/SA204S14	SES068	-1.42808	-52.8468	-51.4187
BLOCK20/SES204/SA204S14	SES087	-0.543659	-51.9624	-51.4187
BLOCK20/SES204/SA204S14	SES206	-1.10955	-52.5283	-51.4187
BLOCK20/SES204/SA204S14	SES226	-0.493168	-51.9119	-51.4187
BLOCK20/SES204/SA204S22	SES068	-1.62297	-54.2957	-52.6728
BLOCK20/SES204/SA204S22	SES082	-1.30732	-53.9801	-52.6728
BLOCK20/SES204/SA204S22	SES083	-1.306	-53.9788	-52.6728
BLOCK20/SES204/SA204S22	SES206	-0.396072	-53.0688	-52.6728
BLOCK20/SES204/SA204S25	SES062	-1.38671	-53.7986	-52.4119
BLOCK20/SES204/SA204S25	SES083	-1.3644	-53.7763	-52.4119
BLOCK20/SES204/SA204S25	SES206	-0.411148	-52.8231	-52.4119
BLOCK20/SES204/SA204S25	SES226	-0.256584	-52.6685	-52.4119
BLOCK20/SES204/SA204S27	SES068	-1.89785	-54.301	-52.4031
BLOCK20/SES204/SA204S27	SES082	-0.764992	-53.1681	-52.4031
BLOCK20/SES204/SA204S27	SES087	-0.261505	-52.6646	-52.4031
BLOCK20/SES204/SA204S27	SES206	-0.360645	-52.7637	-52.4031
BLOCK20/SES207/SA207S10	SES127	-1.11468	-54.1549	-53.0402
BLOCK20/SES207/SA207S10	SES183	-1.04121	-54.0814	-53.0402
BLOCK20/SES207/SA207S10	SES189	-0.745113	-53.7853	-53.0402
BLOCK20/SES207/SA207S10	SES292	-1.03822	-54.0784	-53.0402
BLOCK20/SES207/SA207S11	SES127	-1.3837	-54.72	-53.3363
BLOCK20/SES207/SA207S11	SES183	-0.212566	-53.5488	-53.3363
BLOCK20/SES207/SA207S11	SES187	-0.519123	-53.8554	-53.3363
BLOCK20/SES207/SA207S11	SES292	-0.713112	-54.0494	-53.3363
BLOCK20/SES207/SA207S25	SES068	-0.760471	-54.4535	-53.693
BLOCK20/SES207/SA207S25	SES083	-0.55426	-54.2473	-53.693
BLOCK20/SES207/SA207S25	SES127	-0.872482	-54.5655	-53.693
BLOCK20/SES207/SA207S25	SES187	-0.034977	-53.728	-53.693
BLOCK20/SES207/SA207S27	SES127	-1.3223	-55.1283	-53.8059
BLOCK20/SES207/SA207S27	SES183	-0.945366	-54.7513	-53.8059
BLOCK20/SES207/SA207S27	SES187	-0.675022	-54.481	-53.8059
BLOCK20/SES207/SA207S27	SES292	-1.06188	-54.8678	-53.8059
BLOCK20/SES207/SA207S29	SES083	-0.520309	-53.963	-53.4427
BLOCK20/SES207/SA207S29	SES085	-0.345173	-53.7879	-53.4427
BLOCK20/SES207/SA207S29	SES172	-0.702404	-54.1451	-53.4427
BLOCK20/SES207/SA207S29	SES189	-0.956699	-54.3994	-53.4427
BLOCK22/SES221/SA221S12	SES068	-1.05324	-54.4726	-53.4193
BLOCK22/SES221/SA221S12	SES143	-0.276001	-53.6953	-53.4193
BLOCK22/SES221/SA221S12	SES175	0.342793	-53.0765	-53.4193
BLOCK22/SES221/SA221S12	SES202	0.324413	-53.0949	-53.4193
BLOCK22/SES221/SA221S15	SES085	-0.712124	-55.4306	-54.7185
BLOCK22/SES221/SA221S15	SES143	-0.569336	-55.2878	-54.7185
BLOCK22/SES221/SA221S15	SES175	0.0649529	-54.6536	-54.7185
BLOCK22/SES221/SA221S15	SES187	0.563179	-54.1553	-54.7185
BLOCK22/SES221/SA221S23	SES068	-1.08094	-54.7715	-53.6905
BLOCK22/SES221/SA221S23	SES143	-0.652485	-54.343	-53.6905
BLOCK22/SES221/SA221S23	SES175	0.357796	-53.3327	-53.6905
BLOCK22/SES221/SA221S23	SES189	0.603241	-53.0873	-53.6905
BLOCK22/SES221/SA221S27	SES085	-0.613903	-54.8834	-54.2695
BLOCK22/SES221/SA221S27	SES143	-0.627785	-54.8973	-54.2695
BLOCK22/SES221/SA221S27	SES175	-0.371342	-54.6408	-54.2695
BLOCK22/SES221/SA221S27	SES189	1.46286	-52.8066	-54.2695
BLOCK22/SES221/SA221S29	SES085	-0.816162	-56.0863	-55.2702
BLOCK22/SES221/SA221S29	SES143	-0.43552	-55.7057	-55.2702
BLOCK22/SES221/SA221S29	SES175	0.299221	-54.971	-55.2702
BLOCK22/SES221/SA221S29	SES187	0.749996	-54.5202	-55.2702
BLOCK22/SES223/SA223S11	SES143	-0.182323	-54.7766	-54.5943
BLOCK22/SES223/SA223S11	SES144	-1.27967	-55.874	-54.5943
BLOCK22/SES223/SA223S11	SES175	-0.0544434	-54.6487	-54.5943
BLOCK22/SES223/SA223S11	SES187	-0.193394	-54.7877	-54.5943
BLOCK22/SES223/SA223S13	SES068	-1.88593	-57.2029	-55.317
BLOCK22/SES223/SA223S13	SES143	-0.854115	-56.1711	-55.317
BLOCK22/SES223/SA223S13	SES146	-1.73976	-57.0568	-55.317
BLOCK22/SES223/SA223S13	SES202	-0.785694	-56.1027	-55.317
BLOCK22/SES223/SA223S22	SES143	-0.416626	-54.8975	-54.4809
BLOCK22/SES223/SA223S22	SES144	-0.868942	-55.3499	-54.4809
BLOCK22/SES223/SA223S22	SES175	-0.29306	-54.774	-54.4809
BLOCK22/SES223/SA223S22	SES187	0.246998	-54.2339	-54.4809
BLOCK22/SES223/SA223S25	SES068	-1.16259	-55.7673	-54.6048
BLOCK22/SES223/SA223S25	SES143	-0.701408	-55.3062	-54.6048
BLOCK22/SES223/SA223S25	SES175	-0.131737	-54.7365	-54.6048
BLOCK22/SES223/SA223S25	SES187	-0.240734	-54.8455	-54.6048
BLOCK22/SES223/SA223S27	SES143	-0.139179	-54.4537	-54.3145
BLOCK22/SES223/SA223S27	SES146	-1.25614	-55.5706	-54.3145
BLOCK22/SES223/SA223S27	SES187	0.0931473	-54.2213	-54.3145
BLOCK22/SES223/SA223S27	SES292	-1.58308	-55.8976	-54.3145
BLOCK27/SES273/SA273S12	SES099	0.48357	-51.2102	-51.6938
BLOCK27/SES273/SA273S12	SES104	0.759373	-50.9344	-51.6938
BLOCK27/SES273/SA273S12	SES125	0.262779	-51.431	-51.6938
BLOCK27/SES273/SA273S12	SES206	0.716118	-50.9776	-51.6938
BLOCK27/SES273/SA273S13	SES099	0.0670967	-51.2124	-51.2795
BLOCK27/SES273/SA273S13	SES104	0.223316	-51.0561	-51.2795
BLOCK27/SES273/SA273S13	SES206	-0.0146904	-51.2941	-51.2795
BLOCK27/SES273/SA273S13	SES292	-1.32902	-52.6085	-51.2795
BLOCK27/SES273/SA273S21	SES099	0.321529	-51.2974	-51.6189
BLOCK27/SES273/SA273S21	SES148	-2.12891	-53.7478	-51.6189
BLOCK27/SES273/SA273S21	SES149	-0.466038	-52.0849	-51.6189
BLOCK27/SES273/SA273S21	SES177	-2.89845	-54.5174	-51.6189
BLOCK27/SES273/SA273S25	SES104	0.144417	-51.5303	-51.6747
BLOCK27/SES273/SA273S25	SES125	-0.412079	-52.0868	-51.6747
BLOCK27/SES273/SA273S25	SES158	0.21838	-51.4564	-51.6747
BLOCK27/SES273/SA273S25	SES206	0.617599	-51.0571	-51.6747
BLOCK27/SES273/SA273S27	SES099	0.0844116	-51.3893	-51.4737
BLOCK27/SES273/SA273S27	SES104	-0.176445	-51.6501	-51.4737
BLOCK27/SES273/SA273S27	SES149	-0.26289	-51.7366	-51.4737
BLOCK27/SES273/SA273S27	SES275	-0.842403	-52.3161	-51.4737
BLOCK27/SES274/SA274S10	SES105	-0.898575	-52.5589	-51.6604
BLOCK27/SES274/SA274S10	SES125	-0.360424	-52.0208	-51.6604
BLOCK27/SES274/SA274S10	SES129	-0.455536	-52.1159	-51.6604
BLOCK27/SES274/SA274S10	SES158	-0.976711	-52.6371	-51.6604
BLOCK27/SES274/SA274S11	SES105	-0.857685	-52.446	-51.5883
BLOCK27/SES274/SA274S11	SES149	-0.63203	-52.2203	-51.5883
BLOCK27/SES274/SA274S11	SES158	-0.735607	-52.3239	-51.5883
BLOCK27/SES274/SA274S11	SES275	-0.812328	-52.4006	-51.5883
BLOCK27/SES274/SA274S21	SES105	-0.757816	-52.3959	-51.6381
BLOCK27/SES274/SA274S21	SES129	-0.952797	-52.5909	-51.6381
BLOCK27/SES274/SA274S21	SES149	-0.782204	-52.4203	-51.6381
BLOCK27/SES274/SA274S21	SES158	-1.38149	-53.0196	-51.6381
BLOCK27/SES274/SA274S24	SES105	-0.846439	-52.2223	-51.3759
BLOCK27/SES274/SA274S24	SES129	-1.36149	-52.7373	-51.3759
BLOCK27/SES274/SA274S24	SES149	-0.352619	-51.7285	-51.3759
BLOCK27/SES274/SA274S24	SES158	-0.923641	-52.2995	-51.3759
BLOCK27/SES274/SA274S29	SES105	-0.838436	-52.4509	-51.6125
BLOCK27/SES274/SA274S29	SES106	-0.548439	-52.1609	-51.6125
BLOCK27/SES274/SA274S29	SES120	-1.07274	-52.6852	-51.6125
BLOCK27/SES274/SA274S29	SES275	-0.892529	-52.505	-51.6125
BLOCK27/SES276/SA276S16	SES148	-0.114796	-53.7514	-53.6366
BLOCK27/SES276/SA276S16	SES172	-0.93903	-54.5756	-53.6366
BLOCK27/SES276/SA276S16	SES180	-1.88438	-55.521	-53.6366
BLOCK27/SES276/SA276S16	SES292	-0.0612144	-53.6978	-53.6366
BLOCK27/SES276/SA276S17	SES101	-0.928043	-54.6539	-53.7259
BLOCK27/SES276/SA276S17	SES177	-1.20331	-54.9292	-53.7259
BLOCK27/SES276/SA276S17	SES180	-1.01093	-54.7368	-53.7259
BLOCK27/SES276/SA276S17	SES292	-0.104034	-53.8299	-53.7259
BLOCK27/SES276/SA276S24	SES101	-0.228634	-53.3892	-53.1606
BLOCK27/SES276/SA276S24	SES177	-1.19361	-54.3542	-53.1606
BLOCK27/SES276/SA276S24	SES180	-1.22297	-54.3835	-53.1606
BLOCK27/SES276/SA276S24	SES292	-0.392609	-53.5532	-53.1606
BLOCK27/SES276/SA276S26	SES101	-1.18721	-54.7496	-53.5624
BLOCK27/SES276/SA276S26	SES177	-1.16792	-54.7303	-53.5624
BLOCK27/SES276/SA276S26	SES180	-0.701485	-54.2638	-53.5624
BLOCK27/SES276/SA276S26	SES292	-0.364872	-53.9272	-53.5624
BLOCK27/SES276/SA276S28	SES101	-0.621159	-54.0788	-53.4576
BLOCK27/SES276/SA276S28	SES177	-0.923477	-54.3811	-53.4576
BLOCK27/SES276/SA276S28	SES180	-0.39175	-53.8494	-53.4576
BLOCK27/SES276/SA276S28	SES292	-0.483936	-53.9416	-53.4576
BLOCK27/SES277/SA277S12	SES101	-0.313545	-54.4066	-54.093
BLOCK27/SES277/SA277S12	SES177	-0.737839	-54.8308	-54.093
BLOCK27/SES277/SA277S12	SES180	-0.241489	-54.3345	-54.093
BLOCK27/SES277/SA277S12	SES292	-0.672482	-54.7655	-54.093
BLOCK27/SES277/SA277S14	SES177	-0.439472	-54.5943	-54.1548
BLOCK27/SES277/SA277S14	SES180	-1.06889	-55.2237	-54.1548
BLOCK27/SES277/SA277S14	SES189	0.145622	-54.0092	-54.1548
BLOCK27/SES277/SA277S14	SES292	-1.63624	-55.791	-54.1548
BLOCK27/SES277/SA277S21	SES177	-0.484573	-53.6314	-53.1468
BLOCK27/SES277/SA277S21	SES180	-1.26454	-54.4113	-53.1468
BLOCK27/SES277/SA277S21	SES189	-0.535877	-53.6827	-53.1468
BLOCK27/SES277/SA277S21	SES292	-1.04182	-54.1886	-53.1468
BLOCK27/SES277/SA277S24	SES144	-1.11761	-55.4041	-54.2864
BLOCK27/SES277/SA277S24	SES177	-0.488895	-54.7753	-54.2864
BLOCK27/SES277/SA277S24	SES180	-1.08462	-55.3711	-54.2864
BLOCK27/SES277/SA277S24	SES189	-0.419083	-54.7055	-54.2864
BLOCK27/SES277/SA277S29	SES177	-0.189198	-52.8697	-52.6805
BLOCK27/SES277/SA277S29	SES180	-0.384701	-53.0652	-52.6805
BLOCK27/SES277/SA277S29	SES202	-0.216927	-52.8974	-52.6805
BLOCK27/SES277/SA277S29	SES292	-1.03624	-53.7167	-52.6805
BLOCK27/SES279/SA279S09	SES120	-0.976543	-53.2117	-52.2352
BLOCK27/SES279/SA279S09	SES146	-1.1662	-53.4014	-52.2352
BLOCK27/SES279/SA279S09	SES206	-1.06463	-53.2998	-52.2352
BLOCK27/SES279/SA279S09	SES226	-1.01996	-53.2551	-52.2352
BLOCK27/SES279/SA279S10	SES099	-1.14078	-53.2487	-52.108
BLOCK27/SES279/SA279S10	SES206	-0.913483	-53.0214	-52.108
BLOCK27/SES279/SA279S10	SES226	-0.459629	-52.5676	-52.108
BLOCK27/SES279/SA279S10	SES292	-0.534355	-52.6423	-52.108
BLOCK27/SES279/SA279S20	SES099	-1.88609	-54.0684	-52.1823
BLOCK27/SES279/SA279S20	SES206	-0.96104	-53.1433	-52.1823
BLOCK27/SES279/SA279S20	SES226	-0.551949	-52.7342	-52.1823
BLOCK27/SES279/SA279S20	SES292	-0.526108	-52.7084	-52.1823
BLOCK27/SES279/SA279S26	SES099	-0.805622	-53.2098	-52.4041
BLOCK27/SES279/SA279S26	SES206	-0.130795	-52.5349	-52.4041
BLOCK27/SES279/SA279S26	SES226	-0.34737	-52.7515	-52.4041
BLOCK27/SES279/SA279S26	SES292	-0.703911	-53.1081	-52.4041
BLOCK27/SES279/SA279S28	SES099	-1.19358	-52.6154	-51.4218
BLOCK27/SES279/SA279S28	SES120	-0.974892	-52.3967	-51.4218
BLOCK27/SES279/SA279S28	SES177	-2.88379	-54.3056	-51.4218
BLOCK27/SES279/SA279S28	SES206	-0.839882	-52.2617	-51.4218
BLOCK29/SES290/SA290S12	SES162	-0.26606	-52.9344	-52.6683
BLOCK29/SES290/SA290S12	SES177	-0.273655	-52.942	-52.6683
BLOCK29/SES290/SA290S12	SES180	-0.745384	-53.4137	-52.6683
BLOCK29/SES290/SA290S12	SES292	-1.23314	-53.9014	-52.6683
BLOCK29/SES290/SA290S13	SES007	-1.99516	-56.139	-54.1438
BLOCK29/SES290/SA290S13	SES162	-0.625744	-54.7696	-54.1438
BLOCK29/SES290/SA290S13	SES177	-0.465248	-54.6091	-54.1438
BLOCK29/SES290/SA290S13	SES180	-0.250534	-54.3944	-54.1438
BLOCK29/SES290/SA290S22	SES177	-0.0524788	-53.2622	-53.2097
BLOCK29/SES290/SA290S22	SES180	-0.130966	-53.3406	-53.2097
BLOCK29/SES290/SA290S22	SES202	-0.1824	-53.3921	-53.2097
BLOCK29/SES290/SA290S22	SES292	-1.13596	-54.3456	-53.2097
BLOCK29/SES290/SA290S25	SES162	0.0265541	-52.8007	-52.8273
BLOCK29/SES290/SA290S25	SES177	-0.0284309	-52.8557	-52.8273
BLOCK29/SES290/SA290S25	SES180	-0.120304	-52.9476	-52.8273
BLOCK29/SES290/SA290S25	SES292	-0.774475	-53.6018	-52.8273
BLOCK29/SES290/SA290S29	SES177	-0.0539665	-52.6652	-52.6113
BLOCK29/SES290/SA290S29	SES180	0.0312881	-52.58	-52.6113
BLOCK29/SES290/SA290S29	SES275	-1.21749	-53.8288	-52.6113
BLOCK29/SES290/SA290S29	SES292	-0.522041	-53.1333	-52.6113
BLOCK29/SES291/SA291S11	SES105	-1.35454	-54.6875	-53.333
BLOCK29/SES291/SA291S11	SES125	0.0259819	-53.307	-53.333
BLOCK29/SES291/SA291S11	SES158	-0.102375	-53.4353	-53.333
BLOCK29/SES291/SA291S11	SES275	-1.94731	-55.2803	-53.333
BLOCK29/SES291/SA291S12	SES158	0.220074	-52.2927	-52.5128
BLOCK29/SES291/SA291S12	SES226	-0.14291	-52.6557	-52.5128
BLOCK29/SES291/SA291S12	SES270	0.657032	-51.8558	-52.5128
BLOCK29/SES291/SA291S12	SES275	-1.78102	-54.2938	-52.5128
BLOCK29/SES291/SA291S22	SES082	-0.437874	-52.7974	-52.3596
BLOCK29/SES291/SA291S22	SES158	-0.399475	-52.759	-52.3596
BLOCK29/SES291/SA291S22	SES259	-0.661846	-53.0214	-52.3596
BLOCK29/SES291/SA291S22	SES275	-1.53917	-53.8987	-52.3596
BLOCK29/SES291/SA291S24	SES104	0.538235	-51.2968	-51.8351
BLOCK29/SES291/SA291S24	SES125	0.337177	-51.4979	-51.8351
BLOCK29/SES291/SA291S24	SES158	0.17907	-51.656	-51.8351
BLOCK29/SES291/SA291S24	SES275	-1.75926	-53.5943	-51.8351
BLOCK29/SES291/SA291S27	SES158	0.623543	-51.7266	-52.3502
BLOCK29/SES291/SA291S27	SES172	-2.80129	-55.1515	-52.3502
BLOCK29/SES291/SA291S27	SES275	-1.91031	-54.2605	-52.3502
BLOCK29/SES291/SA291S27	SES292	-1.34123	-53.6914	-52.3502
